ARM GAS  /tmp/cclH4QDr.s 			page 1


   1              		.cpu cortex-m4
   2              		.eabi_attribute 27, 1
   3              		.eabi_attribute 28, 1
   4              		.eabi_attribute 20, 1
   5              		.eabi_attribute 21, 1
   6              		.eabi_attribute 23, 3
   7              		.eabi_attribute 24, 1
   8              		.eabi_attribute 25, 1
   9              		.eabi_attribute 26, 1
  10              		.eabi_attribute 30, 1
  11              		.eabi_attribute 34, 1
  12              		.eabi_attribute 18, 4
  13              		.file	"def.c"
  14              		.text
  15              		.section	.text.lwip_htons,"ax",%progbits
  16              		.align	1
  17              		.global	lwip_htons
  18              		.arch armv7e-m
  19              		.syntax unified
  20              		.thumb
  21              		.thumb_func
  22              		.fpu fpv4-sp-d16
  24              	lwip_htons:
  25              		@ args = 0, pretend = 0, frame = 0
  26              		@ frame_needed = 0, uses_anonymous_args = 0
  27              		@ link register save eliminated.
  28 0000 030A     		lsrs	r3, r0, #8
  29 0002 43EA0020 		orr	r0, r3, r0, lsl #8
  30 0006 80B2     		uxth	r0, r0
  31 0008 7047     		bx	lr
  33              		.section	.text.lwip_htonl,"ax",%progbits
  34              		.align	1
  35              		.global	lwip_htonl
  36              		.syntax unified
  37              		.thumb
  38              		.thumb_func
  39              		.fpu fpv4-sp-d16
  41              	lwip_htonl:
  42              		@ args = 0, pretend = 0, frame = 0
  43              		@ frame_needed = 0, uses_anonymous_args = 0
  44              		@ link register save eliminated.
  45 0000 0302     		lsls	r3, r0, #8
  46 0002 03F47F03 		and	r3, r3, #16711680
  47 0006 43EA0063 		orr	r3, r3, r0, lsl #24
  48 000a 020A     		lsrs	r2, r0, #8
  49 000c 02F47F42 		and	r2, r2, #65280
  50 0010 1343     		orrs	r3, r3, r2
  51 0012 43EA1060 		orr	r0, r3, r0, lsr #24
  52 0016 7047     		bx	lr
  54              		.section	.text.lwip_strnstr,"ax",%progbits
  55              		.align	1
  56              		.global	lwip_strnstr
  57              		.syntax unified
  58              		.thumb
  59              		.thumb_func
  60              		.fpu fpv4-sp-d16
  62              	lwip_strnstr:
ARM GAS  /tmp/cclH4QDr.s 			page 2


  63              		@ args = 0, pretend = 0, frame = 0
  64              		@ frame_needed = 0, uses_anonymous_args = 0
  65 0000 2DE9F041 		push	{r4, r5, r6, r7, r8, lr}
  66 0004 0746     		mov	r7, r0
  67 0006 0D46     		mov	r5, r1
  68 0008 9046     		mov	r8, r2
  69 000a 0846     		mov	r0, r1
  70 000c FFF7FEFF 		bl	strlen
  71 0010 B8B1     		cbz	r0, .L8
  72 0012 0646     		mov	r6, r0
  73 0014 3C46     		mov	r4, r7
  74 0016 00E0     		b	.L5
  75              	.L6:
  76 0018 0134     		adds	r4, r4, #1
  77              	.L5:
  78 001a 2278     		ldrb	r2, [r4]	@ zero_extendqisi2
  79 001c AAB1     		cbz	r2, .L9
  80 001e A319     		adds	r3, r4, r6
  81 0020 07EB0801 		add	r1, r7, r8
  82 0024 8B42     		cmp	r3, r1
  83 0026 0AD8     		bhi	.L11
  84 0028 2B78     		ldrb	r3, [r5]	@ zero_extendqisi2
  85 002a 9342     		cmp	r3, r2
  86 002c F4D1     		bne	.L6
  87 002e 3246     		mov	r2, r6
  88 0030 2946     		mov	r1, r5
  89 0032 2046     		mov	r0, r4
  90 0034 FFF7FEFF 		bl	strncmp
  91 0038 0028     		cmp	r0, #0
  92 003a EDD1     		bne	.L6
  93 003c 02E0     		b	.L3
  94              	.L11:
  95 003e 0024     		movs	r4, #0
  96 0040 00E0     		b	.L3
  97              	.L8:
  98 0042 3C46     		mov	r4, r7
  99              	.L3:
 100 0044 2046     		mov	r0, r4
 101 0046 BDE8F081 		pop	{r4, r5, r6, r7, r8, pc}
 102              	.L9:
 103 004a 0024     		movs	r4, #0
 104 004c FAE7     		b	.L3
 106              		.section	.text.lwip_stricmp,"ax",%progbits
 107              		.align	1
 108              		.global	lwip_stricmp
 109              		.syntax unified
 110              		.thumb
 111              		.thumb_func
 112              		.fpu fpv4-sp-d16
 114              	lwip_stricmp:
 115              		@ args = 0, pretend = 0, frame = 0
 116              		@ frame_needed = 0, uses_anonymous_args = 0
 117              		@ link register save eliminated.
 118 0000 07E0     		b	.L21
 119              	.L26:
 120 0002 0020     		movs	r0, #0
 121 0004 00E0     		b	.L12
ARM GAS  /tmp/cclH4QDr.s 			page 3


 122              	.L16:
 123 0006 0120     		movs	r0, #1
 124              	.L12:
 125 0008 30BC     		pop	{r4, r5}
 126 000a 7047     		bx	lr
 127              	.L17:
 128 000c 0120     		movs	r0, #1
 129 000e FBE7     		b	.L12
 130              	.L25:
 131 0010 D2B1     		cbz	r2, .L24
 132              	.L21:
 133 0012 10F8012B 		ldrb	r2, [r0], #1	@ zero_extendqisi2
 134 0016 11F8013B 		ldrb	r3, [r1], #1	@ zero_extendqisi2
 135 001a 9A42     		cmp	r2, r3
 136 001c F8D0     		beq	.L25
 137 001e 30B4     		push	{r4, r5}
 138              	.L19:
 139 0020 42F02005 		orr	r5, r2, #32
 140 0024 A5F16104 		sub	r4, r5, #97
 141 0028 E4B2     		uxtb	r4, r4
 142 002a 192C     		cmp	r4, #25
 143 002c EBD8     		bhi	.L16
 144 002e 43F02003 		orr	r3, r3, #32
 145 0032 9D42     		cmp	r5, r3
 146 0034 EAD1     		bne	.L17
 147              	.L13:
 148 0036 002A     		cmp	r2, #0
 149 0038 E3D0     		beq	.L26
 150 003a 10F8012B 		ldrb	r2, [r0], #1	@ zero_extendqisi2
 151 003e 11F8013B 		ldrb	r3, [r1], #1	@ zero_extendqisi2
 152 0042 9A42     		cmp	r2, r3
 153 0044 ECD1     		bne	.L19
 154 0046 F6E7     		b	.L13
 155              	.L24:
 156 0048 0020     		movs	r0, #0
 157 004a 7047     		bx	lr
 159              		.section	.text.lwip_strnicmp,"ax",%progbits
 160              		.align	1
 161              		.global	lwip_strnicmp
 162              		.syntax unified
 163              		.thumb
 164              		.thumb_func
 165              		.fpu fpv4-sp-d16
 167              	lwip_strnicmp:
 168              		@ args = 0, pretend = 0, frame = 0
 169              		@ frame_needed = 0, uses_anonymous_args = 0
 170              		@ link register save eliminated.
 171 0000 70B4     		push	{r4, r5, r6}
 172 0002 02E0     		b	.L30
 173              	.L28:
 174 0004 013A     		subs	r2, r2, #1
 175 0006 17D0     		beq	.L33
 176 0008 94B1     		cbz	r4, .L35
 177              	.L30:
 178 000a 10F8014B 		ldrb	r4, [r0], #1	@ zero_extendqisi2
 179 000e 11F8013B 		ldrb	r3, [r1], #1	@ zero_extendqisi2
 180 0012 9C42     		cmp	r4, r3
ARM GAS  /tmp/cclH4QDr.s 			page 4


 181 0014 F6D0     		beq	.L28
 182 0016 44F02006 		orr	r6, r4, #32
 183 001a A6F16105 		sub	r5, r6, #97
 184 001e EDB2     		uxtb	r5, r5
 185 0020 192D     		cmp	r5, #25
 186 0022 07D8     		bhi	.L31
 187 0024 43F02003 		orr	r3, r3, #32
 188 0028 9E42     		cmp	r6, r3
 189 002a EBD0     		beq	.L28
 190 002c 0120     		movs	r0, #1
 191 002e 04E0     		b	.L27
 192              	.L35:
 193 0030 0020     		movs	r0, #0
 194 0032 02E0     		b	.L27
 195              	.L31:
 196 0034 0120     		movs	r0, #1
 197 0036 00E0     		b	.L27
 198              	.L33:
 199 0038 0020     		movs	r0, #0
 200              	.L27:
 201 003a 70BC     		pop	{r4, r5, r6}
 202 003c 7047     		bx	lr
 204              		.section	.text.lwip_itoa,"ax",%progbits
 205              		.align	1
 206              		.global	lwip_itoa
 207              		.syntax unified
 208              		.thumb
 209              		.thumb_func
 210              		.fpu fpv4-sp-d16
 212              	lwip_itoa:
 213              		@ args = 0, pretend = 0, frame = 0
 214              		@ frame_needed = 0, uses_anonymous_args = 0
 215 0000 F8B5     		push	{r3, r4, r5, r6, r7, lr}
 216 0002 4B1E     		subs	r3, r1, #1
 217 0004 C518     		adds	r5, r0, r3
 218 0006 82EAE274 		eor	r4, r2, r2, asr #31
 219 000a A4EBE274 		sub	r4, r4, r2, asr #31
 220 000e 0129     		cmp	r1, #1
 221 0010 18D9     		bls	.L48
 222 0012 002A     		cmp	r2, #0
 223 0014 1ADB     		blt	.L49
 224 0016 0646     		mov	r6, r0
 225              	.L40:
 226 0018 0022     		movs	r2, #0
 227 001a C254     		strb	r2, [r0, r3]
 228              	.L41:
 229 001c DCB1     		cbz	r4, .L42
 230 001e AE42     		cmp	r6, r5
 231 0020 19D2     		bcs	.L42
 232 0022 164A     		ldr	r2, .L51
 233 0024 82FB0432 		smull	r3, r2, r2, r4
 234 0028 E317     		asrs	r3, r4, #31
 235 002a C3EBA203 		rsb	r3, r3, r2, asr #2
 236 002e 1F46     		mov	r7, r3
 237 0030 03EB8303 		add	r3, r3, r3, lsl #2
 238 0034 5A00     		lsls	r2, r3, #1
 239 0036 A31A     		subs	r3, r4, r2
ARM GAS  /tmp/cclH4QDr.s 			page 5


 240 0038 DBB2     		uxtb	r3, r3
 241 003a 3033     		adds	r3, r3, #48
 242 003c 05F8013D 		strb	r3, [r5, #-1]!
 243 0040 3C46     		mov	r4, r7
 244 0042 EBE7     		b	.L41
 245              	.L48:
 246 0044 11D1     		bne	.L36
 247 0046 0023     		movs	r3, #0
 248 0048 0370     		strb	r3, [r0]
 249 004a 0EE0     		b	.L36
 250              	.L49:
 251 004c 0646     		mov	r6, r0
 252 004e 2D22     		movs	r2, #45
 253 0050 06F8012B 		strb	r2, [r6], #1
 254 0054 E0E7     		b	.L40
 255              	.L42:
 256 0056 34B9     		cbnz	r4, .L50
 257 0058 2B78     		ldrb	r3, [r5]	@ zero_extendqisi2
 258 005a 3BB9     		cbnz	r3, .L45
 259 005c 3023     		movs	r3, #48
 260 005e 3370     		strb	r3, [r6]
 261 0060 0023     		movs	r3, #0
 262 0062 7370     		strb	r3, [r6, #1]
 263 0064 01E0     		b	.L36
 264              	.L50:
 265 0066 0023     		movs	r3, #0
 266 0068 0370     		strb	r3, [r0]
 267              	.L36:
 268 006a F8BD     		pop	{r3, r4, r5, r6, r7, pc}
 269              	.L45:
 270 006c 4218     		adds	r2, r0, r1
 271 006e 521B     		subs	r2, r2, r5
 272 0070 2946     		mov	r1, r5
 273 0072 3046     		mov	r0, r6
 274 0074 FFF7FEFF 		bl	memmove
 275 0078 F7E7     		b	.L36
 276              	.L52:
 277 007a 00BF     		.align	2
 278              	.L51:
 279 007c 67666666 		.word	1717986919
 281              		.ident	"GCC: (GNU Tools for Arm Embedded Processors 8-2019-q3-update) 8.3.1 20190703 (release) [gc
ARM GAS  /tmp/cclH4QDr.s 			page 6


DEFINED SYMBOLS
                            *ABS*:0000000000000000 def.c
     /tmp/cclH4QDr.s:16     .text.lwip_htons:0000000000000000 $t
     /tmp/cclH4QDr.s:24     .text.lwip_htons:0000000000000000 lwip_htons
     /tmp/cclH4QDr.s:34     .text.lwip_htonl:0000000000000000 $t
     /tmp/cclH4QDr.s:41     .text.lwip_htonl:0000000000000000 lwip_htonl
     /tmp/cclH4QDr.s:55     .text.lwip_strnstr:0000000000000000 $t
     /tmp/cclH4QDr.s:62     .text.lwip_strnstr:0000000000000000 lwip_strnstr
     /tmp/cclH4QDr.s:107    .text.lwip_stricmp:0000000000000000 $t
     /tmp/cclH4QDr.s:114    .text.lwip_stricmp:0000000000000000 lwip_stricmp
     /tmp/cclH4QDr.s:160    .text.lwip_strnicmp:0000000000000000 $t
     /tmp/cclH4QDr.s:167    .text.lwip_strnicmp:0000000000000000 lwip_strnicmp
     /tmp/cclH4QDr.s:205    .text.lwip_itoa:0000000000000000 $t
     /tmp/cclH4QDr.s:212    .text.lwip_itoa:0000000000000000 lwip_itoa
     /tmp/cclH4QDr.s:279    .text.lwip_itoa:000000000000007c $d

UNDEFINED SYMBOLS
strlen
strncmp
memmove
