ARM GAS  /tmp/ccZzNQR1.s 			page 1


   1              		.cpu cortex-m4
   2              		.eabi_attribute 27, 1
   3              		.eabi_attribute 28, 1
   4              		.eabi_attribute 20, 1
   5              		.eabi_attribute 21, 1
   6              		.eabi_attribute 23, 3
   7              		.eabi_attribute 24, 1
   8              		.eabi_attribute 25, 1
   9              		.eabi_attribute 26, 1
  10              		.eabi_attribute 30, 1
  11              		.eabi_attribute 34, 1
  12              		.eabi_attribute 18, 4
  13              		.file	"FreeRTOS_POSIX_utils.c"
  14              		.text
  15              		.section	.text.UTILS_strnlen,"ax",%progbits
  16              		.align	1
  17              		.global	UTILS_strnlen
  18              		.arch armv7e-m
  19              		.syntax unified
  20              		.thumb
  21              		.thumb_func
  22              		.fpu fpv4-sp-d16
  24              	UTILS_strnlen:
  25              		@ args = 0, pretend = 0, frame = 0
  26              		@ frame_needed = 0, uses_anonymous_args = 0
  27              		@ link register save eliminated.
  28 0000 0346     		mov	r3, r0
  29 0002 08B1     		cbz	r0, .L6
  30 0004 0020     		movs	r0, #0
  31 0006 02E0     		b	.L2
  32              	.L6:
  33 0008 7047     		bx	lr
  34              	.L4:
  35 000a 0130     		adds	r0, r0, #1
  36 000c 0133     		adds	r3, r3, #1
  37              	.L2:
  38 000e 1A78     		ldrb	r2, [r3]	@ zero_extendqisi2
  39 0010 0AB1     		cbz	r2, .L1
  40 0012 8842     		cmp	r0, r1
  41 0014 F9D3     		bcc	.L4
  42              	.L1:
  43 0016 7047     		bx	lr
  45              		.global	__aeabi_ldivmod
  46              		.section	.text.UTILS_NanosecondsToTimespec,"ax",%progbits
  47              		.align	1
  48              		.global	UTILS_NanosecondsToTimespec
  49              		.syntax unified
  50              		.thumb
  51              		.thumb_func
  52              		.fpu fpv4-sp-d16
  54              	UTILS_NanosecondsToTimespec:
  55              		@ args = 0, pretend = 0, frame = 0
  56              		@ frame_needed = 0, uses_anonymous_args = 0
  57 0000 2DE9D04F 		push	{r4, r6, r7, r8, r9, r10, fp, lr}
  58 0004 8046     		mov	r8, r0
  59 0006 8946     		mov	r9, r1
  60 0008 1446     		mov	r4, r2
ARM GAS  /tmp/ccZzNQR1.s 			page 2


  61 000a 15A3     		adr	r3, .L11+8
  62 000c D3E90023 		ldrd	r2, [r3]
  63 0010 FFF7FEFF 		bl	__aeabi_ldivmod
  64 0014 8246     		mov	r10, r0
  65 0016 8B46     		mov	fp, r1
  66 0018 C4E900AB 		strd	r10, [r4]
  67 001c 10A3     		adr	r3, .L11+8
  68 001e D3E90023 		ldrd	r2, [r3]
  69 0022 4046     		mov	r0, r8
  70 0024 4946     		mov	r1, r9
  71 0026 FFF7FEFF 		bl	__aeabi_ldivmod
  72 002a A260     		str	r2, [r4, #8]
  73 002c 002A     		cmp	r2, #0
  74 002e 01DB     		blt	.L10
  75              	.L7:
  76 0030 BDE8D08F 		pop	{r4, r6, r7, r8, r9, r10, fp, pc}
  77              	.L10:
  78 0034 0849     		ldr	r1, .L11
  79 0036 81FB0231 		smull	r3, r1, r1, r2
  80 003a D317     		asrs	r3, r2, #31
  81 003c C3EB2173 		rsb	r3, r3, r1, asr #28
  82 0040 0133     		adds	r3, r3, #1
  83 0042 BAEB0306 		subs	r6, r10, r3
  84 0046 6BEBE377 		sbc	r7, fp, r3, asr #31
  85 004a C4E90067 		strd	r6, [r4]
  86 004e 0349     		ldr	r1, .L11+4
  87 0050 01FB0322 		mla	r2, r1, r3, r2
  88 0054 A260     		str	r2, [r4, #8]
  89 0056 EBE7     		b	.L7
  90              	.L12:
  91              		.align	3
  92              	.L11:
  93 0058 A12FB844 		.word	1152921505
  94 005c 00CA9A3B 		.word	1000000000
  95 0060 00CA9A3B 		.word	1000000000
  96 0064 00000000 		.word	0
  98              		.section	.text.UTILS_TimespecAdd,"ax",%progbits
  99              		.align	1
 100              		.global	UTILS_TimespecAdd
 101              		.syntax unified
 102              		.thumb
 103              		.thumb_func
 104              		.fpu fpv4-sp-d16
 106              	UTILS_TimespecAdd:
 107              		@ args = 0, pretend = 0, frame = 0
 108              		@ frame_needed = 0, uses_anonymous_args = 0
 109              		@ link register save eliminated.
 110 0000 42B3     		cbz	r2, .L15
 111 0002 2DE9F008 		push	{r4, r5, r6, r7, fp}
 112 0006 1646     		mov	r6, r2
 113 0008 38B3     		cbz	r0, .L16
 114 000a 59B3     		cbz	r1, .L17
 115 000c 8368     		ldr	r3, [r0, #8]
 116 000e 8A68     		ldr	r2, [r1, #8]
 117 0010 1344     		add	r3, r3, r2
 118 0012 B360     		str	r3, [r6, #8]
 119 0014 002B     		cmp	r3, #0
ARM GAS  /tmp/ccZzNQR1.s 			page 3


 120 0016 28DB     		blt	.L18
 121 0018 164A     		ldr	r2, .L24
 122 001a 82FB0342 		smull	r4, r2, r2, r3
 123 001e DF17     		asrs	r7, r3, #31
 124 0020 C7EB2272 		rsb	r2, r7, r2, asr #28
 125 0024 144F     		ldr	r7, .L24+4
 126 0026 07FB1233 		mls	r3, r7, r2, r3
 127 002a B360     		str	r3, [r6, #8]
 128 002c 0368     		ldr	r3, [r0]
 129 002e 4768     		ldr	r7, [r0, #4]
 130 0030 0868     		ldr	r0, [r1]
 131 0032 4968     		ldr	r1, [r1, #4]
 132 0034 13EB000B 		adds	fp, r3, r0
 133 0038 47EB010C 		adc	ip, r7, r1
 134 003c 1BEB0204 		adds	r4, fp, r2
 135 0040 4CEBE275 		adc	r5, ip, r2, asr #31
 136 0044 C6E90045 		strd	r4, [r6]
 137 0048 002C     		cmp	r4, #0
 138 004a 75F10003 		sbcs	r3, r5, #0
 139 004e 0EDB     		blt	.L19
 140 0050 0020     		movs	r0, #0
 141 0052 04E0     		b	.L13
 142              	.L15:
 143 0054 4FF0FF30 		mov	r0, #-1
 144 0058 7047     		bx	lr
 145              	.L16:
 146 005a 4FF0FF30 		mov	r0, #-1
 147              	.L13:
 148 005e BDE8F008 		pop	{r4, r5, r6, r7, fp}
 149 0062 7047     		bx	lr
 150              	.L17:
 151 0064 4FF0FF30 		mov	r0, #-1
 152 0068 F9E7     		b	.L13
 153              	.L18:
 154 006a 0120     		movs	r0, #1
 155 006c F7E7     		b	.L13
 156              	.L19:
 157 006e 0120     		movs	r0, #1
 158 0070 F5E7     		b	.L13
 159              	.L25:
 160 0072 00BF     		.align	2
 161              	.L24:
 162 0074 A12FB844 		.word	1152921505
 163 0078 00CA9A3B 		.word	1000000000
 165              		.section	.text.UTILS_TimespecAddNanoseconds,"ax",%progbits
 166              		.align	1
 167              		.global	UTILS_TimespecAddNanoseconds
 168              		.syntax unified
 169              		.thumb
 170              		.thumb_func
 171              		.fpu fpv4-sp-d16
 173              	UTILS_TimespecAddNanoseconds:
 174              		@ args = 4, pretend = 0, frame = 0
 175              		@ frame_needed = 0, uses_anonymous_args = 0
 176 0000 2DE9F047 		push	{r4, r5, r6, r7, r8, r9, r10, lr}
 177 0004 DDF82090 		ldr	r9, [sp, #32]
 178 0008 B9F1000F 		cmp	r9, #0
ARM GAS  /tmp/ccZzNQR1.s 			page 4


 179 000c 29D0     		beq	.L28
 180 000e 60B3     		cbz	r0, .L29
 181 0010 8168     		ldr	r1, [r0, #8]
 182 0012 5418     		adds	r4, r2, r1
 183 0014 43EBE175 		adc	r5, r3, r1, asr #31
 184 0018 002C     		cmp	r4, #0
 185 001a 75F10003 		sbcs	r3, r5, #0
 186 001e 27DB     		blt	.L30
 187 0020 8046     		mov	r8, r0
 188 0022 15A3     		adr	r3, .L33
 189 0024 D3E90023 		ldrd	r2, [r3]
 190 0028 2046     		mov	r0, r4
 191 002a 2946     		mov	r1, r5
 192 002c FFF7FEFF 		bl	__aeabi_ldivmod
 193 0030 C9F80820 		str	r2, [r9, #8]
 194 0034 D8F800A0 		ldr	r10, [r8]
 195 0038 D8F80480 		ldr	r8, [r8, #4]
 196 003c 0EA3     		adr	r3, .L33
 197 003e D3E90023 		ldrd	r2, [r3]
 198 0042 2046     		mov	r0, r4
 199 0044 2946     		mov	r1, r5
 200 0046 FFF7FEFF 		bl	__aeabi_ldivmod
 201 004a 1AEB0006 		adds	r6, r10, r0
 202 004e 48EB0107 		adc	r7, r8, r1
 203 0052 C9E90067 		strd	r6, [r9]
 204 0056 002E     		cmp	r6, #0
 205 0058 77F10003 		sbcs	r3, r7, #0
 206 005c 0ADB     		blt	.L31
 207 005e 0020     		movs	r0, #0
 208 0060 01E0     		b	.L26
 209              	.L28:
 210 0062 4FF0FF30 		mov	r0, #-1
 211              	.L26:
 212 0066 BDE8F087 		pop	{r4, r5, r6, r7, r8, r9, r10, pc}
 213              	.L29:
 214 006a 4FF0FF30 		mov	r0, #-1
 215 006e FAE7     		b	.L26
 216              	.L30:
 217 0070 0120     		movs	r0, #1
 218 0072 F8E7     		b	.L26
 219              	.L31:
 220 0074 0120     		movs	r0, #1
 221 0076 F6E7     		b	.L26
 222              	.L34:
 223              		.align	3
 224              	.L33:
 225 0078 00CA9A3B 		.word	1000000000
 226 007c 00000000 		.word	0
 228              		.section	.text.UTILS_TimespecCompare,"ax",%progbits
 229              		.align	1
 230              		.global	UTILS_TimespecCompare
 231              		.syntax unified
 232              		.thumb
 233              		.thumb_func
 234              		.fpu fpv4-sp-d16
 236              	UTILS_TimespecCompare:
 237              		@ args = 0, pretend = 0, frame = 0
ARM GAS  /tmp/ccZzNQR1.s 			page 5


 238              		@ frame_needed = 0, uses_anonymous_args = 0
 239              		@ link register save eliminated.
 240 0000 0346     		mov	r3, r0
 241 0002 B0B1     		cbz	r0, .L49
 242              	.L36:
 243 0004 C9B1     		cbz	r1, .L39
 244 0006 D3B1     		cbz	r3, .L40
 245 0008 F0B4     		push	{r4, r5, r6, r7}
 246 000a D3E90067 		ldrd	r6, [r3]
 247 000e D1E90045 		ldrd	r4, [r1]
 248 0012 B442     		cmp	r4, r6
 249 0014 75EB0702 		sbcs	r2, r5, r7
 250 0018 14DB     		blt	.L41
 251 001a A642     		cmp	r6, r4
 252 001c 77EB0502 		sbcs	r2, r7, r5
 253 0020 13DB     		blt	.L42
 254 0022 9A68     		ldr	r2, [r3, #8]
 255 0024 8B68     		ldr	r3, [r1, #8]
 256 0026 9A42     		cmp	r2, r3
 257 0028 12DC     		bgt	.L43
 258 002a 13DA     		bge	.L44
 259 002c 4FF0FF30 		mov	r0, #-1
 260 0030 09E0     		b	.L35
 261              	.L49:
 262 0032 0029     		cmp	r1, #0
 263 0034 E6D1     		bne	.L36
 264 0036 0020     		movs	r0, #0
 265 0038 7047     		bx	lr
 266              	.L39:
 267 003a 0120     		movs	r0, #1
 268 003c 7047     		bx	lr
 269              	.L40:
 270 003e 4FF0FF30 		mov	r0, #-1
 271 0042 7047     		bx	lr
 272              	.L41:
 273 0044 0120     		movs	r0, #1
 274              	.L35:
 275 0046 F0BC     		pop	{r4, r5, r6, r7}
 276 0048 7047     		bx	lr
 277              	.L42:
 278 004a 4FF0FF30 		mov	r0, #-1
 279 004e FAE7     		b	.L35
 280              	.L43:
 281 0050 0120     		movs	r0, #1
 282 0052 F8E7     		b	.L35
 283              	.L44:
 284 0054 0020     		movs	r0, #0
 285 0056 F6E7     		b	.L35
 287              		.section	.text.UTILS_TimespecSubtract,"ax",%progbits
 288              		.align	1
 289              		.global	UTILS_TimespecSubtract
 290              		.syntax unified
 291              		.thumb
 292              		.thumb_func
 293              		.fpu fpv4-sp-d16
 295              	UTILS_TimespecSubtract:
 296              		@ args = 0, pretend = 0, frame = 0
ARM GAS  /tmp/ccZzNQR1.s 			page 6


 297              		@ frame_needed = 0, uses_anonymous_args = 0
 298 0000 002A     		cmp	r2, #0
 299 0002 32D0     		beq	.L54
 300 0004 70B5     		push	{r4, r5, r6, lr}
 301 0006 1646     		mov	r6, r2
 302 0008 0028     		cmp	r0, #0
 303 000a 31D0     		beq	.L55
 304 000c 0029     		cmp	r1, #0
 305 000e 32D0     		beq	.L56
 306 0010 0D46     		mov	r5, r1
 307 0012 0446     		mov	r4, r0
 308 0014 FFF7FEFF 		bl	UTILS_TimespecCompare
 309 0018 B0F1FF3F 		cmp	r0, #-1
 310 001c 2ED0     		beq	.L57
 311 001e 30B9     		cbnz	r0, .L52
 312 0020 0022     		movs	r2, #0
 313 0022 0023     		movs	r3, #0
 314 0024 C6E90023 		strd	r2, [r6]
 315 0028 0023     		movs	r3, #0
 316 002a B360     		str	r3, [r6, #8]
 317 002c 22E0     		b	.L50
 318              	.L52:
 319 002e 2368     		ldr	r3, [r4]
 320 0030 6168     		ldr	r1, [r4, #4]
 321 0032 2A68     		ldr	r2, [r5]
 322 0034 6868     		ldr	r0, [r5, #4]
 323 0036 9B1A     		subs	r3, r3, r2
 324 0038 61EB0001 		sbc	r1, r1, r0
 325 003c 3360     		str	r3, [r6]
 326 003e 7160     		str	r1, [r6, #4]
 327 0040 A268     		ldr	r2, [r4, #8]
 328 0042 A868     		ldr	r0, [r5, #8]
 329 0044 121A     		subs	r2, r2, r0
 330 0046 B260     		str	r2, [r6, #8]
 331 0048 002A     		cmp	r2, #0
 332 004a 04DB     		blt	.L63
 333              	.L53:
 334 004c B368     		ldr	r3, [r6, #8]
 335 004e 002B     		cmp	r3, #0
 336 0050 16DB     		blt	.L58
 337 0052 0020     		movs	r0, #0
 338 0054 0EE0     		b	.L50
 339              	.L63:
 340 0056 13F1FF33 		adds	r3, r3, #-1
 341 005a 41F1FF31 		adc	r1, r1, #-1
 342 005e 3360     		str	r3, [r6]
 343 0060 7160     		str	r1, [r6, #4]
 344 0062 094B     		ldr	r3, .L64
 345 0064 1344     		add	r3, r3, r2
 346 0066 B360     		str	r3, [r6, #8]
 347 0068 F0E7     		b	.L53
 348              	.L54:
 349 006a 4FF0FF30 		mov	r0, #-1
 350 006e 7047     		bx	lr
 351              	.L55:
 352 0070 4FF0FF30 		mov	r0, #-1
 353              	.L50:
ARM GAS  /tmp/ccZzNQR1.s 			page 7


 354 0074 70BD     		pop	{r4, r5, r6, pc}
 355              	.L56:
 356 0076 4FF0FF30 		mov	r0, #-1
 357 007a FBE7     		b	.L50
 358              	.L57:
 359 007c 0120     		movs	r0, #1
 360 007e F9E7     		b	.L50
 361              	.L58:
 362 0080 4FF0FF30 		mov	r0, #-1
 363 0084 F6E7     		b	.L50
 364              	.L65:
 365 0086 00BF     		.align	2
 366              	.L64:
 367 0088 00CA9A3B 		.word	1000000000
 369              		.section	.text.UTILS_ValidateTimespec,"ax",%progbits
 370              		.align	1
 371              		.global	UTILS_ValidateTimespec
 372              		.syntax unified
 373              		.thumb
 374              		.thumb_func
 375              		.fpu fpv4-sp-d16
 377              	UTILS_ValidateTimespec:
 378              		@ args = 0, pretend = 0, frame = 0
 379              		@ frame_needed = 0, uses_anonymous_args = 0
 380              		@ link register save eliminated.
 381 0000 28B1     		cbz	r0, .L68
 382 0002 8268     		ldr	r2, [r0, #8]
 383 0004 044B     		ldr	r3, .L70
 384 0006 9A42     		cmp	r2, r3
 385 0008 03D9     		bls	.L69
 386 000a 0020     		movs	r0, #0
 387 000c 7047     		bx	lr
 388              	.L68:
 389 000e 0020     		movs	r0, #0
 390 0010 7047     		bx	lr
 391              	.L69:
 392 0012 0120     		movs	r0, #1
 393 0014 7047     		bx	lr
 394              	.L71:
 395 0016 00BF     		.align	2
 396              	.L70:
 397 0018 FFC99A3B 		.word	999999999
 399              		.section	.text.UTILS_TimespecToTicks,"ax",%progbits
 400              		.align	1
 401              		.global	UTILS_TimespecToTicks
 402              		.syntax unified
 403              		.thumb
 404              		.thumb_func
 405              		.fpu fpv4-sp-d16
 407              	UTILS_TimespecToTicks:
 408              		@ args = 0, pretend = 0, frame = 0
 409              		@ frame_needed = 0, uses_anonymous_args = 0
 410 0000 0028     		cmp	r0, #0
 411 0002 46D0     		beq	.L75
 412 0004 2DE9F843 		push	{r3, r4, r5, r6, r7, r8, r9, lr}
 413 0008 0646     		mov	r6, r0
 414 000a 0029     		cmp	r1, #0
ARM GAS  /tmp/ccZzNQR1.s 			page 8


 415 000c 43D0     		beq	.L76
 416 000e 0F46     		mov	r7, r1
 417 0010 FFF7FEFF 		bl	UTILS_ValidateTimespec
 418 0014 0028     		cmp	r0, #0
 419 0016 40D0     		beq	.L77
 420 0018 3168     		ldr	r1, [r6]
 421 001a 7068     		ldr	r0, [r6, #4]
 422 001c 4FEA401C 		lsl	ip, r0, #5
 423 0020 4B01     		lsls	r3, r1, #5
 424 0022 4CEAD162 		orr	r2, ip, r1, lsr #27
 425 0026 5B1A     		subs	r3, r3, r1
 426 0028 62EB0002 		sbc	r2, r2, r0
 427 002c 4FEA820C 		lsl	ip, r2, #2
 428 0030 4CEA937C 		orr	ip, ip, r3, lsr #30
 429 0034 4FEA830E 		lsl	lr, r3, #2
 430 0038 1EEB0108 		adds	r8, lr, r1
 431 003c 4CEB0009 		adc	r9, ip, r0
 432 0040 4FEAC903 		lsl	r3, r9, #3
 433 0044 43EA5873 		orr	r3, r3, r8, lsr #29
 434 0048 4FEAC802 		lsl	r2, r8, #3
 435 004c 9046     		mov	r8, r2
 436 004e 9946     		mov	r9, r3
 437 0050 B168     		ldr	r1, [r6, #8]
 438 0052 134A     		ldr	r2, .L84
 439 0054 82FB0132 		smull	r3, r2, r2, r1
 440 0058 CB17     		asrs	r3, r1, #31
 441 005a C3EBA243 		rsb	r3, r3, r2, asr #18
 442 005e 114A     		ldr	r2, .L84+4
 443 0060 02FB1312 		mls	r2, r2, r3, r1
 444 0064 002A     		cmp	r2, #0
 445 0066 18BF     		it	ne
 446 0068 0133     		addne	r3, r3, #1
 447 006a 18EB0304 		adds	r4, r8, r3
 448 006e 49EBE375 		adc	r5, r9, r3, asr #31
 449 0072 002C     		cmp	r4, #0
 450 0074 75F10003 		sbcs	r3, r5, #0
 451 0078 05DB     		blt	.L78
 452 007a 002C     		cmp	r4, #0
 453 007c 75F10103 		sbcs	r3, r5, #1
 454 0080 05DA     		bge	.L79
 455 0082 0020     		movs	r0, #0
 456 0084 00E0     		b	.L74
 457              	.L78:
 458 0086 1620     		movs	r0, #22
 459              	.L74:
 460 0088 3C60     		str	r4, [r7]
 461              	.L72:
 462 008a BDE8F883 		pop	{r3, r4, r5, r6, r7, r8, r9, pc}
 463              	.L79:
 464 008e 1620     		movs	r0, #22
 465 0090 FAE7     		b	.L74
 466              	.L75:
 467 0092 1620     		movs	r0, #22
 468 0094 7047     		bx	lr
 469              	.L76:
 470 0096 1620     		movs	r0, #22
 471 0098 F7E7     		b	.L72
ARM GAS  /tmp/ccZzNQR1.s 			page 9


 472              	.L77:
 473 009a 1620     		movs	r0, #22
 474 009c F5E7     		b	.L72
 475              	.L85:
 476 009e 00BF     		.align	2
 477              	.L84:
 478 00a0 83DE1B43 		.word	1125899907
 479 00a4 40420F00 		.word	1000000
 481              		.section	.text.UTILS_AbsoluteTimespecToDeltaTicks,"ax",%progbits
 482              		.align	1
 483              		.global	UTILS_AbsoluteTimespecToDeltaTicks
 484              		.syntax unified
 485              		.thumb
 486              		.thumb_func
 487              		.fpu fpv4-sp-d16
 489              	UTILS_AbsoluteTimespecToDeltaTicks:
 490              		@ args = 0, pretend = 0, frame = 16
 491              		@ frame_needed = 0, uses_anonymous_args = 0
 492 0000 10B5     		push	{r4, lr}
 493 0002 84B0     		sub	sp, sp, #16
 494 0004 1446     		mov	r4, r2
 495 0006 0023     		movs	r3, #0
 496 0008 0093     		str	r3, [sp]
 497 000a 0193     		str	r3, [sp, #4]
 498 000c 0293     		str	r3, [sp, #8]
 499 000e 0393     		str	r3, [sp, #12]
 500 0010 58B1     		cbz	r0, .L89
 501 0012 71B1     		cbz	r1, .L90
 502 0014 7AB1     		cbz	r2, .L91
 503 0016 6A46     		mov	r2, sp
 504 0018 FFF7FEFF 		bl	UTILS_TimespecSubtract
 505 001c 0128     		cmp	r0, #1
 506 001e 11D0     		beq	.L92
 507 0020 B0F1FF3F 		cmp	r0, #-1
 508 0024 02D1     		bne	.L87
 509 0026 1620     		movs	r0, #22
 510 0028 01E0     		b	.L86
 511              	.L89:
 512 002a 1620     		movs	r0, #22
 513              	.L87:
 514 002c 28B1     		cbz	r0, .L95
 515              	.L86:
 516 002e 04B0     		add	sp, sp, #16
 517              		@ sp needed
 518 0030 10BD     		pop	{r4, pc}
 519              	.L90:
 520 0032 1620     		movs	r0, #22
 521 0034 FAE7     		b	.L87
 522              	.L91:
 523 0036 1620     		movs	r0, #22
 524 0038 F8E7     		b	.L87
 525              	.L95:
 526 003a 2146     		mov	r1, r4
 527 003c 6846     		mov	r0, sp
 528 003e FFF7FEFF 		bl	UTILS_TimespecToTicks
 529 0042 F4E7     		b	.L86
 530              	.L92:
ARM GAS  /tmp/ccZzNQR1.s 			page 10


 531 0044 7420     		movs	r0, #116
 532 0046 F2E7     		b	.L86
 534              		.ident	"GCC: (GNU Tools for Arm Embedded Processors 8-2019-q3-update) 8.3.1 20190703 (release) [gc
ARM GAS  /tmp/ccZzNQR1.s 			page 11


DEFINED SYMBOLS
                            *ABS*:0000000000000000 FreeRTOS_POSIX_utils.c
     /tmp/ccZzNQR1.s:16     .text.UTILS_strnlen:0000000000000000 $t
     /tmp/ccZzNQR1.s:24     .text.UTILS_strnlen:0000000000000000 UTILS_strnlen
     /tmp/ccZzNQR1.s:47     .text.UTILS_NanosecondsToTimespec:0000000000000000 $t
     /tmp/ccZzNQR1.s:54     .text.UTILS_NanosecondsToTimespec:0000000000000000 UTILS_NanosecondsToTimespec
     /tmp/ccZzNQR1.s:93     .text.UTILS_NanosecondsToTimespec:0000000000000058 $d
     /tmp/ccZzNQR1.s:99     .text.UTILS_TimespecAdd:0000000000000000 $t
     /tmp/ccZzNQR1.s:106    .text.UTILS_TimespecAdd:0000000000000000 UTILS_TimespecAdd
     /tmp/ccZzNQR1.s:162    .text.UTILS_TimespecAdd:0000000000000074 $d
     /tmp/ccZzNQR1.s:166    .text.UTILS_TimespecAddNanoseconds:0000000000000000 $t
     /tmp/ccZzNQR1.s:173    .text.UTILS_TimespecAddNanoseconds:0000000000000000 UTILS_TimespecAddNanoseconds
     /tmp/ccZzNQR1.s:225    .text.UTILS_TimespecAddNanoseconds:0000000000000078 $d
     /tmp/ccZzNQR1.s:229    .text.UTILS_TimespecCompare:0000000000000000 $t
     /tmp/ccZzNQR1.s:236    .text.UTILS_TimespecCompare:0000000000000000 UTILS_TimespecCompare
     /tmp/ccZzNQR1.s:288    .text.UTILS_TimespecSubtract:0000000000000000 $t
     /tmp/ccZzNQR1.s:295    .text.UTILS_TimespecSubtract:0000000000000000 UTILS_TimespecSubtract
     /tmp/ccZzNQR1.s:367    .text.UTILS_TimespecSubtract:0000000000000088 $d
     /tmp/ccZzNQR1.s:370    .text.UTILS_ValidateTimespec:0000000000000000 $t
     /tmp/ccZzNQR1.s:377    .text.UTILS_ValidateTimespec:0000000000000000 UTILS_ValidateTimespec
     /tmp/ccZzNQR1.s:397    .text.UTILS_ValidateTimespec:0000000000000018 $d
     /tmp/ccZzNQR1.s:400    .text.UTILS_TimespecToTicks:0000000000000000 $t
     /tmp/ccZzNQR1.s:407    .text.UTILS_TimespecToTicks:0000000000000000 UTILS_TimespecToTicks
     /tmp/ccZzNQR1.s:478    .text.UTILS_TimespecToTicks:00000000000000a0 $d
     /tmp/ccZzNQR1.s:482    .text.UTILS_AbsoluteTimespecToDeltaTicks:0000000000000000 $t
     /tmp/ccZzNQR1.s:489    .text.UTILS_AbsoluteTimespecToDeltaTicks:0000000000000000 UTILS_AbsoluteTimespecToDeltaTicks

UNDEFINED SYMBOLS
__aeabi_ldivmod
