ARM GAS  /tmp/ccJ31Nfc.s 			page 1


   1              		.cpu cortex-m4
   2              		.eabi_attribute 27, 1
   3              		.eabi_attribute 28, 1
   4              		.eabi_attribute 20, 1
   5              		.eabi_attribute 21, 1
   6              		.eabi_attribute 23, 3
   7              		.eabi_attribute 24, 1
   8              		.eabi_attribute 25, 1
   9              		.eabi_attribute 26, 1
  10              		.eabi_attribute 30, 1
  11              		.eabi_attribute 34, 1
  12              		.eabi_attribute 18, 4
  13              		.file	"gd32f4xx_rtc.c"
  14              		.text
  15              		.section	.text.rtc_init_mode_enter,"ax",%progbits
  16              		.align	1
  17              		.global	rtc_init_mode_enter
  18              		.arch armv7e-m
  19              		.syntax unified
  20              		.thumb
  21              		.thumb_func
  22              		.fpu fpv4-sp-d16
  24              	rtc_init_mode_enter:
  25              		@ args = 0, pretend = 0, frame = 8
  26              		@ frame_needed = 0, uses_anonymous_args = 0
  27              		@ link register save eliminated.
  28 0000 82B0     		sub	sp, sp, #8
  29 0002 4FF48043 		mov	r3, #16384
  30 0006 0193     		str	r3, [sp, #4]
  31 0008 0D4B     		ldr	r3, .L8
  32 000a 1B68     		ldr	r3, [r3]
  33 000c 13F0400F 		tst	r3, #64
  34 0010 11D1     		bne	.L5
  35 0012 0B4A     		ldr	r2, .L8
  36 0014 1368     		ldr	r3, [r2]
  37 0016 43F08003 		orr	r3, r3, #128
  38 001a 1360     		str	r3, [r2]
  39              	.L4:
  40 001c 084B     		ldr	r3, .L8
  41 001e 1A68     		ldr	r2, [r3]
  42 0020 02F04002 		and	r2, r2, #64
  43 0024 019B     		ldr	r3, [sp, #4]
  44 0026 013B     		subs	r3, r3, #1
  45 0028 0193     		str	r3, [sp, #4]
  46 002a 0BB1     		cbz	r3, .L3
  47 002c 002A     		cmp	r2, #0
  48 002e F5D0     		beq	.L4
  49              	.L3:
  50 0030 22B9     		cbnz	r2, .L6
  51 0032 0020     		movs	r0, #0
  52 0034 00E0     		b	.L2
  53              	.L5:
  54 0036 0120     		movs	r0, #1
  55              	.L2:
  56 0038 02B0     		add	sp, sp, #8
  57              		@ sp needed
  58 003a 7047     		bx	lr
ARM GAS  /tmp/ccJ31Nfc.s 			page 2


  59              	.L6:
  60 003c 0120     		movs	r0, #1
  61 003e FBE7     		b	.L2
  62              	.L9:
  63              		.align	2
  64              	.L8:
  65 0040 0C280040 		.word	1073752076
  67              		.section	.text.rtc_init_mode_exit,"ax",%progbits
  68              		.align	1
  69              		.global	rtc_init_mode_exit
  70              		.syntax unified
  71              		.thumb
  72              		.thumb_func
  73              		.fpu fpv4-sp-d16
  75              	rtc_init_mode_exit:
  76              		@ args = 0, pretend = 0, frame = 0
  77              		@ frame_needed = 0, uses_anonymous_args = 0
  78              		@ link register save eliminated.
  79 0000 024A     		ldr	r2, .L11
  80 0002 1368     		ldr	r3, [r2]
  81 0004 23F08003 		bic	r3, r3, #128
  82 0008 1360     		str	r3, [r2]
  83 000a 7047     		bx	lr
  84              	.L12:
  85              		.align	2
  86              	.L11:
  87 000c 0C280040 		.word	1073752076
  89              		.section	.text.rtc_register_sync_wait,"ax",%progbits
  90              		.align	1
  91              		.global	rtc_register_sync_wait
  92              		.syntax unified
  93              		.thumb
  94              		.thumb_func
  95              		.fpu fpv4-sp-d16
  97              	rtc_register_sync_wait:
  98              		@ args = 0, pretend = 0, frame = 8
  99              		@ frame_needed = 0, uses_anonymous_args = 0
 100              		@ link register save eliminated.
 101 0000 82B0     		sub	sp, sp, #8
 102 0002 4FF40043 		mov	r3, #32768
 103 0006 0193     		str	r3, [sp, #4]
 104 0008 114B     		ldr	r3, .L21
 105 000a 1B68     		ldr	r3, [r3]
 106 000c 13F0200F 		tst	r3, #32
 107 0010 1CD1     		bne	.L18
 108 0012 104B     		ldr	r3, .L21+4
 109 0014 CA22     		movs	r2, #202
 110 0016 1A60     		str	r2, [r3]
 111 0018 5322     		movs	r2, #83
 112 001a 1A60     		str	r2, [r3]
 113 001c 0E4A     		ldr	r2, .L21+8
 114 001e 1368     		ldr	r3, [r2]
 115 0020 23F02003 		bic	r3, r3, #32
 116 0024 1360     		str	r3, [r2]
 117              	.L16:
 118 0026 0C4B     		ldr	r3, .L21+8
 119 0028 1A68     		ldr	r2, [r3]
ARM GAS  /tmp/ccJ31Nfc.s 			page 3


 120 002a 02F02002 		and	r2, r2, #32
 121 002e 019B     		ldr	r3, [sp, #4]
 122 0030 013B     		subs	r3, r3, #1
 123 0032 0193     		str	r3, [sp, #4]
 124 0034 0BB1     		cbz	r3, .L15
 125 0036 002A     		cmp	r2, #0
 126 0038 F5D0     		beq	.L16
 127              	.L15:
 128 003a 2AB9     		cbnz	r2, .L19
 129 003c 0020     		movs	r0, #0
 130              	.L17:
 131 003e 054B     		ldr	r3, .L21+4
 132 0040 FF22     		movs	r2, #255
 133 0042 1A60     		str	r2, [r3]
 134              	.L14:
 135 0044 02B0     		add	sp, sp, #8
 136              		@ sp needed
 137 0046 7047     		bx	lr
 138              	.L19:
 139 0048 0120     		movs	r0, #1
 140 004a F8E7     		b	.L17
 141              	.L18:
 142 004c 0120     		movs	r0, #1
 143 004e F9E7     		b	.L14
 144              	.L22:
 145              		.align	2
 146              	.L21:
 147 0050 08280040 		.word	1073752072
 148 0054 24280040 		.word	1073752100
 149 0058 0C280040 		.word	1073752076
 151              		.section	.text.rtc_deinit,"ax",%progbits
 152              		.align	1
 153              		.global	rtc_deinit
 154              		.syntax unified
 155              		.thumb
 156              		.thumb_func
 157              		.fpu fpv4-sp-d16
 159              	rtc_deinit:
 160              		@ args = 0, pretend = 0, frame = 8
 161              		@ frame_needed = 0, uses_anonymous_args = 0
 162 0000 00B5     		push	{lr}
 163 0002 83B0     		sub	sp, sp, #12
 164 0004 4FF48043 		mov	r3, #16384
 165 0008 0193     		str	r3, [sp, #4]
 166 000a 254B     		ldr	r3, .L30
 167 000c 0022     		movs	r2, #0
 168 000e 1A60     		str	r2, [r3]
 169 0010 1C3B     		subs	r3, r3, #28
 170 0012 CA22     		movs	r2, #202
 171 0014 1A60     		str	r2, [r3]
 172 0016 5322     		movs	r2, #83
 173 0018 1A60     		str	r2, [r3]
 174 001a FFF7FEFF 		bl	rtc_init_mode_enter
 175 001e 0346     		mov	r3, r0
 176 0020 D0B1     		cbz	r0, .L24
 177 0022 204A     		ldr	r2, .L30+4
 178 0024 1368     		ldr	r3, [r2]
ARM GAS  /tmp/ccJ31Nfc.s 			page 4


 179 0026 03F00703 		and	r3, r3, #7
 180 002a 1360     		str	r3, [r2]
 181 002c 1E4B     		ldr	r3, .L30+8
 182 002e 0022     		movs	r2, #0
 183 0030 1A60     		str	r2, [r3]
 184 0032 0433     		adds	r3, r3, #4
 185 0034 42F20112 		movw	r2, #8449
 186 0038 1A60     		str	r2, [r3]
 187 003a 0C33     		adds	r3, r3, #12
 188 003c 1B4A     		ldr	r2, .L30+12
 189 003e 1A60     		str	r2, [r3]
 190              	.L26:
 191 0040 1B4B     		ldr	r3, .L30+16
 192 0042 1A68     		ldr	r2, [r3]
 193 0044 02F00402 		and	r2, r2, #4
 194 0048 019B     		ldr	r3, [sp, #4]
 195 004a 013B     		subs	r3, r3, #1
 196 004c 0193     		str	r3, [sp, #4]
 197 004e 0BB1     		cbz	r3, .L25
 198 0050 002A     		cmp	r2, #0
 199 0052 F5D0     		beq	.L26
 200              	.L25:
 201 0054 3AB9     		cbnz	r2, .L29
 202 0056 0023     		movs	r3, #0
 203              	.L24:
 204 0058 164A     		ldr	r2, .L30+20
 205 005a FF21     		movs	r1, #255
 206 005c 1160     		str	r1, [r2]
 207 005e 1846     		mov	r0, r3
 208 0060 03B0     		add	sp, sp, #12
 209              		@ sp needed
 210 0062 5DF804FB 		ldr	pc, [sp], #4
 211              	.L29:
 212 0066 0F4A     		ldr	r2, .L30+4
 213 0068 1368     		ldr	r3, [r2]
 214 006a 0023     		movs	r3, #0
 215 006c 1360     		str	r3, [r2]
 216 006e 0C32     		adds	r2, r2, #12
 217 0070 4FF6FF71 		movw	r1, #65535
 218 0074 1160     		str	r1, [r2]
 219 0076 0432     		adds	r2, r2, #4
 220 0078 1360     		str	r3, [r2]
 221 007a 0432     		adds	r2, r2, #4
 222 007c 1360     		str	r3, [r2]
 223 007e 0432     		adds	r2, r2, #4
 224 0080 1360     		str	r3, [r2]
 225 0082 2432     		adds	r2, r2, #36
 226 0084 1360     		str	r3, [r2]
 227 0086 0432     		adds	r2, r2, #4
 228 0088 1360     		str	r3, [r2]
 229 008a 3C3A     		subs	r2, r2, #60
 230 008c 1360     		str	r3, [r2]
 231 008e 2032     		adds	r2, r2, #32
 232 0090 1360     		str	r3, [r2]
 233 0092 1032     		adds	r2, r2, #16
 234 0094 1360     		str	r3, [r2]
 235 0096 FFF7FEFF 		bl	rtc_register_sync_wait
ARM GAS  /tmp/ccJ31Nfc.s 			page 5


 236 009a 0346     		mov	r3, r0
 237 009c DCE7     		b	.L24
 238              	.L31:
 239 009e 00BF     		.align	2
 240              	.L30:
 241 00a0 40280040 		.word	1073752128
 242 00a4 08280040 		.word	1073752072
 243 00a8 00280040 		.word	1073752064
 244 00ac FF007F00 		.word	8323327
 245 00b0 0C280040 		.word	1073752076
 246 00b4 24280040 		.word	1073752100
 248              		.section	.text.rtc_init,"ax",%progbits
 249              		.align	1
 250              		.global	rtc_init
 251              		.syntax unified
 252              		.thumb
 253              		.thumb_func
 254              		.fpu fpv4-sp-d16
 256              	rtc_init:
 257              		@ args = 0, pretend = 0, frame = 0
 258              		@ frame_needed = 0, uses_anonymous_args = 0
 259 0000 70B5     		push	{r4, r5, r6, lr}
 260 0002 0546     		mov	r5, r0
 261 0004 0278     		ldrb	r2, [r0]	@ zero_extendqisi2
 262 0006 C378     		ldrb	r3, [r0, #3]	@ zero_extendqisi2
 263 0008 5B03     		lsls	r3, r3, #13
 264 000a 9BB2     		uxth	r3, r3
 265 000c 43EA0243 		orr	r3, r3, r2, lsl #16
 266 0010 4278     		ldrb	r2, [r0, #1]	@ zero_extendqisi2
 267 0012 1202     		lsls	r2, r2, #8
 268 0014 02F4F852 		and	r2, r2, #7936
 269 0018 1343     		orrs	r3, r3, r2
 270 001a 8478     		ldrb	r4, [r0, #2]	@ zero_extendqisi2
 271 001c 04F03F04 		and	r4, r4, #63
 272 0020 1C43     		orrs	r4, r4, r3
 273 0022 C368     		ldr	r3, [r0, #12]
 274 0024 0279     		ldrb	r2, [r0, #4]	@ zero_extendqisi2
 275 0026 1204     		lsls	r2, r2, #16
 276 0028 02F47C12 		and	r2, r2, #4128768
 277 002c 1343     		orrs	r3, r3, r2
 278 002e 4279     		ldrb	r2, [r0, #5]	@ zero_extendqisi2
 279 0030 1202     		lsls	r2, r2, #8
 280 0032 02F4FE42 		and	r2, r2, #32512
 281 0036 1343     		orrs	r3, r3, r2
 282 0038 8679     		ldrb	r6, [r0, #6]	@ zero_extendqisi2
 283 003a 06F07F06 		and	r6, r6, #127
 284 003e 1E43     		orrs	r6, r6, r3
 285 0040 154B     		ldr	r3, .L36
 286 0042 CA22     		movs	r2, #202
 287 0044 1A60     		str	r2, [r3]
 288 0046 5322     		movs	r2, #83
 289 0048 1A60     		str	r2, [r3]
 290 004a FFF7FEFF 		bl	rtc_init_mode_enter
 291 004e 0346     		mov	r3, r0
 292 0050 20B9     		cbnz	r0, .L35
 293              	.L33:
 294 0052 114A     		ldr	r2, .L36
ARM GAS  /tmp/ccJ31Nfc.s 			page 6


 295 0054 FF21     		movs	r1, #255
 296 0056 1160     		str	r1, [r2]
 297 0058 1846     		mov	r0, r3
 298 005a 70BD     		pop	{r4, r5, r6, pc}
 299              	.L35:
 300 005c 2B89     		ldrh	r3, [r5, #8]
 301 005e 1B04     		lsls	r3, r3, #16
 302 0060 03F4FE03 		and	r3, r3, #8323072
 303 0064 6A89     		ldrh	r2, [r5, #10]
 304 0066 C2F30E02 		ubfx	r2, r2, #0, #15
 305 006a 1343     		orrs	r3, r3, r2
 306 006c 0B4A     		ldr	r2, .L36+4
 307 006e 1360     		str	r3, [r2]
 308 0070 0B4B     		ldr	r3, .L36+8
 309 0072 1E60     		str	r6, [r3]
 310 0074 0433     		adds	r3, r3, #4
 311 0076 1C60     		str	r4, [r3]
 312 0078 0433     		adds	r3, r3, #4
 313 007a 1A68     		ldr	r2, [r3]
 314 007c 22F04002 		bic	r2, r2, #64
 315 0080 1A60     		str	r2, [r3]
 316 0082 1A68     		ldr	r2, [r3]
 317 0084 2969     		ldr	r1, [r5, #16]
 318 0086 0A43     		orrs	r2, r2, r1
 319 0088 1A60     		str	r2, [r3]
 320 008a FFF7FEFF 		bl	rtc_init_mode_exit
 321 008e FFF7FEFF 		bl	rtc_register_sync_wait
 322 0092 0346     		mov	r3, r0
 323 0094 DDE7     		b	.L33
 324              	.L37:
 325 0096 00BF     		.align	2
 326              	.L36:
 327 0098 24280040 		.word	1073752100
 328 009c 10280040 		.word	1073752080
 329 00a0 00280040 		.word	1073752064
 331              		.section	.text.rtc_current_time_get,"ax",%progbits
 332              		.align	1
 333              		.global	rtc_current_time_get
 334              		.syntax unified
 335              		.thumb
 336              		.thumb_func
 337              		.fpu fpv4-sp-d16
 339              	rtc_current_time_get:
 340              		@ args = 0, pretend = 0, frame = 0
 341              		@ frame_needed = 0, uses_anonymous_args = 0
 342              		@ link register save eliminated.
 343 0000 30B4     		push	{r4, r5}
 344 0002 154B     		ldr	r3, .L40
 345 0004 1968     		ldr	r1, [r3]
 346 0006 0433     		adds	r3, r3, #4
 347 0008 1B68     		ldr	r3, [r3]
 348 000a 144A     		ldr	r2, .L40+4
 349 000c 1268     		ldr	r2, [r2]
 350 000e 144C     		ldr	r4, .L40+8
 351 0010 2468     		ldr	r4, [r4]
 352 0012 C3F30745 		ubfx	r5, r3, #16, #8
 353 0016 0570     		strb	r5, [r0]
ARM GAS  /tmp/ccJ31Nfc.s 			page 7


 354 0018 C3F30425 		ubfx	r5, r3, #8, #5
 355 001c 4570     		strb	r5, [r0, #1]
 356 001e 03F03F05 		and	r5, r3, #63
 357 0022 8570     		strb	r5, [r0, #2]
 358 0024 C3F34233 		ubfx	r3, r3, #13, #3
 359 0028 C370     		strb	r3, [r0, #3]
 360 002a C1F30543 		ubfx	r3, r1, #16, #6
 361 002e 0371     		strb	r3, [r0, #4]
 362 0030 C1F30623 		ubfx	r3, r1, #8, #7
 363 0034 4371     		strb	r3, [r0, #5]
 364 0036 01F07F01 		and	r1, r1, #127
 365 003a 8171     		strb	r1, [r0, #6]
 366 003c C2F30643 		ubfx	r3, r2, #16, #7
 367 0040 0381     		strh	r3, [r0, #8]	@ movhi
 368 0042 C2F30E03 		ubfx	r3, r2, #0, #15
 369 0046 4381     		strh	r3, [r0, #10]	@ movhi
 370 0048 02F48002 		and	r2, r2, #4194304
 371 004c C260     		str	r2, [r0, #12]
 372 004e 04F04004 		and	r4, r4, #64
 373 0052 0461     		str	r4, [r0, #16]
 374 0054 30BC     		pop	{r4, r5}
 375 0056 7047     		bx	lr
 376              	.L41:
 377              		.align	2
 378              	.L40:
 379 0058 00280040 		.word	1073752064
 380 005c 10280040 		.word	1073752080
 381 0060 08280040 		.word	1073752072
 383              		.section	.text.rtc_subsecond_get,"ax",%progbits
 384              		.align	1
 385              		.global	rtc_subsecond_get
 386              		.syntax unified
 387              		.thumb
 388              		.thumb_func
 389              		.fpu fpv4-sp-d16
 391              	rtc_subsecond_get:
 392              		@ args = 0, pretend = 0, frame = 0
 393              		@ frame_needed = 0, uses_anonymous_args = 0
 394              		@ link register save eliminated.
 395 0000 024B     		ldr	r3, .L43
 396 0002 1868     		ldr	r0, [r3]
 397 0004 243B     		subs	r3, r3, #36
 398 0006 1B68     		ldr	r3, [r3]
 399 0008 7047     		bx	lr
 400              	.L44:
 401 000a 00BF     		.align	2
 402              	.L43:
 403 000c 28280040 		.word	1073752104
 405              		.section	.text.rtc_alarm_config,"ax",%progbits
 406              		.align	1
 407              		.global	rtc_alarm_config
 408              		.syntax unified
 409              		.thumb
 410              		.thumb_func
 411              		.fpu fpv4-sp-d16
 413              	rtc_alarm_config:
 414              		@ args = 0, pretend = 0, frame = 0
ARM GAS  /tmp/ccJ31Nfc.s 			page 8


 415              		@ frame_needed = 0, uses_anonymous_args = 0
 416              		@ link register save eliminated.
 417 0000 0B68     		ldr	r3, [r1]
 418 0002 4A68     		ldr	r2, [r1, #4]
 419 0004 1343     		orrs	r3, r3, r2
 420 0006 CA68     		ldr	r2, [r1, #12]
 421 0008 1343     		orrs	r3, r3, r2
 422 000a 0A7A     		ldrb	r2, [r1, #8]	@ zero_extendqisi2
 423 000c 1206     		lsls	r2, r2, #24
 424 000e 02F07C52 		and	r2, r2, #1056964608
 425 0012 1343     		orrs	r3, r3, r2
 426 0014 4A7A     		ldrb	r2, [r1, #9]	@ zero_extendqisi2
 427 0016 1204     		lsls	r2, r2, #16
 428 0018 02F47C12 		and	r2, r2, #4128768
 429 001c 1343     		orrs	r3, r3, r2
 430 001e 8A7A     		ldrb	r2, [r1, #10]	@ zero_extendqisi2
 431 0020 1202     		lsls	r2, r2, #8
 432 0022 02F4FE42 		and	r2, r2, #32512
 433 0026 1343     		orrs	r3, r3, r2
 434 0028 CA7A     		ldrb	r2, [r1, #11]	@ zero_extendqisi2
 435 002a 02F07F02 		and	r2, r2, #127
 436 002e 1343     		orrs	r3, r3, r2
 437 0030 074A     		ldr	r2, .L49
 438 0032 CA21     		movs	r1, #202
 439 0034 1160     		str	r1, [r2]
 440 0036 5321     		movs	r1, #83
 441 0038 1160     		str	r1, [r2]
 442 003a 0128     		cmp	r0, #1
 443 003c 05D0     		beq	.L48
 444 003e 054A     		ldr	r2, .L49+4
 445 0040 1360     		str	r3, [r2]
 446              	.L47:
 447 0042 034B     		ldr	r3, .L49
 448 0044 FF22     		movs	r2, #255
 449 0046 1A60     		str	r2, [r3]
 450 0048 7047     		bx	lr
 451              	.L48:
 452 004a 083A     		subs	r2, r2, #8
 453 004c 1360     		str	r3, [r2]
 454 004e F8E7     		b	.L47
 455              	.L50:
 456              		.align	2
 457              	.L49:
 458 0050 24280040 		.word	1073752100
 459 0054 20280040 		.word	1073752096
 461              		.section	.text.rtc_alarm_subsecond_config,"ax",%progbits
 462              		.align	1
 463              		.global	rtc_alarm_subsecond_config
 464              		.syntax unified
 465              		.thumb
 466              		.thumb_func
 467              		.fpu fpv4-sp-d16
 469              	rtc_alarm_subsecond_config:
 470              		@ args = 0, pretend = 0, frame = 0
 471              		@ frame_needed = 0, uses_anonymous_args = 0
 472              		@ link register save eliminated.
 473 0000 10B4     		push	{r4}
ARM GAS  /tmp/ccJ31Nfc.s 			page 9


 474 0002 0A4B     		ldr	r3, .L56
 475 0004 CA24     		movs	r4, #202
 476 0006 1C60     		str	r4, [r3]
 477 0008 5324     		movs	r4, #83
 478 000a 1C60     		str	r4, [r3]
 479 000c 0128     		cmp	r0, #1
 480 000e 08D0     		beq	.L55
 481 0010 1143     		orrs	r1, r1, r2
 482 0012 074B     		ldr	r3, .L56+4
 483 0014 1960     		str	r1, [r3]
 484              	.L53:
 485 0016 054B     		ldr	r3, .L56
 486 0018 FF22     		movs	r2, #255
 487 001a 1A60     		str	r2, [r3]
 488 001c 5DF8044B 		ldr	r4, [sp], #4
 489 0020 7047     		bx	lr
 490              	.L55:
 491 0022 1143     		orrs	r1, r1, r2
 492 0024 2033     		adds	r3, r3, #32
 493 0026 1960     		str	r1, [r3]
 494 0028 F5E7     		b	.L53
 495              	.L57:
 496 002a 00BF     		.align	2
 497              	.L56:
 498 002c 24280040 		.word	1073752100
 499 0030 48280040 		.word	1073752136
 501              		.section	.text.rtc_alarm_get,"ax",%progbits
 502              		.align	1
 503              		.global	rtc_alarm_get
 504              		.syntax unified
 505              		.thumb
 506              		.thumb_func
 507              		.fpu fpv4-sp-d16
 509              	rtc_alarm_get:
 510              		@ args = 0, pretend = 0, frame = 0
 511              		@ frame_needed = 0, uses_anonymous_args = 0
 512              		@ link register save eliminated.
 513 0000 0128     		cmp	r0, #1
 514 0002 17D0     		beq	.L61
 515 0004 0D4B     		ldr	r3, .L62
 516 0006 1B68     		ldr	r3, [r3]
 517              	.L60:
 518 0008 03F08032 		and	r2, r3, #-2139062144
 519 000c 0A60     		str	r2, [r1]
 520 000e 03F48002 		and	r2, r3, #4194304
 521 0012 CA60     		str	r2, [r1, #12]
 522 0014 03F08042 		and	r2, r3, #1073741824
 523 0018 4A60     		str	r2, [r1, #4]
 524 001a C3F30562 		ubfx	r2, r3, #24, #6
 525 001e 0A72     		strb	r2, [r1, #8]
 526 0020 C3F30542 		ubfx	r2, r3, #16, #6
 527 0024 4A72     		strb	r2, [r1, #9]
 528 0026 C3F30622 		ubfx	r2, r3, #8, #7
 529 002a 8A72     		strb	r2, [r1, #10]
 530 002c 03F07F03 		and	r3, r3, #127
 531 0030 CB72     		strb	r3, [r1, #11]
 532 0032 7047     		bx	lr
ARM GAS  /tmp/ccJ31Nfc.s 			page 10


 533              	.L61:
 534 0034 024B     		ldr	r3, .L62+4
 535 0036 1B68     		ldr	r3, [r3]
 536 0038 E6E7     		b	.L60
 537              	.L63:
 538 003a 00BF     		.align	2
 539              	.L62:
 540 003c 20280040 		.word	1073752096
 541 0040 1C280040 		.word	1073752092
 543              		.section	.text.rtc_alarm_subsecond_get,"ax",%progbits
 544              		.align	1
 545              		.global	rtc_alarm_subsecond_get
 546              		.syntax unified
 547              		.thumb
 548              		.thumb_func
 549              		.fpu fpv4-sp-d16
 551              	rtc_alarm_subsecond_get:
 552              		@ args = 0, pretend = 0, frame = 0
 553              		@ frame_needed = 0, uses_anonymous_args = 0
 554              		@ link register save eliminated.
 555 0000 0128     		cmp	r0, #1
 556 0002 04D0     		beq	.L67
 557 0004 044B     		ldr	r3, .L68
 558 0006 1868     		ldr	r0, [r3]
 559 0008 C0F30E00 		ubfx	r0, r0, #0, #15
 560 000c 7047     		bx	lr
 561              	.L67:
 562 000e 034B     		ldr	r3, .L68+4
 563 0010 1868     		ldr	r0, [r3]
 564 0012 C0F30E00 		ubfx	r0, r0, #0, #15
 565 0016 7047     		bx	lr
 566              	.L69:
 567              		.align	2
 568              	.L68:
 569 0018 48280040 		.word	1073752136
 570 001c 44280040 		.word	1073752132
 572              		.section	.text.rtc_alarm_enable,"ax",%progbits
 573              		.align	1
 574              		.global	rtc_alarm_enable
 575              		.syntax unified
 576              		.thumb
 577              		.thumb_func
 578              		.fpu fpv4-sp-d16
 580              	rtc_alarm_enable:
 581              		@ args = 0, pretend = 0, frame = 0
 582              		@ frame_needed = 0, uses_anonymous_args = 0
 583              		@ link register save eliminated.
 584 0000 0A4B     		ldr	r3, .L74
 585 0002 CA22     		movs	r2, #202
 586 0004 1A60     		str	r2, [r3]
 587 0006 5322     		movs	r2, #83
 588 0008 1A60     		str	r2, [r3]
 589 000a 0128     		cmp	r0, #1
 590 000c 08D0     		beq	.L73
 591 000e 084A     		ldr	r2, .L74+4
 592 0010 1368     		ldr	r3, [r2]
 593 0012 43F40073 		orr	r3, r3, #512
ARM GAS  /tmp/ccJ31Nfc.s 			page 11


 594 0016 1360     		str	r3, [r2]
 595              	.L72:
 596 0018 044B     		ldr	r3, .L74
 597 001a FF22     		movs	r2, #255
 598 001c 1A60     		str	r2, [r3]
 599 001e 7047     		bx	lr
 600              	.L73:
 601 0020 034A     		ldr	r2, .L74+4
 602 0022 1368     		ldr	r3, [r2]
 603 0024 43F48073 		orr	r3, r3, #256
 604 0028 1360     		str	r3, [r2]
 605 002a F5E7     		b	.L72
 606              	.L75:
 607              		.align	2
 608              	.L74:
 609 002c 24280040 		.word	1073752100
 610 0030 08280040 		.word	1073752072
 612              		.section	.text.rtc_alarm_disable,"ax",%progbits
 613              		.align	1
 614              		.global	rtc_alarm_disable
 615              		.syntax unified
 616              		.thumb
 617              		.thumb_func
 618              		.fpu fpv4-sp-d16
 620              	rtc_alarm_disable:
 621              		@ args = 0, pretend = 0, frame = 8
 622              		@ frame_needed = 0, uses_anonymous_args = 0
 623              		@ link register save eliminated.
 624 0000 82B0     		sub	sp, sp, #8
 625 0002 4FF40043 		mov	r3, #32768
 626 0006 0193     		str	r3, [sp, #4]
 627 0008 174B     		ldr	r3, .L85
 628 000a CA22     		movs	r2, #202
 629 000c 1A60     		str	r2, [r3]
 630 000e 5322     		movs	r2, #83
 631 0010 1A60     		str	r2, [r3]
 632 0012 0128     		cmp	r0, #1
 633 0014 15D0     		beq	.L84
 634 0016 154A     		ldr	r2, .L85+4
 635 0018 1368     		ldr	r3, [r2]
 636 001a 23F40073 		bic	r3, r3, #512
 637 001e 1360     		str	r3, [r2]
 638              	.L80:
 639 0020 134B     		ldr	r3, .L85+8
 640 0022 1B68     		ldr	r3, [r3]
 641 0024 03F00203 		and	r3, r3, #2
 642 0028 019A     		ldr	r2, [sp, #4]
 643 002a 013A     		subs	r2, r2, #1
 644 002c 0192     		str	r2, [sp, #4]
 645 002e 0AB1     		cbz	r2, .L78
 646 0030 002B     		cmp	r3, #0
 647 0032 F5D0     		beq	.L80
 648              	.L78:
 649 0034 B3B9     		cbnz	r3, .L82
 650 0036 0020     		movs	r0, #0
 651              	.L81:
 652 0038 0B4B     		ldr	r3, .L85
ARM GAS  /tmp/ccJ31Nfc.s 			page 12


 653 003a FF22     		movs	r2, #255
 654 003c 1A60     		str	r2, [r3]
 655 003e 02B0     		add	sp, sp, #8
 656              		@ sp needed
 657 0040 7047     		bx	lr
 658              	.L84:
 659 0042 0A4A     		ldr	r2, .L85+4
 660 0044 1368     		ldr	r3, [r2]
 661 0046 23F48073 		bic	r3, r3, #256
 662 004a 1360     		str	r3, [r2]
 663              	.L79:
 664 004c 084B     		ldr	r3, .L85+8
 665 004e 1B68     		ldr	r3, [r3]
 666 0050 03F00103 		and	r3, r3, #1
 667 0054 019A     		ldr	r2, [sp, #4]
 668 0056 013A     		subs	r2, r2, #1
 669 0058 0192     		str	r2, [sp, #4]
 670 005a 002A     		cmp	r2, #0
 671 005c EAD0     		beq	.L78
 672 005e 002B     		cmp	r3, #0
 673 0060 F4D0     		beq	.L79
 674 0062 E7E7     		b	.L78
 675              	.L82:
 676 0064 0120     		movs	r0, #1
 677 0066 E7E7     		b	.L81
 678              	.L86:
 679              		.align	2
 680              	.L85:
 681 0068 24280040 		.word	1073752100
 682 006c 08280040 		.word	1073752072
 683 0070 0C280040 		.word	1073752076
 685              		.section	.text.rtc_timestamp_enable,"ax",%progbits
 686              		.align	1
 687              		.global	rtc_timestamp_enable
 688              		.syntax unified
 689              		.thumb
 690              		.thumb_func
 691              		.fpu fpv4-sp-d16
 693              	rtc_timestamp_enable:
 694              		@ args = 0, pretend = 0, frame = 0
 695              		@ frame_needed = 0, uses_anonymous_args = 0
 696              		@ link register save eliminated.
 697 0000 084A     		ldr	r2, .L88
 698 0002 1368     		ldr	r3, [r2]
 699 0004 23F40063 		bic	r3, r3, #2048
 700 0008 23F00803 		bic	r3, r3, #8
 701 000c 1843     		orrs	r0, r0, r3
 702 000e 40F40060 		orr	r0, r0, #2048
 703 0012 054B     		ldr	r3, .L88+4
 704 0014 CA21     		movs	r1, #202
 705 0016 1960     		str	r1, [r3]
 706 0018 5321     		movs	r1, #83
 707 001a 1960     		str	r1, [r3]
 708 001c 1060     		str	r0, [r2]
 709 001e FF22     		movs	r2, #255
 710 0020 1A60     		str	r2, [r3]
 711 0022 7047     		bx	lr
ARM GAS  /tmp/ccJ31Nfc.s 			page 13


 712              	.L89:
 713              		.align	2
 714              	.L88:
 715 0024 08280040 		.word	1073752072
 716 0028 24280040 		.word	1073752100
 718              		.section	.text.rtc_timestamp_disable,"ax",%progbits
 719              		.align	1
 720              		.global	rtc_timestamp_disable
 721              		.syntax unified
 722              		.thumb
 723              		.thumb_func
 724              		.fpu fpv4-sp-d16
 726              	rtc_timestamp_disable:
 727              		@ args = 0, pretend = 0, frame = 0
 728              		@ frame_needed = 0, uses_anonymous_args = 0
 729              		@ link register save eliminated.
 730 0000 064B     		ldr	r3, .L91
 731 0002 CA22     		movs	r2, #202
 732 0004 1A60     		str	r2, [r3]
 733 0006 5322     		movs	r2, #83
 734 0008 1A60     		str	r2, [r3]
 735 000a 0549     		ldr	r1, .L91+4
 736 000c 0A68     		ldr	r2, [r1]
 737 000e 22F40062 		bic	r2, r2, #2048
 738 0012 0A60     		str	r2, [r1]
 739 0014 FF22     		movs	r2, #255
 740 0016 1A60     		str	r2, [r3]
 741 0018 7047     		bx	lr
 742              	.L92:
 743 001a 00BF     		.align	2
 744              	.L91:
 745 001c 24280040 		.word	1073752100
 746 0020 08280040 		.word	1073752072
 748              		.section	.text.rtc_timestamp_get,"ax",%progbits
 749              		.align	1
 750              		.global	rtc_timestamp_get
 751              		.syntax unified
 752              		.thumb
 753              		.thumb_func
 754              		.fpu fpv4-sp-d16
 756              	rtc_timestamp_get:
 757              		@ args = 0, pretend = 0, frame = 0
 758              		@ frame_needed = 0, uses_anonymous_args = 0
 759              		@ link register save eliminated.
 760 0000 0C4B     		ldr	r3, .L94
 761 0002 1B68     		ldr	r3, [r3]
 762 0004 0C4A     		ldr	r2, .L94+4
 763 0006 1268     		ldr	r2, [r2]
 764 0008 03F48001 		and	r1, r3, #4194304
 765 000c 8160     		str	r1, [r0, #8]
 766 000e C2F30421 		ubfx	r1, r2, #8, #5
 767 0012 0170     		strb	r1, [r0]
 768 0014 02F03F01 		and	r1, r2, #63
 769 0018 4170     		strb	r1, [r0, #1]
 770 001a C2F34232 		ubfx	r2, r2, #13, #3
 771 001e 8270     		strb	r2, [r0, #2]
 772 0020 C3F30542 		ubfx	r2, r3, #16, #6
ARM GAS  /tmp/ccJ31Nfc.s 			page 14


 773 0024 C270     		strb	r2, [r0, #3]
 774 0026 C3F30622 		ubfx	r2, r3, #8, #7
 775 002a 0271     		strb	r2, [r0, #4]
 776 002c 03F07F03 		and	r3, r3, #127
 777 0030 4371     		strb	r3, [r0, #5]
 778 0032 7047     		bx	lr
 779              	.L95:
 780              		.align	2
 781              	.L94:
 782 0034 30280040 		.word	1073752112
 783 0038 34280040 		.word	1073752116
 785              		.section	.text.rtc_timestamp_subsecond_get,"ax",%progbits
 786              		.align	1
 787              		.global	rtc_timestamp_subsecond_get
 788              		.syntax unified
 789              		.thumb
 790              		.thumb_func
 791              		.fpu fpv4-sp-d16
 793              	rtc_timestamp_subsecond_get:
 794              		@ args = 0, pretend = 0, frame = 0
 795              		@ frame_needed = 0, uses_anonymous_args = 0
 796              		@ link register save eliminated.
 797 0000 014B     		ldr	r3, .L97
 798 0002 1868     		ldr	r0, [r3]
 799 0004 7047     		bx	lr
 800              	.L98:
 801 0006 00BF     		.align	2
 802              	.L97:
 803 0008 38280040 		.word	1073752120
 805              		.section	.text.rtc_timestamp_pin_map,"ax",%progbits
 806              		.align	1
 807              		.global	rtc_timestamp_pin_map
 808              		.syntax unified
 809              		.thumb
 810              		.thumb_func
 811              		.fpu fpv4-sp-d16
 813              	rtc_timestamp_pin_map:
 814              		@ args = 0, pretend = 0, frame = 0
 815              		@ frame_needed = 0, uses_anonymous_args = 0
 816              		@ link register save eliminated.
 817 0000 044B     		ldr	r3, .L100
 818 0002 1A68     		ldr	r2, [r3]
 819 0004 22F40032 		bic	r2, r2, #131072
 820 0008 1A60     		str	r2, [r3]
 821 000a 1A68     		ldr	r2, [r3]
 822 000c 1043     		orrs	r0, r0, r2
 823 000e 1860     		str	r0, [r3]
 824 0010 7047     		bx	lr
 825              	.L101:
 826 0012 00BF     		.align	2
 827              	.L100:
 828 0014 40280040 		.word	1073752128
 830              		.section	.text.rtc_tamper_enable,"ax",%progbits
 831              		.align	1
 832              		.global	rtc_tamper_enable
 833              		.syntax unified
 834              		.thumb
ARM GAS  /tmp/ccJ31Nfc.s 			page 15


 835              		.thumb_func
 836              		.fpu fpv4-sp-d16
 838              	rtc_tamper_enable:
 839              		@ args = 0, pretend = 0, frame = 0
 840              		@ frame_needed = 0, uses_anonymous_args = 0
 841              		@ link register save eliminated.
 842 0000 2A4B     		ldr	r3, .L108
 843 0002 1A68     		ldr	r2, [r3]
 844 0004 0168     		ldr	r1, [r0]
 845 0006 22EA0102 		bic	r2, r2, r1
 846 000a 1A60     		str	r2, [r3]
 847 000c 1A68     		ldr	r2, [r3]
 848 000e 22F4C052 		bic	r2, r2, #6144
 849 0012 1A60     		str	r2, [r3]
 850 0014 8368     		ldr	r3, [r0, #8]
 851 0016 002B     		cmp	r3, #0
 852 0018 38D0     		beq	.L103
 853 001a 244A     		ldr	r2, .L108
 854 001c 1368     		ldr	r3, [r2]
 855 001e 23F47F43 		bic	r3, r3, #65280
 856 0022 1360     		str	r3, [r2]
 857 0024 037C     		ldrb	r3, [r0, #16]	@ zero_extendqisi2
 858 0026 002B     		cmp	r3, #0
 859 0028 2AD1     		bne	.L104
 860 002a 1368     		ldr	r3, [r2]
 861 002c 43F40043 		orr	r3, r3, #32768
 862 0030 1360     		str	r3, [r2]
 863              	.L105:
 864 0032 1E4B     		ldr	r3, .L108
 865 0034 1A68     		ldr	r2, [r3]
 866 0036 C168     		ldr	r1, [r0, #12]
 867 0038 0A43     		orrs	r2, r2, r1
 868 003a 1A60     		str	r2, [r3]
 869 003c 1A68     		ldr	r2, [r3]
 870 003e 8168     		ldr	r1, [r0, #8]
 871 0040 0A43     		orrs	r2, r2, r1
 872 0042 1A60     		str	r2, [r3]
 873 0044 1A68     		ldr	r2, [r3]
 874 0046 0168     		ldr	r1, [r0]
 875 0048 22EA4102 		bic	r2, r2, r1, lsl #1
 876 004c 1A60     		str	r2, [r3]
 877 004e 4368     		ldr	r3, [r0, #4]
 878 0050 2BB1     		cbz	r3, .L106
 879 0052 164A     		ldr	r2, .L108
 880 0054 1368     		ldr	r3, [r2]
 881 0056 0168     		ldr	r1, [r0]
 882 0058 43EA4103 		orr	r3, r3, r1, lsl #1
 883 005c 1360     		str	r3, [r2]
 884              	.L106:
 885 005e 134A     		ldr	r2, .L108
 886 0060 1368     		ldr	r3, [r2]
 887 0062 23F08003 		bic	r3, r3, #128
 888 0066 1360     		str	r3, [r2]
 889 0068 037E     		ldrb	r3, [r0, #24]	@ zero_extendqisi2
 890 006a 1BB1     		cbz	r3, .L107
 891 006c 1368     		ldr	r3, [r2]
 892 006e 43F08003 		orr	r3, r3, #128
ARM GAS  /tmp/ccJ31Nfc.s 			page 16


 893 0072 1360     		str	r3, [r2]
 894              	.L107:
 895 0074 0D4A     		ldr	r2, .L108
 896 0076 1368     		ldr	r3, [r2]
 897 0078 0168     		ldr	r1, [r0]
 898 007a 0B43     		orrs	r3, r3, r1
 899 007c 1360     		str	r3, [r2]
 900 007e 7047     		bx	lr
 901              	.L104:
 902 0080 0A4A     		ldr	r2, .L108
 903 0082 1368     		ldr	r3, [r2]
 904 0084 4169     		ldr	r1, [r0, #20]
 905 0086 0B43     		orrs	r3, r3, r1
 906 0088 1360     		str	r3, [r2]
 907 008a D2E7     		b	.L105
 908              	.L103:
 909 008c 074A     		ldr	r2, .L108
 910 008e 1368     		ldr	r3, [r2]
 911 0090 0168     		ldr	r1, [r0]
 912 0092 23EA4103 		bic	r3, r3, r1, lsl #1
 913 0096 1360     		str	r3, [r2]
 914 0098 4368     		ldr	r3, [r0, #4]
 915 009a 002B     		cmp	r3, #0
 916 009c DFD0     		beq	.L106
 917 009e 1368     		ldr	r3, [r2]
 918 00a0 0168     		ldr	r1, [r0]
 919 00a2 43EA4103 		orr	r3, r3, r1, lsl #1
 920 00a6 1360     		str	r3, [r2]
 921 00a8 D9E7     		b	.L106
 922              	.L109:
 923 00aa 00BF     		.align	2
 924              	.L108:
 925 00ac 40280040 		.word	1073752128
 927              		.section	.text.rtc_tamper_disable,"ax",%progbits
 928              		.align	1
 929              		.global	rtc_tamper_disable
 930              		.syntax unified
 931              		.thumb
 932              		.thumb_func
 933              		.fpu fpv4-sp-d16
 935              	rtc_tamper_disable:
 936              		@ args = 0, pretend = 0, frame = 0
 937              		@ frame_needed = 0, uses_anonymous_args = 0
 938              		@ link register save eliminated.
 939 0000 024A     		ldr	r2, .L111
 940 0002 1368     		ldr	r3, [r2]
 941 0004 23EA0000 		bic	r0, r3, r0
 942 0008 1060     		str	r0, [r2]
 943 000a 7047     		bx	lr
 944              	.L112:
 945              		.align	2
 946              	.L111:
 947 000c 40280040 		.word	1073752128
 949              		.section	.text.rtc_tamper0_pin_map,"ax",%progbits
 950              		.align	1
 951              		.global	rtc_tamper0_pin_map
 952              		.syntax unified
ARM GAS  /tmp/ccJ31Nfc.s 			page 17


 953              		.thumb
 954              		.thumb_func
 955              		.fpu fpv4-sp-d16
 957              	rtc_tamper0_pin_map:
 958              		@ args = 0, pretend = 0, frame = 0
 959              		@ frame_needed = 0, uses_anonymous_args = 0
 960              		@ link register save eliminated.
 961 0000 044B     		ldr	r3, .L114
 962 0002 1A68     		ldr	r2, [r3]
 963 0004 22F00112 		bic	r2, r2, #65537
 964 0008 1A60     		str	r2, [r3]
 965 000a 1A68     		ldr	r2, [r3]
 966 000c 1043     		orrs	r0, r0, r2
 967 000e 1860     		str	r0, [r3]
 968 0010 7047     		bx	lr
 969              	.L115:
 970 0012 00BF     		.align	2
 971              	.L114:
 972 0014 40280040 		.word	1073752128
 974              		.section	.text.rtc_interrupt_enable,"ax",%progbits
 975              		.align	1
 976              		.global	rtc_interrupt_enable
 977              		.syntax unified
 978              		.thumb
 979              		.thumb_func
 980              		.fpu fpv4-sp-d16
 982              	rtc_interrupt_enable:
 983              		@ args = 0, pretend = 0, frame = 0
 984              		@ frame_needed = 0, uses_anonymous_args = 0
 985              		@ link register save eliminated.
 986 0000 10B4     		push	{r4}
 987 0002 0B4B     		ldr	r3, .L118
 988 0004 CA22     		movs	r2, #202
 989 0006 1A60     		str	r2, [r3]
 990 0008 5322     		movs	r2, #83
 991 000a 1A60     		str	r2, [r3]
 992 000c 0949     		ldr	r1, .L118+4
 993 000e 0A68     		ldr	r2, [r1]
 994 0010 20F00404 		bic	r4, r0, #4
 995 0014 2243     		orrs	r2, r2, r4
 996 0016 0A60     		str	r2, [r1]
 997 0018 3831     		adds	r1, r1, #56
 998 001a 0A68     		ldr	r2, [r1]
 999 001c 00F00400 		and	r0, r0, #4
 1000 0020 1043     		orrs	r0, r0, r2
 1001 0022 0860     		str	r0, [r1]
 1002 0024 FF22     		movs	r2, #255
 1003 0026 1A60     		str	r2, [r3]
 1004 0028 5DF8044B 		ldr	r4, [sp], #4
 1005 002c 7047     		bx	lr
 1006              	.L119:
 1007 002e 00BF     		.align	2
 1008              	.L118:
 1009 0030 24280040 		.word	1073752100
 1010 0034 08280040 		.word	1073752072
 1012              		.section	.text.rtc_interrupt_disable,"ax",%progbits
 1013              		.align	1
ARM GAS  /tmp/ccJ31Nfc.s 			page 18


 1014              		.global	rtc_interrupt_disable
 1015              		.syntax unified
 1016              		.thumb
 1017              		.thumb_func
 1018              		.fpu fpv4-sp-d16
 1020              	rtc_interrupt_disable:
 1021              		@ args = 0, pretend = 0, frame = 0
 1022              		@ frame_needed = 0, uses_anonymous_args = 0
 1023              		@ link register save eliminated.
 1024 0000 10B4     		push	{r4}
 1025 0002 0C4B     		ldr	r3, .L122
 1026 0004 CA22     		movs	r2, #202
 1027 0006 1A60     		str	r2, [r3]
 1028 0008 5322     		movs	r2, #83
 1029 000a 1A60     		str	r2, [r3]
 1030 000c 0A49     		ldr	r1, .L122+4
 1031 000e 0A68     		ldr	r2, [r1]
 1032 0010 20F00404 		bic	r4, r0, #4
 1033 0014 22EA0402 		bic	r2, r2, r4
 1034 0018 0A60     		str	r2, [r1]
 1035 001a 3831     		adds	r1, r1, #56
 1036 001c 0A68     		ldr	r2, [r1]
 1037 001e 00F00400 		and	r0, r0, #4
 1038 0022 22EA0000 		bic	r0, r2, r0
 1039 0026 0860     		str	r0, [r1]
 1040 0028 FF22     		movs	r2, #255
 1041 002a 1A60     		str	r2, [r3]
 1042 002c 5DF8044B 		ldr	r4, [sp], #4
 1043 0030 7047     		bx	lr
 1044              	.L123:
 1045 0032 00BF     		.align	2
 1046              	.L122:
 1047 0034 24280040 		.word	1073752100
 1048 0038 08280040 		.word	1073752072
 1050              		.section	.text.rtc_flag_get,"ax",%progbits
 1051              		.align	1
 1052              		.global	rtc_flag_get
 1053              		.syntax unified
 1054              		.thumb
 1055              		.thumb_func
 1056              		.fpu fpv4-sp-d16
 1058              	rtc_flag_get:
 1059              		@ args = 0, pretend = 0, frame = 0
 1060              		@ frame_needed = 0, uses_anonymous_args = 0
 1061              		@ link register save eliminated.
 1062 0000 034B     		ldr	r3, .L127
 1063 0002 1B68     		ldr	r3, [r3]
 1064 0004 0342     		tst	r3, r0
 1065 0006 01D1     		bne	.L126
 1066 0008 0020     		movs	r0, #0
 1067 000a 7047     		bx	lr
 1068              	.L126:
 1069 000c 0120     		movs	r0, #1
 1070 000e 7047     		bx	lr
 1071              	.L128:
 1072              		.align	2
 1073              	.L127:
ARM GAS  /tmp/ccJ31Nfc.s 			page 19


 1074 0010 0C280040 		.word	1073752076
 1076              		.section	.text.rtc_flag_clear,"ax",%progbits
 1077              		.align	1
 1078              		.global	rtc_flag_clear
 1079              		.syntax unified
 1080              		.thumb
 1081              		.thumb_func
 1082              		.fpu fpv4-sp-d16
 1084              	rtc_flag_clear:
 1085              		@ args = 0, pretend = 0, frame = 0
 1086              		@ frame_needed = 0, uses_anonymous_args = 0
 1087              		@ link register save eliminated.
 1088 0000 024A     		ldr	r2, .L130
 1089 0002 1368     		ldr	r3, [r2]
 1090 0004 23EA0000 		bic	r0, r3, r0
 1091 0008 1060     		str	r0, [r2]
 1092 000a 7047     		bx	lr
 1093              	.L131:
 1094              		.align	2
 1095              	.L130:
 1096 000c 0C280040 		.word	1073752076
 1098              		.section	.text.rtc_alarm_output_config,"ax",%progbits
 1099              		.align	1
 1100              		.global	rtc_alarm_output_config
 1101              		.syntax unified
 1102              		.thumb
 1103              		.thumb_func
 1104              		.fpu fpv4-sp-d16
 1106              	rtc_alarm_output_config:
 1107              		@ args = 0, pretend = 0, frame = 0
 1108              		@ frame_needed = 0, uses_anonymous_args = 0
 1109              		@ link register save eliminated.
 1110 0000 30B4     		push	{r4, r5}
 1111 0002 0C4C     		ldr	r4, .L134
 1112 0004 CA23     		movs	r3, #202
 1113 0006 2360     		str	r3, [r4]
 1114 0008 5323     		movs	r3, #83
 1115 000a 2360     		str	r3, [r4]
 1116 000c 0A4A     		ldr	r2, .L134+4
 1117 000e 1368     		ldr	r3, [r2]
 1118 0010 23F4E003 		bic	r3, r3, #7340032
 1119 0014 1360     		str	r3, [r2]
 1120 0016 094B     		ldr	r3, .L134+8
 1121 0018 1D68     		ldr	r5, [r3]
 1122 001a 25F48025 		bic	r5, r5, #262144
 1123 001e 1D60     		str	r5, [r3]
 1124 0020 1568     		ldr	r5, [r2]
 1125 0022 2843     		orrs	r0, r0, r5
 1126 0024 1060     		str	r0, [r2]
 1127 0026 1A68     		ldr	r2, [r3]
 1128 0028 1143     		orrs	r1, r1, r2
 1129 002a 1960     		str	r1, [r3]
 1130 002c FF23     		movs	r3, #255
 1131 002e 2360     		str	r3, [r4]
 1132 0030 30BC     		pop	{r4, r5}
 1133 0032 7047     		bx	lr
 1134              	.L135:
ARM GAS  /tmp/ccJ31Nfc.s 			page 20


 1135              		.align	2
 1136              	.L134:
 1137 0034 24280040 		.word	1073752100
 1138 0038 08280040 		.word	1073752072
 1139 003c 40280040 		.word	1073752128
 1141              		.section	.text.rtc_calibration_output_config,"ax",%progbits
 1142              		.align	1
 1143              		.global	rtc_calibration_output_config
 1144              		.syntax unified
 1145              		.thumb
 1146              		.thumb_func
 1147              		.fpu fpv4-sp-d16
 1149              	rtc_calibration_output_config:
 1150              		@ args = 0, pretend = 0, frame = 0
 1151              		@ frame_needed = 0, uses_anonymous_args = 0
 1152              		@ link register save eliminated.
 1153 0000 074A     		ldr	r2, .L137
 1154 0002 CA23     		movs	r3, #202
 1155 0004 1360     		str	r3, [r2]
 1156 0006 5323     		movs	r3, #83
 1157 0008 1360     		str	r3, [r2]
 1158 000a 064B     		ldr	r3, .L137+4
 1159 000c 1968     		ldr	r1, [r3]
 1160 000e 21F40801 		bic	r1, r1, #8912896
 1161 0012 1960     		str	r1, [r3]
 1162 0014 1968     		ldr	r1, [r3]
 1163 0016 0843     		orrs	r0, r0, r1
 1164 0018 1860     		str	r0, [r3]
 1165 001a FF23     		movs	r3, #255
 1166 001c 1360     		str	r3, [r2]
 1167 001e 7047     		bx	lr
 1168              	.L138:
 1169              		.align	2
 1170              	.L137:
 1171 0020 24280040 		.word	1073752100
 1172 0024 08280040 		.word	1073752072
 1174              		.section	.text.rtc_hour_adjust,"ax",%progbits
 1175              		.align	1
 1176              		.global	rtc_hour_adjust
 1177              		.syntax unified
 1178              		.thumb
 1179              		.thumb_func
 1180              		.fpu fpv4-sp-d16
 1182              	rtc_hour_adjust:
 1183              		@ args = 0, pretend = 0, frame = 0
 1184              		@ frame_needed = 0, uses_anonymous_args = 0
 1185              		@ link register save eliminated.
 1186 0000 054B     		ldr	r3, .L140
 1187 0002 CA22     		movs	r2, #202
 1188 0004 1A60     		str	r2, [r3]
 1189 0006 5322     		movs	r2, #83
 1190 0008 1A60     		str	r2, [r3]
 1191 000a 0449     		ldr	r1, .L140+4
 1192 000c 0A68     		ldr	r2, [r1]
 1193 000e 1043     		orrs	r0, r0, r2
 1194 0010 0860     		str	r0, [r1]
 1195 0012 FF22     		movs	r2, #255
ARM GAS  /tmp/ccJ31Nfc.s 			page 21


 1196 0014 1A60     		str	r2, [r3]
 1197 0016 7047     		bx	lr
 1198              	.L141:
 1199              		.align	2
 1200              	.L140:
 1201 0018 24280040 		.word	1073752100
 1202 001c 08280040 		.word	1073752072
 1204              		.section	.text.rtc_second_adjust,"ax",%progbits
 1205              		.align	1
 1206              		.global	rtc_second_adjust
 1207              		.syntax unified
 1208              		.thumb
 1209              		.thumb_func
 1210              		.fpu fpv4-sp-d16
 1212              	rtc_second_adjust:
 1213              		@ args = 0, pretend = 0, frame = 8
 1214              		@ frame_needed = 0, uses_anonymous_args = 0
 1215 0000 00B5     		push	{lr}
 1216 0002 83B0     		sub	sp, sp, #12
 1217 0004 4FF48053 		mov	r3, #4096
 1218 0008 0193     		str	r3, [sp, #4]
 1219 000a 134B     		ldr	r3, .L150
 1220 000c CA22     		movs	r2, #202
 1221 000e 1A60     		str	r2, [r3]
 1222 0010 5322     		movs	r2, #83
 1223 0012 1A60     		str	r2, [r3]
 1224              	.L144:
 1225 0014 114B     		ldr	r3, .L150+4
 1226 0016 1A68     		ldr	r2, [r3]
 1227 0018 02F00802 		and	r2, r2, #8
 1228 001c 019B     		ldr	r3, [sp, #4]
 1229 001e 013B     		subs	r3, r3, #1
 1230 0020 0193     		str	r3, [sp, #4]
 1231 0022 0BB1     		cbz	r3, .L143
 1232 0024 002A     		cmp	r2, #0
 1233 0026 F5D1     		bne	.L144
 1234              	.L143:
 1235 0028 0D4B     		ldr	r3, .L150+8
 1236 002a 1B68     		ldr	r3, [r3]
 1237 002c 03F01003 		and	r3, r3, #16
 1238 0030 52B9     		cbnz	r2, .L146
 1239 0032 0BB1     		cbz	r3, .L149
 1240 0034 0020     		movs	r0, #0
 1241 0036 08E0     		b	.L145
 1242              	.L149:
 1243 0038 C1F30E01 		ubfx	r1, r1, #0, #15
 1244 003c 0143     		orrs	r1, r1, r0
 1245 003e 094B     		ldr	r3, .L150+12
 1246 0040 1960     		str	r1, [r3]
 1247 0042 FFF7FEFF 		bl	rtc_register_sync_wait
 1248 0046 00E0     		b	.L145
 1249              	.L146:
 1250 0048 0020     		movs	r0, #0
 1251              	.L145:
 1252 004a 034B     		ldr	r3, .L150
 1253 004c FF22     		movs	r2, #255
 1254 004e 1A60     		str	r2, [r3]
ARM GAS  /tmp/ccJ31Nfc.s 			page 22


 1255 0050 03B0     		add	sp, sp, #12
 1256              		@ sp needed
 1257 0052 5DF804FB 		ldr	pc, [sp], #4
 1258              	.L151:
 1259 0056 00BF     		.align	2
 1260              	.L150:
 1261 0058 24280040 		.word	1073752100
 1262 005c 0C280040 		.word	1073752076
 1263 0060 08280040 		.word	1073752072
 1264 0064 2C280040 		.word	1073752108
 1266              		.section	.text.rtc_bypass_shadow_enable,"ax",%progbits
 1267              		.align	1
 1268              		.global	rtc_bypass_shadow_enable
 1269              		.syntax unified
 1270              		.thumb
 1271              		.thumb_func
 1272              		.fpu fpv4-sp-d16
 1274              	rtc_bypass_shadow_enable:
 1275              		@ args = 0, pretend = 0, frame = 0
 1276              		@ frame_needed = 0, uses_anonymous_args = 0
 1277              		@ link register save eliminated.
 1278 0000 064B     		ldr	r3, .L153
 1279 0002 CA22     		movs	r2, #202
 1280 0004 1A60     		str	r2, [r3]
 1281 0006 5322     		movs	r2, #83
 1282 0008 1A60     		str	r2, [r3]
 1283 000a 0549     		ldr	r1, .L153+4
 1284 000c 0A68     		ldr	r2, [r1]
 1285 000e 42F02002 		orr	r2, r2, #32
 1286 0012 0A60     		str	r2, [r1]
 1287 0014 FF22     		movs	r2, #255
 1288 0016 1A60     		str	r2, [r3]
 1289 0018 7047     		bx	lr
 1290              	.L154:
 1291 001a 00BF     		.align	2
 1292              	.L153:
 1293 001c 24280040 		.word	1073752100
 1294 0020 08280040 		.word	1073752072
 1296              		.section	.text.rtc_bypass_shadow_disable,"ax",%progbits
 1297              		.align	1
 1298              		.global	rtc_bypass_shadow_disable
 1299              		.syntax unified
 1300              		.thumb
 1301              		.thumb_func
 1302              		.fpu fpv4-sp-d16
 1304              	rtc_bypass_shadow_disable:
 1305              		@ args = 0, pretend = 0, frame = 0
 1306              		@ frame_needed = 0, uses_anonymous_args = 0
 1307              		@ link register save eliminated.
 1308 0000 064B     		ldr	r3, .L156
 1309 0002 CA22     		movs	r2, #202
 1310 0004 1A60     		str	r2, [r3]
 1311 0006 5322     		movs	r2, #83
 1312 0008 1A60     		str	r2, [r3]
 1313 000a 0549     		ldr	r1, .L156+4
 1314 000c 0A68     		ldr	r2, [r1]
 1315 000e 22F02002 		bic	r2, r2, #32
ARM GAS  /tmp/ccJ31Nfc.s 			page 23


 1316 0012 0A60     		str	r2, [r1]
 1317 0014 FF22     		movs	r2, #255
 1318 0016 1A60     		str	r2, [r3]
 1319 0018 7047     		bx	lr
 1320              	.L157:
 1321 001a 00BF     		.align	2
 1322              	.L156:
 1323 001c 24280040 		.word	1073752100
 1324 0020 08280040 		.word	1073752072
 1326              		.section	.text.rtc_refclock_detection_enable,"ax",%progbits
 1327              		.align	1
 1328              		.global	rtc_refclock_detection_enable
 1329              		.syntax unified
 1330              		.thumb
 1331              		.thumb_func
 1332              		.fpu fpv4-sp-d16
 1334              	rtc_refclock_detection_enable:
 1335              		@ args = 0, pretend = 0, frame = 0
 1336              		@ frame_needed = 0, uses_anonymous_args = 0
 1337 0000 10B5     		push	{r4, lr}
 1338 0002 0B4B     		ldr	r3, .L162
 1339 0004 CA22     		movs	r2, #202
 1340 0006 1A60     		str	r2, [r3]
 1341 0008 5322     		movs	r2, #83
 1342 000a 1A60     		str	r2, [r3]
 1343 000c FFF7FEFF 		bl	rtc_init_mode_enter
 1344 0010 0446     		mov	r4, r0
 1345 0012 20B9     		cbnz	r0, .L161
 1346              	.L159:
 1347 0014 064B     		ldr	r3, .L162
 1348 0016 FF22     		movs	r2, #255
 1349 0018 1A60     		str	r2, [r3]
 1350 001a 2046     		mov	r0, r4
 1351 001c 10BD     		pop	{r4, pc}
 1352              	.L161:
 1353 001e 054A     		ldr	r2, .L162+4
 1354 0020 1368     		ldr	r3, [r2]
 1355 0022 43F01003 		orr	r3, r3, #16
 1356 0026 1360     		str	r3, [r2]
 1357 0028 FFF7FEFF 		bl	rtc_init_mode_exit
 1358 002c F2E7     		b	.L159
 1359              	.L163:
 1360 002e 00BF     		.align	2
 1361              	.L162:
 1362 0030 24280040 		.word	1073752100
 1363 0034 08280040 		.word	1073752072
 1365              		.section	.text.rtc_refclock_detection_disable,"ax",%progbits
 1366              		.align	1
 1367              		.global	rtc_refclock_detection_disable
 1368              		.syntax unified
 1369              		.thumb
 1370              		.thumb_func
 1371              		.fpu fpv4-sp-d16
 1373              	rtc_refclock_detection_disable:
 1374              		@ args = 0, pretend = 0, frame = 0
 1375              		@ frame_needed = 0, uses_anonymous_args = 0
 1376 0000 10B5     		push	{r4, lr}
ARM GAS  /tmp/ccJ31Nfc.s 			page 24


 1377 0002 0B4B     		ldr	r3, .L168
 1378 0004 CA22     		movs	r2, #202
 1379 0006 1A60     		str	r2, [r3]
 1380 0008 5322     		movs	r2, #83
 1381 000a 1A60     		str	r2, [r3]
 1382 000c FFF7FEFF 		bl	rtc_init_mode_enter
 1383 0010 0446     		mov	r4, r0
 1384 0012 20B9     		cbnz	r0, .L167
 1385              	.L165:
 1386 0014 064B     		ldr	r3, .L168
 1387 0016 FF22     		movs	r2, #255
 1388 0018 1A60     		str	r2, [r3]
 1389 001a 2046     		mov	r0, r4
 1390 001c 10BD     		pop	{r4, pc}
 1391              	.L167:
 1392 001e 054A     		ldr	r2, .L168+4
 1393 0020 1368     		ldr	r3, [r2]
 1394 0022 23F01003 		bic	r3, r3, #16
 1395 0026 1360     		str	r3, [r2]
 1396 0028 FFF7FEFF 		bl	rtc_init_mode_exit
 1397 002c F2E7     		b	.L165
 1398              	.L169:
 1399 002e 00BF     		.align	2
 1400              	.L168:
 1401 0030 24280040 		.word	1073752100
 1402 0034 08280040 		.word	1073752072
 1404              		.section	.text.rtc_wakeup_enable,"ax",%progbits
 1405              		.align	1
 1406              		.global	rtc_wakeup_enable
 1407              		.syntax unified
 1408              		.thumb
 1409              		.thumb_func
 1410              		.fpu fpv4-sp-d16
 1412              	rtc_wakeup_enable:
 1413              		@ args = 0, pretend = 0, frame = 0
 1414              		@ frame_needed = 0, uses_anonymous_args = 0
 1415              		@ link register save eliminated.
 1416 0000 064B     		ldr	r3, .L171
 1417 0002 CA22     		movs	r2, #202
 1418 0004 1A60     		str	r2, [r3]
 1419 0006 5322     		movs	r2, #83
 1420 0008 1A60     		str	r2, [r3]
 1421 000a 0549     		ldr	r1, .L171+4
 1422 000c 0A68     		ldr	r2, [r1]
 1423 000e 42F48062 		orr	r2, r2, #1024
 1424 0012 0A60     		str	r2, [r1]
 1425 0014 FF22     		movs	r2, #255
 1426 0016 1A60     		str	r2, [r3]
 1427 0018 7047     		bx	lr
 1428              	.L172:
 1429 001a 00BF     		.align	2
 1430              	.L171:
 1431 001c 24280040 		.word	1073752100
 1432 0020 08280040 		.word	1073752072
 1434              		.section	.text.rtc_wakeup_disable,"ax",%progbits
 1435              		.align	1
 1436              		.global	rtc_wakeup_disable
ARM GAS  /tmp/ccJ31Nfc.s 			page 25


 1437              		.syntax unified
 1438              		.thumb
 1439              		.thumb_func
 1440              		.fpu fpv4-sp-d16
 1442              	rtc_wakeup_disable:
 1443              		@ args = 0, pretend = 0, frame = 8
 1444              		@ frame_needed = 0, uses_anonymous_args = 0
 1445              		@ link register save eliminated.
 1446 0000 82B0     		sub	sp, sp, #8
 1447 0002 4FF48043 		mov	r3, #16384
 1448 0006 0193     		str	r3, [sp, #4]
 1449 0008 0E4B     		ldr	r3, .L179
 1450 000a CA22     		movs	r2, #202
 1451 000c 1A60     		str	r2, [r3]
 1452 000e 5322     		movs	r2, #83
 1453 0010 1A60     		str	r2, [r3]
 1454 0012 0D4A     		ldr	r2, .L179+4
 1455 0014 1368     		ldr	r3, [r2]
 1456 0016 23F48063 		bic	r3, r3, #1024
 1457 001a 1360     		str	r3, [r2]
 1458              	.L175:
 1459 001c 0B4B     		ldr	r3, .L179+8
 1460 001e 1A68     		ldr	r2, [r3]
 1461 0020 02F00402 		and	r2, r2, #4
 1462 0024 019B     		ldr	r3, [sp, #4]
 1463 0026 013B     		subs	r3, r3, #1
 1464 0028 0193     		str	r3, [sp, #4]
 1465 002a 0BB1     		cbz	r3, .L174
 1466 002c 002A     		cmp	r2, #0
 1467 002e F5D0     		beq	.L175
 1468              	.L174:
 1469 0030 2AB9     		cbnz	r2, .L177
 1470 0032 0020     		movs	r0, #0
 1471              	.L176:
 1472 0034 034B     		ldr	r3, .L179
 1473 0036 FF22     		movs	r2, #255
 1474 0038 1A60     		str	r2, [r3]
 1475 003a 02B0     		add	sp, sp, #8
 1476              		@ sp needed
 1477 003c 7047     		bx	lr
 1478              	.L177:
 1479 003e 0120     		movs	r0, #1
 1480 0040 F8E7     		b	.L176
 1481              	.L180:
 1482 0042 00BF     		.align	2
 1483              	.L179:
 1484 0044 24280040 		.word	1073752100
 1485 0048 08280040 		.word	1073752072
 1486 004c 0C280040 		.word	1073752076
 1488              		.section	.text.rtc_wakeup_clock_set,"ax",%progbits
 1489              		.align	1
 1490              		.global	rtc_wakeup_clock_set
 1491              		.syntax unified
 1492              		.thumb
 1493              		.thumb_func
 1494              		.fpu fpv4-sp-d16
 1496              	rtc_wakeup_clock_set:
ARM GAS  /tmp/ccJ31Nfc.s 			page 26


 1497              		@ args = 0, pretend = 0, frame = 8
 1498              		@ frame_needed = 0, uses_anonymous_args = 0
 1499              		@ link register save eliminated.
 1500 0000 82B0     		sub	sp, sp, #8
 1501 0002 4FF48043 		mov	r3, #16384
 1502 0006 0193     		str	r3, [sp, #4]
 1503 0008 0F4B     		ldr	r3, .L187
 1504 000a CA22     		movs	r2, #202
 1505 000c 1A60     		str	r2, [r3]
 1506 000e 5322     		movs	r2, #83
 1507 0010 1A60     		str	r2, [r3]
 1508              	.L183:
 1509 0012 0E4B     		ldr	r3, .L187+4
 1510 0014 1A68     		ldr	r2, [r3]
 1511 0016 02F00402 		and	r2, r2, #4
 1512 001a 019B     		ldr	r3, [sp, #4]
 1513 001c 013B     		subs	r3, r3, #1
 1514 001e 0193     		str	r3, [sp, #4]
 1515 0020 0BB1     		cbz	r3, .L182
 1516 0022 002A     		cmp	r2, #0
 1517 0024 F5D0     		beq	.L183
 1518              	.L182:
 1519 0026 6AB1     		cbz	r2, .L185
 1520 0028 094B     		ldr	r3, .L187+8
 1521 002a 1968     		ldr	r1, [r3]
 1522 002c 21F00701 		bic	r1, r1, #7
 1523 0030 1960     		str	r1, [r3]
 1524 0032 1A68     		ldr	r2, [r3]
 1525 0034 0243     		orrs	r2, r2, r0
 1526 0036 1A60     		str	r2, [r3]
 1527 0038 0120     		movs	r0, #1
 1528              	.L184:
 1529 003a 034B     		ldr	r3, .L187
 1530 003c FF22     		movs	r2, #255
 1531 003e 1A60     		str	r2, [r3]
 1532 0040 02B0     		add	sp, sp, #8
 1533              		@ sp needed
 1534 0042 7047     		bx	lr
 1535              	.L185:
 1536 0044 0020     		movs	r0, #0
 1537 0046 F8E7     		b	.L184
 1538              	.L188:
 1539              		.align	2
 1540              	.L187:
 1541 0048 24280040 		.word	1073752100
 1542 004c 0C280040 		.word	1073752076
 1543 0050 08280040 		.word	1073752072
 1545              		.section	.text.rtc_wakeup_timer_set,"ax",%progbits
 1546              		.align	1
 1547              		.global	rtc_wakeup_timer_set
 1548              		.syntax unified
 1549              		.thumb
 1550              		.thumb_func
 1551              		.fpu fpv4-sp-d16
 1553              	rtc_wakeup_timer_set:
 1554              		@ args = 0, pretend = 0, frame = 8
 1555              		@ frame_needed = 0, uses_anonymous_args = 0
ARM GAS  /tmp/ccJ31Nfc.s 			page 27


 1556              		@ link register save eliminated.
 1557 0000 82B0     		sub	sp, sp, #8
 1558 0002 4FF48043 		mov	r3, #16384
 1559 0006 0193     		str	r3, [sp, #4]
 1560 0008 0C4B     		ldr	r3, .L195
 1561 000a CA22     		movs	r2, #202
 1562 000c 1A60     		str	r2, [r3]
 1563 000e 5322     		movs	r2, #83
 1564 0010 1A60     		str	r2, [r3]
 1565              	.L191:
 1566 0012 0B4B     		ldr	r3, .L195+4
 1567 0014 1A68     		ldr	r2, [r3]
 1568 0016 02F00402 		and	r2, r2, #4
 1569 001a 019B     		ldr	r3, [sp, #4]
 1570 001c 013B     		subs	r3, r3, #1
 1571 001e 0193     		str	r3, [sp, #4]
 1572 0020 0BB1     		cbz	r3, .L190
 1573 0022 002A     		cmp	r2, #0
 1574 0024 F5D0     		beq	.L191
 1575              	.L190:
 1576 0026 3AB1     		cbz	r2, .L193
 1577 0028 064B     		ldr	r3, .L195+8
 1578 002a 1860     		str	r0, [r3]
 1579 002c 0120     		movs	r0, #1
 1580              	.L192:
 1581 002e 034B     		ldr	r3, .L195
 1582 0030 FF22     		movs	r2, #255
 1583 0032 1A60     		str	r2, [r3]
 1584 0034 02B0     		add	sp, sp, #8
 1585              		@ sp needed
 1586 0036 7047     		bx	lr
 1587              	.L193:
 1588 0038 0020     		movs	r0, #0
 1589 003a F8E7     		b	.L192
 1590              	.L196:
 1591              		.align	2
 1592              	.L195:
 1593 003c 24280040 		.word	1073752100
 1594 0040 0C280040 		.word	1073752076
 1595 0044 14280040 		.word	1073752084
 1597              		.section	.text.rtc_wakeup_timer_get,"ax",%progbits
 1598              		.align	1
 1599              		.global	rtc_wakeup_timer_get
 1600              		.syntax unified
 1601              		.thumb
 1602              		.thumb_func
 1603              		.fpu fpv4-sp-d16
 1605              	rtc_wakeup_timer_get:
 1606              		@ args = 0, pretend = 0, frame = 0
 1607              		@ frame_needed = 0, uses_anonymous_args = 0
 1608              		@ link register save eliminated.
 1609 0000 014B     		ldr	r3, .L198
 1610 0002 1868     		ldr	r0, [r3]
 1611 0004 80B2     		uxth	r0, r0
 1612 0006 7047     		bx	lr
 1613              	.L199:
 1614              		.align	2
ARM GAS  /tmp/ccJ31Nfc.s 			page 28


 1615              	.L198:
 1616 0008 14280040 		.word	1073752084
 1618              		.section	.text.rtc_smooth_calibration_config,"ax",%progbits
 1619              		.align	1
 1620              		.global	rtc_smooth_calibration_config
 1621              		.syntax unified
 1622              		.thumb
 1623              		.thumb_func
 1624              		.fpu fpv4-sp-d16
 1626              	rtc_smooth_calibration_config:
 1627              		@ args = 0, pretend = 0, frame = 8
 1628              		@ frame_needed = 0, uses_anonymous_args = 0
 1629              		@ link register save eliminated.
 1630 0000 10B4     		push	{r4}
 1631 0002 83B0     		sub	sp, sp, #12
 1632 0004 4FF00053 		mov	r3, #536870912
 1633 0008 0193     		str	r3, [sp, #4]
 1634 000a 104B     		ldr	r3, .L206
 1635 000c CA24     		movs	r4, #202
 1636 000e 1C60     		str	r4, [r3]
 1637 0010 5324     		movs	r4, #83
 1638 0012 1C60     		str	r4, [r3]
 1639              	.L202:
 1640 0014 0E4B     		ldr	r3, .L206+4
 1641 0016 1C68     		ldr	r4, [r3]
 1642 0018 04F48034 		and	r4, r4, #65536
 1643 001c 019B     		ldr	r3, [sp, #4]
 1644 001e 013B     		subs	r3, r3, #1
 1645 0020 0193     		str	r3, [sp, #4]
 1646 0022 0BB1     		cbz	r3, .L201
 1647 0024 002C     		cmp	r4, #0
 1648 0026 F5D1     		bne	.L202
 1649              	.L201:
 1650 0028 6CB9     		cbnz	r4, .L204
 1651 002a 0843     		orrs	r0, r0, r1
 1652 002c C2F30802 		ubfx	r2, r2, #0, #9
 1653 0030 1043     		orrs	r0, r0, r2
 1654 0032 084B     		ldr	r3, .L206+8
 1655 0034 1860     		str	r0, [r3]
 1656 0036 0120     		movs	r0, #1
 1657              	.L203:
 1658 0038 044B     		ldr	r3, .L206
 1659 003a FF22     		movs	r2, #255
 1660 003c 1A60     		str	r2, [r3]
 1661 003e 03B0     		add	sp, sp, #12
 1662              		@ sp needed
 1663 0040 5DF8044B 		ldr	r4, [sp], #4
 1664 0044 7047     		bx	lr
 1665              	.L204:
 1666 0046 0020     		movs	r0, #0
 1667 0048 F6E7     		b	.L203
 1668              	.L207:
 1669 004a 00BF     		.align	2
 1670              	.L206:
 1671 004c 24280040 		.word	1073752100
 1672 0050 0C280040 		.word	1073752076
 1673 0054 3C280040 		.word	1073752124
ARM GAS  /tmp/ccJ31Nfc.s 			page 29


 1675              		.section	.text.rtc_coarse_calibration_enable,"ax",%progbits
 1676              		.align	1
 1677              		.global	rtc_coarse_calibration_enable
 1678              		.syntax unified
 1679              		.thumb
 1680              		.thumb_func
 1681              		.fpu fpv4-sp-d16
 1683              	rtc_coarse_calibration_enable:
 1684              		@ args = 0, pretend = 0, frame = 0
 1685              		@ frame_needed = 0, uses_anonymous_args = 0
 1686 0000 10B5     		push	{r4, lr}
 1687 0002 0B4B     		ldr	r3, .L212
 1688 0004 CA22     		movs	r2, #202
 1689 0006 1A60     		str	r2, [r3]
 1690 0008 5322     		movs	r2, #83
 1691 000a 1A60     		str	r2, [r3]
 1692 000c FFF7FEFF 		bl	rtc_init_mode_enter
 1693 0010 0446     		mov	r4, r0
 1694 0012 20B9     		cbnz	r0, .L211
 1695              	.L209:
 1696 0014 064B     		ldr	r3, .L212
 1697 0016 FF22     		movs	r2, #255
 1698 0018 1A60     		str	r2, [r3]
 1699 001a 2046     		mov	r0, r4
 1700 001c 10BD     		pop	{r4, pc}
 1701              	.L211:
 1702 001e 054A     		ldr	r2, .L212+4
 1703 0020 1368     		ldr	r3, [r2]
 1704 0022 43F08003 		orr	r3, r3, #128
 1705 0026 1360     		str	r3, [r2]
 1706 0028 FFF7FEFF 		bl	rtc_init_mode_exit
 1707 002c F2E7     		b	.L209
 1708              	.L213:
 1709 002e 00BF     		.align	2
 1710              	.L212:
 1711 0030 24280040 		.word	1073752100
 1712 0034 08280040 		.word	1073752072
 1714              		.section	.text.rtc_coarse_calibration_disable,"ax",%progbits
 1715              		.align	1
 1716              		.global	rtc_coarse_calibration_disable
 1717              		.syntax unified
 1718              		.thumb
 1719              		.thumb_func
 1720              		.fpu fpv4-sp-d16
 1722              	rtc_coarse_calibration_disable:
 1723              		@ args = 0, pretend = 0, frame = 0
 1724              		@ frame_needed = 0, uses_anonymous_args = 0
 1725 0000 10B5     		push	{r4, lr}
 1726 0002 0B4B     		ldr	r3, .L218
 1727 0004 CA22     		movs	r2, #202
 1728 0006 1A60     		str	r2, [r3]
 1729 0008 5322     		movs	r2, #83
 1730 000a 1A60     		str	r2, [r3]
 1731 000c FFF7FEFF 		bl	rtc_init_mode_enter
 1732 0010 0446     		mov	r4, r0
 1733 0012 20B9     		cbnz	r0, .L217
 1734              	.L215:
ARM GAS  /tmp/ccJ31Nfc.s 			page 30


 1735 0014 064B     		ldr	r3, .L218
 1736 0016 FF22     		movs	r2, #255
 1737 0018 1A60     		str	r2, [r3]
 1738 001a 2046     		mov	r0, r4
 1739 001c 10BD     		pop	{r4, pc}
 1740              	.L217:
 1741 001e 054A     		ldr	r2, .L218+4
 1742 0020 1368     		ldr	r3, [r2]
 1743 0022 23F08003 		bic	r3, r3, #128
 1744 0026 1360     		str	r3, [r2]
 1745 0028 FFF7FEFF 		bl	rtc_init_mode_exit
 1746 002c F2E7     		b	.L215
 1747              	.L219:
 1748 002e 00BF     		.align	2
 1749              	.L218:
 1750 0030 24280040 		.word	1073752100
 1751 0034 08280040 		.word	1073752072
 1753              		.section	.text.rtc_coarse_calibration_config,"ax",%progbits
 1754              		.align	1
 1755              		.global	rtc_coarse_calibration_config
 1756              		.syntax unified
 1757              		.thumb
 1758              		.thumb_func
 1759              		.fpu fpv4-sp-d16
 1761              	rtc_coarse_calibration_config:
 1762              		@ args = 0, pretend = 0, frame = 0
 1763              		@ frame_needed = 0, uses_anonymous_args = 0
 1764 0000 70B5     		push	{r4, r5, r6, lr}
 1765 0002 0646     		mov	r6, r0
 1766 0004 0C46     		mov	r4, r1
 1767 0006 134B     		ldr	r3, .L226
 1768 0008 CA22     		movs	r2, #202
 1769 000a 1A60     		str	r2, [r3]
 1770 000c 5322     		movs	r2, #83
 1771 000e 1A60     		str	r2, [r3]
 1772 0010 FFF7FEFF 		bl	rtc_init_mode_enter
 1773 0014 0546     		mov	r5, r0
 1774 0016 90B1     		cbz	r0, .L221
 1775 0018 022E     		cmp	r6, #2
 1776 001a 15D0     		beq	.L225
 1777 001c 0E4A     		ldr	r2, .L226+4
 1778 001e 1368     		ldr	r3, [r2]
 1779 0020 23F08003 		bic	r3, r3, #128
 1780 0024 1360     		str	r3, [r2]
 1781              	.L223:
 1782 0026 0C4B     		ldr	r3, .L226+4
 1783 0028 1A68     		ldr	r2, [r3]
 1784 002a 22F01F02 		bic	r2, r2, #31
 1785 002e 1A60     		str	r2, [r3]
 1786 0030 1A68     		ldr	r2, [r3]
 1787 0032 04F01F04 		and	r4, r4, #31
 1788 0036 1443     		orrs	r4, r4, r2
 1789 0038 1C60     		str	r4, [r3]
 1790 003a FFF7FEFF 		bl	rtc_init_mode_exit
 1791              	.L221:
 1792 003e 054B     		ldr	r3, .L226
 1793 0040 FF22     		movs	r2, #255
ARM GAS  /tmp/ccJ31Nfc.s 			page 31


 1794 0042 1A60     		str	r2, [r3]
 1795 0044 2846     		mov	r0, r5
 1796 0046 70BD     		pop	{r4, r5, r6, pc}
 1797              	.L225:
 1798 0048 034A     		ldr	r2, .L226+4
 1799 004a 1368     		ldr	r3, [r2]
 1800 004c 43F08003 		orr	r3, r3, #128
 1801 0050 1360     		str	r3, [r2]
 1802 0052 E8E7     		b	.L223
 1803              	.L227:
 1804              		.align	2
 1805              	.L226:
 1806 0054 24280040 		.word	1073752100
 1807 0058 18280040 		.word	1073752088
 1809              		.ident	"GCC: (GNU Tools for Arm Embedded Processors 8-2019-q3-update) 8.3.1 20190703 (release) [gc
ARM GAS  /tmp/ccJ31Nfc.s 			page 32


DEFINED SYMBOLS
                            *ABS*:0000000000000000 gd32f4xx_rtc.c
     /tmp/ccJ31Nfc.s:16     .text.rtc_init_mode_enter:0000000000000000 $t
     /tmp/ccJ31Nfc.s:24     .text.rtc_init_mode_enter:0000000000000000 rtc_init_mode_enter
     /tmp/ccJ31Nfc.s:65     .text.rtc_init_mode_enter:0000000000000040 $d
     /tmp/ccJ31Nfc.s:68     .text.rtc_init_mode_exit:0000000000000000 $t
     /tmp/ccJ31Nfc.s:75     .text.rtc_init_mode_exit:0000000000000000 rtc_init_mode_exit
     /tmp/ccJ31Nfc.s:87     .text.rtc_init_mode_exit:000000000000000c $d
     /tmp/ccJ31Nfc.s:90     .text.rtc_register_sync_wait:0000000000000000 $t
     /tmp/ccJ31Nfc.s:97     .text.rtc_register_sync_wait:0000000000000000 rtc_register_sync_wait
     /tmp/ccJ31Nfc.s:147    .text.rtc_register_sync_wait:0000000000000050 $d
     /tmp/ccJ31Nfc.s:152    .text.rtc_deinit:0000000000000000 $t
     /tmp/ccJ31Nfc.s:159    .text.rtc_deinit:0000000000000000 rtc_deinit
     /tmp/ccJ31Nfc.s:241    .text.rtc_deinit:00000000000000a0 $d
     /tmp/ccJ31Nfc.s:249    .text.rtc_init:0000000000000000 $t
     /tmp/ccJ31Nfc.s:256    .text.rtc_init:0000000000000000 rtc_init
     /tmp/ccJ31Nfc.s:327    .text.rtc_init:0000000000000098 $d
     /tmp/ccJ31Nfc.s:332    .text.rtc_current_time_get:0000000000000000 $t
     /tmp/ccJ31Nfc.s:339    .text.rtc_current_time_get:0000000000000000 rtc_current_time_get
     /tmp/ccJ31Nfc.s:379    .text.rtc_current_time_get:0000000000000058 $d
     /tmp/ccJ31Nfc.s:384    .text.rtc_subsecond_get:0000000000000000 $t
     /tmp/ccJ31Nfc.s:391    .text.rtc_subsecond_get:0000000000000000 rtc_subsecond_get
     /tmp/ccJ31Nfc.s:403    .text.rtc_subsecond_get:000000000000000c $d
     /tmp/ccJ31Nfc.s:406    .text.rtc_alarm_config:0000000000000000 $t
     /tmp/ccJ31Nfc.s:413    .text.rtc_alarm_config:0000000000000000 rtc_alarm_config
     /tmp/ccJ31Nfc.s:458    .text.rtc_alarm_config:0000000000000050 $d
     /tmp/ccJ31Nfc.s:462    .text.rtc_alarm_subsecond_config:0000000000000000 $t
     /tmp/ccJ31Nfc.s:469    .text.rtc_alarm_subsecond_config:0000000000000000 rtc_alarm_subsecond_config
     /tmp/ccJ31Nfc.s:498    .text.rtc_alarm_subsecond_config:000000000000002c $d
     /tmp/ccJ31Nfc.s:502    .text.rtc_alarm_get:0000000000000000 $t
     /tmp/ccJ31Nfc.s:509    .text.rtc_alarm_get:0000000000000000 rtc_alarm_get
     /tmp/ccJ31Nfc.s:540    .text.rtc_alarm_get:000000000000003c $d
     /tmp/ccJ31Nfc.s:544    .text.rtc_alarm_subsecond_get:0000000000000000 $t
     /tmp/ccJ31Nfc.s:551    .text.rtc_alarm_subsecond_get:0000000000000000 rtc_alarm_subsecond_get
     /tmp/ccJ31Nfc.s:569    .text.rtc_alarm_subsecond_get:0000000000000018 $d
     /tmp/ccJ31Nfc.s:573    .text.rtc_alarm_enable:0000000000000000 $t
     /tmp/ccJ31Nfc.s:580    .text.rtc_alarm_enable:0000000000000000 rtc_alarm_enable
     /tmp/ccJ31Nfc.s:609    .text.rtc_alarm_enable:000000000000002c $d
     /tmp/ccJ31Nfc.s:613    .text.rtc_alarm_disable:0000000000000000 $t
     /tmp/ccJ31Nfc.s:620    .text.rtc_alarm_disable:0000000000000000 rtc_alarm_disable
     /tmp/ccJ31Nfc.s:681    .text.rtc_alarm_disable:0000000000000068 $d
     /tmp/ccJ31Nfc.s:686    .text.rtc_timestamp_enable:0000000000000000 $t
     /tmp/ccJ31Nfc.s:693    .text.rtc_timestamp_enable:0000000000000000 rtc_timestamp_enable
     /tmp/ccJ31Nfc.s:715    .text.rtc_timestamp_enable:0000000000000024 $d
     /tmp/ccJ31Nfc.s:719    .text.rtc_timestamp_disable:0000000000000000 $t
     /tmp/ccJ31Nfc.s:726    .text.rtc_timestamp_disable:0000000000000000 rtc_timestamp_disable
     /tmp/ccJ31Nfc.s:745    .text.rtc_timestamp_disable:000000000000001c $d
     /tmp/ccJ31Nfc.s:749    .text.rtc_timestamp_get:0000000000000000 $t
     /tmp/ccJ31Nfc.s:756    .text.rtc_timestamp_get:0000000000000000 rtc_timestamp_get
     /tmp/ccJ31Nfc.s:782    .text.rtc_timestamp_get:0000000000000034 $d
     /tmp/ccJ31Nfc.s:786    .text.rtc_timestamp_subsecond_get:0000000000000000 $t
     /tmp/ccJ31Nfc.s:793    .text.rtc_timestamp_subsecond_get:0000000000000000 rtc_timestamp_subsecond_get
     /tmp/ccJ31Nfc.s:803    .text.rtc_timestamp_subsecond_get:0000000000000008 $d
     /tmp/ccJ31Nfc.s:806    .text.rtc_timestamp_pin_map:0000000000000000 $t
     /tmp/ccJ31Nfc.s:813    .text.rtc_timestamp_pin_map:0000000000000000 rtc_timestamp_pin_map
     /tmp/ccJ31Nfc.s:828    .text.rtc_timestamp_pin_map:0000000000000014 $d
     /tmp/ccJ31Nfc.s:831    .text.rtc_tamper_enable:0000000000000000 $t
ARM GAS  /tmp/ccJ31Nfc.s 			page 33


     /tmp/ccJ31Nfc.s:838    .text.rtc_tamper_enable:0000000000000000 rtc_tamper_enable
     /tmp/ccJ31Nfc.s:925    .text.rtc_tamper_enable:00000000000000ac $d
     /tmp/ccJ31Nfc.s:928    .text.rtc_tamper_disable:0000000000000000 $t
     /tmp/ccJ31Nfc.s:935    .text.rtc_tamper_disable:0000000000000000 rtc_tamper_disable
     /tmp/ccJ31Nfc.s:947    .text.rtc_tamper_disable:000000000000000c $d
     /tmp/ccJ31Nfc.s:950    .text.rtc_tamper0_pin_map:0000000000000000 $t
     /tmp/ccJ31Nfc.s:957    .text.rtc_tamper0_pin_map:0000000000000000 rtc_tamper0_pin_map
     /tmp/ccJ31Nfc.s:972    .text.rtc_tamper0_pin_map:0000000000000014 $d
     /tmp/ccJ31Nfc.s:975    .text.rtc_interrupt_enable:0000000000000000 $t
     /tmp/ccJ31Nfc.s:982    .text.rtc_interrupt_enable:0000000000000000 rtc_interrupt_enable
     /tmp/ccJ31Nfc.s:1009   .text.rtc_interrupt_enable:0000000000000030 $d
     /tmp/ccJ31Nfc.s:1013   .text.rtc_interrupt_disable:0000000000000000 $t
     /tmp/ccJ31Nfc.s:1020   .text.rtc_interrupt_disable:0000000000000000 rtc_interrupt_disable
     /tmp/ccJ31Nfc.s:1047   .text.rtc_interrupt_disable:0000000000000034 $d
     /tmp/ccJ31Nfc.s:1051   .text.rtc_flag_get:0000000000000000 $t
     /tmp/ccJ31Nfc.s:1058   .text.rtc_flag_get:0000000000000000 rtc_flag_get
     /tmp/ccJ31Nfc.s:1074   .text.rtc_flag_get:0000000000000010 $d
     /tmp/ccJ31Nfc.s:1077   .text.rtc_flag_clear:0000000000000000 $t
     /tmp/ccJ31Nfc.s:1084   .text.rtc_flag_clear:0000000000000000 rtc_flag_clear
     /tmp/ccJ31Nfc.s:1096   .text.rtc_flag_clear:000000000000000c $d
     /tmp/ccJ31Nfc.s:1099   .text.rtc_alarm_output_config:0000000000000000 $t
     /tmp/ccJ31Nfc.s:1106   .text.rtc_alarm_output_config:0000000000000000 rtc_alarm_output_config
     /tmp/ccJ31Nfc.s:1137   .text.rtc_alarm_output_config:0000000000000034 $d
     /tmp/ccJ31Nfc.s:1142   .text.rtc_calibration_output_config:0000000000000000 $t
     /tmp/ccJ31Nfc.s:1149   .text.rtc_calibration_output_config:0000000000000000 rtc_calibration_output_config
     /tmp/ccJ31Nfc.s:1171   .text.rtc_calibration_output_config:0000000000000020 $d
     /tmp/ccJ31Nfc.s:1175   .text.rtc_hour_adjust:0000000000000000 $t
     /tmp/ccJ31Nfc.s:1182   .text.rtc_hour_adjust:0000000000000000 rtc_hour_adjust
     /tmp/ccJ31Nfc.s:1201   .text.rtc_hour_adjust:0000000000000018 $d
     /tmp/ccJ31Nfc.s:1205   .text.rtc_second_adjust:0000000000000000 $t
     /tmp/ccJ31Nfc.s:1212   .text.rtc_second_adjust:0000000000000000 rtc_second_adjust
     /tmp/ccJ31Nfc.s:1261   .text.rtc_second_adjust:0000000000000058 $d
     /tmp/ccJ31Nfc.s:1267   .text.rtc_bypass_shadow_enable:0000000000000000 $t
     /tmp/ccJ31Nfc.s:1274   .text.rtc_bypass_shadow_enable:0000000000000000 rtc_bypass_shadow_enable
     /tmp/ccJ31Nfc.s:1293   .text.rtc_bypass_shadow_enable:000000000000001c $d
     /tmp/ccJ31Nfc.s:1297   .text.rtc_bypass_shadow_disable:0000000000000000 $t
     /tmp/ccJ31Nfc.s:1304   .text.rtc_bypass_shadow_disable:0000000000000000 rtc_bypass_shadow_disable
     /tmp/ccJ31Nfc.s:1323   .text.rtc_bypass_shadow_disable:000000000000001c $d
     /tmp/ccJ31Nfc.s:1327   .text.rtc_refclock_detection_enable:0000000000000000 $t
     /tmp/ccJ31Nfc.s:1334   .text.rtc_refclock_detection_enable:0000000000000000 rtc_refclock_detection_enable
     /tmp/ccJ31Nfc.s:1362   .text.rtc_refclock_detection_enable:0000000000000030 $d
     /tmp/ccJ31Nfc.s:1366   .text.rtc_refclock_detection_disable:0000000000000000 $t
     /tmp/ccJ31Nfc.s:1373   .text.rtc_refclock_detection_disable:0000000000000000 rtc_refclock_detection_disable
     /tmp/ccJ31Nfc.s:1401   .text.rtc_refclock_detection_disable:0000000000000030 $d
     /tmp/ccJ31Nfc.s:1405   .text.rtc_wakeup_enable:0000000000000000 $t
     /tmp/ccJ31Nfc.s:1412   .text.rtc_wakeup_enable:0000000000000000 rtc_wakeup_enable
     /tmp/ccJ31Nfc.s:1431   .text.rtc_wakeup_enable:000000000000001c $d
     /tmp/ccJ31Nfc.s:1435   .text.rtc_wakeup_disable:0000000000000000 $t
     /tmp/ccJ31Nfc.s:1442   .text.rtc_wakeup_disable:0000000000000000 rtc_wakeup_disable
     /tmp/ccJ31Nfc.s:1484   .text.rtc_wakeup_disable:0000000000000044 $d
     /tmp/ccJ31Nfc.s:1489   .text.rtc_wakeup_clock_set:0000000000000000 $t
     /tmp/ccJ31Nfc.s:1496   .text.rtc_wakeup_clock_set:0000000000000000 rtc_wakeup_clock_set
     /tmp/ccJ31Nfc.s:1541   .text.rtc_wakeup_clock_set:0000000000000048 $d
     /tmp/ccJ31Nfc.s:1546   .text.rtc_wakeup_timer_set:0000000000000000 $t
     /tmp/ccJ31Nfc.s:1553   .text.rtc_wakeup_timer_set:0000000000000000 rtc_wakeup_timer_set
     /tmp/ccJ31Nfc.s:1593   .text.rtc_wakeup_timer_set:000000000000003c $d
     /tmp/ccJ31Nfc.s:1598   .text.rtc_wakeup_timer_get:0000000000000000 $t
ARM GAS  /tmp/ccJ31Nfc.s 			page 34


     /tmp/ccJ31Nfc.s:1605   .text.rtc_wakeup_timer_get:0000000000000000 rtc_wakeup_timer_get
     /tmp/ccJ31Nfc.s:1616   .text.rtc_wakeup_timer_get:0000000000000008 $d
     /tmp/ccJ31Nfc.s:1619   .text.rtc_smooth_calibration_config:0000000000000000 $t
     /tmp/ccJ31Nfc.s:1626   .text.rtc_smooth_calibration_config:0000000000000000 rtc_smooth_calibration_config
     /tmp/ccJ31Nfc.s:1671   .text.rtc_smooth_calibration_config:000000000000004c $d
     /tmp/ccJ31Nfc.s:1676   .text.rtc_coarse_calibration_enable:0000000000000000 $t
     /tmp/ccJ31Nfc.s:1683   .text.rtc_coarse_calibration_enable:0000000000000000 rtc_coarse_calibration_enable
     /tmp/ccJ31Nfc.s:1711   .text.rtc_coarse_calibration_enable:0000000000000030 $d
     /tmp/ccJ31Nfc.s:1715   .text.rtc_coarse_calibration_disable:0000000000000000 $t
     /tmp/ccJ31Nfc.s:1722   .text.rtc_coarse_calibration_disable:0000000000000000 rtc_coarse_calibration_disable
     /tmp/ccJ31Nfc.s:1750   .text.rtc_coarse_calibration_disable:0000000000000030 $d
     /tmp/ccJ31Nfc.s:1754   .text.rtc_coarse_calibration_config:0000000000000000 $t
     /tmp/ccJ31Nfc.s:1761   .text.rtc_coarse_calibration_config:0000000000000000 rtc_coarse_calibration_config
     /tmp/ccJ31Nfc.s:1806   .text.rtc_coarse_calibration_config:0000000000000054 $d

NO UNDEFINED SYMBOLS
