ARM GAS  /tmp/ccUCkYUV.s 			page 1


   1              		.cpu cortex-m4
   2              		.eabi_attribute 27, 1
   3              		.eabi_attribute 28, 1
   4              		.eabi_attribute 20, 1
   5              		.eabi_attribute 21, 1
   6              		.eabi_attribute 23, 3
   7              		.eabi_attribute 24, 1
   8              		.eabi_attribute 25, 1
   9              		.eabi_attribute 26, 1
  10              		.eabi_attribute 30, 1
  11              		.eabi_attribute 34, 1
  12              		.eabi_attribute 18, 4
  13              		.file	"gd32f4xx_misc.c"
  14              		.text
  15              		.section	.text.nvic_priority_group_set,"ax",%progbits
  16              		.align	1
  17              		.global	nvic_priority_group_set
  18              		.arch armv7e-m
  19              		.syntax unified
  20              		.thumb
  21              		.thumb_func
  22              		.fpu fpv4-sp-d16
  24              	nvic_priority_group_set:
  25              		@ args = 0, pretend = 0, frame = 0
  26              		@ frame_needed = 0, uses_anonymous_args = 0
  27              		@ link register save eliminated.
  28 0000 40F0BF60 		orr	r0, r0, #100139008
  29 0004 40F40030 		orr	r0, r0, #131072
  30 0008 014B     		ldr	r3, .L2
  31 000a D860     		str	r0, [r3, #12]
  32 000c 7047     		bx	lr
  33              	.L3:
  34 000e 00BF     		.align	2
  35              	.L2:
  36 0010 00ED00E0 		.word	-536810240
  38              		.section	.text.nvic_irq_enable,"ax",%progbits
  39              		.align	1
  40              		.global	nvic_irq_enable
  41              		.syntax unified
  42              		.thumb
  43              		.thumb_func
  44              		.fpu fpv4-sp-d16
  46              	nvic_irq_enable:
  47              		@ args = 0, pretend = 0, frame = 0
  48              		@ frame_needed = 0, uses_anonymous_args = 0
  49 0000 70B5     		push	{r4, r5, r6, lr}
  50 0002 0546     		mov	r5, r0
  51 0004 0E46     		mov	r6, r1
  52 0006 1446     		mov	r4, r2
  53 0008 274B     		ldr	r3, .L13
  54 000a DB68     		ldr	r3, [r3, #12]
  55 000c 03F4E063 		and	r3, r3, #1792
  56 0010 B3F5E06F 		cmp	r3, #1792
  57 0014 25D0     		beq	.L6
  58 0016 244B     		ldr	r3, .L13
  59 0018 DB68     		ldr	r3, [r3, #12]
  60 001a 03F4E063 		and	r3, r3, #1792
ARM GAS  /tmp/ccUCkYUV.s 			page 2


  61 001e B3F5C06F 		cmp	r3, #1536
  62 0022 38D0     		beq	.L7
  63 0024 204B     		ldr	r3, .L13
  64 0026 DB68     		ldr	r3, [r3, #12]
  65 0028 03F4E063 		and	r3, r3, #1792
  66 002c B3F5A06F 		cmp	r3, #1280
  67 0030 34D0     		beq	.L8
  68 0032 1D4B     		ldr	r3, .L13
  69 0034 DB68     		ldr	r3, [r3, #12]
  70 0036 03F4E063 		and	r3, r3, #1792
  71 003a B3F5806F 		cmp	r3, #1024
  72 003e 30D0     		beq	.L9
  73 0040 194B     		ldr	r3, .L13
  74 0042 DB68     		ldr	r3, [r3, #12]
  75 0044 03F4E063 		and	r3, r3, #1792
  76 0048 B3F5407F 		cmp	r3, #768
  77 004c 02D1     		bne	.L12
  78 004e 0023     		movs	r3, #0
  79 0050 0422     		movs	r2, #4
  80 0052 08E0     		b	.L5
  81              	.L12:
  82 0054 4FF4A060 		mov	r0, #1280
  83 0058 FFF7FEFF 		bl	nvic_priority_group_set
  84 005c 0223     		movs	r3, #2
  85 005e 1A46     		mov	r2, r3
  86 0060 01E0     		b	.L5
  87              	.L6:
  88 0062 0423     		movs	r3, #4
  89 0064 0022     		movs	r2, #0
  90              	.L5:
  91 0066 C2F10402 		rsb	r2, r2, #4
  92 006a 9640     		lsls	r6, r6, r2
  93 006c C3F10403 		rsb	r3, r3, #4
  94 0070 0F22     		movs	r2, #15
  95 0072 22FA03F3 		lsr	r3, r2, r3
  96 0076 1C40     		ands	r4, r4, r3
  97 0078 3443     		orrs	r4, r4, r6
  98 007a 2401     		lsls	r4, r4, #4
  99 007c E4B2     		uxtb	r4, r4
 100 007e 0B4A     		ldr	r2, .L13+4
 101 0080 5319     		adds	r3, r2, r5
 102 0082 83F80043 		strb	r4, [r3, #768]
 103 0086 05F01F01 		and	r1, r5, #31
 104 008a 6D09     		lsrs	r5, r5, #5
 105 008c 0123     		movs	r3, #1
 106 008e 8B40     		lsls	r3, r3, r1
 107 0090 42F82530 		str	r3, [r2, r5, lsl #2]
 108 0094 70BD     		pop	{r4, r5, r6, pc}
 109              	.L7:
 110 0096 0323     		movs	r3, #3
 111 0098 0122     		movs	r2, #1
 112 009a E4E7     		b	.L5
 113              	.L8:
 114 009c 0223     		movs	r3, #2
 115 009e 1A46     		mov	r2, r3
 116 00a0 E1E7     		b	.L5
 117              	.L9:
ARM GAS  /tmp/ccUCkYUV.s 			page 3


 118 00a2 0123     		movs	r3, #1
 119 00a4 0322     		movs	r2, #3
 120 00a6 DEE7     		b	.L5
 121              	.L14:
 122              		.align	2
 123              	.L13:
 124 00a8 00ED00E0 		.word	-536810240
 125 00ac 00E100E0 		.word	-536813312
 127              		.section	.text.nvic_irq_disable,"ax",%progbits
 128              		.align	1
 129              		.global	nvic_irq_disable
 130              		.syntax unified
 131              		.thumb
 132              		.thumb_func
 133              		.fpu fpv4-sp-d16
 135              	nvic_irq_disable:
 136              		@ args = 0, pretend = 0, frame = 0
 137              		@ frame_needed = 0, uses_anonymous_args = 0
 138              		@ link register save eliminated.
 139 0000 00F01F02 		and	r2, r0, #31
 140 0004 4009     		lsrs	r0, r0, #5
 141 0006 0123     		movs	r3, #1
 142 0008 9340     		lsls	r3, r3, r2
 143 000a 2030     		adds	r0, r0, #32
 144 000c 014A     		ldr	r2, .L16
 145 000e 42F82030 		str	r3, [r2, r0, lsl #2]
 146 0012 7047     		bx	lr
 147              	.L17:
 148              		.align	2
 149              	.L16:
 150 0014 00E100E0 		.word	-536813312
 152              		.section	.text.nvic_vector_table_set,"ax",%progbits
 153              		.align	1
 154              		.global	nvic_vector_table_set
 155              		.syntax unified
 156              		.thumb
 157              		.thumb_func
 158              		.fpu fpv4-sp-d16
 160              	nvic_vector_table_set:
 161              		@ args = 0, pretend = 0, frame = 0
 162              		@ frame_needed = 0, uses_anonymous_args = 0
 163              		@ link register save eliminated.
 164 0000 21F06041 		bic	r1, r1, #-536870912
 165 0004 21F07F01 		bic	r1, r1, #127
 166 0008 0143     		orrs	r1, r1, r0
 167 000a 014B     		ldr	r3, .L19
 168 000c 9960     		str	r1, [r3, #8]
 169 000e 7047     		bx	lr
 170              	.L20:
 171              		.align	2
 172              	.L19:
 173 0010 00ED00E0 		.word	-536810240
 175              		.section	.text.system_lowpower_set,"ax",%progbits
 176              		.align	1
 177              		.global	system_lowpower_set
 178              		.syntax unified
 179              		.thumb
ARM GAS  /tmp/ccUCkYUV.s 			page 4


 180              		.thumb_func
 181              		.fpu fpv4-sp-d16
 183              	system_lowpower_set:
 184              		@ args = 0, pretend = 0, frame = 0
 185              		@ frame_needed = 0, uses_anonymous_args = 0
 186              		@ link register save eliminated.
 187 0000 024A     		ldr	r2, .L22
 188 0002 1369     		ldr	r3, [r2, #16]
 189 0004 1843     		orrs	r0, r0, r3
 190 0006 1061     		str	r0, [r2, #16]
 191 0008 7047     		bx	lr
 192              	.L23:
 193 000a 00BF     		.align	2
 194              	.L22:
 195 000c 00ED00E0 		.word	-536810240
 197              		.section	.text.system_lowpower_reset,"ax",%progbits
 198              		.align	1
 199              		.global	system_lowpower_reset
 200              		.syntax unified
 201              		.thumb
 202              		.thumb_func
 203              		.fpu fpv4-sp-d16
 205              	system_lowpower_reset:
 206              		@ args = 0, pretend = 0, frame = 0
 207              		@ frame_needed = 0, uses_anonymous_args = 0
 208              		@ link register save eliminated.
 209 0000 024A     		ldr	r2, .L25
 210 0002 1369     		ldr	r3, [r2, #16]
 211 0004 23EA0000 		bic	r0, r3, r0
 212 0008 1061     		str	r0, [r2, #16]
 213 000a 7047     		bx	lr
 214              	.L26:
 215              		.align	2
 216              	.L25:
 217 000c 00ED00E0 		.word	-536810240
 219              		.section	.text.systick_clksource_set,"ax",%progbits
 220              		.align	1
 221              		.global	systick_clksource_set
 222              		.syntax unified
 223              		.thumb
 224              		.thumb_func
 225              		.fpu fpv4-sp-d16
 227              	systick_clksource_set:
 228              		@ args = 0, pretend = 0, frame = 0
 229              		@ frame_needed = 0, uses_anonymous_args = 0
 230              		@ link register save eliminated.
 231 0000 0428     		cmp	r0, #4
 232 0002 05D0     		beq	.L30
 233 0004 054A     		ldr	r2, .L31
 234 0006 1368     		ldr	r3, [r2]
 235 0008 23F00403 		bic	r3, r3, #4
 236 000c 1360     		str	r3, [r2]
 237 000e 7047     		bx	lr
 238              	.L30:
 239 0010 024A     		ldr	r2, .L31
 240 0012 1368     		ldr	r3, [r2]
 241 0014 43F00403 		orr	r3, r3, #4
ARM GAS  /tmp/ccUCkYUV.s 			page 5


 242 0018 1360     		str	r3, [r2]
 243 001a 7047     		bx	lr
 244              	.L32:
 245              		.align	2
 246              	.L31:
 247 001c 10E000E0 		.word	-536813552
 249              		.ident	"GCC: (GNU Tools for Arm Embedded Processors 8-2019-q3-update) 8.3.1 20190703 (release) [gc
ARM GAS  /tmp/ccUCkYUV.s 			page 6


DEFINED SYMBOLS
                            *ABS*:0000000000000000 gd32f4xx_misc.c
     /tmp/ccUCkYUV.s:16     .text.nvic_priority_group_set:0000000000000000 $t
     /tmp/ccUCkYUV.s:24     .text.nvic_priority_group_set:0000000000000000 nvic_priority_group_set
     /tmp/ccUCkYUV.s:36     .text.nvic_priority_group_set:0000000000000010 $d
     /tmp/ccUCkYUV.s:39     .text.nvic_irq_enable:0000000000000000 $t
     /tmp/ccUCkYUV.s:46     .text.nvic_irq_enable:0000000000000000 nvic_irq_enable
     /tmp/ccUCkYUV.s:124    .text.nvic_irq_enable:00000000000000a8 $d
     /tmp/ccUCkYUV.s:128    .text.nvic_irq_disable:0000000000000000 $t
     /tmp/ccUCkYUV.s:135    .text.nvic_irq_disable:0000000000000000 nvic_irq_disable
     /tmp/ccUCkYUV.s:150    .text.nvic_irq_disable:0000000000000014 $d
     /tmp/ccUCkYUV.s:153    .text.nvic_vector_table_set:0000000000000000 $t
     /tmp/ccUCkYUV.s:160    .text.nvic_vector_table_set:0000000000000000 nvic_vector_table_set
     /tmp/ccUCkYUV.s:173    .text.nvic_vector_table_set:0000000000000010 $d
     /tmp/ccUCkYUV.s:176    .text.system_lowpower_set:0000000000000000 $t
     /tmp/ccUCkYUV.s:183    .text.system_lowpower_set:0000000000000000 system_lowpower_set
     /tmp/ccUCkYUV.s:195    .text.system_lowpower_set:000000000000000c $d
     /tmp/ccUCkYUV.s:198    .text.system_lowpower_reset:0000000000000000 $t
     /tmp/ccUCkYUV.s:205    .text.system_lowpower_reset:0000000000000000 system_lowpower_reset
     /tmp/ccUCkYUV.s:217    .text.system_lowpower_reset:000000000000000c $d
     /tmp/ccUCkYUV.s:220    .text.systick_clksource_set:0000000000000000 $t
     /tmp/ccUCkYUV.s:227    .text.systick_clksource_set:0000000000000000 systick_clksource_set
     /tmp/ccUCkYUV.s:247    .text.systick_clksource_set:000000000000001c $d

NO UNDEFINED SYMBOLS
