ARM GAS  /tmp/ccDvViRu.s 			page 1


   1              		.cpu cortex-m4
   2              		.eabi_attribute 27, 1
   3              		.eabi_attribute 28, 1
   4              		.eabi_attribute 20, 1
   5              		.eabi_attribute 21, 1
   6              		.eabi_attribute 23, 3
   7              		.eabi_attribute 24, 1
   8              		.eabi_attribute 25, 1
   9              		.eabi_attribute 26, 1
  10              		.eabi_attribute 30, 1
  11              		.eabi_attribute 34, 1
  12              		.eabi_attribute 18, 4
  13              		.file	"gd32f4xx_crc.c"
  14              		.text
  15              		.section	.text.crc_deinit,"ax",%progbits
  16              		.align	1
  17              		.global	crc_deinit
  18              		.arch armv7e-m
  19              		.syntax unified
  20              		.thumb
  21              		.thumb_func
  22              		.fpu fpv4-sp-d16
  24              	crc_deinit:
  25              		@ args = 0, pretend = 0, frame = 0
  26              		@ frame_needed = 0, uses_anonymous_args = 0
  27              		@ link register save eliminated.
  28 0000 054B     		ldr	r3, .L2
  29 0002 4FF0FF32 		mov	r2, #-1
  30 0006 1A60     		str	r2, [r3]
  31 0008 0433     		adds	r3, r3, #4
  32 000a 0022     		movs	r2, #0
  33 000c 1A60     		str	r2, [r3]
  34 000e 0433     		adds	r3, r3, #4
  35 0010 0122     		movs	r2, #1
  36 0012 1A60     		str	r2, [r3]
  37 0014 7047     		bx	lr
  38              	.L3:
  39 0016 00BF     		.align	2
  40              	.L2:
  41 0018 00300240 		.word	1073885184
  43              		.section	.text.crc_data_register_reset,"ax",%progbits
  44              		.align	1
  45              		.global	crc_data_register_reset
  46              		.syntax unified
  47              		.thumb
  48              		.thumb_func
  49              		.fpu fpv4-sp-d16
  51              	crc_data_register_reset:
  52              		@ args = 0, pretend = 0, frame = 0
  53              		@ frame_needed = 0, uses_anonymous_args = 0
  54              		@ link register save eliminated.
  55 0000 024A     		ldr	r2, .L5
  56 0002 1368     		ldr	r3, [r2]
  57 0004 43F00103 		orr	r3, r3, #1
  58 0008 1360     		str	r3, [r2]
  59 000a 7047     		bx	lr
  60              	.L6:
ARM GAS  /tmp/ccDvViRu.s 			page 2


  61              		.align	2
  62              	.L5:
  63 000c 08300240 		.word	1073885192
  65              		.section	.text.crc_data_register_read,"ax",%progbits
  66              		.align	1
  67              		.global	crc_data_register_read
  68              		.syntax unified
  69              		.thumb
  70              		.thumb_func
  71              		.fpu fpv4-sp-d16
  73              	crc_data_register_read:
  74              		@ args = 0, pretend = 0, frame = 0
  75              		@ frame_needed = 0, uses_anonymous_args = 0
  76              		@ link register save eliminated.
  77 0000 014B     		ldr	r3, .L8
  78 0002 1868     		ldr	r0, [r3]
  79 0004 7047     		bx	lr
  80              	.L9:
  81 0006 00BF     		.align	2
  82              	.L8:
  83 0008 00300240 		.word	1073885184
  85              		.section	.text.crc_free_data_register_read,"ax",%progbits
  86              		.align	1
  87              		.global	crc_free_data_register_read
  88              		.syntax unified
  89              		.thumb
  90              		.thumb_func
  91              		.fpu fpv4-sp-d16
  93              	crc_free_data_register_read:
  94              		@ args = 0, pretend = 0, frame = 0
  95              		@ frame_needed = 0, uses_anonymous_args = 0
  96              		@ link register save eliminated.
  97 0000 014B     		ldr	r3, .L11
  98 0002 1868     		ldr	r0, [r3]
  99 0004 C0B2     		uxtb	r0, r0
 100 0006 7047     		bx	lr
 101              	.L12:
 102              		.align	2
 103              	.L11:
 104 0008 04300240 		.word	1073885188
 106              		.section	.text.crc_free_data_register_write,"ax",%progbits
 107              		.align	1
 108              		.global	crc_free_data_register_write
 109              		.syntax unified
 110              		.thumb
 111              		.thumb_func
 112              		.fpu fpv4-sp-d16
 114              	crc_free_data_register_write:
 115              		@ args = 0, pretend = 0, frame = 0
 116              		@ frame_needed = 0, uses_anonymous_args = 0
 117              		@ link register save eliminated.
 118 0000 014B     		ldr	r3, .L14
 119 0002 1860     		str	r0, [r3]
 120 0004 7047     		bx	lr
 121              	.L15:
 122 0006 00BF     		.align	2
 123              	.L14:
ARM GAS  /tmp/ccDvViRu.s 			page 3


 124 0008 04300240 		.word	1073885188
 126              		.section	.text.crc_single_data_calculate,"ax",%progbits
 127              		.align	1
 128              		.global	crc_single_data_calculate
 129              		.syntax unified
 130              		.thumb
 131              		.thumb_func
 132              		.fpu fpv4-sp-d16
 134              	crc_single_data_calculate:
 135              		@ args = 0, pretend = 0, frame = 0
 136              		@ frame_needed = 0, uses_anonymous_args = 0
 137              		@ link register save eliminated.
 138 0000 014B     		ldr	r3, .L17
 139 0002 1860     		str	r0, [r3]
 140 0004 1868     		ldr	r0, [r3]
 141 0006 7047     		bx	lr
 142              	.L18:
 143              		.align	2
 144              	.L17:
 145 0008 00300240 		.word	1073885184
 147              		.section	.text.crc_block_data_calculate,"ax",%progbits
 148              		.align	1
 149              		.global	crc_block_data_calculate
 150              		.syntax unified
 151              		.thumb
 152              		.thumb_func
 153              		.fpu fpv4-sp-d16
 155              	crc_block_data_calculate:
 156              		@ args = 0, pretend = 0, frame = 0
 157              		@ frame_needed = 0, uses_anonymous_args = 0
 158              		@ link register save eliminated.
 159 0000 0023     		movs	r3, #0
 160 0002 8B42     		cmp	r3, r1
 161 0004 0CD2     		bcs	.L26
 162 0006 10B4     		push	{r4}
 163              	.L21:
 164 0008 50F82340 		ldr	r4, [r0, r3, lsl #2]
 165 000c 064A     		ldr	r2, .L27
 166 000e 1460     		str	r4, [r2]
 167 0010 0133     		adds	r3, r3, #1
 168 0012 8B42     		cmp	r3, r1
 169 0014 F8D3     		bcc	.L21
 170 0016 044B     		ldr	r3, .L27
 171 0018 1868     		ldr	r0, [r3]
 172 001a 5DF8044B 		ldr	r4, [sp], #4
 173 001e 7047     		bx	lr
 174              	.L26:
 175 0020 014B     		ldr	r3, .L27
 176 0022 1868     		ldr	r0, [r3]
 177 0024 7047     		bx	lr
 178              	.L28:
 179 0026 00BF     		.align	2
 180              	.L27:
 181 0028 00300240 		.word	1073885184
 183              		.ident	"GCC: (GNU Tools for Arm Embedded Processors 8-2019-q3-update) 8.3.1 20190703 (release) [gc
ARM GAS  /tmp/ccDvViRu.s 			page 4


DEFINED SYMBOLS
                            *ABS*:0000000000000000 gd32f4xx_crc.c
     /tmp/ccDvViRu.s:16     .text.crc_deinit:0000000000000000 $t
     /tmp/ccDvViRu.s:24     .text.crc_deinit:0000000000000000 crc_deinit
     /tmp/ccDvViRu.s:41     .text.crc_deinit:0000000000000018 $d
     /tmp/ccDvViRu.s:44     .text.crc_data_register_reset:0000000000000000 $t
     /tmp/ccDvViRu.s:51     .text.crc_data_register_reset:0000000000000000 crc_data_register_reset
     /tmp/ccDvViRu.s:63     .text.crc_data_register_reset:000000000000000c $d
     /tmp/ccDvViRu.s:66     .text.crc_data_register_read:0000000000000000 $t
     /tmp/ccDvViRu.s:73     .text.crc_data_register_read:0000000000000000 crc_data_register_read
     /tmp/ccDvViRu.s:83     .text.crc_data_register_read:0000000000000008 $d
     /tmp/ccDvViRu.s:86     .text.crc_free_data_register_read:0000000000000000 $t
     /tmp/ccDvViRu.s:93     .text.crc_free_data_register_read:0000000000000000 crc_free_data_register_read
     /tmp/ccDvViRu.s:104    .text.crc_free_data_register_read:0000000000000008 $d
     /tmp/ccDvViRu.s:107    .text.crc_free_data_register_write:0000000000000000 $t
     /tmp/ccDvViRu.s:114    .text.crc_free_data_register_write:0000000000000000 crc_free_data_register_write
     /tmp/ccDvViRu.s:124    .text.crc_free_data_register_write:0000000000000008 $d
     /tmp/ccDvViRu.s:127    .text.crc_single_data_calculate:0000000000000000 $t
     /tmp/ccDvViRu.s:134    .text.crc_single_data_calculate:0000000000000000 crc_single_data_calculate
     /tmp/ccDvViRu.s:145    .text.crc_single_data_calculate:0000000000000008 $d
     /tmp/ccDvViRu.s:148    .text.crc_block_data_calculate:0000000000000000 $t
     /tmp/ccDvViRu.s:155    .text.crc_block_data_calculate:0000000000000000 crc_block_data_calculate
     /tmp/ccDvViRu.s:181    .text.crc_block_data_calculate:0000000000000028 $d

NO UNDEFINED SYMBOLS
