ARM GAS  /tmp/ccwOxB0x.s 			page 1


   1              		.cpu cortex-m4
   2              		.eabi_attribute 27, 1
   3              		.eabi_attribute 28, 1
   4              		.eabi_attribute 20, 1
   5              		.eabi_attribute 21, 1
   6              		.eabi_attribute 23, 3
   7              		.eabi_attribute 24, 1
   8              		.eabi_attribute 25, 1
   9              		.eabi_attribute 26, 1
  10              		.eabi_attribute 30, 1
  11              		.eabi_attribute 34, 1
  12              		.eabi_attribute 18, 4
  13              		.file	"gd32f4xx_trng.c"
  14              		.text
  15              		.section	.text.trng_deinit,"ax",%progbits
  16              		.align	1
  17              		.global	trng_deinit
  18              		.arch armv7e-m
  19              		.syntax unified
  20              		.thumb
  21              		.thumb_func
  22              		.fpu fpv4-sp-d16
  24              	trng_deinit:
  25              		@ args = 0, pretend = 0, frame = 0
  26              		@ frame_needed = 0, uses_anonymous_args = 0
  27 0000 08B5     		push	{r3, lr}
  28 0002 40F20650 		movw	r0, #1286
  29 0006 FFF7FEFF 		bl	rcu_periph_reset_enable
  30 000a 40F20650 		movw	r0, #1286
  31 000e FFF7FEFF 		bl	rcu_periph_reset_disable
  32 0012 08BD     		pop	{r3, pc}
  34              		.section	.text.trng_enable,"ax",%progbits
  35              		.align	1
  36              		.global	trng_enable
  37              		.syntax unified
  38              		.thumb
  39              		.thumb_func
  40              		.fpu fpv4-sp-d16
  42              	trng_enable:
  43              		@ args = 0, pretend = 0, frame = 0
  44              		@ frame_needed = 0, uses_anonymous_args = 0
  45              		@ link register save eliminated.
  46 0000 024A     		ldr	r2, .L4
  47 0002 1368     		ldr	r3, [r2]
  48 0004 43F00403 		orr	r3, r3, #4
  49 0008 1360     		str	r3, [r2]
  50 000a 7047     		bx	lr
  51              	.L5:
  52              		.align	2
  53              	.L4:
  54 000c 00080650 		.word	1342572544
  56              		.section	.text.trng_disable,"ax",%progbits
  57              		.align	1
  58              		.global	trng_disable
  59              		.syntax unified
  60              		.thumb
  61              		.thumb_func
ARM GAS  /tmp/ccwOxB0x.s 			page 2


  62              		.fpu fpv4-sp-d16
  64              	trng_disable:
  65              		@ args = 0, pretend = 0, frame = 0
  66              		@ frame_needed = 0, uses_anonymous_args = 0
  67              		@ link register save eliminated.
  68 0000 024A     		ldr	r2, .L7
  69 0002 1368     		ldr	r3, [r2]
  70 0004 23F00403 		bic	r3, r3, #4
  71 0008 1360     		str	r3, [r2]
  72 000a 7047     		bx	lr
  73              	.L8:
  74              		.align	2
  75              	.L7:
  76 000c 00080650 		.word	1342572544
  78              		.section	.text.trng_get_true_random_data,"ax",%progbits
  79              		.align	1
  80              		.global	trng_get_true_random_data
  81              		.syntax unified
  82              		.thumb
  83              		.thumb_func
  84              		.fpu fpv4-sp-d16
  86              	trng_get_true_random_data:
  87              		@ args = 0, pretend = 0, frame = 0
  88              		@ frame_needed = 0, uses_anonymous_args = 0
  89              		@ link register save eliminated.
  90 0000 014B     		ldr	r3, .L10
  91 0002 1868     		ldr	r0, [r3]
  92 0004 7047     		bx	lr
  93              	.L11:
  94 0006 00BF     		.align	2
  95              	.L10:
  96 0008 08080650 		.word	1342572552
  98              		.section	.text.trng_interrupt_enable,"ax",%progbits
  99              		.align	1
 100              		.global	trng_interrupt_enable
 101              		.syntax unified
 102              		.thumb
 103              		.thumb_func
 104              		.fpu fpv4-sp-d16
 106              	trng_interrupt_enable:
 107              		@ args = 0, pretend = 0, frame = 0
 108              		@ frame_needed = 0, uses_anonymous_args = 0
 109              		@ link register save eliminated.
 110 0000 024A     		ldr	r2, .L13
 111 0002 1368     		ldr	r3, [r2]
 112 0004 43F00803 		orr	r3, r3, #8
 113 0008 1360     		str	r3, [r2]
 114 000a 7047     		bx	lr
 115              	.L14:
 116              		.align	2
 117              	.L13:
 118 000c 00080650 		.word	1342572544
 120              		.section	.text.trng_interrupt_disable,"ax",%progbits
 121              		.align	1
 122              		.global	trng_interrupt_disable
 123              		.syntax unified
 124              		.thumb
ARM GAS  /tmp/ccwOxB0x.s 			page 3


 125              		.thumb_func
 126              		.fpu fpv4-sp-d16
 128              	trng_interrupt_disable:
 129              		@ args = 0, pretend = 0, frame = 0
 130              		@ frame_needed = 0, uses_anonymous_args = 0
 131              		@ link register save eliminated.
 132 0000 024A     		ldr	r2, .L16
 133 0002 1368     		ldr	r3, [r2]
 134 0004 23F00803 		bic	r3, r3, #8
 135 0008 1360     		str	r3, [r2]
 136 000a 7047     		bx	lr
 137              	.L17:
 138              		.align	2
 139              	.L16:
 140 000c 00080650 		.word	1342572544
 142              		.section	.text.trng_flag_get,"ax",%progbits
 143              		.align	1
 144              		.global	trng_flag_get
 145              		.syntax unified
 146              		.thumb
 147              		.thumb_func
 148              		.fpu fpv4-sp-d16
 150              	trng_flag_get:
 151              		@ args = 0, pretend = 0, frame = 0
 152              		@ frame_needed = 0, uses_anonymous_args = 0
 153              		@ link register save eliminated.
 154 0000 034B     		ldr	r3, .L21
 155 0002 1B68     		ldr	r3, [r3]
 156 0004 1842     		tst	r0, r3
 157 0006 01D0     		beq	.L20
 158 0008 0120     		movs	r0, #1
 159 000a 7047     		bx	lr
 160              	.L20:
 161 000c 0020     		movs	r0, #0
 162 000e 7047     		bx	lr
 163              	.L22:
 164              		.align	2
 165              	.L21:
 166 0010 04080650 		.word	1342572548
 168              		.section	.text.trng_interrupt_flag_get,"ax",%progbits
 169              		.align	1
 170              		.global	trng_interrupt_flag_get
 171              		.syntax unified
 172              		.thumb
 173              		.thumb_func
 174              		.fpu fpv4-sp-d16
 176              	trng_interrupt_flag_get:
 177              		@ args = 0, pretend = 0, frame = 0
 178              		@ frame_needed = 0, uses_anonymous_args = 0
 179              		@ link register save eliminated.
 180 0000 034B     		ldr	r3, .L26
 181 0002 1B68     		ldr	r3, [r3]
 182 0004 1842     		tst	r0, r3
 183 0006 01D0     		beq	.L25
 184 0008 0120     		movs	r0, #1
 185 000a 7047     		bx	lr
 186              	.L25:
ARM GAS  /tmp/ccwOxB0x.s 			page 4


 187 000c 0020     		movs	r0, #0
 188 000e 7047     		bx	lr
 189              	.L27:
 190              		.align	2
 191              	.L26:
 192 0010 04080650 		.word	1342572548
 194              		.section	.text.trng_interrupt_flag_clear,"ax",%progbits
 195              		.align	1
 196              		.global	trng_interrupt_flag_clear
 197              		.syntax unified
 198              		.thumb
 199              		.thumb_func
 200              		.fpu fpv4-sp-d16
 202              	trng_interrupt_flag_clear:
 203              		@ args = 0, pretend = 0, frame = 0
 204              		@ frame_needed = 0, uses_anonymous_args = 0
 205              		@ link register save eliminated.
 206 0000 024A     		ldr	r2, .L29
 207 0002 1368     		ldr	r3, [r2]
 208 0004 23EA0000 		bic	r0, r3, r0
 209 0008 1060     		str	r0, [r2]
 210 000a 7047     		bx	lr
 211              	.L30:
 212              		.align	2
 213              	.L29:
 214 000c 04080650 		.word	1342572548
 216              		.ident	"GCC: (GNU Tools for Arm Embedded Processors 8-2019-q3-update) 8.3.1 20190703 (release) [gc
ARM GAS  /tmp/ccwOxB0x.s 			page 5


DEFINED SYMBOLS
                            *ABS*:0000000000000000 gd32f4xx_trng.c
     /tmp/ccwOxB0x.s:16     .text.trng_deinit:0000000000000000 $t
     /tmp/ccwOxB0x.s:24     .text.trng_deinit:0000000000000000 trng_deinit
     /tmp/ccwOxB0x.s:35     .text.trng_enable:0000000000000000 $t
     /tmp/ccwOxB0x.s:42     .text.trng_enable:0000000000000000 trng_enable
     /tmp/ccwOxB0x.s:54     .text.trng_enable:000000000000000c $d
     /tmp/ccwOxB0x.s:57     .text.trng_disable:0000000000000000 $t
     /tmp/ccwOxB0x.s:64     .text.trng_disable:0000000000000000 trng_disable
     /tmp/ccwOxB0x.s:76     .text.trng_disable:000000000000000c $d
     /tmp/ccwOxB0x.s:79     .text.trng_get_true_random_data:0000000000000000 $t
     /tmp/ccwOxB0x.s:86     .text.trng_get_true_random_data:0000000000000000 trng_get_true_random_data
     /tmp/ccwOxB0x.s:96     .text.trng_get_true_random_data:0000000000000008 $d
     /tmp/ccwOxB0x.s:99     .text.trng_interrupt_enable:0000000000000000 $t
     /tmp/ccwOxB0x.s:106    .text.trng_interrupt_enable:0000000000000000 trng_interrupt_enable
     /tmp/ccwOxB0x.s:118    .text.trng_interrupt_enable:000000000000000c $d
     /tmp/ccwOxB0x.s:121    .text.trng_interrupt_disable:0000000000000000 $t
     /tmp/ccwOxB0x.s:128    .text.trng_interrupt_disable:0000000000000000 trng_interrupt_disable
     /tmp/ccwOxB0x.s:140    .text.trng_interrupt_disable:000000000000000c $d
     /tmp/ccwOxB0x.s:143    .text.trng_flag_get:0000000000000000 $t
     /tmp/ccwOxB0x.s:150    .text.trng_flag_get:0000000000000000 trng_flag_get
     /tmp/ccwOxB0x.s:166    .text.trng_flag_get:0000000000000010 $d
     /tmp/ccwOxB0x.s:169    .text.trng_interrupt_flag_get:0000000000000000 $t
     /tmp/ccwOxB0x.s:176    .text.trng_interrupt_flag_get:0000000000000000 trng_interrupt_flag_get
     /tmp/ccwOxB0x.s:192    .text.trng_interrupt_flag_get:0000000000000010 $d
     /tmp/ccwOxB0x.s:195    .text.trng_interrupt_flag_clear:0000000000000000 $t
     /tmp/ccwOxB0x.s:202    .text.trng_interrupt_flag_clear:0000000000000000 trng_interrupt_flag_clear
     /tmp/ccwOxB0x.s:214    .text.trng_interrupt_flag_clear:000000000000000c $d

UNDEFINED SYMBOLS
rcu_periph_reset_enable
rcu_periph_reset_disable
