ARM GAS  /tmp/ccdtDc7z.s 			page 1


   1              		.cpu cortex-m4
   2              		.eabi_attribute 27, 1
   3              		.eabi_attribute 28, 1
   4              		.eabi_attribute 20, 1
   5              		.eabi_attribute 21, 1
   6              		.eabi_attribute 23, 3
   7              		.eabi_attribute 24, 1
   8              		.eabi_attribute 25, 1
   9              		.eabi_attribute 26, 1
  10              		.eabi_attribute 30, 1
  11              		.eabi_attribute 34, 1
  12              		.eabi_attribute 18, 4
  13              		.file	"gd32f4xx_syscfg.c"
  14              		.text
  15              		.section	.text.syscfg_deinit,"ax",%progbits
  16              		.align	1
  17              		.global	syscfg_deinit
  18              		.arch armv7e-m
  19              		.syntax unified
  20              		.thumb
  21              		.thumb_func
  22              		.fpu fpv4-sp-d16
  24              	syscfg_deinit:
  25              		@ args = 0, pretend = 0, frame = 0
  26              		@ frame_needed = 0, uses_anonymous_args = 0
  27 0000 08B5     		push	{r3, lr}
  28 0002 40F60E10 		movw	r0, #2318
  29 0006 FFF7FEFF 		bl	rcu_periph_reset_enable
  30 000a 40F60E10 		movw	r0, #2318
  31 000e FFF7FEFF 		bl	rcu_periph_reset_disable
  32 0012 08BD     		pop	{r3, pc}
  34              		.section	.text.syscfg_bootmode_config,"ax",%progbits
  35              		.align	1
  36              		.global	syscfg_bootmode_config
  37              		.syntax unified
  38              		.thumb
  39              		.thumb_func
  40              		.fpu fpv4-sp-d16
  42              	syscfg_bootmode_config:
  43              		@ args = 0, pretend = 0, frame = 0
  44              		@ frame_needed = 0, uses_anonymous_args = 0
  45              		@ link register save eliminated.
  46 0000 044B     		ldr	r3, .L4
  47 0002 1A68     		ldr	r2, [r3]
  48 0004 22F00702 		bic	r2, r2, #7
  49 0008 1A60     		str	r2, [r3]
  50 000a 1A68     		ldr	r2, [r3]
  51 000c 1043     		orrs	r0, r0, r2
  52 000e 1860     		str	r0, [r3]
  53 0010 7047     		bx	lr
  54              	.L5:
  55 0012 00BF     		.align	2
  56              	.L4:
  57 0014 00380140 		.word	1073821696
  59              		.section	.text.syscfg_fmc_swap_config,"ax",%progbits
  60              		.align	1
  61              		.global	syscfg_fmc_swap_config
ARM GAS  /tmp/ccdtDc7z.s 			page 2


  62              		.syntax unified
  63              		.thumb
  64              		.thumb_func
  65              		.fpu fpv4-sp-d16
  67              	syscfg_fmc_swap_config:
  68              		@ args = 0, pretend = 0, frame = 0
  69              		@ frame_needed = 0, uses_anonymous_args = 0
  70              		@ link register save eliminated.
  71 0000 034A     		ldr	r2, .L7
  72 0002 1368     		ldr	r3, [r2]
  73 0004 23F48073 		bic	r3, r3, #256
  74 0008 1843     		orrs	r0, r0, r3
  75 000a 1060     		str	r0, [r2]
  76 000c 7047     		bx	lr
  77              	.L8:
  78 000e 00BF     		.align	2
  79              	.L7:
  80 0010 00380140 		.word	1073821696
  82              		.section	.text.syscfg_exmc_swap_config,"ax",%progbits
  83              		.align	1
  84              		.global	syscfg_exmc_swap_config
  85              		.syntax unified
  86              		.thumb
  87              		.thumb_func
  88              		.fpu fpv4-sp-d16
  90              	syscfg_exmc_swap_config:
  91              		@ args = 0, pretend = 0, frame = 0
  92              		@ frame_needed = 0, uses_anonymous_args = 0
  93              		@ link register save eliminated.
  94 0000 034A     		ldr	r2, .L10
  95 0002 1368     		ldr	r3, [r2]
  96 0004 23F44063 		bic	r3, r3, #3072
  97 0008 1843     		orrs	r0, r0, r3
  98 000a 1060     		str	r0, [r2]
  99 000c 7047     		bx	lr
 100              	.L11:
 101 000e 00BF     		.align	2
 102              	.L10:
 103 0010 00380140 		.word	1073821696
 105              		.section	.text.syscfg_exti_line_config,"ax",%progbits
 106              		.align	1
 107              		.global	syscfg_exti_line_config
 108              		.syntax unified
 109              		.thumb
 110              		.thumb_func
 111              		.fpu fpv4-sp-d16
 113              	syscfg_exti_line_config:
 114              		@ args = 0, pretend = 0, frame = 0
 115              		@ frame_needed = 0, uses_anonymous_args = 0
 116              		@ link register save eliminated.
 117 0000 01F00302 		and	r2, r1, #3
 118 0004 9200     		lsls	r2, r2, #2
 119 0006 0F23     		movs	r3, #15
 120 0008 9340     		lsls	r3, r3, r2
 121 000a DB43     		mvns	r3, r3
 122 000c 9040     		lsls	r0, r0, r2
 123 000e 8908     		lsrs	r1, r1, #2
ARM GAS  /tmp/ccdtDc7z.s 			page 3


 124 0010 0329     		cmp	r1, #3
 125 0012 22D8     		bhi	.L12
 126 0014 DFE801F0 		tbb	[pc, r1]
 127              	.L15:
 128 0018 02       		.byte	(.L18-.L15)/2
 129 0019 0A       		.byte	(.L17-.L15)/2
 130 001a 12       		.byte	(.L16-.L15)/2
 131 001b 1A       		.byte	(.L14-.L15)/2
 132              		.p2align 1
 133              	.L18:
 134 001c 0F49     		ldr	r1, .L19
 135 001e 0A68     		ldr	r2, [r1]
 136 0020 1340     		ands	r3, r3, r2
 137 0022 0B60     		str	r3, [r1]
 138 0024 0A68     		ldr	r2, [r1]
 139 0026 0243     		orrs	r2, r2, r0
 140 0028 0A60     		str	r2, [r1]
 141 002a 7047     		bx	lr
 142              	.L17:
 143 002c 0C49     		ldr	r1, .L19+4
 144 002e 0A68     		ldr	r2, [r1]
 145 0030 1340     		ands	r3, r3, r2
 146 0032 0B60     		str	r3, [r1]
 147 0034 0A68     		ldr	r2, [r1]
 148 0036 0243     		orrs	r2, r2, r0
 149 0038 0A60     		str	r2, [r1]
 150 003a 7047     		bx	lr
 151              	.L16:
 152 003c 0949     		ldr	r1, .L19+8
 153 003e 0A68     		ldr	r2, [r1]
 154 0040 1340     		ands	r3, r3, r2
 155 0042 0B60     		str	r3, [r1]
 156 0044 0A68     		ldr	r2, [r1]
 157 0046 0243     		orrs	r2, r2, r0
 158 0048 0A60     		str	r2, [r1]
 159 004a 7047     		bx	lr
 160              	.L14:
 161 004c 0649     		ldr	r1, .L19+12
 162 004e 0A68     		ldr	r2, [r1]
 163 0050 1340     		ands	r3, r3, r2
 164 0052 0B60     		str	r3, [r1]
 165 0054 0A68     		ldr	r2, [r1]
 166 0056 0243     		orrs	r2, r2, r0
 167 0058 0A60     		str	r2, [r1]
 168              	.L12:
 169 005a 7047     		bx	lr
 170              	.L20:
 171              		.align	2
 172              	.L19:
 173 005c 08380140 		.word	1073821704
 174 0060 0C380140 		.word	1073821708
 175 0064 10380140 		.word	1073821712
 176 0068 14380140 		.word	1073821716
 178              		.section	.text.syscfg_enet_phy_interface_config,"ax",%progbits
 179              		.align	1
 180              		.global	syscfg_enet_phy_interface_config
 181              		.syntax unified
ARM GAS  /tmp/ccdtDc7z.s 			page 4


 182              		.thumb
 183              		.thumb_func
 184              		.fpu fpv4-sp-d16
 186              	syscfg_enet_phy_interface_config:
 187              		@ args = 0, pretend = 0, frame = 0
 188              		@ frame_needed = 0, uses_anonymous_args = 0
 189              		@ link register save eliminated.
 190 0000 034A     		ldr	r2, .L22
 191 0002 1368     		ldr	r3, [r2]
 192 0004 23F40003 		bic	r3, r3, #8388608
 193 0008 1843     		orrs	r0, r0, r3
 194 000a 1060     		str	r0, [r2]
 195 000c 7047     		bx	lr
 196              	.L23:
 197 000e 00BF     		.align	2
 198              	.L22:
 199 0010 04380140 		.word	1073821700
 201              		.section	.text.syscfg_compensation_config,"ax",%progbits
 202              		.align	1
 203              		.global	syscfg_compensation_config
 204              		.syntax unified
 205              		.thumb
 206              		.thumb_func
 207              		.fpu fpv4-sp-d16
 209              	syscfg_compensation_config:
 210              		@ args = 0, pretend = 0, frame = 0
 211              		@ frame_needed = 0, uses_anonymous_args = 0
 212              		@ link register save eliminated.
 213 0000 034A     		ldr	r2, .L25
 214 0002 1368     		ldr	r3, [r2]
 215 0004 23F00103 		bic	r3, r3, #1
 216 0008 1843     		orrs	r0, r0, r3
 217 000a 1060     		str	r0, [r2]
 218 000c 7047     		bx	lr
 219              	.L26:
 220 000e 00BF     		.align	2
 221              	.L25:
 222 0010 20380140 		.word	1073821728
 224              		.section	.text.syscfg_flag_get,"ax",%progbits
 225              		.align	1
 226              		.global	syscfg_flag_get
 227              		.syntax unified
 228              		.thumb
 229              		.thumb_func
 230              		.fpu fpv4-sp-d16
 232              	syscfg_flag_get:
 233              		@ args = 0, pretend = 0, frame = 0
 234              		@ frame_needed = 0, uses_anonymous_args = 0
 235              		@ link register save eliminated.
 236 0000 044B     		ldr	r3, .L30
 237 0002 1B68     		ldr	r3, [r3]
 238 0004 13F4807F 		tst	r3, #256
 239 0008 01D0     		beq	.L29
 240 000a 0120     		movs	r0, #1
 241 000c 7047     		bx	lr
 242              	.L29:
 243 000e 0020     		movs	r0, #0
ARM GAS  /tmp/ccdtDc7z.s 			page 5


 244 0010 7047     		bx	lr
 245              	.L31:
 246 0012 00BF     		.align	2
 247              	.L30:
 248 0014 20380140 		.word	1073821728
 250              		.ident	"GCC: (GNU Tools for Arm Embedded Processors 8-2019-q3-update) 8.3.1 20190703 (release) [gc
ARM GAS  /tmp/ccdtDc7z.s 			page 6


DEFINED SYMBOLS
                            *ABS*:0000000000000000 gd32f4xx_syscfg.c
     /tmp/ccdtDc7z.s:16     .text.syscfg_deinit:0000000000000000 $t
     /tmp/ccdtDc7z.s:24     .text.syscfg_deinit:0000000000000000 syscfg_deinit
     /tmp/ccdtDc7z.s:35     .text.syscfg_bootmode_config:0000000000000000 $t
     /tmp/ccdtDc7z.s:42     .text.syscfg_bootmode_config:0000000000000000 syscfg_bootmode_config
     /tmp/ccdtDc7z.s:57     .text.syscfg_bootmode_config:0000000000000014 $d
     /tmp/ccdtDc7z.s:60     .text.syscfg_fmc_swap_config:0000000000000000 $t
     /tmp/ccdtDc7z.s:67     .text.syscfg_fmc_swap_config:0000000000000000 syscfg_fmc_swap_config
     /tmp/ccdtDc7z.s:80     .text.syscfg_fmc_swap_config:0000000000000010 $d
     /tmp/ccdtDc7z.s:83     .text.syscfg_exmc_swap_config:0000000000000000 $t
     /tmp/ccdtDc7z.s:90     .text.syscfg_exmc_swap_config:0000000000000000 syscfg_exmc_swap_config
     /tmp/ccdtDc7z.s:103    .text.syscfg_exmc_swap_config:0000000000000010 $d
     /tmp/ccdtDc7z.s:106    .text.syscfg_exti_line_config:0000000000000000 $t
     /tmp/ccdtDc7z.s:113    .text.syscfg_exti_line_config:0000000000000000 syscfg_exti_line_config
     /tmp/ccdtDc7z.s:128    .text.syscfg_exti_line_config:0000000000000018 $d
     /tmp/ccdtDc7z.s:132    .text.syscfg_exti_line_config:000000000000001c $t
     /tmp/ccdtDc7z.s:173    .text.syscfg_exti_line_config:000000000000005c $d
     /tmp/ccdtDc7z.s:179    .text.syscfg_enet_phy_interface_config:0000000000000000 $t
     /tmp/ccdtDc7z.s:186    .text.syscfg_enet_phy_interface_config:0000000000000000 syscfg_enet_phy_interface_config
     /tmp/ccdtDc7z.s:199    .text.syscfg_enet_phy_interface_config:0000000000000010 $d
     /tmp/ccdtDc7z.s:202    .text.syscfg_compensation_config:0000000000000000 $t
     /tmp/ccdtDc7z.s:209    .text.syscfg_compensation_config:0000000000000000 syscfg_compensation_config
     /tmp/ccdtDc7z.s:222    .text.syscfg_compensation_config:0000000000000010 $d
     /tmp/ccdtDc7z.s:225    .text.syscfg_flag_get:0000000000000000 $t
     /tmp/ccdtDc7z.s:232    .text.syscfg_flag_get:0000000000000000 syscfg_flag_get
     /tmp/ccdtDc7z.s:248    .text.syscfg_flag_get:0000000000000014 $d

UNDEFINED SYMBOLS
rcu_periph_reset_enable
rcu_periph_reset_disable
