ARM GAS  /tmp/ccTVQrve.s 			page 1


   1              		.cpu cortex-m4
   2              		.eabi_attribute 27, 1
   3              		.eabi_attribute 28, 1
   4              		.eabi_attribute 20, 1
   5              		.eabi_attribute 21, 1
   6              		.eabi_attribute 23, 3
   7              		.eabi_attribute 24, 1
   8              		.eabi_attribute 25, 1
   9              		.eabi_attribute 26, 1
  10              		.eabi_attribute 30, 1
  11              		.eabi_attribute 34, 1
  12              		.eabi_attribute 18, 4
  13              		.file	"gd32f4xx_spi.c"
  14              		.text
  15              		.section	.text.spi_i2s_deinit,"ax",%progbits
  16              		.align	1
  17              		.global	spi_i2s_deinit
  18              		.arch armv7e-m
  19              		.syntax unified
  20              		.thumb
  21              		.thumb_func
  22              		.fpu fpv4-sp-d16
  24              	spi_i2s_deinit:
  25              		@ args = 0, pretend = 0, frame = 0
  26              		@ frame_needed = 0, uses_anonymous_args = 0
  27 0000 08B5     		push	{r3, lr}
  28 0002 274B     		ldr	r3, .L13
  29 0004 9842     		cmp	r0, r3
  30 0006 1DD0     		beq	.L2
  31 0008 0BD9     		bls	.L11
  32 000a 264B     		ldr	r3, .L13+4
  33 000c 9842     		cmp	r0, r3
  34 000e 34D0     		beq	.L7
  35 0010 03F58063 		add	r3, r3, #1024
  36 0014 9842     		cmp	r0, r3
  37 0016 39D0     		beq	.L8
  38 0018 A3F50053 		sub	r3, r3, #8192
  39 001c 9842     		cmp	r0, r3
  40 001e 23D0     		beq	.L12
  41              	.L1:
  42 0020 08BD     		pop	{r3, pc}
  43              	.L11:
  44 0022 A3F57843 		sub	r3, r3, #63488
  45 0026 9842     		cmp	r0, r3
  46 0028 15D0     		beq	.L4
  47 002a 03F58063 		add	r3, r3, #1024
  48 002e 9842     		cmp	r0, r3
  49 0030 F6D1     		bne	.L1
  50 0032 40F60F00 		movw	r0, #2063
  51 0036 FFF7FEFF 		bl	rcu_periph_reset_enable
  52 003a 40F60F00 		movw	r0, #2063
  53 003e FFF7FEFF 		bl	rcu_periph_reset_disable
  54 0042 EDE7     		b	.L1
  55              	.L2:
  56 0044 40F60C10 		movw	r0, #2316
  57 0048 FFF7FEFF 		bl	rcu_periph_reset_enable
  58 004c 40F60C10 		movw	r0, #2316
ARM GAS  /tmp/ccTVQrve.s 			page 2


  59 0050 FFF7FEFF 		bl	rcu_periph_reset_disable
  60 0054 E4E7     		b	.L1
  61              	.L4:
  62 0056 40F60E00 		movw	r0, #2062
  63 005a FFF7FEFF 		bl	rcu_periph_reset_enable
  64 005e 40F60E00 		movw	r0, #2062
  65 0062 FFF7FEFF 		bl	rcu_periph_reset_disable
  66 0066 DBE7     		b	.L1
  67              	.L12:
  68 0068 40F60D10 		movw	r0, #2317
  69 006c FFF7FEFF 		bl	rcu_periph_reset_enable
  70 0070 40F60D10 		movw	r0, #2317
  71 0074 FFF7FEFF 		bl	rcu_periph_reset_disable
  72 0078 D2E7     		b	.L1
  73              	.L7:
  74 007a 40F61410 		movw	r0, #2324
  75 007e FFF7FEFF 		bl	rcu_periph_reset_enable
  76 0082 40F61410 		movw	r0, #2324
  77 0086 FFF7FEFF 		bl	rcu_periph_reset_disable
  78 008a C9E7     		b	.L1
  79              	.L8:
  80 008c 40F61510 		movw	r0, #2325
  81 0090 FFF7FEFF 		bl	rcu_periph_reset_enable
  82 0094 40F61510 		movw	r0, #2325
  83 0098 FFF7FEFF 		bl	rcu_periph_reset_disable
  84 009c C0E7     		b	.L1
  85              	.L14:
  86 009e 00BF     		.align	2
  87              	.L13:
  88 00a0 00300140 		.word	1073819648
  89 00a4 00500140 		.word	1073827840
  91              		.section	.text.spi_struct_para_init,"ax",%progbits
  92              		.align	1
  93              		.global	spi_struct_para_init
  94              		.syntax unified
  95              		.thumb
  96              		.thumb_func
  97              		.fpu fpv4-sp-d16
  99              	spi_struct_para_init:
 100              		@ args = 0, pretend = 0, frame = 0
 101              		@ frame_needed = 0, uses_anonymous_args = 0
 102              		@ link register save eliminated.
 103 0000 0023     		movs	r3, #0
 104 0002 0360     		str	r3, [r0]
 105 0004 4360     		str	r3, [r0, #4]
 106 0006 8360     		str	r3, [r0, #8]
 107 0008 C360     		str	r3, [r0, #12]
 108 000a 4361     		str	r3, [r0, #20]
 109 000c 8361     		str	r3, [r0, #24]
 110 000e 0361     		str	r3, [r0, #16]
 111 0010 7047     		bx	lr
 113              		.section	.text.spi_init,"ax",%progbits
 114              		.align	1
 115              		.global	spi_init
 116              		.syntax unified
 117              		.thumb
 118              		.thumb_func
ARM GAS  /tmp/ccTVQrve.s 			page 3


 119              		.fpu fpv4-sp-d16
 121              	spi_init:
 122              		@ args = 0, pretend = 0, frame = 0
 123              		@ frame_needed = 0, uses_anonymous_args = 0
 124              		@ link register save eliminated.
 125 0000 0268     		ldr	r2, [r0]
 126 0002 02F44152 		and	r2, r2, #12352
 127 0006 0B68     		ldr	r3, [r1]
 128 0008 1A43     		orrs	r2, r2, r3
 129 000a 4B68     		ldr	r3, [r1, #4]
 130 000c 1A43     		orrs	r2, r2, r3
 131 000e 8B68     		ldr	r3, [r1, #8]
 132 0010 1A43     		orrs	r2, r2, r3
 133 0012 CB68     		ldr	r3, [r1, #12]
 134 0014 1A43     		orrs	r2, r2, r3
 135 0016 0B69     		ldr	r3, [r1, #16]
 136 0018 1A43     		orrs	r2, r2, r3
 137 001a 4B69     		ldr	r3, [r1, #20]
 138 001c 1A43     		orrs	r2, r2, r3
 139 001e 8B69     		ldr	r3, [r1, #24]
 140 0020 1343     		orrs	r3, r3, r2
 141 0022 0360     		str	r3, [r0]
 142 0024 C369     		ldr	r3, [r0, #28]
 143 0026 23F40063 		bic	r3, r3, #2048
 144 002a C361     		str	r3, [r0, #28]
 145 002c 7047     		bx	lr
 147              		.section	.text.spi_enable,"ax",%progbits
 148              		.align	1
 149              		.global	spi_enable
 150              		.syntax unified
 151              		.thumb
 152              		.thumb_func
 153              		.fpu fpv4-sp-d16
 155              	spi_enable:
 156              		@ args = 0, pretend = 0, frame = 0
 157              		@ frame_needed = 0, uses_anonymous_args = 0
 158              		@ link register save eliminated.
 159 0000 0368     		ldr	r3, [r0]
 160 0002 43F04003 		orr	r3, r3, #64
 161 0006 0360     		str	r3, [r0]
 162 0008 7047     		bx	lr
 164              		.section	.text.spi_disable,"ax",%progbits
 165              		.align	1
 166              		.global	spi_disable
 167              		.syntax unified
 168              		.thumb
 169              		.thumb_func
 170              		.fpu fpv4-sp-d16
 172              	spi_disable:
 173              		@ args = 0, pretend = 0, frame = 0
 174              		@ frame_needed = 0, uses_anonymous_args = 0
 175              		@ link register save eliminated.
 176 0000 0368     		ldr	r3, [r0]
 177 0002 23F04003 		bic	r3, r3, #64
 178 0006 0360     		str	r3, [r0]
 179 0008 7047     		bx	lr
 181              		.section	.text.i2s_init,"ax",%progbits
ARM GAS  /tmp/ccTVQrve.s 			page 4


 182              		.align	1
 183              		.global	i2s_init
 184              		.syntax unified
 185              		.thumb
 186              		.thumb_func
 187              		.fpu fpv4-sp-d16
 189              	i2s_init:
 190              		@ args = 0, pretend = 0, frame = 0
 191              		@ frame_needed = 0, uses_anonymous_args = 0
 192              		@ link register save eliminated.
 193 0000 10B4     		push	{r4}
 194 0002 C469     		ldr	r4, [r0, #28]
 195 0004 24F47B64 		bic	r4, r4, #4016
 196 0008 24F00804 		bic	r4, r4, #8
 197 000c 2404     		lsls	r4, r4, #16
 198 000e 240C     		lsrs	r4, r4, #16
 199 0010 44F40064 		orr	r4, r4, #2048
 200 0014 2143     		orrs	r1, r1, r4
 201 0016 1143     		orrs	r1, r1, r2
 202 0018 1943     		orrs	r1, r1, r3
 203 001a C161     		str	r1, [r0, #28]
 204 001c 5DF8044B 		ldr	r4, [sp], #4
 205 0020 7047     		bx	lr
 207              		.section	.text.i2s_psc_config,"ax",%progbits
 208              		.align	1
 209              		.global	i2s_psc_config
 210              		.syntax unified
 211              		.thumb
 212              		.thumb_func
 213              		.fpu fpv4-sp-d16
 215              	i2s_psc_config:
 216              		@ args = 0, pretend = 0, frame = 0
 217              		@ frame_needed = 0, uses_anonymous_args = 0
 218 0000 F8B5     		push	{r3, r4, r5, r6, r7, lr}
 219 0002 0546     		mov	r5, r0
 220 0004 0C46     		mov	r4, r1
 221 0006 1646     		mov	r6, r2
 222 0008 1F46     		mov	r7, r3
 223 000a 0223     		movs	r3, #2
 224 000c 0362     		str	r3, [r0, #32]
 225 000e 1020     		movs	r0, #16
 226 0010 FFF7FEFF 		bl	rcu_osci_on
 227 0014 1020     		movs	r0, #16
 228 0016 FFF7FEFF 		bl	rcu_osci_stab_wait
 229 001a 1A20     		movs	r0, #26
 230 001c FFF7FEFF 		bl	rcu_osci_on
 231 0020 1A20     		movs	r0, #26
 232 0022 FFF7FEFF 		bl	rcu_osci_stab_wait
 233 0026 0020     		movs	r0, #0
 234 0028 FFF7FEFF 		bl	rcu_i2s_clock_config
 235 002c 2748     		ldr	r0, .L31
 236 002e 0168     		ldr	r1, [r0]
 237 0030 01F03F01 		and	r1, r1, #63
 238 0034 264B     		ldr	r3, .L31+4
 239 0036 1A68     		ldr	r2, [r3]
 240 0038 C2F38812 		ubfx	r2, r2, #6, #9
 241 003c 1B68     		ldr	r3, [r3]
ARM GAS  /tmp/ccTVQrve.s 			page 5


 242 003e C3F30273 		ubfx	r3, r3, #28, #3
 243 0042 0068     		ldr	r0, [r0]
 244 0044 10F4800F 		tst	r0, #4194304
 245 0048 11D0     		beq	.L22
 246 004a 2248     		ldr	r0, .L31+8
 247 004c B0FBF1F1 		udiv	r1, r0, r1
 248 0050 02FB01F2 		mul	r2, r2, r1
 249 0054 B2FBF3F3 		udiv	r3, r2, r3
 250              	.L23:
 251 0058 B7F5007F 		cmp	r7, #512
 252 005c 0FD0     		beq	.L30
 253 005e 76BB     		cbnz	r6, .L26
 254 0060 5A09     		lsrs	r2, r3, #5
 255 0062 02EB8202 		add	r2, r2, r2, lsl #2
 256 0066 5300     		lsls	r3, r2, #1
 257 0068 B3FBF4F3 		udiv	r3, r3, r4
 258 006c 0DE0     		b	.L25
 259              	.L22:
 260 006e 1A48     		ldr	r0, .L31+12
 261 0070 B0FBF1F1 		udiv	r1, r0, r1
 262 0074 02FB01F2 		mul	r2, r2, r1
 263 0078 B2FBF3F3 		udiv	r3, r2, r3
 264 007c ECE7     		b	.L23
 265              	.L30:
 266 007e 1A0A     		lsrs	r2, r3, #8
 267 0080 02EB8202 		add	r2, r2, r2, lsl #2
 268 0084 5300     		lsls	r3, r2, #1
 269 0086 B3FBF4F3 		udiv	r3, r3, r4
 270              	.L25:
 271 008a 0533     		adds	r3, r3, #5
 272 008c 134C     		ldr	r4, .L31+16
 273 008e A4FB0323 		umull	r2, r3, r4, r3
 274 0092 DB08     		lsrs	r3, r3, #3
 275 0094 03F00102 		and	r2, r3, #1
 276 0098 9B1A     		subs	r3, r3, r2
 277 009a 5B08     		lsrs	r3, r3, #1
 278 009c 1202     		lsls	r2, r2, #8
 279 009e 991E     		subs	r1, r3, #2
 280 00a0 FD29     		cmp	r1, #253
 281 00a2 01D9     		bls	.L27
 282 00a4 0022     		movs	r2, #0
 283 00a6 0223     		movs	r3, #2
 284              	.L27:
 285 00a8 1343     		orrs	r3, r3, r2
 286 00aa 3B43     		orrs	r3, r3, r7
 287 00ac 2B62     		str	r3, [r5, #32]
 288 00ae EB69     		ldr	r3, [r5, #28]
 289 00b0 23F00703 		bic	r3, r3, #7
 290 00b4 EB61     		str	r3, [r5, #28]
 291 00b6 EB69     		ldr	r3, [r5, #28]
 292 00b8 1E43     		orrs	r6, r6, r3
 293 00ba EE61     		str	r6, [r5, #28]
 294 00bc F8BD     		pop	{r3, r4, r5, r6, r7, pc}
 295              	.L26:
 296 00be 9A09     		lsrs	r2, r3, #6
 297 00c0 02EB8202 		add	r2, r2, r2, lsl #2
 298 00c4 5300     		lsls	r3, r2, #1
ARM GAS  /tmp/ccTVQrve.s 			page 6


 299 00c6 B3FBF4F3 		udiv	r3, r3, r4
 300 00ca DEE7     		b	.L25
 301              	.L32:
 302              		.align	2
 303              	.L31:
 304 00cc 04380240 		.word	1073887236
 305 00d0 84380240 		.word	1073887364
 306 00d4 40787D01 		.word	25000000
 307 00d8 0024F400 		.word	16000000
 308 00dc CDCCCCCC 		.word	-858993459
 310              		.section	.text.i2s_enable,"ax",%progbits
 311              		.align	1
 312              		.global	i2s_enable
 313              		.syntax unified
 314              		.thumb
 315              		.thumb_func
 316              		.fpu fpv4-sp-d16
 318              	i2s_enable:
 319              		@ args = 0, pretend = 0, frame = 0
 320              		@ frame_needed = 0, uses_anonymous_args = 0
 321              		@ link register save eliminated.
 322 0000 C369     		ldr	r3, [r0, #28]
 323 0002 43F48063 		orr	r3, r3, #1024
 324 0006 C361     		str	r3, [r0, #28]
 325 0008 7047     		bx	lr
 327              		.section	.text.i2s_disable,"ax",%progbits
 328              		.align	1
 329              		.global	i2s_disable
 330              		.syntax unified
 331              		.thumb
 332              		.thumb_func
 333              		.fpu fpv4-sp-d16
 335              	i2s_disable:
 336              		@ args = 0, pretend = 0, frame = 0
 337              		@ frame_needed = 0, uses_anonymous_args = 0
 338              		@ link register save eliminated.
 339 0000 C369     		ldr	r3, [r0, #28]
 340 0002 23F48063 		bic	r3, r3, #1024
 341 0006 C361     		str	r3, [r0, #28]
 342 0008 7047     		bx	lr
 344              		.section	.text.spi_nss_output_enable,"ax",%progbits
 345              		.align	1
 346              		.global	spi_nss_output_enable
 347              		.syntax unified
 348              		.thumb
 349              		.thumb_func
 350              		.fpu fpv4-sp-d16
 352              	spi_nss_output_enable:
 353              		@ args = 0, pretend = 0, frame = 0
 354              		@ frame_needed = 0, uses_anonymous_args = 0
 355              		@ link register save eliminated.
 356 0000 4368     		ldr	r3, [r0, #4]
 357 0002 43F00403 		orr	r3, r3, #4
 358 0006 4360     		str	r3, [r0, #4]
 359 0008 7047     		bx	lr
 361              		.section	.text.spi_nss_output_disable,"ax",%progbits
 362              		.align	1
ARM GAS  /tmp/ccTVQrve.s 			page 7


 363              		.global	spi_nss_output_disable
 364              		.syntax unified
 365              		.thumb
 366              		.thumb_func
 367              		.fpu fpv4-sp-d16
 369              	spi_nss_output_disable:
 370              		@ args = 0, pretend = 0, frame = 0
 371              		@ frame_needed = 0, uses_anonymous_args = 0
 372              		@ link register save eliminated.
 373 0000 4368     		ldr	r3, [r0, #4]
 374 0002 23F00403 		bic	r3, r3, #4
 375 0006 4360     		str	r3, [r0, #4]
 376 0008 7047     		bx	lr
 378              		.section	.text.spi_nss_internal_high,"ax",%progbits
 379              		.align	1
 380              		.global	spi_nss_internal_high
 381              		.syntax unified
 382              		.thumb
 383              		.thumb_func
 384              		.fpu fpv4-sp-d16
 386              	spi_nss_internal_high:
 387              		@ args = 0, pretend = 0, frame = 0
 388              		@ frame_needed = 0, uses_anonymous_args = 0
 389              		@ link register save eliminated.
 390 0000 0368     		ldr	r3, [r0]
 391 0002 43F48073 		orr	r3, r3, #256
 392 0006 0360     		str	r3, [r0]
 393 0008 7047     		bx	lr
 395              		.section	.text.spi_nss_internal_low,"ax",%progbits
 396              		.align	1
 397              		.global	spi_nss_internal_low
 398              		.syntax unified
 399              		.thumb
 400              		.thumb_func
 401              		.fpu fpv4-sp-d16
 403              	spi_nss_internal_low:
 404              		@ args = 0, pretend = 0, frame = 0
 405              		@ frame_needed = 0, uses_anonymous_args = 0
 406              		@ link register save eliminated.
 407 0000 0368     		ldr	r3, [r0]
 408 0002 23F48073 		bic	r3, r3, #256
 409 0006 0360     		str	r3, [r0]
 410 0008 7047     		bx	lr
 412              		.section	.text.spi_dma_enable,"ax",%progbits
 413              		.align	1
 414              		.global	spi_dma_enable
 415              		.syntax unified
 416              		.thumb
 417              		.thumb_func
 418              		.fpu fpv4-sp-d16
 420              	spi_dma_enable:
 421              		@ args = 0, pretend = 0, frame = 0
 422              		@ frame_needed = 0, uses_anonymous_args = 0
 423              		@ link register save eliminated.
 424 0000 21B9     		cbnz	r1, .L40
 425 0002 4368     		ldr	r3, [r0, #4]
 426 0004 43F00203 		orr	r3, r3, #2
ARM GAS  /tmp/ccTVQrve.s 			page 8


 427 0008 4360     		str	r3, [r0, #4]
 428 000a 7047     		bx	lr
 429              	.L40:
 430 000c 4368     		ldr	r3, [r0, #4]
 431 000e 43F00103 		orr	r3, r3, #1
 432 0012 4360     		str	r3, [r0, #4]
 433 0014 7047     		bx	lr
 435              		.section	.text.spi_dma_disable,"ax",%progbits
 436              		.align	1
 437              		.global	spi_dma_disable
 438              		.syntax unified
 439              		.thumb
 440              		.thumb_func
 441              		.fpu fpv4-sp-d16
 443              	spi_dma_disable:
 444              		@ args = 0, pretend = 0, frame = 0
 445              		@ frame_needed = 0, uses_anonymous_args = 0
 446              		@ link register save eliminated.
 447 0000 21B9     		cbnz	r1, .L43
 448 0002 4368     		ldr	r3, [r0, #4]
 449 0004 23F00203 		bic	r3, r3, #2
 450 0008 4360     		str	r3, [r0, #4]
 451 000a 7047     		bx	lr
 452              	.L43:
 453 000c 4368     		ldr	r3, [r0, #4]
 454 000e 23F00103 		bic	r3, r3, #1
 455 0012 4360     		str	r3, [r0, #4]
 456 0014 7047     		bx	lr
 458              		.section	.text.spi_i2s_data_frame_format_config,"ax",%progbits
 459              		.align	1
 460              		.global	spi_i2s_data_frame_format_config
 461              		.syntax unified
 462              		.thumb
 463              		.thumb_func
 464              		.fpu fpv4-sp-d16
 466              	spi_i2s_data_frame_format_config:
 467              		@ args = 0, pretend = 0, frame = 0
 468              		@ frame_needed = 0, uses_anonymous_args = 0
 469              		@ link register save eliminated.
 470 0000 0368     		ldr	r3, [r0]
 471 0002 23F40063 		bic	r3, r3, #2048
 472 0006 0360     		str	r3, [r0]
 473 0008 0368     		ldr	r3, [r0]
 474 000a 1943     		orrs	r1, r1, r3
 475 000c 0160     		str	r1, [r0]
 476 000e 7047     		bx	lr
 478              		.section	.text.spi_i2s_data_transmit,"ax",%progbits
 479              		.align	1
 480              		.global	spi_i2s_data_transmit
 481              		.syntax unified
 482              		.thumb
 483              		.thumb_func
 484              		.fpu fpv4-sp-d16
 486              	spi_i2s_data_transmit:
 487              		@ args = 0, pretend = 0, frame = 0
 488              		@ frame_needed = 0, uses_anonymous_args = 0
 489              		@ link register save eliminated.
ARM GAS  /tmp/ccTVQrve.s 			page 9


 490 0000 C160     		str	r1, [r0, #12]
 491 0002 7047     		bx	lr
 493              		.section	.text.spi_i2s_data_receive,"ax",%progbits
 494              		.align	1
 495              		.global	spi_i2s_data_receive
 496              		.syntax unified
 497              		.thumb
 498              		.thumb_func
 499              		.fpu fpv4-sp-d16
 501              	spi_i2s_data_receive:
 502              		@ args = 0, pretend = 0, frame = 0
 503              		@ frame_needed = 0, uses_anonymous_args = 0
 504              		@ link register save eliminated.
 505 0000 C068     		ldr	r0, [r0, #12]
 506 0002 80B2     		uxth	r0, r0
 507 0004 7047     		bx	lr
 509              		.section	.text.spi_bidirectional_transfer_config,"ax",%progbits
 510              		.align	1
 511              		.global	spi_bidirectional_transfer_config
 512              		.syntax unified
 513              		.thumb
 514              		.thumb_func
 515              		.fpu fpv4-sp-d16
 517              	spi_bidirectional_transfer_config:
 518              		@ args = 0, pretend = 0, frame = 0
 519              		@ frame_needed = 0, uses_anonymous_args = 0
 520              		@ link register save eliminated.
 521 0000 B1F5804F 		cmp	r1, #16384
 522 0004 04D0     		beq	.L51
 523 0006 0368     		ldr	r3, [r0]
 524 0008 23F48043 		bic	r3, r3, #16384
 525 000c 0360     		str	r3, [r0]
 526 000e 7047     		bx	lr
 527              	.L51:
 528 0010 0368     		ldr	r3, [r0]
 529 0012 43F48043 		orr	r3, r3, #16384
 530 0016 0360     		str	r3, [r0]
 531 0018 7047     		bx	lr
 533              		.section	.text.spi_crc_polynomial_set,"ax",%progbits
 534              		.align	1
 535              		.global	spi_crc_polynomial_set
 536              		.syntax unified
 537              		.thumb
 538              		.thumb_func
 539              		.fpu fpv4-sp-d16
 541              	spi_crc_polynomial_set:
 542              		@ args = 0, pretend = 0, frame = 0
 543              		@ frame_needed = 0, uses_anonymous_args = 0
 544              		@ link register save eliminated.
 545 0000 0368     		ldr	r3, [r0]
 546 0002 43F40053 		orr	r3, r3, #8192
 547 0006 0360     		str	r3, [r0]
 548 0008 0161     		str	r1, [r0, #16]
 549 000a 7047     		bx	lr
 551              		.section	.text.spi_crc_polynomial_get,"ax",%progbits
 552              		.align	1
 553              		.global	spi_crc_polynomial_get
ARM GAS  /tmp/ccTVQrve.s 			page 10


 554              		.syntax unified
 555              		.thumb
 556              		.thumb_func
 557              		.fpu fpv4-sp-d16
 559              	spi_crc_polynomial_get:
 560              		@ args = 0, pretend = 0, frame = 0
 561              		@ frame_needed = 0, uses_anonymous_args = 0
 562              		@ link register save eliminated.
 563 0000 0069     		ldr	r0, [r0, #16]
 564 0002 80B2     		uxth	r0, r0
 565 0004 7047     		bx	lr
 567              		.section	.text.spi_crc_on,"ax",%progbits
 568              		.align	1
 569              		.global	spi_crc_on
 570              		.syntax unified
 571              		.thumb
 572              		.thumb_func
 573              		.fpu fpv4-sp-d16
 575              	spi_crc_on:
 576              		@ args = 0, pretend = 0, frame = 0
 577              		@ frame_needed = 0, uses_anonymous_args = 0
 578              		@ link register save eliminated.
 579 0000 0368     		ldr	r3, [r0]
 580 0002 43F40053 		orr	r3, r3, #8192
 581 0006 0360     		str	r3, [r0]
 582 0008 7047     		bx	lr
 584              		.section	.text.spi_crc_off,"ax",%progbits
 585              		.align	1
 586              		.global	spi_crc_off
 587              		.syntax unified
 588              		.thumb
 589              		.thumb_func
 590              		.fpu fpv4-sp-d16
 592              	spi_crc_off:
 593              		@ args = 0, pretend = 0, frame = 0
 594              		@ frame_needed = 0, uses_anonymous_args = 0
 595              		@ link register save eliminated.
 596 0000 0368     		ldr	r3, [r0]
 597 0002 23F40053 		bic	r3, r3, #8192
 598 0006 0360     		str	r3, [r0]
 599 0008 7047     		bx	lr
 601              		.section	.text.spi_crc_next,"ax",%progbits
 602              		.align	1
 603              		.global	spi_crc_next
 604              		.syntax unified
 605              		.thumb
 606              		.thumb_func
 607              		.fpu fpv4-sp-d16
 609              	spi_crc_next:
 610              		@ args = 0, pretend = 0, frame = 0
 611              		@ frame_needed = 0, uses_anonymous_args = 0
 612              		@ link register save eliminated.
 613 0000 0368     		ldr	r3, [r0]
 614 0002 43F48053 		orr	r3, r3, #4096
 615 0006 0360     		str	r3, [r0]
 616 0008 7047     		bx	lr
 618              		.section	.text.spi_crc_get,"ax",%progbits
ARM GAS  /tmp/ccTVQrve.s 			page 11


 619              		.align	1
 620              		.global	spi_crc_get
 621              		.syntax unified
 622              		.thumb
 623              		.thumb_func
 624              		.fpu fpv4-sp-d16
 626              	spi_crc_get:
 627              		@ args = 0, pretend = 0, frame = 0
 628              		@ frame_needed = 0, uses_anonymous_args = 0
 629              		@ link register save eliminated.
 630 0000 11B9     		cbnz	r1, .L58
 631 0002 8069     		ldr	r0, [r0, #24]
 632 0004 80B2     		uxth	r0, r0
 633 0006 7047     		bx	lr
 634              	.L58:
 635 0008 4069     		ldr	r0, [r0, #20]
 636 000a 80B2     		uxth	r0, r0
 637 000c 7047     		bx	lr
 639              		.section	.text.spi_ti_mode_enable,"ax",%progbits
 640              		.align	1
 641              		.global	spi_ti_mode_enable
 642              		.syntax unified
 643              		.thumb
 644              		.thumb_func
 645              		.fpu fpv4-sp-d16
 647              	spi_ti_mode_enable:
 648              		@ args = 0, pretend = 0, frame = 0
 649              		@ frame_needed = 0, uses_anonymous_args = 0
 650              		@ link register save eliminated.
 651 0000 4368     		ldr	r3, [r0, #4]
 652 0002 43F01003 		orr	r3, r3, #16
 653 0006 4360     		str	r3, [r0, #4]
 654 0008 7047     		bx	lr
 656              		.section	.text.spi_ti_mode_disable,"ax",%progbits
 657              		.align	1
 658              		.global	spi_ti_mode_disable
 659              		.syntax unified
 660              		.thumb
 661              		.thumb_func
 662              		.fpu fpv4-sp-d16
 664              	spi_ti_mode_disable:
 665              		@ args = 0, pretend = 0, frame = 0
 666              		@ frame_needed = 0, uses_anonymous_args = 0
 667              		@ link register save eliminated.
 668 0000 4368     		ldr	r3, [r0, #4]
 669 0002 23F01003 		bic	r3, r3, #16
 670 0006 4360     		str	r3, [r0, #4]
 671 0008 7047     		bx	lr
 673              		.section	.text.i2s_full_duplex_mode_config,"ax",%progbits
 674              		.align	1
 675              		.global	i2s_full_duplex_mode_config
 676              		.syntax unified
 677              		.thumb
 678              		.thumb_func
 679              		.fpu fpv4-sp-d16
 681              	i2s_full_duplex_mode_config:
 682              		@ args = 4, pretend = 0, frame = 0
ARM GAS  /tmp/ccTVQrve.s 			page 12


 683              		@ frame_needed = 0, uses_anonymous_args = 0
 684              		@ link register save eliminated.
 685 0000 10B4     		push	{r4}
 686 0002 C469     		ldr	r4, [r0, #28]
 687 0004 04F49064 		and	r4, r4, #1152
 688 0008 B1F5007F 		cmp	r1, #512
 689 000c 03D0     		beq	.L64
 690 000e 79B9     		cbnz	r1, .L65
 691 0010 4FF48071 		mov	r1, #256
 692 0014 01E0     		b	.L63
 693              	.L64:
 694 0016 4FF48071 		mov	r1, #256
 695              	.L63:
 696 001a 44F40064 		orr	r4, r4, #2048
 697 001e 2143     		orrs	r1, r1, r4
 698 0020 1143     		orrs	r1, r1, r2
 699 0022 1943     		orrs	r1, r1, r3
 700 0024 019B     		ldr	r3, [sp, #4]
 701 0026 1943     		orrs	r1, r1, r3
 702 0028 C161     		str	r1, [r0, #28]
 703 002a 5DF8044B 		ldr	r4, [sp], #4
 704 002e 7047     		bx	lr
 705              	.L65:
 706 0030 0021     		movs	r1, #0
 707 0032 F2E7     		b	.L63
 709              		.section	.text.qspi_enable,"ax",%progbits
 710              		.align	1
 711              		.global	qspi_enable
 712              		.syntax unified
 713              		.thumb
 714              		.thumb_func
 715              		.fpu fpv4-sp-d16
 717              	qspi_enable:
 718              		@ args = 0, pretend = 0, frame = 0
 719              		@ frame_needed = 0, uses_anonymous_args = 0
 720              		@ link register save eliminated.
 721 0000 D0F88030 		ldr	r3, [r0, #128]
 722 0004 43F00103 		orr	r3, r3, #1
 723 0008 C0F88030 		str	r3, [r0, #128]
 724 000c 7047     		bx	lr
 726              		.section	.text.qspi_disable,"ax",%progbits
 727              		.align	1
 728              		.global	qspi_disable
 729              		.syntax unified
 730              		.thumb
 731              		.thumb_func
 732              		.fpu fpv4-sp-d16
 734              	qspi_disable:
 735              		@ args = 0, pretend = 0, frame = 0
 736              		@ frame_needed = 0, uses_anonymous_args = 0
 737              		@ link register save eliminated.
 738 0000 D0F88030 		ldr	r3, [r0, #128]
 739 0004 23F00103 		bic	r3, r3, #1
 740 0008 C0F88030 		str	r3, [r0, #128]
 741 000c 7047     		bx	lr
 743              		.section	.text.qspi_write_enable,"ax",%progbits
 744              		.align	1
ARM GAS  /tmp/ccTVQrve.s 			page 13


 745              		.global	qspi_write_enable
 746              		.syntax unified
 747              		.thumb
 748              		.thumb_func
 749              		.fpu fpv4-sp-d16
 751              	qspi_write_enable:
 752              		@ args = 0, pretend = 0, frame = 0
 753              		@ frame_needed = 0, uses_anonymous_args = 0
 754              		@ link register save eliminated.
 755 0000 D0F88030 		ldr	r3, [r0, #128]
 756 0004 23F00203 		bic	r3, r3, #2
 757 0008 C0F88030 		str	r3, [r0, #128]
 758 000c 7047     		bx	lr
 760              		.section	.text.qspi_read_enable,"ax",%progbits
 761              		.align	1
 762              		.global	qspi_read_enable
 763              		.syntax unified
 764              		.thumb
 765              		.thumb_func
 766              		.fpu fpv4-sp-d16
 768              	qspi_read_enable:
 769              		@ args = 0, pretend = 0, frame = 0
 770              		@ frame_needed = 0, uses_anonymous_args = 0
 771              		@ link register save eliminated.
 772 0000 D0F88030 		ldr	r3, [r0, #128]
 773 0004 43F00203 		orr	r3, r3, #2
 774 0008 C0F88030 		str	r3, [r0, #128]
 775 000c 7047     		bx	lr
 777              		.section	.text.qspi_io23_output_enable,"ax",%progbits
 778              		.align	1
 779              		.global	qspi_io23_output_enable
 780              		.syntax unified
 781              		.thumb
 782              		.thumb_func
 783              		.fpu fpv4-sp-d16
 785              	qspi_io23_output_enable:
 786              		@ args = 0, pretend = 0, frame = 0
 787              		@ frame_needed = 0, uses_anonymous_args = 0
 788              		@ link register save eliminated.
 789 0000 D0F88030 		ldr	r3, [r0, #128]
 790 0004 43F00403 		orr	r3, r3, #4
 791 0008 C0F88030 		str	r3, [r0, #128]
 792 000c 7047     		bx	lr
 794              		.section	.text.qspi_io23_output_disable,"ax",%progbits
 795              		.align	1
 796              		.global	qspi_io23_output_disable
 797              		.syntax unified
 798              		.thumb
 799              		.thumb_func
 800              		.fpu fpv4-sp-d16
 802              	qspi_io23_output_disable:
 803              		@ args = 0, pretend = 0, frame = 0
 804              		@ frame_needed = 0, uses_anonymous_args = 0
 805              		@ link register save eliminated.
 806 0000 D0F88030 		ldr	r3, [r0, #128]
 807 0004 23F00403 		bic	r3, r3, #4
 808 0008 C0F88030 		str	r3, [r0, #128]
ARM GAS  /tmp/ccTVQrve.s 			page 14


 809 000c 7047     		bx	lr
 811              		.section	.text.spi_i2s_interrupt_enable,"ax",%progbits
 812              		.align	1
 813              		.global	spi_i2s_interrupt_enable
 814              		.syntax unified
 815              		.thumb
 816              		.thumb_func
 817              		.fpu fpv4-sp-d16
 819              	spi_i2s_interrupt_enable:
 820              		@ args = 0, pretend = 0, frame = 0
 821              		@ frame_needed = 0, uses_anonymous_args = 0
 822              		@ link register save eliminated.
 823 0000 0129     		cmp	r1, #1
 824 0002 09D0     		beq	.L74
 825 0004 4BB2     		sxtb	r3, r1
 826 0006 13B1     		cbz	r3, .L75
 827 0008 0229     		cmp	r1, #2
 828 000a 0AD0     		beq	.L76
 829 000c 7047     		bx	lr
 830              	.L75:
 831 000e 4368     		ldr	r3, [r0, #4]
 832 0010 43F08003 		orr	r3, r3, #128
 833 0014 4360     		str	r3, [r0, #4]
 834 0016 7047     		bx	lr
 835              	.L74:
 836 0018 4368     		ldr	r3, [r0, #4]
 837 001a 43F04003 		orr	r3, r3, #64
 838 001e 4360     		str	r3, [r0, #4]
 839 0020 7047     		bx	lr
 840              	.L76:
 841 0022 4368     		ldr	r3, [r0, #4]
 842 0024 43F02003 		orr	r3, r3, #32
 843 0028 4360     		str	r3, [r0, #4]
 844 002a 7047     		bx	lr
 846              		.section	.text.spi_i2s_interrupt_disable,"ax",%progbits
 847              		.align	1
 848              		.global	spi_i2s_interrupt_disable
 849              		.syntax unified
 850              		.thumb
 851              		.thumb_func
 852              		.fpu fpv4-sp-d16
 854              	spi_i2s_interrupt_disable:
 855              		@ args = 0, pretend = 0, frame = 0
 856              		@ frame_needed = 0, uses_anonymous_args = 0
 857              		@ link register save eliminated.
 858 0000 0129     		cmp	r1, #1
 859 0002 09D0     		beq	.L79
 860 0004 4BB2     		sxtb	r3, r1
 861 0006 13B1     		cbz	r3, .L80
 862 0008 0229     		cmp	r1, #2
 863 000a 0AD0     		beq	.L81
 864 000c 7047     		bx	lr
 865              	.L80:
 866 000e 4368     		ldr	r3, [r0, #4]
 867 0010 23F08003 		bic	r3, r3, #128
 868 0014 4360     		str	r3, [r0, #4]
 869 0016 7047     		bx	lr
ARM GAS  /tmp/ccTVQrve.s 			page 15


 870              	.L79:
 871 0018 4368     		ldr	r3, [r0, #4]
 872 001a 23F04003 		bic	r3, r3, #64
 873 001e 4360     		str	r3, [r0, #4]
 874 0020 7047     		bx	lr
 875              	.L81:
 876 0022 4368     		ldr	r3, [r0, #4]
 877 0024 23F02003 		bic	r3, r3, #32
 878 0028 4360     		str	r3, [r0, #4]
 879 002a 7047     		bx	lr
 881              		.section	.text.spi_i2s_interrupt_flag_get,"ax",%progbits
 882              		.align	1
 883              		.global	spi_i2s_interrupt_flag_get
 884              		.syntax unified
 885              		.thumb
 886              		.thumb_func
 887              		.fpu fpv4-sp-d16
 889              	spi_i2s_interrupt_flag_get:
 890              		@ args = 0, pretend = 0, frame = 0
 891              		@ frame_needed = 0, uses_anonymous_args = 0
 892              		@ link register save eliminated.
 893 0000 8368     		ldr	r3, [r0, #8]
 894 0002 4268     		ldr	r2, [r0, #4]
 895 0004 0629     		cmp	r1, #6
 896 0006 09D8     		bhi	.L84
 897 0008 DFE801F0 		tbb	[pc, r1]
 898              	.L86:
 899 000c 04       		.byte	(.L92-.L86)/2
 900 000d 0C       		.byte	(.L91-.L86)/2
 901 000e 11       		.byte	(.L90-.L86)/2
 902 000f 16       		.byte	(.L89-.L86)/2
 903 0010 1B       		.byte	(.L88-.L86)/2
 904 0011 20       		.byte	(.L87-.L86)/2
 905 0012 25       		.byte	(.L85-.L86)/2
 906 0013 00       		.p2align 1
 907              	.L92:
 908 0014 03F00203 		and	r3, r3, #2
 909 0018 02F08002 		and	r2, r2, #128
 910              	.L84:
 911 001c 03B3     		cbz	r3, .L94
 912 001e 0ABB     		cbnz	r2, .L95
 913 0020 0020     		movs	r0, #0
 914 0022 7047     		bx	lr
 915              	.L91:
 916 0024 03F00103 		and	r3, r3, #1
 917 0028 02F04002 		and	r2, r2, #64
 918 002c F6E7     		b	.L84
 919              	.L90:
 920 002e 03F04003 		and	r3, r3, #64
 921 0032 02F02002 		and	r2, r2, #32
 922 0036 F1E7     		b	.L84
 923              	.L89:
 924 0038 03F02003 		and	r3, r3, #32
 925 003c 02F02002 		and	r2, r2, #32
 926 0040 ECE7     		b	.L84
 927              	.L88:
 928 0042 03F01003 		and	r3, r3, #16
ARM GAS  /tmp/ccTVQrve.s 			page 16


 929 0046 02F02002 		and	r2, r2, #32
 930 004a E7E7     		b	.L84
 931              	.L87:
 932 004c 03F00803 		and	r3, r3, #8
 933 0050 02F02002 		and	r2, r2, #32
 934 0054 E2E7     		b	.L84
 935              	.L85:
 936 0056 03F48073 		and	r3, r3, #256
 937 005a 02F02002 		and	r2, r2, #32
 938 005e DDE7     		b	.L84
 939              	.L94:
 940 0060 0020     		movs	r0, #0
 941 0062 7047     		bx	lr
 942              	.L95:
 943 0064 0120     		movs	r0, #1
 944 0066 7047     		bx	lr
 946              		.section	.text.spi_i2s_flag_get,"ax",%progbits
 947              		.align	1
 948              		.global	spi_i2s_flag_get
 949              		.syntax unified
 950              		.thumb
 951              		.thumb_func
 952              		.fpu fpv4-sp-d16
 954              	spi_i2s_flag_get:
 955              		@ args = 0, pretend = 0, frame = 0
 956              		@ frame_needed = 0, uses_anonymous_args = 0
 957              		@ link register save eliminated.
 958 0000 8368     		ldr	r3, [r0, #8]
 959 0002 0B42     		tst	r3, r1
 960 0004 01D0     		beq	.L98
 961 0006 0120     		movs	r0, #1
 962 0008 7047     		bx	lr
 963              	.L98:
 964 000a 0020     		movs	r0, #0
 965 000c 7047     		bx	lr
 967              		.section	.text.spi_crc_error_clear,"ax",%progbits
 968              		.align	1
 969              		.global	spi_crc_error_clear
 970              		.syntax unified
 971              		.thumb
 972              		.thumb_func
 973              		.fpu fpv4-sp-d16
 975              	spi_crc_error_clear:
 976              		@ args = 0, pretend = 0, frame = 0
 977              		@ frame_needed = 0, uses_anonymous_args = 0
 978              		@ link register save eliminated.
 979 0000 8368     		ldr	r3, [r0, #8]
 980 0002 23F01003 		bic	r3, r3, #16
 981 0006 8360     		str	r3, [r0, #8]
 982 0008 7047     		bx	lr
 984              		.ident	"GCC: (GNU Tools for Arm Embedded Processors 8-2019-q3-update) 8.3.1 20190703 (release) [gc
ARM GAS  /tmp/ccTVQrve.s 			page 17


DEFINED SYMBOLS
                            *ABS*:0000000000000000 gd32f4xx_spi.c
     /tmp/ccTVQrve.s:16     .text.spi_i2s_deinit:0000000000000000 $t
     /tmp/ccTVQrve.s:24     .text.spi_i2s_deinit:0000000000000000 spi_i2s_deinit
     /tmp/ccTVQrve.s:88     .text.spi_i2s_deinit:00000000000000a0 $d
     /tmp/ccTVQrve.s:92     .text.spi_struct_para_init:0000000000000000 $t
     /tmp/ccTVQrve.s:99     .text.spi_struct_para_init:0000000000000000 spi_struct_para_init
     /tmp/ccTVQrve.s:114    .text.spi_init:0000000000000000 $t
     /tmp/ccTVQrve.s:121    .text.spi_init:0000000000000000 spi_init
     /tmp/ccTVQrve.s:148    .text.spi_enable:0000000000000000 $t
     /tmp/ccTVQrve.s:155    .text.spi_enable:0000000000000000 spi_enable
     /tmp/ccTVQrve.s:165    .text.spi_disable:0000000000000000 $t
     /tmp/ccTVQrve.s:172    .text.spi_disable:0000000000000000 spi_disable
     /tmp/ccTVQrve.s:182    .text.i2s_init:0000000000000000 $t
     /tmp/ccTVQrve.s:189    .text.i2s_init:0000000000000000 i2s_init
     /tmp/ccTVQrve.s:208    .text.i2s_psc_config:0000000000000000 $t
     /tmp/ccTVQrve.s:215    .text.i2s_psc_config:0000000000000000 i2s_psc_config
     /tmp/ccTVQrve.s:304    .text.i2s_psc_config:00000000000000cc $d
     /tmp/ccTVQrve.s:311    .text.i2s_enable:0000000000000000 $t
     /tmp/ccTVQrve.s:318    .text.i2s_enable:0000000000000000 i2s_enable
     /tmp/ccTVQrve.s:328    .text.i2s_disable:0000000000000000 $t
     /tmp/ccTVQrve.s:335    .text.i2s_disable:0000000000000000 i2s_disable
     /tmp/ccTVQrve.s:345    .text.spi_nss_output_enable:0000000000000000 $t
     /tmp/ccTVQrve.s:352    .text.spi_nss_output_enable:0000000000000000 spi_nss_output_enable
     /tmp/ccTVQrve.s:362    .text.spi_nss_output_disable:0000000000000000 $t
     /tmp/ccTVQrve.s:369    .text.spi_nss_output_disable:0000000000000000 spi_nss_output_disable
     /tmp/ccTVQrve.s:379    .text.spi_nss_internal_high:0000000000000000 $t
     /tmp/ccTVQrve.s:386    .text.spi_nss_internal_high:0000000000000000 spi_nss_internal_high
     /tmp/ccTVQrve.s:396    .text.spi_nss_internal_low:0000000000000000 $t
     /tmp/ccTVQrve.s:403    .text.spi_nss_internal_low:0000000000000000 spi_nss_internal_low
     /tmp/ccTVQrve.s:413    .text.spi_dma_enable:0000000000000000 $t
     /tmp/ccTVQrve.s:420    .text.spi_dma_enable:0000000000000000 spi_dma_enable
     /tmp/ccTVQrve.s:436    .text.spi_dma_disable:0000000000000000 $t
     /tmp/ccTVQrve.s:443    .text.spi_dma_disable:0000000000000000 spi_dma_disable
     /tmp/ccTVQrve.s:459    .text.spi_i2s_data_frame_format_config:0000000000000000 $t
     /tmp/ccTVQrve.s:466    .text.spi_i2s_data_frame_format_config:0000000000000000 spi_i2s_data_frame_format_config
     /tmp/ccTVQrve.s:479    .text.spi_i2s_data_transmit:0000000000000000 $t
     /tmp/ccTVQrve.s:486    .text.spi_i2s_data_transmit:0000000000000000 spi_i2s_data_transmit
     /tmp/ccTVQrve.s:494    .text.spi_i2s_data_receive:0000000000000000 $t
     /tmp/ccTVQrve.s:501    .text.spi_i2s_data_receive:0000000000000000 spi_i2s_data_receive
     /tmp/ccTVQrve.s:510    .text.spi_bidirectional_transfer_config:0000000000000000 $t
     /tmp/ccTVQrve.s:517    .text.spi_bidirectional_transfer_config:0000000000000000 spi_bidirectional_transfer_config
     /tmp/ccTVQrve.s:534    .text.spi_crc_polynomial_set:0000000000000000 $t
     /tmp/ccTVQrve.s:541    .text.spi_crc_polynomial_set:0000000000000000 spi_crc_polynomial_set
     /tmp/ccTVQrve.s:552    .text.spi_crc_polynomial_get:0000000000000000 $t
     /tmp/ccTVQrve.s:559    .text.spi_crc_polynomial_get:0000000000000000 spi_crc_polynomial_get
     /tmp/ccTVQrve.s:568    .text.spi_crc_on:0000000000000000 $t
     /tmp/ccTVQrve.s:575    .text.spi_crc_on:0000000000000000 spi_crc_on
     /tmp/ccTVQrve.s:585    .text.spi_crc_off:0000000000000000 $t
     /tmp/ccTVQrve.s:592    .text.spi_crc_off:0000000000000000 spi_crc_off
     /tmp/ccTVQrve.s:602    .text.spi_crc_next:0000000000000000 $t
     /tmp/ccTVQrve.s:609    .text.spi_crc_next:0000000000000000 spi_crc_next
     /tmp/ccTVQrve.s:619    .text.spi_crc_get:0000000000000000 $t
     /tmp/ccTVQrve.s:626    .text.spi_crc_get:0000000000000000 spi_crc_get
     /tmp/ccTVQrve.s:640    .text.spi_ti_mode_enable:0000000000000000 $t
     /tmp/ccTVQrve.s:647    .text.spi_ti_mode_enable:0000000000000000 spi_ti_mode_enable
     /tmp/ccTVQrve.s:657    .text.spi_ti_mode_disable:0000000000000000 $t
ARM GAS  /tmp/ccTVQrve.s 			page 18


     /tmp/ccTVQrve.s:664    .text.spi_ti_mode_disable:0000000000000000 spi_ti_mode_disable
     /tmp/ccTVQrve.s:674    .text.i2s_full_duplex_mode_config:0000000000000000 $t
     /tmp/ccTVQrve.s:681    .text.i2s_full_duplex_mode_config:0000000000000000 i2s_full_duplex_mode_config
     /tmp/ccTVQrve.s:710    .text.qspi_enable:0000000000000000 $t
     /tmp/ccTVQrve.s:717    .text.qspi_enable:0000000000000000 qspi_enable
     /tmp/ccTVQrve.s:727    .text.qspi_disable:0000000000000000 $t
     /tmp/ccTVQrve.s:734    .text.qspi_disable:0000000000000000 qspi_disable
     /tmp/ccTVQrve.s:744    .text.qspi_write_enable:0000000000000000 $t
     /tmp/ccTVQrve.s:751    .text.qspi_write_enable:0000000000000000 qspi_write_enable
     /tmp/ccTVQrve.s:761    .text.qspi_read_enable:0000000000000000 $t
     /tmp/ccTVQrve.s:768    .text.qspi_read_enable:0000000000000000 qspi_read_enable
     /tmp/ccTVQrve.s:778    .text.qspi_io23_output_enable:0000000000000000 $t
     /tmp/ccTVQrve.s:785    .text.qspi_io23_output_enable:0000000000000000 qspi_io23_output_enable
     /tmp/ccTVQrve.s:795    .text.qspi_io23_output_disable:0000000000000000 $t
     /tmp/ccTVQrve.s:802    .text.qspi_io23_output_disable:0000000000000000 qspi_io23_output_disable
     /tmp/ccTVQrve.s:812    .text.spi_i2s_interrupt_enable:0000000000000000 $t
     /tmp/ccTVQrve.s:819    .text.spi_i2s_interrupt_enable:0000000000000000 spi_i2s_interrupt_enable
     /tmp/ccTVQrve.s:847    .text.spi_i2s_interrupt_disable:0000000000000000 $t
     /tmp/ccTVQrve.s:854    .text.spi_i2s_interrupt_disable:0000000000000000 spi_i2s_interrupt_disable
     /tmp/ccTVQrve.s:882    .text.spi_i2s_interrupt_flag_get:0000000000000000 $t
     /tmp/ccTVQrve.s:889    .text.spi_i2s_interrupt_flag_get:0000000000000000 spi_i2s_interrupt_flag_get
     /tmp/ccTVQrve.s:899    .text.spi_i2s_interrupt_flag_get:000000000000000c $d
     /tmp/ccTVQrve.s:947    .text.spi_i2s_flag_get:0000000000000000 $t
     /tmp/ccTVQrve.s:954    .text.spi_i2s_flag_get:0000000000000000 spi_i2s_flag_get
     /tmp/ccTVQrve.s:968    .text.spi_crc_error_clear:0000000000000000 $t
     /tmp/ccTVQrve.s:975    .text.spi_crc_error_clear:0000000000000000 spi_crc_error_clear
     /tmp/ccTVQrve.s:906    .text.spi_i2s_interrupt_flag_get:0000000000000013 $d
     /tmp/ccTVQrve.s:906    .text.spi_i2s_interrupt_flag_get:0000000000000014 $t

UNDEFINED SYMBOLS
rcu_periph_reset_enable
rcu_periph_reset_disable
rcu_osci_on
rcu_osci_stab_wait
rcu_i2s_clock_config
