ARM GAS  /tmp/ccfGBm7P.s 			page 1


   1              		.cpu cortex-m4
   2              		.eabi_attribute 27, 1
   3              		.eabi_attribute 28, 1
   4              		.eabi_attribute 20, 1
   5              		.eabi_attribute 21, 1
   6              		.eabi_attribute 23, 3
   7              		.eabi_attribute 24, 1
   8              		.eabi_attribute 25, 1
   9              		.eabi_attribute 26, 1
  10              		.eabi_attribute 30, 1
  11              		.eabi_attribute 34, 1
  12              		.eabi_attribute 18, 4
  13              		.file	"gd32f4xx_exti.c"
  14              		.text
  15              		.section	.text.exti_deinit,"ax",%progbits
  16              		.align	1
  17              		.global	exti_deinit
  18              		.arch armv7e-m
  19              		.syntax unified
  20              		.thumb
  21              		.thumb_func
  22              		.fpu fpv4-sp-d16
  24              	exti_deinit:
  25              		@ args = 0, pretend = 0, frame = 0
  26              		@ frame_needed = 0, uses_anonymous_args = 0
  27              		@ link register save eliminated.
  28 0000 0023     		movs	r3, #0
  29 0002 054A     		ldr	r2, .L2
  30 0004 1360     		str	r3, [r2]
  31 0006 0432     		adds	r2, r2, #4
  32 0008 1360     		str	r3, [r2]
  33 000a 0432     		adds	r2, r2, #4
  34 000c 1360     		str	r3, [r2]
  35 000e 0432     		adds	r2, r2, #4
  36 0010 1360     		str	r3, [r2]
  37 0012 0432     		adds	r2, r2, #4
  38 0014 1360     		str	r3, [r2]
  39 0016 7047     		bx	lr
  40              	.L3:
  41              		.align	2
  42              	.L2:
  43 0018 003C0140 		.word	1073822720
  45              		.section	.text.exti_init,"ax",%progbits
  46              		.align	1
  47              		.global	exti_init
  48              		.syntax unified
  49              		.thumb
  50              		.thumb_func
  51              		.fpu fpv4-sp-d16
  53              	exti_init:
  54              		@ args = 0, pretend = 0, frame = 0
  55              		@ frame_needed = 0, uses_anonymous_args = 0
  56              		@ link register save eliminated.
  57 0000 30B4     		push	{r4, r5}
  58 0002 204D     		ldr	r5, .L13
  59 0004 2C68     		ldr	r4, [r5]
  60 0006 C343     		mvns	r3, r0
ARM GAS  /tmp/ccfGBm7P.s 			page 2


  61 0008 1C40     		ands	r4, r4, r3
  62 000a 2C60     		str	r4, [r5]
  63 000c 0435     		adds	r5, r5, #4
  64 000e 2C68     		ldr	r4, [r5]
  65 0010 1C40     		ands	r4, r4, r3
  66 0012 2C60     		str	r4, [r5]
  67 0014 0435     		adds	r5, r5, #4
  68 0016 2C68     		ldr	r4, [r5]
  69 0018 1C40     		ands	r4, r4, r3
  70 001a 2C60     		str	r4, [r5]
  71 001c 0435     		adds	r5, r5, #4
  72 001e 2C68     		ldr	r4, [r5]
  73 0020 1C40     		ands	r4, r4, r3
  74 0022 2C60     		str	r4, [r5]
  75 0024 49B1     		cbz	r1, .L5
  76 0026 0129     		cmp	r1, #1
  77 0028 0CD0     		beq	.L6
  78              	.L7:
  79 002a 012A     		cmp	r2, #1
  80 002c 18D0     		beq	.L8
  81 002e 51B2     		sxtb	r1, r2
  82 0030 69B1     		cbz	r1, .L9
  83 0032 022A     		cmp	r2, #2
  84 0034 1DD0     		beq	.L10
  85              	.L4:
  86 0036 30BC     		pop	{r4, r5}
  87 0038 7047     		bx	lr
  88              	.L5:
  89 003a 124C     		ldr	r4, .L13
  90 003c 2168     		ldr	r1, [r4]
  91 003e 0143     		orrs	r1, r1, r0
  92 0040 2160     		str	r1, [r4]
  93 0042 F2E7     		b	.L7
  94              	.L6:
  95 0044 104C     		ldr	r4, .L13+4
  96 0046 2168     		ldr	r1, [r4]
  97 0048 0143     		orrs	r1, r1, r0
  98 004a 2160     		str	r1, [r4]
  99 004c EDE7     		b	.L7
 100              	.L9:
 101 004e 0F49     		ldr	r1, .L13+8
 102 0050 0A68     		ldr	r2, [r1]
 103 0052 1043     		orrs	r0, r0, r2
 104 0054 0860     		str	r0, [r1]
 105 0056 0431     		adds	r1, r1, #4
 106 0058 0A68     		ldr	r2, [r1]
 107 005a 1340     		ands	r3, r3, r2
 108 005c 0B60     		str	r3, [r1]
 109 005e EAE7     		b	.L4
 110              	.L8:
 111 0060 0A4A     		ldr	r2, .L13+8
 112 0062 1168     		ldr	r1, [r2]
 113 0064 0B40     		ands	r3, r3, r1
 114 0066 1360     		str	r3, [r2]
 115 0068 0432     		adds	r2, r2, #4
 116 006a 1368     		ldr	r3, [r2]
 117 006c 1843     		orrs	r0, r0, r3
ARM GAS  /tmp/ccfGBm7P.s 			page 3


 118 006e 1060     		str	r0, [r2]
 119 0070 E1E7     		b	.L4
 120              	.L10:
 121 0072 064A     		ldr	r2, .L13+8
 122 0074 1368     		ldr	r3, [r2]
 123 0076 0343     		orrs	r3, r3, r0
 124 0078 1360     		str	r3, [r2]
 125 007a 0432     		adds	r2, r2, #4
 126 007c 1368     		ldr	r3, [r2]
 127 007e 1843     		orrs	r0, r0, r3
 128 0080 1060     		str	r0, [r2]
 129 0082 D8E7     		b	.L4
 130              	.L14:
 131              		.align	2
 132              	.L13:
 133 0084 003C0140 		.word	1073822720
 134 0088 043C0140 		.word	1073822724
 135 008c 083C0140 		.word	1073822728
 137              		.section	.text.exti_interrupt_enable,"ax",%progbits
 138              		.align	1
 139              		.global	exti_interrupt_enable
 140              		.syntax unified
 141              		.thumb
 142              		.thumb_func
 143              		.fpu fpv4-sp-d16
 145              	exti_interrupt_enable:
 146              		@ args = 0, pretend = 0, frame = 0
 147              		@ frame_needed = 0, uses_anonymous_args = 0
 148              		@ link register save eliminated.
 149 0000 024A     		ldr	r2, .L16
 150 0002 1368     		ldr	r3, [r2]
 151 0004 1843     		orrs	r0, r0, r3
 152 0006 1060     		str	r0, [r2]
 153 0008 7047     		bx	lr
 154              	.L17:
 155 000a 00BF     		.align	2
 156              	.L16:
 157 000c 003C0140 		.word	1073822720
 159              		.section	.text.exti_interrupt_disable,"ax",%progbits
 160              		.align	1
 161              		.global	exti_interrupt_disable
 162              		.syntax unified
 163              		.thumb
 164              		.thumb_func
 165              		.fpu fpv4-sp-d16
 167              	exti_interrupt_disable:
 168              		@ args = 0, pretend = 0, frame = 0
 169              		@ frame_needed = 0, uses_anonymous_args = 0
 170              		@ link register save eliminated.
 171 0000 024A     		ldr	r2, .L19
 172 0002 1368     		ldr	r3, [r2]
 173 0004 23EA0000 		bic	r0, r3, r0
 174 0008 1060     		str	r0, [r2]
 175 000a 7047     		bx	lr
 176              	.L20:
 177              		.align	2
 178              	.L19:
ARM GAS  /tmp/ccfGBm7P.s 			page 4


 179 000c 003C0140 		.word	1073822720
 181              		.section	.text.exti_event_enable,"ax",%progbits
 182              		.align	1
 183              		.global	exti_event_enable
 184              		.syntax unified
 185              		.thumb
 186              		.thumb_func
 187              		.fpu fpv4-sp-d16
 189              	exti_event_enable:
 190              		@ args = 0, pretend = 0, frame = 0
 191              		@ frame_needed = 0, uses_anonymous_args = 0
 192              		@ link register save eliminated.
 193 0000 024A     		ldr	r2, .L22
 194 0002 1368     		ldr	r3, [r2]
 195 0004 1843     		orrs	r0, r0, r3
 196 0006 1060     		str	r0, [r2]
 197 0008 7047     		bx	lr
 198              	.L23:
 199 000a 00BF     		.align	2
 200              	.L22:
 201 000c 043C0140 		.word	1073822724
 203              		.section	.text.exti_event_disable,"ax",%progbits
 204              		.align	1
 205              		.global	exti_event_disable
 206              		.syntax unified
 207              		.thumb
 208              		.thumb_func
 209              		.fpu fpv4-sp-d16
 211              	exti_event_disable:
 212              		@ args = 0, pretend = 0, frame = 0
 213              		@ frame_needed = 0, uses_anonymous_args = 0
 214              		@ link register save eliminated.
 215 0000 024A     		ldr	r2, .L25
 216 0002 1368     		ldr	r3, [r2]
 217 0004 23EA0000 		bic	r0, r3, r0
 218 0008 1060     		str	r0, [r2]
 219 000a 7047     		bx	lr
 220              	.L26:
 221              		.align	2
 222              	.L25:
 223 000c 043C0140 		.word	1073822724
 225              		.section	.text.exti_software_interrupt_enable,"ax",%progbits
 226              		.align	1
 227              		.global	exti_software_interrupt_enable
 228              		.syntax unified
 229              		.thumb
 230              		.thumb_func
 231              		.fpu fpv4-sp-d16
 233              	exti_software_interrupt_enable:
 234              		@ args = 0, pretend = 0, frame = 0
 235              		@ frame_needed = 0, uses_anonymous_args = 0
 236              		@ link register save eliminated.
 237 0000 024A     		ldr	r2, .L28
 238 0002 1368     		ldr	r3, [r2]
 239 0004 1843     		orrs	r0, r0, r3
 240 0006 1060     		str	r0, [r2]
 241 0008 7047     		bx	lr
ARM GAS  /tmp/ccfGBm7P.s 			page 5


 242              	.L29:
 243 000a 00BF     		.align	2
 244              	.L28:
 245 000c 103C0140 		.word	1073822736
 247              		.section	.text.exti_software_interrupt_disable,"ax",%progbits
 248              		.align	1
 249              		.global	exti_software_interrupt_disable
 250              		.syntax unified
 251              		.thumb
 252              		.thumb_func
 253              		.fpu fpv4-sp-d16
 255              	exti_software_interrupt_disable:
 256              		@ args = 0, pretend = 0, frame = 0
 257              		@ frame_needed = 0, uses_anonymous_args = 0
 258              		@ link register save eliminated.
 259 0000 024A     		ldr	r2, .L31
 260 0002 1368     		ldr	r3, [r2]
 261 0004 23EA0000 		bic	r0, r3, r0
 262 0008 1060     		str	r0, [r2]
 263 000a 7047     		bx	lr
 264              	.L32:
 265              		.align	2
 266              	.L31:
 267 000c 103C0140 		.word	1073822736
 269              		.section	.text.exti_flag_get,"ax",%progbits
 270              		.align	1
 271              		.global	exti_flag_get
 272              		.syntax unified
 273              		.thumb
 274              		.thumb_func
 275              		.fpu fpv4-sp-d16
 277              	exti_flag_get:
 278              		@ args = 0, pretend = 0, frame = 0
 279              		@ frame_needed = 0, uses_anonymous_args = 0
 280              		@ link register save eliminated.
 281 0000 034B     		ldr	r3, .L36
 282 0002 1B68     		ldr	r3, [r3]
 283 0004 0342     		tst	r3, r0
 284 0006 01D0     		beq	.L35
 285 0008 0120     		movs	r0, #1
 286 000a 7047     		bx	lr
 287              	.L35:
 288 000c 0020     		movs	r0, #0
 289 000e 7047     		bx	lr
 290              	.L37:
 291              		.align	2
 292              	.L36:
 293 0010 143C0140 		.word	1073822740
 295              		.section	.text.exti_flag_clear,"ax",%progbits
 296              		.align	1
 297              		.global	exti_flag_clear
 298              		.syntax unified
 299              		.thumb
 300              		.thumb_func
 301              		.fpu fpv4-sp-d16
 303              	exti_flag_clear:
 304              		@ args = 0, pretend = 0, frame = 0
ARM GAS  /tmp/ccfGBm7P.s 			page 6


 305              		@ frame_needed = 0, uses_anonymous_args = 0
 306              		@ link register save eliminated.
 307 0000 014B     		ldr	r3, .L39
 308 0002 1860     		str	r0, [r3]
 309 0004 7047     		bx	lr
 310              	.L40:
 311 0006 00BF     		.align	2
 312              	.L39:
 313 0008 143C0140 		.word	1073822740
 315              		.section	.text.exti_interrupt_flag_get,"ax",%progbits
 316              		.align	1
 317              		.global	exti_interrupt_flag_get
 318              		.syntax unified
 319              		.thumb
 320              		.thumb_func
 321              		.fpu fpv4-sp-d16
 323              	exti_interrupt_flag_get:
 324              		@ args = 0, pretend = 0, frame = 0
 325              		@ frame_needed = 0, uses_anonymous_args = 0
 326              		@ link register save eliminated.
 327 0000 064B     		ldr	r3, .L45
 328 0002 1A68     		ldr	r2, [r3]
 329 0004 143B     		subs	r3, r3, #20
 330 0006 1B68     		ldr	r3, [r3]
 331 0008 0340     		ands	r3, r3, r0
 332 000a 0242     		tst	r2, r0
 333 000c 02D0     		beq	.L43
 334 000e 1BB9     		cbnz	r3, .L44
 335 0010 0020     		movs	r0, #0
 336 0012 7047     		bx	lr
 337              	.L43:
 338 0014 0020     		movs	r0, #0
 339 0016 7047     		bx	lr
 340              	.L44:
 341 0018 0120     		movs	r0, #1
 342 001a 7047     		bx	lr
 343              	.L46:
 344              		.align	2
 345              	.L45:
 346 001c 143C0140 		.word	1073822740
 348              		.section	.text.exti_interrupt_flag_clear,"ax",%progbits
 349              		.align	1
 350              		.global	exti_interrupt_flag_clear
 351              		.syntax unified
 352              		.thumb
 353              		.thumb_func
 354              		.fpu fpv4-sp-d16
 356              	exti_interrupt_flag_clear:
 357              		@ args = 0, pretend = 0, frame = 0
 358              		@ frame_needed = 0, uses_anonymous_args = 0
 359              		@ link register save eliminated.
 360 0000 014B     		ldr	r3, .L48
 361 0002 1860     		str	r0, [r3]
 362 0004 7047     		bx	lr
 363              	.L49:
 364 0006 00BF     		.align	2
 365              	.L48:
ARM GAS  /tmp/ccfGBm7P.s 			page 7


 366 0008 143C0140 		.word	1073822740
 368              		.ident	"GCC: (GNU Tools for Arm Embedded Processors 8-2019-q3-update) 8.3.1 20190703 (release) [gc
ARM GAS  /tmp/ccfGBm7P.s 			page 8


DEFINED SYMBOLS
                            *ABS*:0000000000000000 gd32f4xx_exti.c
     /tmp/ccfGBm7P.s:16     .text.exti_deinit:0000000000000000 $t
     /tmp/ccfGBm7P.s:24     .text.exti_deinit:0000000000000000 exti_deinit
     /tmp/ccfGBm7P.s:43     .text.exti_deinit:0000000000000018 $d
     /tmp/ccfGBm7P.s:46     .text.exti_init:0000000000000000 $t
     /tmp/ccfGBm7P.s:53     .text.exti_init:0000000000000000 exti_init
     /tmp/ccfGBm7P.s:133    .text.exti_init:0000000000000084 $d
     /tmp/ccfGBm7P.s:138    .text.exti_interrupt_enable:0000000000000000 $t
     /tmp/ccfGBm7P.s:145    .text.exti_interrupt_enable:0000000000000000 exti_interrupt_enable
     /tmp/ccfGBm7P.s:157    .text.exti_interrupt_enable:000000000000000c $d
     /tmp/ccfGBm7P.s:160    .text.exti_interrupt_disable:0000000000000000 $t
     /tmp/ccfGBm7P.s:167    .text.exti_interrupt_disable:0000000000000000 exti_interrupt_disable
     /tmp/ccfGBm7P.s:179    .text.exti_interrupt_disable:000000000000000c $d
     /tmp/ccfGBm7P.s:182    .text.exti_event_enable:0000000000000000 $t
     /tmp/ccfGBm7P.s:189    .text.exti_event_enable:0000000000000000 exti_event_enable
     /tmp/ccfGBm7P.s:201    .text.exti_event_enable:000000000000000c $d
     /tmp/ccfGBm7P.s:204    .text.exti_event_disable:0000000000000000 $t
     /tmp/ccfGBm7P.s:211    .text.exti_event_disable:0000000000000000 exti_event_disable
     /tmp/ccfGBm7P.s:223    .text.exti_event_disable:000000000000000c $d
     /tmp/ccfGBm7P.s:226    .text.exti_software_interrupt_enable:0000000000000000 $t
     /tmp/ccfGBm7P.s:233    .text.exti_software_interrupt_enable:0000000000000000 exti_software_interrupt_enable
     /tmp/ccfGBm7P.s:245    .text.exti_software_interrupt_enable:000000000000000c $d
     /tmp/ccfGBm7P.s:248    .text.exti_software_interrupt_disable:0000000000000000 $t
     /tmp/ccfGBm7P.s:255    .text.exti_software_interrupt_disable:0000000000000000 exti_software_interrupt_disable
     /tmp/ccfGBm7P.s:267    .text.exti_software_interrupt_disable:000000000000000c $d
     /tmp/ccfGBm7P.s:270    .text.exti_flag_get:0000000000000000 $t
     /tmp/ccfGBm7P.s:277    .text.exti_flag_get:0000000000000000 exti_flag_get
     /tmp/ccfGBm7P.s:293    .text.exti_flag_get:0000000000000010 $d
     /tmp/ccfGBm7P.s:296    .text.exti_flag_clear:0000000000000000 $t
     /tmp/ccfGBm7P.s:303    .text.exti_flag_clear:0000000000000000 exti_flag_clear
     /tmp/ccfGBm7P.s:313    .text.exti_flag_clear:0000000000000008 $d
     /tmp/ccfGBm7P.s:316    .text.exti_interrupt_flag_get:0000000000000000 $t
     /tmp/ccfGBm7P.s:323    .text.exti_interrupt_flag_get:0000000000000000 exti_interrupt_flag_get
     /tmp/ccfGBm7P.s:346    .text.exti_interrupt_flag_get:000000000000001c $d
     /tmp/ccfGBm7P.s:349    .text.exti_interrupt_flag_clear:0000000000000000 $t
     /tmp/ccfGBm7P.s:356    .text.exti_interrupt_flag_clear:0000000000000000 exti_interrupt_flag_clear
     /tmp/ccfGBm7P.s:366    .text.exti_interrupt_flag_clear:0000000000000008 $d

NO UNDEFINED SYMBOLS
