ARM GAS  /tmp/ccXeiwEK.s 			page 1


   1              		.cpu cortex-m4
   2              		.eabi_attribute 27, 1
   3              		.eabi_attribute 28, 1
   4              		.eabi_attribute 20, 1
   5              		.eabi_attribute 21, 1
   6              		.eabi_attribute 23, 3
   7              		.eabi_attribute 24, 1
   8              		.eabi_attribute 25, 1
   9              		.eabi_attribute 26, 1
  10              		.eabi_attribute 30, 1
  11              		.eabi_attribute 34, 1
  12              		.eabi_attribute 18, 4
  13              		.file	"gd32f4xx_it.c"
  14              		.text
  15              		.section	.text.DMA1_Channel2_IRQHandler,"ax",%progbits
  16              		.align	1
  17              		.global	DMA1_Channel2_IRQHandler
  18              		.arch armv7e-m
  19              		.syntax unified
  20              		.thumb
  21              		.thumb_func
  22              		.fpu fpv4-sp-d16
  24              	DMA1_Channel2_IRQHandler:
  25              		@ args = 0, pretend = 0, frame = 0
  26              		@ frame_needed = 0, uses_anonymous_args = 0
  27 0000 08B5     		push	{r3, lr}
  28 0002 2022     		movs	r2, #32
  29 0004 0221     		movs	r1, #2
  30 0006 0848     		ldr	r0, .L5
  31 0008 FFF7FEFF 		bl	dma_interrupt_flag_get
  32 000c 0128     		cmp	r0, #1
  33 000e 00D0     		beq	.L4
  34              	.L1:
  35 0010 08BD     		pop	{r3, pc}
  36              	.L4:
  37 0012 2022     		movs	r2, #32
  38 0014 0221     		movs	r1, #2
  39 0016 0448     		ldr	r0, .L5
  40 0018 FFF7FEFF 		bl	dma_interrupt_flag_clear
  41 001c 4021     		movs	r1, #64
  42 001e 0348     		ldr	r0, .L5+4
  43 0020 FFF7FEFF 		bl	usart_dma_receive_config
  44 0024 F4E7     		b	.L1
  45              	.L6:
  46 0026 00BF     		.align	2
  47              	.L5:
  48 0028 00640240 		.word	1073898496
  49 002c 00100140 		.word	1073811456
  51              		.ident	"GCC: (GNU Tools for Arm Embedded Processors 8-2019-q3-update) 8.3.1 20190703 (release) [gc
ARM GAS  /tmp/ccXeiwEK.s 			page 2


DEFINED SYMBOLS
                            *ABS*:0000000000000000 gd32f4xx_it.c
     /tmp/ccXeiwEK.s:16     .text.DMA1_Channel2_IRQHandler:0000000000000000 $t
     /tmp/ccXeiwEK.s:24     .text.DMA1_Channel2_IRQHandler:0000000000000000 DMA1_Channel2_IRQHandler
     /tmp/ccXeiwEK.s:48     .text.DMA1_Channel2_IRQHandler:0000000000000028 $d

UNDEFINED SYMBOLS
dma_interrupt_flag_get
dma_interrupt_flag_clear
usart_dma_receive_config
