ARM GAS  /tmp/ccFkXvB0.s 			page 1


   1              		.cpu cortex-m4
   2              		.eabi_attribute 27, 1
   3              		.eabi_attribute 28, 1
   4              		.eabi_attribute 20, 1
   5              		.eabi_attribute 21, 1
   6              		.eabi_attribute 23, 3
   7              		.eabi_attribute 24, 1
   8              		.eabi_attribute 25, 1
   9              		.eabi_attribute 26, 1
  10              		.eabi_attribute 30, 1
  11              		.eabi_attribute 34, 1
  12              		.eabi_attribute 18, 4
  13              		.file	"inet_chksum.c"
  14              		.text
  15              		.section	.text.lwip_standard_chksum,"ax",%progbits
  16              		.align	1
  17              		.global	lwip_standard_chksum
  18              		.arch armv7e-m
  19              		.syntax unified
  20              		.thumb
  21              		.thumb_func
  22              		.fpu fpv4-sp-d16
  24              	lwip_standard_chksum:
  25              		@ args = 0, pretend = 0, frame = 8
  26              		@ frame_needed = 0, uses_anonymous_args = 0
  27              		@ link register save eliminated.
  28 0000 10B4     		push	{r4}
  29 0002 83B0     		sub	sp, sp, #12
  30 0004 0023     		movs	r3, #0
  31 0006 ADF80630 		strh	r3, [sp, #6]	@ movhi
  32 000a 10F00104 		ands	r4, r0, #1
  33 000e 06D0     		beq	.L2
  34 0010 9942     		cmp	r1, r3
  35 0012 04DD     		ble	.L2
  36 0014 10F8013B 		ldrb	r3, [r0], #1	@ zero_extendqisi2
  37 0018 8DF80730 		strb	r3, [sp, #7]
  38 001c 0139     		subs	r1, r1, #1
  39              	.L2:
  40 001e 0023     		movs	r3, #0
  41              	.L3:
  42 0020 0129     		cmp	r1, #1
  43 0022 04DD     		ble	.L8
  44 0024 30F8022B 		ldrh	r2, [r0], #2
  45 0028 1344     		add	r3, r3, r2
  46 002a 0239     		subs	r1, r1, #2
  47 002c F8E7     		b	.L3
  48              	.L8:
  49 002e 0029     		cmp	r1, #0
  50 0030 02DD     		ble	.L5
  51 0032 0278     		ldrb	r2, [r0]	@ zero_extendqisi2
  52 0034 8DF80620 		strb	r2, [sp, #6]
  53              	.L5:
  54 0038 BDF80600 		ldrh	r0, [sp, #6]
  55 003c 0344     		add	r3, r3, r0
  56 003e 98B2     		uxth	r0, r3
  57 0040 00EB1343 		add	r3, r0, r3, lsr #16
  58 0044 98B2     		uxth	r0, r3
ARM GAS  /tmp/ccFkXvB0.s 			page 2


  59 0046 00EB1340 		add	r0, r0, r3, lsr #16
  60 004a 24B1     		cbz	r4, .L6
  61 004c 0302     		lsls	r3, r0, #8
  62 004e 9BB2     		uxth	r3, r3
  63 0050 C0F30720 		ubfx	r0, r0, #8, #8
  64 0054 1843     		orrs	r0, r0, r3
  65              	.L6:
  66 0056 80B2     		uxth	r0, r0
  67 0058 03B0     		add	sp, sp, #12
  68              		@ sp needed
  69 005a 5DF8044B 		ldr	r4, [sp], #4
  70 005e 7047     		bx	lr
  72              		.section	.text.inet_cksum_pseudo_base,"ax",%progbits
  73              		.align	1
  74              		.syntax unified
  75              		.thumb
  76              		.thumb_func
  77              		.fpu fpv4-sp-d16
  79              	inet_cksum_pseudo_base:
  80              		@ args = 0, pretend = 0, frame = 0
  81              		@ frame_needed = 0, uses_anonymous_args = 0
  82 0000 2DE9F041 		push	{r4, r5, r6, r7, r8, lr}
  83 0004 0546     		mov	r5, r0
  84 0006 8846     		mov	r8, r1
  85 0008 1746     		mov	r7, r2
  86 000a 1C46     		mov	r4, r3
  87 000c 0026     		movs	r6, #0
  88 000e 00E0     		b	.L10
  89              	.L11:
  90 0010 2D68     		ldr	r5, [r5]
  91              	.L10:
  92 0012 9DB1     		cbz	r5, .L15
  93 0014 6989     		ldrh	r1, [r5, #10]
  94 0016 6868     		ldr	r0, [r5, #4]
  95 0018 FFF7FEFF 		bl	lwip_standard_chksum
  96 001c 0444     		add	r4, r4, r0
  97 001e A0B2     		uxth	r0, r4
  98 0020 00EB1444 		add	r4, r0, r4, lsr #16
  99 0024 6B89     		ldrh	r3, [r5, #10]
 100 0026 13F0010F 		tst	r3, #1
 101 002a F1D0     		beq	.L11
 102 002c 86F00106 		eor	r6, r6, #1
 103 0030 2302     		lsls	r3, r4, #8
 104 0032 9BB2     		uxth	r3, r3
 105 0034 C4F30724 		ubfx	r4, r4, #8, #8
 106 0038 1C43     		orrs	r4, r4, r3
 107 003a E9E7     		b	.L11
 108              	.L15:
 109 003c 26B1     		cbz	r6, .L13
 110 003e 2302     		lsls	r3, r4, #8
 111 0040 9BB2     		uxth	r3, r3
 112 0042 C4F30724 		ubfx	r4, r4, #8, #8
 113 0046 1C43     		orrs	r4, r4, r3
 114              	.L13:
 115 0048 4046     		mov	r0, r8
 116 004a FFF7FEFF 		bl	lwip_htons
 117 004e 0444     		add	r4, r4, r0
ARM GAS  /tmp/ccFkXvB0.s 			page 3


 118 0050 3846     		mov	r0, r7
 119 0052 FFF7FEFF 		bl	lwip_htons
 120 0056 2044     		add	r0, r0, r4
 121 0058 84B2     		uxth	r4, r0
 122 005a 04EB1044 		add	r4, r4, r0, lsr #16
 123 005e A0B2     		uxth	r0, r4
 124 0060 00EB1440 		add	r0, r0, r4, lsr #16
 125 0064 C043     		mvns	r0, r0
 126 0066 80B2     		uxth	r0, r0
 127 0068 BDE8F081 		pop	{r4, r5, r6, r7, r8, pc}
 129              		.section	.text.inet_cksum_pseudo_partial_base,"ax",%progbits
 130              		.align	1
 131              		.syntax unified
 132              		.thumb
 133              		.thumb_func
 134              		.fpu fpv4-sp-d16
 136              	inet_cksum_pseudo_partial_base:
 137              		@ args = 4, pretend = 0, frame = 0
 138              		@ frame_needed = 0, uses_anonymous_args = 0
 139 0000 2DE9F047 		push	{r4, r5, r6, r7, r8, r9, r10, lr}
 140 0004 0646     		mov	r6, r0
 141 0006 8A46     		mov	r10, r1
 142 0008 9146     		mov	r9, r2
 143 000a 1F46     		mov	r7, r3
 144 000c 089C     		ldr	r4, [sp, #32]
 145 000e 4FF00008 		mov	r8, #0
 146 0012 08E0     		b	.L17
 147              	.L26:
 148 0014 214B     		ldr	r3, .L27
 149 0016 4FF4D072 		mov	r2, #416
 150 001a 2149     		ldr	r1, .L27+4
 151 001c 2148     		ldr	r0, .L27+8
 152 001e FFF7FEFF 		bl	printf
 153 0022 11E0     		b	.L19
 154              	.L20:
 155 0024 3668     		ldr	r6, [r6]
 156              	.L17:
 157 0026 F6B1     		cbz	r6, .L21
 158 0028 EFB1     		cbz	r7, .L21
 159 002a 7589     		ldrh	r5, [r6, #10]
 160 002c AF42     		cmp	r7, r5
 161 002e 00D2     		bcs	.L18
 162 0030 3D46     		mov	r5, r7
 163              	.L18:
 164 0032 2946     		mov	r1, r5
 165 0034 7068     		ldr	r0, [r6, #4]
 166 0036 FFF7FEFF 		bl	lwip_standard_chksum
 167 003a 0444     		add	r4, r4, r0
 168 003c 7D1B     		subs	r5, r7, r5
 169 003e AFB2     		uxth	r7, r5
 170 0040 47F6FE73 		movw	r3, #32766
 171 0044 9F42     		cmp	r7, r3
 172 0046 E5D8     		bhi	.L26
 173              	.L19:
 174 0048 A0B2     		uxth	r0, r4
 175 004a 00EB1444 		add	r4, r0, r4, lsr #16
 176 004e 7389     		ldrh	r3, [r6, #10]
ARM GAS  /tmp/ccFkXvB0.s 			page 4


 177 0050 13F0010F 		tst	r3, #1
 178 0054 E6D0     		beq	.L20
 179 0056 88F00108 		eor	r8, r8, #1
 180 005a 2302     		lsls	r3, r4, #8
 181 005c 9BB2     		uxth	r3, r3
 182 005e C4F30724 		ubfx	r4, r4, #8, #8
 183 0062 1C43     		orrs	r4, r4, r3
 184 0064 DEE7     		b	.L20
 185              	.L21:
 186 0066 B8F1000F 		cmp	r8, #0
 187 006a 04D0     		beq	.L23
 188 006c 2302     		lsls	r3, r4, #8
 189 006e 9BB2     		uxth	r3, r3
 190 0070 C4F30724 		ubfx	r4, r4, #8, #8
 191 0074 1C43     		orrs	r4, r4, r3
 192              	.L23:
 193 0076 5046     		mov	r0, r10
 194 0078 FFF7FEFF 		bl	lwip_htons
 195 007c 0444     		add	r4, r4, r0
 196 007e 4846     		mov	r0, r9
 197 0080 FFF7FEFF 		bl	lwip_htons
 198 0084 2044     		add	r0, r0, r4
 199 0086 84B2     		uxth	r4, r0
 200 0088 04EB1044 		add	r4, r4, r0, lsr #16
 201 008c A0B2     		uxth	r0, r4
 202 008e 00EB1440 		add	r0, r0, r4, lsr #16
 203 0092 C043     		mvns	r0, r0
 204 0094 80B2     		uxth	r0, r0
 205 0096 BDE8F087 		pop	{r4, r5, r6, r7, r8, r9, r10, pc}
 206              	.L28:
 207 009a 00BF     		.align	2
 208              	.L27:
 209 009c 00000000 		.word	.LC0
 210 00a0 34000000 		.word	.LC1
 211 00a4 40000000 		.word	.LC2
 213              		.section	.text.inet_chksum_pseudo,"ax",%progbits
 214              		.align	1
 215              		.global	inet_chksum_pseudo
 216              		.syntax unified
 217              		.thumb
 218              		.thumb_func
 219              		.fpu fpv4-sp-d16
 221              	inet_chksum_pseudo:
 222              		@ args = 4, pretend = 0, frame = 0
 223              		@ frame_needed = 0, uses_anonymous_args = 0
 224 0000 10B5     		push	{r4, lr}
 225 0002 1B68     		ldr	r3, [r3]
 226 0004 1C0C     		lsrs	r4, r3, #16
 227 0006 14FA83F3 		uxtah	r3, r4, r3
 228 000a 029C     		ldr	r4, [sp, #8]
 229 000c 2468     		ldr	r4, [r4]
 230 000e 13FA84F3 		uxtah	r3, r3, r4
 231 0012 03EB1443 		add	r3, r3, r4, lsr #16
 232 0016 9CB2     		uxth	r4, r3
 233 0018 04EB1343 		add	r3, r4, r3, lsr #16
 234 001c 9CB2     		uxth	r4, r3
 235 001e 04EB1343 		add	r3, r4, r3, lsr #16
ARM GAS  /tmp/ccFkXvB0.s 			page 5


 236 0022 FFF7FEFF 		bl	inet_cksum_pseudo_base
 237 0026 10BD     		pop	{r4, pc}
 239              		.section	.text.ip_chksum_pseudo,"ax",%progbits
 240              		.align	1
 241              		.global	ip_chksum_pseudo
 242              		.syntax unified
 243              		.thumb
 244              		.thumb_func
 245              		.fpu fpv4-sp-d16
 247              	ip_chksum_pseudo:
 248              		@ args = 4, pretend = 0, frame = 0
 249              		@ frame_needed = 0, uses_anonymous_args = 0
 250 0000 10B5     		push	{r4, lr}
 251 0002 82B0     		sub	sp, sp, #8
 252 0004 049C     		ldr	r4, [sp, #16]
 253 0006 0094     		str	r4, [sp]
 254 0008 FFF7FEFF 		bl	inet_chksum_pseudo
 255 000c 02B0     		add	sp, sp, #8
 256              		@ sp needed
 257 000e 10BD     		pop	{r4, pc}
 259              		.section	.text.inet_chksum_pseudo_partial,"ax",%progbits
 260              		.align	1
 261              		.global	inet_chksum_pseudo_partial
 262              		.syntax unified
 263              		.thumb
 264              		.thumb_func
 265              		.fpu fpv4-sp-d16
 267              	inet_chksum_pseudo_partial:
 268              		@ args = 8, pretend = 0, frame = 0
 269              		@ frame_needed = 0, uses_anonymous_args = 0
 270 0000 30B5     		push	{r4, r5, lr}
 271 0002 83B0     		sub	sp, sp, #12
 272 0004 069C     		ldr	r4, [sp, #24]
 273 0006 2468     		ldr	r4, [r4]
 274 0008 250C     		lsrs	r5, r4, #16
 275 000a 15FA84F4 		uxtah	r4, r5, r4
 276 000e 079D     		ldr	r5, [sp, #28]
 277 0010 2D68     		ldr	r5, [r5]
 278 0012 14FA85F4 		uxtah	r4, r4, r5
 279 0016 04EB1544 		add	r4, r4, r5, lsr #16
 280 001a A5B2     		uxth	r5, r4
 281 001c 05EB1444 		add	r4, r5, r4, lsr #16
 282 0020 A5B2     		uxth	r5, r4
 283 0022 05EB1444 		add	r4, r5, r4, lsr #16
 284 0026 0094     		str	r4, [sp]
 285 0028 FFF7FEFF 		bl	inet_cksum_pseudo_partial_base
 286 002c 03B0     		add	sp, sp, #12
 287              		@ sp needed
 288 002e 30BD     		pop	{r4, r5, pc}
 290              		.section	.text.ip_chksum_pseudo_partial,"ax",%progbits
 291              		.align	1
 292              		.global	ip_chksum_pseudo_partial
 293              		.syntax unified
 294              		.thumb
 295              		.thumb_func
 296              		.fpu fpv4-sp-d16
 298              	ip_chksum_pseudo_partial:
ARM GAS  /tmp/ccFkXvB0.s 			page 6


 299              		@ args = 8, pretend = 0, frame = 0
 300              		@ frame_needed = 0, uses_anonymous_args = 0
 301 0000 10B5     		push	{r4, lr}
 302 0002 82B0     		sub	sp, sp, #8
 303 0004 059C     		ldr	r4, [sp, #20]
 304 0006 0194     		str	r4, [sp, #4]
 305 0008 049C     		ldr	r4, [sp, #16]
 306 000a 0094     		str	r4, [sp]
 307 000c FFF7FEFF 		bl	inet_chksum_pseudo_partial
 308 0010 02B0     		add	sp, sp, #8
 309              		@ sp needed
 310 0012 10BD     		pop	{r4, pc}
 312              		.section	.text.inet_chksum,"ax",%progbits
 313              		.align	1
 314              		.global	inet_chksum
 315              		.syntax unified
 316              		.thumb
 317              		.thumb_func
 318              		.fpu fpv4-sp-d16
 320              	inet_chksum:
 321              		@ args = 0, pretend = 0, frame = 0
 322              		@ frame_needed = 0, uses_anonymous_args = 0
 323 0000 08B5     		push	{r3, lr}
 324 0002 FFF7FEFF 		bl	lwip_standard_chksum
 325 0006 C043     		mvns	r0, r0
 326 0008 80B2     		uxth	r0, r0
 327 000a 08BD     		pop	{r3, pc}
 329              		.section	.text.inet_chksum_pbuf,"ax",%progbits
 330              		.align	1
 331              		.global	inet_chksum_pbuf
 332              		.syntax unified
 333              		.thumb
 334              		.thumb_func
 335              		.fpu fpv4-sp-d16
 337              	inet_chksum_pbuf:
 338              		@ args = 0, pretend = 0, frame = 0
 339              		@ frame_needed = 0, uses_anonymous_args = 0
 340 0000 70B5     		push	{r4, r5, r6, lr}
 341 0002 0546     		mov	r5, r0
 342 0004 0026     		movs	r6, #0
 343 0006 3446     		mov	r4, r6
 344 0008 00E0     		b	.L40
 345              	.L41:
 346 000a 2D68     		ldr	r5, [r5]
 347              	.L40:
 348 000c 9DB1     		cbz	r5, .L45
 349 000e 6989     		ldrh	r1, [r5, #10]
 350 0010 6868     		ldr	r0, [r5, #4]
 351 0012 FFF7FEFF 		bl	lwip_standard_chksum
 352 0016 2044     		add	r0, r0, r4
 353 0018 84B2     		uxth	r4, r0
 354 001a 04EB1044 		add	r4, r4, r0, lsr #16
 355 001e 6B89     		ldrh	r3, [r5, #10]
 356 0020 13F0010F 		tst	r3, #1
 357 0024 F1D0     		beq	.L41
 358 0026 86F00106 		eor	r6, r6, #1
 359 002a 2302     		lsls	r3, r4, #8
ARM GAS  /tmp/ccFkXvB0.s 			page 7


 360 002c 9BB2     		uxth	r3, r3
 361 002e C4F30724 		ubfx	r4, r4, #8, #8
 362 0032 1C43     		orrs	r4, r4, r3
 363 0034 E9E7     		b	.L41
 364              	.L45:
 365 0036 26B1     		cbz	r6, .L43
 366 0038 2302     		lsls	r3, r4, #8
 367 003a 9BB2     		uxth	r3, r3
 368 003c C4F30724 		ubfx	r4, r4, #8, #8
 369 0040 1C43     		orrs	r4, r4, r3
 370              	.L43:
 371 0042 E043     		mvns	r0, r4
 372 0044 80B2     		uxth	r0, r0
 373 0046 70BD     		pop	{r4, r5, r6, pc}
 375              		.section	.rodata.inet_cksum_pseudo_partial_base.str1.4,"aMS",%progbits,1
 376              		.align	2
 377              	.LC0:
 378 0000 4D696464 		.ascii	"Middlewares/Third_Party/LwIP/src/core/inet_chksum.c"
 378      6C657761 
 378      7265732F 
 378      54686972 
 378      645F5061 
 379 0033 00       		.ascii	"\000"
 380              	.LC1:
 381 0034 64656C65 		.ascii	"delete me\000"
 381      7465206D 
 381      6500
 382 003e 0000     		.space	2
 383              	.LC2:
 384 0040 41737365 		.ascii	"Assertion \"%s\" failed at line %d in %s\012\000"
 384      7274696F 
 384      6E202225 
 384      73222066 
 384      61696C65 
 385              		.ident	"GCC: (GNU Tools for Arm Embedded Processors 8-2019-q3-update) 8.3.1 20190703 (release) [gc
ARM GAS  /tmp/ccFkXvB0.s 			page 8


DEFINED SYMBOLS
                            *ABS*:0000000000000000 inet_chksum.c
     /tmp/ccFkXvB0.s:16     .text.lwip_standard_chksum:0000000000000000 $t
     /tmp/ccFkXvB0.s:24     .text.lwip_standard_chksum:0000000000000000 lwip_standard_chksum
     /tmp/ccFkXvB0.s:73     .text.inet_cksum_pseudo_base:0000000000000000 $t
     /tmp/ccFkXvB0.s:79     .text.inet_cksum_pseudo_base:0000000000000000 inet_cksum_pseudo_base
     /tmp/ccFkXvB0.s:130    .text.inet_cksum_pseudo_partial_base:0000000000000000 $t
     /tmp/ccFkXvB0.s:136    .text.inet_cksum_pseudo_partial_base:0000000000000000 inet_cksum_pseudo_partial_base
     /tmp/ccFkXvB0.s:209    .text.inet_cksum_pseudo_partial_base:000000000000009c $d
     /tmp/ccFkXvB0.s:214    .text.inet_chksum_pseudo:0000000000000000 $t
     /tmp/ccFkXvB0.s:221    .text.inet_chksum_pseudo:0000000000000000 inet_chksum_pseudo
     /tmp/ccFkXvB0.s:240    .text.ip_chksum_pseudo:0000000000000000 $t
     /tmp/ccFkXvB0.s:247    .text.ip_chksum_pseudo:0000000000000000 ip_chksum_pseudo
     /tmp/ccFkXvB0.s:260    .text.inet_chksum_pseudo_partial:0000000000000000 $t
     /tmp/ccFkXvB0.s:267    .text.inet_chksum_pseudo_partial:0000000000000000 inet_chksum_pseudo_partial
     /tmp/ccFkXvB0.s:291    .text.ip_chksum_pseudo_partial:0000000000000000 $t
     /tmp/ccFkXvB0.s:298    .text.ip_chksum_pseudo_partial:0000000000000000 ip_chksum_pseudo_partial
     /tmp/ccFkXvB0.s:313    .text.inet_chksum:0000000000000000 $t
     /tmp/ccFkXvB0.s:320    .text.inet_chksum:0000000000000000 inet_chksum
     /tmp/ccFkXvB0.s:330    .text.inet_chksum_pbuf:0000000000000000 $t
     /tmp/ccFkXvB0.s:337    .text.inet_chksum_pbuf:0000000000000000 inet_chksum_pbuf
     /tmp/ccFkXvB0.s:376    .rodata.inet_cksum_pseudo_partial_base.str1.4:0000000000000000 $d

UNDEFINED SYMBOLS
lwip_htons
printf
