ARM GAS  /tmp/ccMrD76X.s 			page 1


   1              		.cpu cortex-m4
   2              		.eabi_attribute 27, 1
   3              		.eabi_attribute 28, 1
   4              		.eabi_attribute 20, 1
   5              		.eabi_attribute 21, 1
   6              		.eabi_attribute 23, 3
   7              		.eabi_attribute 24, 1
   8              		.eabi_attribute 25, 1
   9              		.eabi_attribute 26, 1
  10              		.eabi_attribute 30, 1
  11              		.eabi_attribute 34, 1
  12              		.eabi_attribute 18, 4
  13              		.file	"init.c"
  14              		.text
  15              		.section	.text.lwip_init,"ax",%progbits
  16              		.align	1
  17              		.global	lwip_init
  18              		.arch armv7e-m
  19              		.syntax unified
  20              		.thumb
  21              		.thumb_func
  22              		.fpu fpv4-sp-d16
  24              	lwip_init:
  25              		@ args = 0, pretend = 0, frame = 0
  26              		@ frame_needed = 0, uses_anonymous_args = 0
  27 0000 08B5     		push	{r3, lr}
  28 0002 FFF7FEFF 		bl	sys_init
  29 0006 FFF7FEFF 		bl	mem_init
  30 000a FFF7FEFF 		bl	memp_init
  31 000e FFF7FEFF 		bl	netif_init
  32 0012 FFF7FEFF 		bl	udp_init
  33 0016 FFF7FEFF 		bl	tcp_init
  34 001a FFF7FEFF 		bl	dns_init
  35 001e FFF7FEFF 		bl	sys_timeouts_init
  36 0022 08BD     		pop	{r3, pc}
  38              		.ident	"GCC: (GNU Tools for Arm Embedded Processors 8-2019-q3-update) 8.3.1 20190703 (release) [gc
ARM GAS  /tmp/ccMrD76X.s 			page 2


DEFINED SYMBOLS
                            *ABS*:0000000000000000 init.c
     /tmp/ccMrD76X.s:16     .text.lwip_init:0000000000000000 $t
     /tmp/ccMrD76X.s:24     .text.lwip_init:0000000000000000 lwip_init

UNDEFINED SYMBOLS
sys_init
mem_init
memp_init
netif_init
udp_init
tcp_init
dns_init
sys_timeouts_init
