ARM GAS  /tmp/ccDLbWLk.s 			page 1


   1              		.cpu cortex-m4
   2              		.eabi_attribute 27, 1
   3              		.eabi_attribute 28, 1
   4              		.eabi_attribute 20, 1
   5              		.eabi_attribute 21, 1
   6              		.eabi_attribute 23, 3
   7              		.eabi_attribute 24, 1
   8              		.eabi_attribute 25, 1
   9              		.eabi_attribute 26, 1
  10              		.eabi_attribute 30, 1
  11              		.eabi_attribute 34, 1
  12              		.eabi_attribute 18, 4
  13              		.file	"ip4_addr.c"
  14              		.text
  15              		.section	.text.ip4_addr_isbroadcast_u32,"ax",%progbits
  16              		.align	1
  17              		.global	ip4_addr_isbroadcast_u32
  18              		.arch armv7e-m
  19              		.syntax unified
  20              		.thumb
  21              		.thumb_func
  22              		.fpu fpv4-sp-d16
  24              	ip4_addr_isbroadcast_u32:
  25              		@ args = 0, pretend = 0, frame = 0
  26              		@ frame_needed = 0, uses_anonymous_args = 0
  27              		@ link register save eliminated.
  28 0000 431E     		subs	r3, r0, #1
  29 0002 13F1030F 		cmn	r3, #3
  30 0006 11D8     		bhi	.L3
  31 0008 91F83130 		ldrb	r3, [r1, #49]	@ zero_extendqisi2
  32 000c 13F00203 		ands	r3, r3, #2
  33 0010 0DD0     		beq	.L2
  34 0012 4B68     		ldr	r3, [r1, #4]
  35 0014 8342     		cmp	r3, r0
  36 0016 0CD0     		beq	.L4
  37 0018 8A68     		ldr	r2, [r1, #8]
  38 001a 4340     		eors	r3, r3, r0
  39 001c 1342     		tst	r3, r2
  40 001e 0AD1     		bne	.L5
  41 0020 D243     		mvns	r2, r2
  42 0022 32EA0003 		bics	r3, r2, r0
  43 0026 08D0     		beq	.L6
  44 0028 0023     		movs	r3, #0
  45 002a 00E0     		b	.L2
  46              	.L3:
  47 002c 0123     		movs	r3, #1
  48              	.L2:
  49 002e 1846     		mov	r0, r3
  50 0030 7047     		bx	lr
  51              	.L4:
  52 0032 0023     		movs	r3, #0
  53 0034 FBE7     		b	.L2
  54              	.L5:
  55 0036 0023     		movs	r3, #0
  56 0038 F9E7     		b	.L2
  57              	.L6:
  58 003a 0123     		movs	r3, #1
ARM GAS  /tmp/ccDLbWLk.s 			page 2


  59 003c F7E7     		b	.L2
  61              		.section	.text.ip4_addr_netmask_valid,"ax",%progbits
  62              		.align	1
  63              		.global	ip4_addr_netmask_valid
  64              		.syntax unified
  65              		.thumb
  66              		.thumb_func
  67              		.fpu fpv4-sp-d16
  69              	ip4_addr_netmask_valid:
  70              		@ args = 0, pretend = 0, frame = 0
  71              		@ frame_needed = 0, uses_anonymous_args = 0
  72 0000 08B5     		push	{r3, lr}
  73 0002 FFF7FEFF 		bl	lwip_htonl
  74 0006 4FF00043 		mov	r3, #-2147483648
  75              	.L8:
  76 000a 1BB1     		cbz	r3, .L12
  77 000c 0342     		tst	r3, r0
  78 000e 01D0     		beq	.L12
  79 0010 5B08     		lsrs	r3, r3, #1
  80 0012 FAE7     		b	.L8
  81              	.L12:
  82 0014 1BB1     		cbz	r3, .L16
  83 0016 0342     		tst	r3, r0
  84 0018 03D1     		bne	.L14
  85 001a 5B08     		lsrs	r3, r3, #1
  86 001c FAE7     		b	.L12
  87              	.L16:
  88 001e 0120     		movs	r0, #1
  89              	.L11:
  90 0020 08BD     		pop	{r3, pc}
  91              	.L14:
  92 0022 0020     		movs	r0, #0
  93 0024 FCE7     		b	.L11
  95              		.section	.text.ip4addr_aton,"ax",%progbits
  96              		.align	1
  97              		.global	ip4addr_aton
  98              		.syntax unified
  99              		.thumb
 100              		.thumb_func
 101              		.fpu fpv4-sp-d16
 103              	ip4addr_aton:
 104              		@ args = 0, pretend = 0, frame = 16
 105              		@ frame_needed = 0, uses_anonymous_args = 0
 106 0000 F0B5     		push	{r4, r5, r6, r7, lr}
 107 0002 85B0     		sub	sp, sp, #20
 108 0004 0D46     		mov	r5, r1
 109 0006 0378     		ldrb	r3, [r0]	@ zero_extendqisi2
 110 0008 6F46     		mov	r7, sp
 111 000a 35E0     		b	.L27
 112              	.L53:
 113 000c 421C     		adds	r2, r0, #1
 114 000e 4378     		ldrb	r3, [r0, #1]	@ zero_extendqisi2
 115 0010 782B     		cmp	r3, #120
 116 0012 04D0     		beq	.L20
 117 0014 582B     		cmp	r3, #88
 118 0016 02D0     		beq	.L20
 119 0018 1046     		mov	r0, r2
ARM GAS  /tmp/ccDLbWLk.s 			page 3


 120 001a 0826     		movs	r6, #8
 121 001c 34E0     		b	.L19
 122              	.L20:
 123 001e 8378     		ldrb	r3, [r0, #2]	@ zero_extendqisi2
 124 0020 0230     		adds	r0, r0, #2
 125 0022 1026     		movs	r6, #16
 126 0024 30E0     		b	.L19
 127              	.L22:
 128 0026 102E     		cmp	r6, #16
 129 0028 1BD1     		bne	.L24
 130 002a 11F0440F 		tst	r1, #68
 131 002e 18D0     		beq	.L24
 132 0030 2401     		lsls	r4, r4, #4
 133 0032 0A33     		adds	r3, r3, #10
 134 0034 01F00301 		and	r1, r1, #3
 135 0038 0229     		cmp	r1, #2
 136 003a 10D0     		beq	.L52
 137 003c 4122     		movs	r2, #65
 138              	.L25:
 139 003e 9A1A     		subs	r2, r3, r2
 140 0040 1443     		orrs	r4, r4, r2
 141 0042 10F8013F 		ldrb	r3, [r0, #1]!	@ zero_extendqisi2
 142              	.L21:
 143 0046 424A     		ldr	r2, .L54
 144 0048 995C     		ldrb	r1, [r3, r2]	@ zero_extendqisi2
 145 004a 11F0040F 		tst	r1, #4
 146 004e EAD0     		beq	.L22
 147 0050 04FB0633 		mla	r3, r4, r6, r3
 148 0054 A3F13004 		sub	r4, r3, #48
 149 0058 10F8013F 		ldrb	r3, [r0, #1]!	@ zero_extendqisi2
 150 005c F3E7     		b	.L21
 151              	.L52:
 152 005e 6122     		movs	r2, #97
 153 0060 EDE7     		b	.L25
 154              	.L24:
 155 0062 2E2B     		cmp	r3, #46
 156 0064 12D1     		bne	.L26
 157 0066 03AB     		add	r3, sp, #12
 158 0068 9F42     		cmp	r7, r3
 159 006a 57D2     		bcs	.L39
 160 006c 3A46     		mov	r2, r7
 161 006e 42F8044B 		str	r4, [r2], #4
 162 0072 4378     		ldrb	r3, [r0, #1]	@ zero_extendqisi2
 163 0074 1746     		mov	r7, r2
 164 0076 0130     		adds	r0, r0, #1
 165              	.L27:
 166 0078 354A     		ldr	r2, .L54
 167 007a 9A5C     		ldrb	r2, [r3, r2]	@ zero_extendqisi2
 168 007c 12F0040F 		tst	r2, #4
 169 0080 4AD0     		beq	.L35
 170 0082 302B     		cmp	r3, #48
 171 0084 C2D0     		beq	.L53
 172 0086 0A26     		movs	r6, #10
 173              	.L19:
 174 0088 0024     		movs	r4, #0
 175 008a DCE7     		b	.L21
 176              	.L26:
ARM GAS  /tmp/ccDLbWLk.s 			page 4


 177 008c 13B1     		cbz	r3, .L28
 178 008e 11F0080F 		tst	r1, #8
 179 0092 46D0     		beq	.L40
 180              	.L28:
 181 0094 6846     		mov	r0, sp
 182 0096 381A     		subs	r0, r7, r0
 183 0098 8010     		asrs	r0, r0, #2
 184 009a 0130     		adds	r0, r0, #1
 185 009c 0428     		cmp	r0, #4
 186 009e 34D8     		bhi	.L29
 187 00a0 DFE800F0 		tbb	[pc, r0]
 188              	.L31:
 189 00a4 3D       		.byte	(.L17-.L31)/2
 190 00a5 0B       		.byte	(.L34-.L31)/2
 191 00a6 03       		.byte	(.L33-.L31)/2
 192 00a7 13       		.byte	(.L32-.L31)/2
 193 00a8 21       		.byte	(.L30-.L31)/2
 194 00a9 00       		.p2align 1
 195              	.L33:
 196 00aa B4F1807F 		cmp	r4, #16777216
 197 00ae 3AD2     		bcs	.L41
 198 00b0 009B     		ldr	r3, [sp]
 199 00b2 FF2B     		cmp	r3, #255
 200 00b4 39D8     		bhi	.L42
 201 00b6 44EA0364 		orr	r4, r4, r3, lsl #24
 202              	.L34:
 203 00ba 002D     		cmp	r5, #0
 204 00bc 45D0     		beq	.L50
 205 00be 2046     		mov	r0, r4
 206 00c0 FFF7FEFF 		bl	lwip_htonl
 207 00c4 2860     		str	r0, [r5]
 208 00c6 0120     		movs	r0, #1
 209 00c8 29E0     		b	.L17
 210              	.L32:
 211 00ca B4F5803F 		cmp	r4, #65536
 212 00ce 2ED2     		bcs	.L43
 213 00d0 009A     		ldr	r2, [sp]
 214 00d2 FF2A     		cmp	r2, #255
 215 00d4 2DD8     		bhi	.L44
 216 00d6 019B     		ldr	r3, [sp, #4]
 217 00d8 FF2B     		cmp	r3, #255
 218 00da 2CD8     		bhi	.L45
 219 00dc 1B04     		lsls	r3, r3, #16
 220 00de 43EA0263 		orr	r3, r3, r2, lsl #24
 221 00e2 1C43     		orrs	r4, r4, r3
 222 00e4 E9E7     		b	.L34
 223              	.L30:
 224 00e6 FF2C     		cmp	r4, #255
 225 00e8 27D8     		bhi	.L46
 226 00ea 0099     		ldr	r1, [sp]
 227 00ec FF29     		cmp	r1, #255
 228 00ee 26D8     		bhi	.L47
 229 00f0 019B     		ldr	r3, [sp, #4]
 230 00f2 FF2B     		cmp	r3, #255
 231 00f4 25D8     		bhi	.L48
 232 00f6 029A     		ldr	r2, [sp, #8]
 233 00f8 FF2A     		cmp	r2, #255
ARM GAS  /tmp/ccDLbWLk.s 			page 5


 234 00fa 24D8     		bhi	.L49
 235 00fc 1B04     		lsls	r3, r3, #16
 236 00fe 43EA0163 		orr	r3, r3, r1, lsl #24
 237 0102 43EA0223 		orr	r3, r3, r2, lsl #8
 238 0106 1C43     		orrs	r4, r4, r3
 239 0108 D7E7     		b	.L34
 240              	.L29:
 241 010a 124B     		ldr	r3, .L54+4
 242 010c F922     		movs	r2, #249
 243 010e 1249     		ldr	r1, .L54+8
 244 0110 1248     		ldr	r0, .L54+12
 245 0112 FFF7FEFF 		bl	printf
 246 0116 D0E7     		b	.L34
 247              	.L35:
 248 0118 0020     		movs	r0, #0
 249 011a 00E0     		b	.L17
 250              	.L39:
 251 011c 0020     		movs	r0, #0
 252              	.L17:
 253 011e 05B0     		add	sp, sp, #20
 254              		@ sp needed
 255 0120 F0BD     		pop	{r4, r5, r6, r7, pc}
 256              	.L40:
 257 0122 0020     		movs	r0, #0
 258 0124 FBE7     		b	.L17
 259              	.L41:
 260 0126 0020     		movs	r0, #0
 261 0128 F9E7     		b	.L17
 262              	.L42:
 263 012a 0020     		movs	r0, #0
 264 012c F7E7     		b	.L17
 265              	.L43:
 266 012e 0020     		movs	r0, #0
 267 0130 F5E7     		b	.L17
 268              	.L44:
 269 0132 0020     		movs	r0, #0
 270 0134 F3E7     		b	.L17
 271              	.L45:
 272 0136 0020     		movs	r0, #0
 273 0138 F1E7     		b	.L17
 274              	.L46:
 275 013a 0020     		movs	r0, #0
 276 013c EFE7     		b	.L17
 277              	.L47:
 278 013e 0020     		movs	r0, #0
 279 0140 EDE7     		b	.L17
 280              	.L48:
 281 0142 0020     		movs	r0, #0
 282 0144 EBE7     		b	.L17
 283              	.L49:
 284 0146 0020     		movs	r0, #0
 285 0148 E9E7     		b	.L17
 286              	.L50:
 287 014a 0120     		movs	r0, #1
 288 014c E7E7     		b	.L17
 289              	.L55:
 290 014e 00BF     		.align	2
ARM GAS  /tmp/ccDLbWLk.s 			page 6


 291              	.L54:
 292 0150 01000000 		.word	_ctype_+1
 293 0154 00000000 		.word	.LC0
 294 0158 38000000 		.word	.LC1
 295 015c 44000000 		.word	.LC2
 297              		.section	.text.ipaddr_addr,"ax",%progbits
 298              		.align	1
 299              		.global	ipaddr_addr
 300              		.syntax unified
 301              		.thumb
 302              		.thumb_func
 303              		.fpu fpv4-sp-d16
 305              	ipaddr_addr:
 306              		@ args = 0, pretend = 0, frame = 8
 307              		@ frame_needed = 0, uses_anonymous_args = 0
 308 0000 00B5     		push	{lr}
 309 0002 83B0     		sub	sp, sp, #12
 310 0004 01A9     		add	r1, sp, #4
 311 0006 FFF7FEFF 		bl	ip4addr_aton
 312 000a 20B9     		cbnz	r0, .L60
 313 000c 4FF0FF30 		mov	r0, #-1
 314              	.L56:
 315 0010 03B0     		add	sp, sp, #12
 316              		@ sp needed
 317 0012 5DF804FB 		ldr	pc, [sp], #4
 318              	.L60:
 319 0016 0198     		ldr	r0, [sp, #4]
 320 0018 FAE7     		b	.L56
 322              		.section	.text.ip4addr_ntoa_r,"ax",%progbits
 323              		.align	1
 324              		.global	ip4addr_ntoa_r
 325              		.syntax unified
 326              		.thumb
 327              		.thumb_func
 328              		.fpu fpv4-sp-d16
 330              	ip4addr_ntoa_r:
 331              		@ args = 0, pretend = 0, frame = 8
 332              		@ frame_needed = 0, uses_anonymous_args = 0
 333 0000 2DE9F043 		push	{r4, r5, r6, r7, r8, r9, lr}
 334 0004 83B0     		sub	sp, sp, #12
 335 0006 8946     		mov	r9, r1
 336 0008 0368     		ldr	r3, [r0]
 337 000a 0193     		str	r3, [sp, #4]
 338 000c 0D46     		mov	r5, r1
 339 000e 0027     		movs	r7, #0
 340 0010 3846     		mov	r0, r7
 341 0012 0DF1040C 		add	ip, sp, #4
 342              	.L62:
 343 0016 0328     		cmp	r0, #3
 344 0018 38D8     		bhi	.L71
 345 001a 0026     		movs	r6, #0
 346              	.L63:
 347 001c 9CF80040 		ldrb	r4, [ip]	@ zero_extendqisi2
 348 0020 204B     		ldr	r3, .L73
 349 0022 A3FB0413 		umull	r1, r3, r3, r4
 350 0026 DB08     		lsrs	r3, r3, #3
 351 0028 03EB8308 		add	r8, r3, r3, lsl #2
ARM GAS  /tmp/ccDLbWLk.s 			page 7


 352 002c 4FEA480E 		lsl	lr, r8, #1
 353 0030 A4EB0E04 		sub	r4, r4, lr
 354 0034 E4B2     		uxtb	r4, r4
 355 0036 DBB2     		uxtb	r3, r3
 356 0038 8CF80030 		strb	r3, [ip]
 357 003c 06F1010E 		add	lr, r6, #1
 358 0040 5FFA8EF1 		uxtb	r1, lr
 359 0044 3034     		adds	r4, r4, #48
 360 0046 0DF1080E 		add	lr, sp, #8
 361 004a 7644     		add	r6, r6, lr
 362 004c 06F8084C 		strb	r4, [r6, #-8]
 363 0050 0E46     		mov	r6, r1
 364 0052 002B     		cmp	r3, #0
 365 0054 E2D1     		bne	.L63
 366              	.L64:
 367 0056 4B1E     		subs	r3, r1, #1
 368 0058 DBB2     		uxtb	r3, r3
 369 005a 59B1     		cbz	r1, .L72
 370 005c 7C1C     		adds	r4, r7, #1
 371 005e 9742     		cmp	r7, r2
 372 0060 19DA     		bge	.L67
 373 0062 02A9     		add	r1, sp, #8
 374 0064 CE18     		adds	r6, r1, r3
 375 0066 16F8086C 		ldrb	r6, [r6, #-8]	@ zero_extendqisi2
 376 006a 05F8016B 		strb	r6, [r5], #1
 377 006e 2746     		mov	r7, r4
 378 0070 1946     		mov	r1, r3
 379 0072 F0E7     		b	.L64
 380              	.L72:
 381 0074 7B1C     		adds	r3, r7, #1
 382 0076 9742     		cmp	r7, r2
 383 0078 11DA     		bge	.L68
 384 007a 2E24     		movs	r4, #46
 385 007c 05F8014B 		strb	r4, [r5], #1
 386 0080 0CF1010C 		add	ip, ip, #1
 387 0084 0130     		adds	r0, r0, #1
 388 0086 C0B2     		uxtb	r0, r0
 389 0088 1F46     		mov	r7, r3
 390 008a C4E7     		b	.L62
 391              	.L71:
 392 008c 0023     		movs	r3, #0
 393 008e 05F8013C 		strb	r3, [r5, #-1]
 394 0092 4846     		mov	r0, r9
 395 0094 00E0     		b	.L61
 396              	.L67:
 397 0096 0020     		movs	r0, #0
 398              	.L61:
 399 0098 03B0     		add	sp, sp, #12
 400              		@ sp needed
 401 009a BDE8F083 		pop	{r4, r5, r6, r7, r8, r9, pc}
 402              	.L68:
 403 009e 0020     		movs	r0, #0
 404 00a0 FAE7     		b	.L61
 405              	.L74:
 406 00a2 00BF     		.align	2
 407              	.L73:
 408 00a4 CDCCCCCC 		.word	-858993459
ARM GAS  /tmp/ccDLbWLk.s 			page 8


 410              		.section	.text.ip4addr_ntoa,"ax",%progbits
 411              		.align	1
 412              		.global	ip4addr_ntoa
 413              		.syntax unified
 414              		.thumb
 415              		.thumb_func
 416              		.fpu fpv4-sp-d16
 418              	ip4addr_ntoa:
 419              		@ args = 0, pretend = 0, frame = 0
 420              		@ frame_needed = 0, uses_anonymous_args = 0
 421 0000 08B5     		push	{r3, lr}
 422 0002 1022     		movs	r2, #16
 423 0004 0149     		ldr	r1, .L77
 424 0006 FFF7FEFF 		bl	ip4addr_ntoa_r
 425 000a 08BD     		pop	{r3, pc}
 426              	.L78:
 427              		.align	2
 428              	.L77:
 429 000c 00000000 		.word	.LANCHOR0
 431              		.global	ip_addr_broadcast
 432              		.global	ip_addr_any
 433              		.section	.bss.str.7500,"aw",%nobits
 434              		.align	2
 435              		.set	.LANCHOR0,. + 0
 438              	str.7500:
 439 0000 00000000 		.space	16
 439      00000000 
 439      00000000 
 439      00000000 
 440              		.section	.rodata.ip4addr_aton.str1.4,"aMS",%progbits,1
 441              		.align	2
 442              	.LC0:
 443 0000 4D696464 		.ascii	"Middlewares/Third_Party/LwIP/src/core/ipv4/ip4_addr"
 443      6C657761 
 443      7265732F 
 443      54686972 
 443      645F5061 
 444 0033 2E6300   		.ascii	".c\000"
 445 0036 0000     		.space	2
 446              	.LC1:
 447 0038 756E6861 		.ascii	"unhandled\000"
 447      6E646C65 
 447      6400
 448 0042 0000     		.space	2
 449              	.LC2:
 450 0044 41737365 		.ascii	"Assertion \"%s\" failed at line %d in %s\012\000"
 450      7274696F 
 450      6E202225 
 450      73222066 
 450      61696C65 
 451              		.section	.rodata.ip_addr_any,"a"
 452              		.align	2
 455              	ip_addr_any:
 456 0000 00000000 		.space	4
 457              		.section	.rodata.ip_addr_broadcast,"a"
 458              		.align	2
 461              	ip_addr_broadcast:
ARM GAS  /tmp/ccDLbWLk.s 			page 9


 462 0000 FFFFFFFF 		.word	-1
 463              		.ident	"GCC: (GNU Tools for Arm Embedded Processors 8-2019-q3-update) 8.3.1 20190703 (release) [gc
ARM GAS  /tmp/ccDLbWLk.s 			page 10


DEFINED SYMBOLS
                            *ABS*:0000000000000000 ip4_addr.c
     /tmp/ccDLbWLk.s:16     .text.ip4_addr_isbroadcast_u32:0000000000000000 $t
     /tmp/ccDLbWLk.s:24     .text.ip4_addr_isbroadcast_u32:0000000000000000 ip4_addr_isbroadcast_u32
     /tmp/ccDLbWLk.s:62     .text.ip4_addr_netmask_valid:0000000000000000 $t
     /tmp/ccDLbWLk.s:69     .text.ip4_addr_netmask_valid:0000000000000000 ip4_addr_netmask_valid
     /tmp/ccDLbWLk.s:96     .text.ip4addr_aton:0000000000000000 $t
     /tmp/ccDLbWLk.s:103    .text.ip4addr_aton:0000000000000000 ip4addr_aton
     /tmp/ccDLbWLk.s:189    .text.ip4addr_aton:00000000000000a4 $d
     /tmp/ccDLbWLk.s:292    .text.ip4addr_aton:0000000000000150 $d
     /tmp/ccDLbWLk.s:298    .text.ipaddr_addr:0000000000000000 $t
     /tmp/ccDLbWLk.s:305    .text.ipaddr_addr:0000000000000000 ipaddr_addr
     /tmp/ccDLbWLk.s:323    .text.ip4addr_ntoa_r:0000000000000000 $t
     /tmp/ccDLbWLk.s:330    .text.ip4addr_ntoa_r:0000000000000000 ip4addr_ntoa_r
     /tmp/ccDLbWLk.s:408    .text.ip4addr_ntoa_r:00000000000000a4 $d
     /tmp/ccDLbWLk.s:411    .text.ip4addr_ntoa:0000000000000000 $t
     /tmp/ccDLbWLk.s:418    .text.ip4addr_ntoa:0000000000000000 ip4addr_ntoa
     /tmp/ccDLbWLk.s:429    .text.ip4addr_ntoa:000000000000000c $d
     /tmp/ccDLbWLk.s:461    .rodata.ip_addr_broadcast:0000000000000000 ip_addr_broadcast
     /tmp/ccDLbWLk.s:455    .rodata.ip_addr_any:0000000000000000 ip_addr_any
     /tmp/ccDLbWLk.s:434    .bss.str.7500:0000000000000000 $d
     /tmp/ccDLbWLk.s:438    .bss.str.7500:0000000000000000 str.7500
     /tmp/ccDLbWLk.s:441    .rodata.ip4addr_aton.str1.4:0000000000000000 $d
     /tmp/ccDLbWLk.s:452    .rodata.ip_addr_any:0000000000000000 $d
     /tmp/ccDLbWLk.s:458    .rodata.ip_addr_broadcast:0000000000000000 $d
     /tmp/ccDLbWLk.s:194    .text.ip4addr_aton:00000000000000a9 $d
     /tmp/ccDLbWLk.s:194    .text.ip4addr_aton:00000000000000aa $t

UNDEFINED SYMBOLS
lwip_htonl
printf
_ctype_
