ARM GAS  /tmp/ccLkaPae.s 			page 1


   1              		.cpu cortex-m4
   2              		.eabi_attribute 27, 1
   3              		.eabi_attribute 28, 1
   4              		.eabi_attribute 20, 1
   5              		.eabi_attribute 21, 1
   6              		.eabi_attribute 23, 3
   7              		.eabi_attribute 24, 1
   8              		.eabi_attribute 25, 1
   9              		.eabi_attribute 26, 1
  10              		.eabi_attribute 30, 1
  11              		.eabi_attribute 34, 1
  12              		.eabi_attribute 18, 4
  13              		.file	"microros_transports.c"
  14              		.text
  15              		.section	.text.freertos_serial_open,"ax",%progbits
  16              		.align	1
  17              		.global	freertos_serial_open
  18              		.arch armv7e-m
  19              		.syntax unified
  20              		.thumb
  21              		.thumb_func
  22              		.fpu fpv4-sp-d16
  24              	freertos_serial_open:
  25              		@ args = 0, pretend = 0, frame = 40
  26              		@ frame_needed = 0, uses_anonymous_args = 0
  27 0000 F0B5     		push	{r4, r5, r6, r7, lr}
  28 0002 8BB0     		sub	sp, sp, #44
  29 0004 4027     		movs	r7, #64
  30 0006 0797     		str	r7, [sp, #28]
  31 0008 0025     		movs	r5, #0
  32 000a 0395     		str	r5, [sp, #12]
  33 000c 0495     		str	r5, [sp, #16]
  34 000e 0595     		str	r5, [sp, #20]
  35 0010 0895     		str	r5, [sp, #32]
  36 0012 1D4B     		ldr	r3, .L3
  37 0014 0193     		str	r3, [sp, #4]
  38 0016 0126     		movs	r6, #1
  39 0018 0296     		str	r6, [sp, #8]
  40 001a 4FF48033 		mov	r3, #65536
  41 001e 0993     		str	r3, [sp, #36]
  42 0020 0696     		str	r6, [sp, #24]
  43 0022 1A4C     		ldr	r4, .L3+4
  44 0024 01AA     		add	r2, sp, #4
  45 0026 0721     		movs	r1, #7
  46 0028 2046     		mov	r0, r4
  47 002a FFF7FEFF 		bl	dma_single_data_mode_init
  48 002e 0422     		movs	r2, #4
  49 0030 0721     		movs	r1, #7
  50 0032 2046     		mov	r0, r4
  51 0034 FFF7FEFF 		bl	dma_channel_subperipheral_select
  52 0038 0795     		str	r5, [sp, #28]
  53 003a 154B     		ldr	r3, .L3+8
  54 003c 0393     		str	r3, [sp, #12]
  55 003e 4FF40063 		mov	r3, #2048
  56 0042 0893     		str	r3, [sp, #32]
  57 0044 4FF44033 		mov	r3, #196608
  58 0048 0993     		str	r3, [sp, #36]
ARM GAS  /tmp/ccLkaPae.s 			page 2


  59 004a 01AA     		add	r2, sp, #4
  60 004c 0221     		movs	r1, #2
  61 004e 2046     		mov	r0, r4
  62 0050 FFF7FEFF 		bl	dma_single_data_mode_init
  63 0054 0422     		movs	r2, #4
  64 0056 0221     		movs	r1, #2
  65 0058 2046     		mov	r0, r4
  66 005a FFF7FEFF 		bl	dma_channel_subperipheral_select
  67 005e 2A46     		mov	r2, r5
  68 0060 0521     		movs	r1, #5
  69 0062 3A20     		movs	r0, #58
  70 0064 FFF7FEFF 		bl	nvic_irq_enable
  71 0068 1022     		movs	r2, #16
  72 006a 0221     		movs	r1, #2
  73 006c 2046     		mov	r0, r4
  74 006e FFF7FEFF 		bl	dma_interrupt_enable
  75 0072 0221     		movs	r1, #2
  76 0074 2046     		mov	r0, r4
  77 0076 FFF7FEFF 		bl	dma_channel_enable
  78 007a 3946     		mov	r1, r7
  79 007c 0548     		ldr	r0, .L3+12
  80 007e FFF7FEFF 		bl	usart_dma_receive_config
  81 0082 3046     		mov	r0, r6
  82 0084 0BB0     		add	sp, sp, #44
  83              		@ sp needed
  84 0086 F0BD     		pop	{r4, r5, r6, r7, pc}
  85              	.L4:
  86              		.align	2
  87              	.L3:
  88 0088 04100140 		.word	1073811460
  89 008c 00640240 		.word	1073898496
  90 0090 00000000 		.word	.LANCHOR0
  91 0094 00100140 		.word	1073811456
  93              		.section	.text.freertos_serial_close,"ax",%progbits
  94              		.align	1
  95              		.global	freertos_serial_close
  96              		.syntax unified
  97              		.thumb
  98              		.thumb_func
  99              		.fpu fpv4-sp-d16
 101              	freertos_serial_close:
 102              		@ args = 0, pretend = 0, frame = 0
 103              		@ frame_needed = 0, uses_anonymous_args = 0
 104 0000 10B5     		push	{r4, lr}
 105 0002 054C     		ldr	r4, .L7
 106 0004 0721     		movs	r1, #7
 107 0006 2046     		mov	r0, r4
 108 0008 FFF7FEFF 		bl	dma_deinit
 109 000c 0221     		movs	r1, #2
 110 000e 2046     		mov	r0, r4
 111 0010 FFF7FEFF 		bl	dma_deinit
 112 0014 0120     		movs	r0, #1
 113 0016 10BD     		pop	{r4, pc}
 114              	.L8:
 115              		.align	2
 116              	.L7:
 117 0018 00640240 		.word	1073898496
ARM GAS  /tmp/ccLkaPae.s 			page 3


 119              		.section	.text.freertos_serial_write,"ax",%progbits
 120              		.align	1
 121              		.global	freertos_serial_write
 122              		.syntax unified
 123              		.thumb
 124              		.thumb_func
 125              		.fpu fpv4-sp-d16
 127              	freertos_serial_write:
 128              		@ args = 0, pretend = 0, frame = 0
 129              		@ frame_needed = 0, uses_anonymous_args = 0
 130 0000 38B5     		push	{r3, r4, r5, lr}
 131 0002 1546     		mov	r5, r2
 132 0004 144C     		ldr	r4, .L14
 133 0006 0B46     		mov	r3, r1
 134 0008 0022     		movs	r2, #0
 135 000a 0721     		movs	r1, #7
 136 000c 2046     		mov	r0, r4
 137 000e FFF7FEFF 		bl	dma_memory_address_config
 138 0012 2A46     		mov	r2, r5
 139 0014 0721     		movs	r1, #7
 140 0016 2046     		mov	r0, r4
 141 0018 FFF7FEFF 		bl	dma_transfer_number_config
 142 001c 0721     		movs	r1, #7
 143 001e 2046     		mov	r0, r4
 144 0020 FFF7FEFF 		bl	dma_channel_enable
 145 0024 8021     		movs	r1, #128
 146 0026 0D48     		ldr	r0, .L14+4
 147 0028 FFF7FEFF 		bl	usart_dma_transmit_config
 148              	.L10:
 149 002c 2022     		movs	r2, #32
 150 002e 0721     		movs	r1, #7
 151 0030 0948     		ldr	r0, .L14
 152 0032 FFF7FEFF 		bl	dma_flag_get
 153 0036 18B9     		cbnz	r0, .L13
 154 0038 0120     		movs	r0, #1
 155 003a FFF7FEFF 		bl	osDelay
 156 003e F5E7     		b	.L10
 157              	.L13:
 158 0040 054C     		ldr	r4, .L14
 159 0042 2022     		movs	r2, #32
 160 0044 0721     		movs	r1, #7
 161 0046 2046     		mov	r0, r4
 162 0048 FFF7FEFF 		bl	dma_flag_clear
 163 004c 0721     		movs	r1, #7
 164 004e 2046     		mov	r0, r4
 165 0050 FFF7FEFF 		bl	dma_channel_disable
 166 0054 2846     		mov	r0, r5
 167 0056 38BD     		pop	{r3, r4, r5, pc}
 168              	.L15:
 169              		.align	2
 170              	.L14:
 171 0058 00640240 		.word	1073898496
 172 005c 00100140 		.word	1073811456
 174              		.section	.text.freertos_serial_read,"ax",%progbits
 175              		.align	1
 176              		.global	freertos_serial_read
 177              		.syntax unified
ARM GAS  /tmp/ccLkaPae.s 			page 4


 178              		.thumb
 179              		.thumb_func
 180              		.fpu fpv4-sp-d16
 182              	freertos_serial_read:
 183              		@ args = 4, pretend = 0, frame = 0
 184              		@ frame_needed = 0, uses_anonymous_args = 0
 185 0000 38B5     		push	{r3, r4, r5, lr}
 186 0002 0D46     		mov	r5, r1
 187 0004 1446     		mov	r4, r2
 188              		.syntax unified
 189              	@ 142 "Drivers/CMSIS/Include/cmsis_gcc.h" 1
 190 0006 72B6     		cpsid i
 191              	@ 0 "" 2
 192              		.thumb
 193              		.syntax unified
 194 0008 0221     		movs	r1, #2
 195 000a 0E48     		ldr	r0, .L21
 196 000c FFF7FEFF 		bl	dma_transfer_number_get
 197 0010 C0F50060 		rsb	r0, r0, #2048
 198 0014 0C4B     		ldr	r3, .L21+4
 199 0016 1860     		str	r0, [r3]
 200              		.syntax unified
 201              	@ 131 "Drivers/CMSIS/Include/cmsis_gcc.h" 1
 202 0018 62B6     		cpsie i
 203              	@ 0 "" 2
 204              		.thumb
 205              		.syntax unified
 206 001a 0020     		movs	r0, #0
 207              	.L17:
 208 001c 0B4B     		ldr	r3, .L21+8
 209 001e 1B68     		ldr	r3, [r3]
 210 0020 094A     		ldr	r2, .L21+4
 211 0022 1268     		ldr	r2, [r2]
 212 0024 9342     		cmp	r3, r2
 213 0026 0BD0     		beq	.L16
 214 0028 A042     		cmp	r0, r4
 215 002a 09D2     		bcs	.L16
 216 002c 084A     		ldr	r2, .L21+12
 217 002e D25C     		ldrb	r2, [r2, r3]	@ zero_extendqisi2
 218 0030 2A54     		strb	r2, [r5, r0]
 219 0032 0133     		adds	r3, r3, #1
 220 0034 C3F30A03 		ubfx	r3, r3, #0, #11
 221 0038 044A     		ldr	r2, .L21+8
 222 003a 1360     		str	r3, [r2]
 223 003c 0130     		adds	r0, r0, #1
 224 003e EDE7     		b	.L17
 225              	.L16:
 226 0040 38BD     		pop	{r3, r4, r5, pc}
 227              	.L22:
 228 0042 00BF     		.align	2
 229              	.L21:
 230 0044 00640240 		.word	1073898496
 231 0048 00000000 		.word	.LANCHOR1
 232 004c 00000000 		.word	.LANCHOR2
 233 0050 00000000 		.word	.LANCHOR0
 235              		.section	.bss.dma_buffer,"aw",%nobits
 236              		.align	2
ARM GAS  /tmp/ccLkaPae.s 			page 5


 237              		.set	.LANCHOR0,. + 0
 240              	dma_buffer:
 241 0000 00000000 		.space	2048
 241      00000000 
 241      00000000 
 241      00000000 
 241      00000000 
 242              		.section	.bss.dma_head,"aw",%nobits
 243              		.align	2
 244              		.set	.LANCHOR2,. + 0
 247              	dma_head:
 248 0000 00000000 		.space	4
 249              		.section	.bss.dma_tail,"aw",%nobits
 250              		.align	2
 251              		.set	.LANCHOR1,. + 0
 254              	dma_tail:
 255 0000 00000000 		.space	4
 256              		.ident	"GCC: (GNU Tools for Arm Embedded Processors 8-2019-q3-update) 8.3.1 20190703 (release) [gc
ARM GAS  /tmp/ccLkaPae.s 			page 6


DEFINED SYMBOLS
                            *ABS*:0000000000000000 microros_transports.c
     /tmp/ccLkaPae.s:16     .text.freertos_serial_open:0000000000000000 $t
     /tmp/ccLkaPae.s:24     .text.freertos_serial_open:0000000000000000 freertos_serial_open
     /tmp/ccLkaPae.s:88     .text.freertos_serial_open:0000000000000088 $d
     /tmp/ccLkaPae.s:94     .text.freertos_serial_close:0000000000000000 $t
     /tmp/ccLkaPae.s:101    .text.freertos_serial_close:0000000000000000 freertos_serial_close
     /tmp/ccLkaPae.s:117    .text.freertos_serial_close:0000000000000018 $d
     /tmp/ccLkaPae.s:120    .text.freertos_serial_write:0000000000000000 $t
     /tmp/ccLkaPae.s:127    .text.freertos_serial_write:0000000000000000 freertos_serial_write
     /tmp/ccLkaPae.s:171    .text.freertos_serial_write:0000000000000058 $d
     /tmp/ccLkaPae.s:175    .text.freertos_serial_read:0000000000000000 $t
     /tmp/ccLkaPae.s:182    .text.freertos_serial_read:0000000000000000 freertos_serial_read
     /tmp/ccLkaPae.s:230    .text.freertos_serial_read:0000000000000044 $d
     /tmp/ccLkaPae.s:236    .bss.dma_buffer:0000000000000000 $d
     /tmp/ccLkaPae.s:240    .bss.dma_buffer:0000000000000000 dma_buffer
     /tmp/ccLkaPae.s:243    .bss.dma_head:0000000000000000 $d
     /tmp/ccLkaPae.s:247    .bss.dma_head:0000000000000000 dma_head
     /tmp/ccLkaPae.s:250    .bss.dma_tail:0000000000000000 $d
     /tmp/ccLkaPae.s:254    .bss.dma_tail:0000000000000000 dma_tail

UNDEFINED SYMBOLS
dma_single_data_mode_init
dma_channel_subperipheral_select
nvic_irq_enable
dma_interrupt_enable
dma_channel_enable
usart_dma_receive_config
dma_deinit
dma_memory_address_config
dma_transfer_number_config
usart_dma_transmit_config
dma_flag_get
osDelay
dma_flag_clear
dma_channel_disable
dma_transfer_number_get
