ARM GAS  /tmp/ccPMrrcF.s 			page 1


   1              		.cpu cortex-m4
   2              		.eabi_attribute 27, 1
   3              		.eabi_attribute 28, 1
   4              		.eabi_attribute 20, 1
   5              		.eabi_attribute 21, 1
   6              		.eabi_attribute 23, 3
   7              		.eabi_attribute 24, 1
   8              		.eabi_attribute 25, 1
   9              		.eabi_attribute 26, 1
  10              		.eabi_attribute 30, 1
  11              		.eabi_attribute 34, 1
  12              		.eabi_attribute 18, 4
  13              		.file	"netdb.c"
  14              		.text
  15              		.section	.text.lwip_gethostbyname,"ax",%progbits
  16              		.align	1
  17              		.global	lwip_gethostbyname
  18              		.arch armv7e-m
  19              		.syntax unified
  20              		.thumb
  21              		.thumb_func
  22              		.fpu fpv4-sp-d16
  24              	lwip_gethostbyname:
  25              		@ args = 0, pretend = 0, frame = 8
  26              		@ frame_needed = 0, uses_anonymous_args = 0
  27 0000 F0B5     		push	{r4, r5, r6, r7, lr}
  28 0002 83B0     		sub	sp, sp, #12
  29 0004 0746     		mov	r7, r0
  30 0006 01A9     		add	r1, sp, #4
  31 0008 FFF7FEFF 		bl	netconn_gethostbyname
  32 000c D8B9     		cbnz	r0, .L5
  33 000e 104B     		ldr	r3, .L6
  34 0010 019A     		ldr	r2, [sp, #4]
  35 0012 1A60     		str	r2, [r3]
  36 0014 0F4C     		ldr	r4, .L6+4
  37 0016 2360     		str	r3, [r4]
  38 0018 0025     		movs	r5, #0
  39 001a 6560     		str	r5, [r4, #4]
  40 001c 0E4E     		ldr	r6, .L6+8
  41 001e 4FF48072 		mov	r2, #256
  42 0022 3946     		mov	r1, r7
  43 0024 3046     		mov	r0, r6
  44 0026 FFF7FEFF 		bl	strncpy
  45 002a 86F80051 		strb	r5, [r6, #256]
  46 002e 0B48     		ldr	r0, .L6+12
  47 0030 0660     		str	r6, [r0]
  48 0032 0B4B     		ldr	r3, .L6+16
  49 0034 1D60     		str	r5, [r3]
  50 0036 4360     		str	r3, [r0, #4]
  51 0038 0223     		movs	r3, #2
  52 003a 8360     		str	r3, [r0, #8]
  53 003c 0423     		movs	r3, #4
  54 003e C360     		str	r3, [r0, #12]
  55 0040 0461     		str	r4, [r0, #16]
  56              	.L1:
  57 0042 03B0     		add	sp, sp, #12
  58              		@ sp needed
ARM GAS  /tmp/ccPMrrcF.s 			page 2


  59 0044 F0BD     		pop	{r4, r5, r6, r7, pc}
  60              	.L5:
  61 0046 074B     		ldr	r3, .L6+20
  62 0048 D222     		movs	r2, #210
  63 004a 1A60     		str	r2, [r3]
  64 004c 0020     		movs	r0, #0
  65 004e F8E7     		b	.L1
  66              	.L7:
  67              		.align	2
  68              	.L6:
  69 0050 00000000 		.word	.LANCHOR1
  70 0054 00000000 		.word	.LANCHOR2
  71 0058 00000000 		.word	.LANCHOR3
  72 005c 00000000 		.word	.LANCHOR0
  73 0060 00000000 		.word	.LANCHOR4
  74 0064 00000000 		.word	h_errno
  76              		.section	.text.lwip_gethostbyname_r,"ax",%progbits
  77              		.align	1
  78              		.global	lwip_gethostbyname_r
  79              		.syntax unified
  80              		.thumb
  81              		.thumb_func
  82              		.fpu fpv4-sp-d16
  84              	lwip_gethostbyname_r:
  85              		@ args = 8, pretend = 0, frame = 8
  86              		@ frame_needed = 0, uses_anonymous_args = 0
  87 0000 2DE9F04E 		push	{r4, r5, r6, r7, r9, r10, fp, lr}
  88 0004 82B0     		sub	sp, sp, #8
  89 0006 0A9E     		ldr	r6, [sp, #40]
  90 0008 0B9C     		ldr	r4, [sp, #44]
  91 000a 002C     		cmp	r4, #0
  92 000c 3AD0     		beq	.L18
  93              	.L9:
  94 000e 002E     		cmp	r6, #0
  95 0010 3BD0     		beq	.L19
  96 0012 0024     		movs	r4, #0
  97 0014 3460     		str	r4, [r6]
  98 0016 0028     		cmp	r0, #0
  99 0018 3DD0     		beq	.L12
 100 001a 0029     		cmp	r1, #0
 101 001c 3BD0     		beq	.L12
 102 001e 002A     		cmp	r2, #0
 103 0020 39D0     		beq	.L12
 104 0022 9A46     		mov	r10, r3
 105 0024 1446     		mov	r4, r2
 106 0026 0D46     		mov	r5, r1
 107 0028 0746     		mov	r7, r0
 108 002a FFF7FEFF 		bl	strlen
 109 002e 8146     		mov	r9, r0
 110 0030 00F11403 		add	r3, r0, #20
 111 0034 5345     		cmp	r3, r10
 112 0036 34D8     		bhi	.L20
 113 0038 0334     		adds	r4, r4, #3
 114 003a 24F00304 		bic	r4, r4, #3
 115 003e 04F1100A 		add	r10, r4, #16
 116 0042 04F1080B 		add	fp, r4, #8
 117 0046 5946     		mov	r1, fp
ARM GAS  /tmp/ccPMrrcF.s 			page 3


 118 0048 3846     		mov	r0, r7
 119 004a FFF7FEFF 		bl	netconn_gethostbyname
 120 004e 70BB     		cbnz	r0, .L21
 121 0050 4A46     		mov	r2, r9
 122 0052 3946     		mov	r1, r7
 123 0054 5046     		mov	r0, r10
 124 0056 FFF7FEFF 		bl	memcpy
 125 005a 0020     		movs	r0, #0
 126 005c 0AF80900 		strb	r0, [r10, r9]
 127 0060 C4F800B0 		str	fp, [r4]
 128 0064 6060     		str	r0, [r4, #4]
 129 0066 2346     		mov	r3, r4
 130 0068 43F80C0F 		str	r0, [r3, #12]!
 131 006c C5F800A0 		str	r10, [r5]
 132 0070 6B60     		str	r3, [r5, #4]
 133 0072 0223     		movs	r3, #2
 134 0074 AB60     		str	r3, [r5, #8]
 135 0076 0423     		movs	r3, #4
 136 0078 EB60     		str	r3, [r5, #12]
 137 007a 2C61     		str	r4, [r5, #16]
 138 007c 3560     		str	r5, [r6]
 139              	.L8:
 140 007e 02B0     		add	sp, sp, #8
 141              		@ sp needed
 142 0080 BDE8F08E 		pop	{r4, r5, r6, r7, r9, r10, fp, pc}
 143              	.L18:
 144 0084 01AC     		add	r4, sp, #4
 145 0086 0B94     		str	r4, [sp, #44]
 146 0088 C1E7     		b	.L9
 147              	.L19:
 148 008a 1623     		movs	r3, #22
 149 008c 0B9A     		ldr	r2, [sp, #44]
 150 008e 1360     		str	r3, [r2]
 151 0090 4FF0FF30 		mov	r0, #-1
 152 0094 F3E7     		b	.L8
 153              	.L12:
 154 0096 1623     		movs	r3, #22
 155 0098 0B9A     		ldr	r2, [sp, #44]
 156 009a 1360     		str	r3, [r2]
 157 009c 4FF0FF30 		mov	r0, #-1
 158 00a0 EDE7     		b	.L8
 159              	.L20:
 160 00a2 2223     		movs	r3, #34
 161 00a4 0B9A     		ldr	r2, [sp, #44]
 162 00a6 1360     		str	r3, [r2]
 163 00a8 4FF0FF30 		mov	r0, #-1
 164 00ac E7E7     		b	.L8
 165              	.L21:
 166 00ae D223     		movs	r3, #210
 167 00b0 0B9A     		ldr	r2, [sp, #44]
 168 00b2 1360     		str	r3, [r2]
 169 00b4 4FF0FF30 		mov	r0, #-1
 170 00b8 E1E7     		b	.L8
 172              		.section	.text.lwip_freeaddrinfo,"ax",%progbits
 173              		.align	1
 174              		.global	lwip_freeaddrinfo
 175              		.syntax unified
ARM GAS  /tmp/ccPMrrcF.s 			page 4


 176              		.thumb
 177              		.thumb_func
 178              		.fpu fpv4-sp-d16
 180              	lwip_freeaddrinfo:
 181              		@ args = 0, pretend = 0, frame = 0
 182              		@ frame_needed = 0, uses_anonymous_args = 0
 183 0000 0146     		mov	r1, r0
 184 0002 40B1     		cbz	r0, .L28
 185 0004 10B5     		push	{r4, lr}
 186              	.L24:
 187 0006 CC69     		ldr	r4, [r1, #28]
 188 0008 0B20     		movs	r0, #11
 189 000a FFF7FEFF 		bl	memp_free
 190 000e 2146     		mov	r1, r4
 191 0010 002C     		cmp	r4, #0
 192 0012 F8D1     		bne	.L24
 193 0014 10BD     		pop	{r4, pc}
 194              	.L28:
 195 0016 7047     		bx	lr
 197              		.section	.text.lwip_getaddrinfo,"ax",%progbits
 198              		.align	1
 199              		.global	lwip_getaddrinfo
 200              		.syntax unified
 201              		.thumb
 202              		.thumb_func
 203              		.fpu fpv4-sp-d16
 205              	lwip_getaddrinfo:
 206              		@ args = 0, pretend = 0, frame = 8
 207              		@ frame_needed = 0, uses_anonymous_args = 0
 208 0000 002B     		cmp	r3, #0
 209 0002 00F09B80 		beq	.L42
 210 0006 2DE9F04F 		push	{r4, r5, r6, r7, r8, r9, r10, fp, lr}
 211 000a 83B0     		sub	sp, sp, #12
 212 000c 1F46     		mov	r7, r3
 213 000e 0023     		movs	r3, #0
 214 0010 3B60     		str	r3, [r7]
 215 0012 98B1     		cbz	r0, .L56
 216              	.L31:
 217 0014 22B1     		cbz	r2, .L32
 218 0016 5368     		ldr	r3, [r2, #4]
 219 0018 13B1     		cbz	r3, .L32
 220 001a 022B     		cmp	r3, #2
 221 001c 40F09080 		bne	.L44
 222              	.L32:
 223 0020 1646     		mov	r6, r2
 224 0022 0446     		mov	r4, r0
 225 0024 71B1     		cbz	r1, .L45
 226 0026 0846     		mov	r0, r1
 227 0028 FFF7FEFF 		bl	atoi
 228 002c 8146     		mov	r9, r0
 229 002e 421E     		subs	r2, r0, #1
 230 0030 4FF6FE73 		movw	r3, #65534
 231 0034 9A42     		cmp	r2, r3
 232 0036 07D9     		bls	.L33
 233 0038 C920     		movs	r0, #201
 234 003a 54E0     		b	.L29
 235              	.L56:
ARM GAS  /tmp/ccPMrrcF.s 			page 5


 236 003c 0029     		cmp	r1, #0
 237 003e E9D1     		bne	.L31
 238 0040 C820     		movs	r0, #200
 239 0042 50E0     		b	.L29
 240              	.L45:
 241 0044 4FF00009 		mov	r9, #0
 242              	.L33:
 243 0048 002C     		cmp	r4, #0
 244 004a 57D0     		beq	.L34
 245 004c 1EB1     		cbz	r6, .L35
 246 004e 3368     		ldr	r3, [r6]
 247 0050 13F0040F 		tst	r3, #4
 248 0054 4AD1     		bne	.L57
 249              	.L35:
 250 0056 01A9     		add	r1, sp, #4
 251 0058 2046     		mov	r0, r4
 252 005a FFF7FEFF 		bl	netconn_gethostbyname
 253 005e 0028     		cmp	r0, #0
 254 0060 70D1     		bne	.L58
 255              	.L36:
 256 0062 002C     		cmp	r4, #0
 257 0064 65D0     		beq	.L49
 258 0066 2046     		mov	r0, r4
 259 0068 FFF7FEFF 		bl	strlen
 260 006c 8046     		mov	r8, r0
 261 006e B0F5807F 		cmp	r0, #256
 262 0072 69D8     		bhi	.L50
 263 0074 10F1310A 		adds	r10, r0, #49
 264 0078 4BD2     		bcs	.L59
 265              	.L39:
 266 007a BAF5997F 		cmp	r10, #306
 267 007e 50D2     		bcs	.L60
 268              	.L38:
 269 0080 0B20     		movs	r0, #11
 270 0082 FFF7FEFF 		bl	memp_malloc
 271 0086 0546     		mov	r5, r0
 272 0088 0028     		cmp	r0, #0
 273 008a 5FD0     		beq	.L51
 274 008c 5246     		mov	r2, r10
 275 008e 0021     		movs	r1, #0
 276 0090 FFF7FEFF 		bl	memset
 277 0094 05F1200B 		add	fp, r5, #32
 278 0098 019B     		ldr	r3, [sp, #4]
 279 009a 6B62     		str	r3, [r5, #36]
 280 009c 4FF0020A 		mov	r10, #2
 281 00a0 85F821A0 		strb	r10, [r5, #33]
 282 00a4 1023     		movs	r3, #16
 283 00a6 85F82030 		strb	r3, [r5, #32]
 284 00aa 1FFA89F0 		uxth	r0, r9
 285 00ae FFF7FEFF 		bl	lwip_htons
 286 00b2 6884     		strh	r0, [r5, #34]	@ movhi
 287 00b4 C5F804A0 		str	r10, [r5, #4]
 288 00b8 1EB1     		cbz	r6, .L40
 289 00ba B368     		ldr	r3, [r6, #8]
 290 00bc AB60     		str	r3, [r5, #8]
 291 00be F368     		ldr	r3, [r6, #12]
 292 00c0 EB60     		str	r3, [r5, #12]
ARM GAS  /tmp/ccPMrrcF.s 			page 6


 293              	.L40:
 294 00c2 54B1     		cbz	r4, .L41
 295 00c4 05F13006 		add	r6, r5, #48
 296 00c8 AE61     		str	r6, [r5, #24]
 297 00ca 4246     		mov	r2, r8
 298 00cc 2146     		mov	r1, r4
 299 00ce 3046     		mov	r0, r6
 300 00d0 FFF7FEFF 		bl	memcpy
 301 00d4 0023     		movs	r3, #0
 302 00d6 06F80830 		strb	r3, [r6, r8]
 303              	.L41:
 304 00da 1023     		movs	r3, #16
 305 00dc 2B61     		str	r3, [r5, #16]
 306 00de C5F814B0 		str	fp, [r5, #20]
 307 00e2 3D60     		str	r5, [r7]
 308 00e4 0020     		movs	r0, #0
 309              	.L29:
 310 00e6 03B0     		add	sp, sp, #12
 311              		@ sp needed
 312 00e8 BDE8F08F 		pop	{r4, r5, r6, r7, r8, r9, r10, fp, pc}
 313              	.L57:
 314 00ec 01A9     		add	r1, sp, #4
 315 00ee 2046     		mov	r0, r4
 316 00f0 FFF7FEFF 		bl	ip4addr_aton
 317 00f4 0028     		cmp	r0, #0
 318 00f6 B4D1     		bne	.L36
 319 00f8 C820     		movs	r0, #200
 320 00fa F4E7     		b	.L29
 321              	.L34:
 322 00fc 36B1     		cbz	r6, .L37
 323 00fe 3368     		ldr	r3, [r6]
 324 0100 13F0010F 		tst	r3, #1
 325 0104 02D0     		beq	.L37
 326 0106 0023     		movs	r3, #0
 327 0108 0193     		str	r3, [sp, #4]
 328 010a AAE7     		b	.L36
 329              	.L37:
 330 010c 104B     		ldr	r3, .L61
 331 010e 0193     		str	r3, [sp, #4]
 332 0110 A7E7     		b	.L36
 333              	.L59:
 334 0112 104B     		ldr	r3, .L61+4
 335 0114 4FF4B372 		mov	r2, #358
 336 0118 0F49     		ldr	r1, .L61+8
 337 011a 1048     		ldr	r0, .L61+12
 338 011c FFF7FEFF 		bl	printf
 339 0120 ABE7     		b	.L39
 340              	.L60:
 341 0122 0C4B     		ldr	r3, .L61+4
 342 0124 40F26B12 		movw	r2, #363
 343 0128 0D49     		ldr	r1, .L61+16
 344 012a 0C48     		ldr	r0, .L61+12
 345 012c FFF7FEFF 		bl	printf
 346 0130 A6E7     		b	.L38
 347              	.L49:
 348 0132 4FF00008 		mov	r8, #0
 349 0136 4FF0300A 		mov	r10, #48
ARM GAS  /tmp/ccPMrrcF.s 			page 7


 350 013a A1E7     		b	.L38
 351              	.L42:
 352 013c CA20     		movs	r0, #202
 353 013e 7047     		bx	lr
 354              	.L44:
 355 0140 CC20     		movs	r0, #204
 356 0142 D0E7     		b	.L29
 357              	.L58:
 358 0144 CA20     		movs	r0, #202
 359 0146 CEE7     		b	.L29
 360              	.L50:
 361 0148 CA20     		movs	r0, #202
 362 014a CCE7     		b	.L29
 363              	.L51:
 364 014c CB20     		movs	r0, #203
 365 014e CAE7     		b	.L29
 366              	.L62:
 367              		.align	2
 368              	.L61:
 369 0150 7F000001 		.word	16777343
 370 0154 00000000 		.word	.LC0
 371 0158 30000000 		.word	.LC1
 372 015c 44000000 		.word	.LC2
 373 0160 6C000000 		.word	.LC3
 375              		.comm	h_errno,4,4
 376              		.section	.bss.s_aliases.8939,"aw",%nobits
 377              		.align	2
 378              		.set	.LANCHOR4,. + 0
 381              	s_aliases.8939:
 382 0000 00000000 		.space	4
 383              		.section	.bss.s_hostent.8938,"aw",%nobits
 384              		.align	2
 385              		.set	.LANCHOR0,. + 0
 388              	s_hostent.8938:
 389 0000 00000000 		.space	20
 389      00000000 
 389      00000000 
 389      00000000 
 389      00000000 
 390              		.section	.bss.s_hostent_addr.8940,"aw",%nobits
 391              		.align	2
 392              		.set	.LANCHOR1,. + 0
 395              	s_hostent_addr.8940:
 396 0000 00000000 		.space	4
 397              		.section	.bss.s_hostname.8942,"aw",%nobits
 398              		.align	2
 399              		.set	.LANCHOR3,. + 0
 402              	s_hostname.8942:
 403 0000 00000000 		.space	257
 403      00000000 
 403      00000000 
 403      00000000 
 403      00000000 
 404              		.section	.bss.s_phostent_addr.8941,"aw",%nobits
 405              		.align	2
 406              		.set	.LANCHOR2,. + 0
 409              	s_phostent_addr.8941:
ARM GAS  /tmp/ccPMrrcF.s 			page 8


 410 0000 00000000 		.space	8
 410      00000000 
 411              		.section	.rodata.lwip_getaddrinfo.str1.4,"aMS",%progbits,1
 412              		.align	2
 413              	.LC0:
 414 0000 4D696464 		.ascii	"Middlewares/Third_Party/LwIP/src/api/netdb.c\000"
 414      6C657761 
 414      7265732F 
 414      54686972 
 414      645F5061 
 415 002d 000000   		.space	3
 416              	.LC1:
 417 0030 6E616D65 		.ascii	"namelen is too long\000"
 417      6C656E20 
 417      69732074 
 417      6F6F206C 
 417      6F6E6700 
 418              	.LC2:
 419 0044 41737365 		.ascii	"Assertion \"%s\" failed at line %d in %s\012\000"
 419      7274696F 
 419      6E202225 
 419      73222066 
 419      61696C65 
 420              	.LC3:
 421 006c 746F7461 		.ascii	"total_size <= NETDB_ELEM_SIZE: please report this!\000"
 421      6C5F7369 
 421      7A65203C 
 421      3D204E45 
 421      5444425F 
 422              		.ident	"GCC: (GNU Tools for Arm Embedded Processors 8-2019-q3-update) 8.3.1 20190703 (release) [gc
ARM GAS  /tmp/ccPMrrcF.s 			page 9


DEFINED SYMBOLS
                            *ABS*:0000000000000000 netdb.c
     /tmp/ccPMrrcF.s:16     .text.lwip_gethostbyname:0000000000000000 $t
     /tmp/ccPMrrcF.s:24     .text.lwip_gethostbyname:0000000000000000 lwip_gethostbyname
     /tmp/ccPMrrcF.s:69     .text.lwip_gethostbyname:0000000000000050 $d
                            *COM*:0000000000000004 h_errno
     /tmp/ccPMrrcF.s:77     .text.lwip_gethostbyname_r:0000000000000000 $t
     /tmp/ccPMrrcF.s:84     .text.lwip_gethostbyname_r:0000000000000000 lwip_gethostbyname_r
     /tmp/ccPMrrcF.s:173    .text.lwip_freeaddrinfo:0000000000000000 $t
     /tmp/ccPMrrcF.s:180    .text.lwip_freeaddrinfo:0000000000000000 lwip_freeaddrinfo
     /tmp/ccPMrrcF.s:198    .text.lwip_getaddrinfo:0000000000000000 $t
     /tmp/ccPMrrcF.s:205    .text.lwip_getaddrinfo:0000000000000000 lwip_getaddrinfo
     /tmp/ccPMrrcF.s:369    .text.lwip_getaddrinfo:0000000000000150 $d
     /tmp/ccPMrrcF.s:377    .bss.s_aliases.8939:0000000000000000 $d
     /tmp/ccPMrrcF.s:381    .bss.s_aliases.8939:0000000000000000 s_aliases.8939
     /tmp/ccPMrrcF.s:384    .bss.s_hostent.8938:0000000000000000 $d
     /tmp/ccPMrrcF.s:388    .bss.s_hostent.8938:0000000000000000 s_hostent.8938
     /tmp/ccPMrrcF.s:391    .bss.s_hostent_addr.8940:0000000000000000 $d
     /tmp/ccPMrrcF.s:395    .bss.s_hostent_addr.8940:0000000000000000 s_hostent_addr.8940
     /tmp/ccPMrrcF.s:398    .bss.s_hostname.8942:0000000000000000 $d
     /tmp/ccPMrrcF.s:402    .bss.s_hostname.8942:0000000000000000 s_hostname.8942
     /tmp/ccPMrrcF.s:405    .bss.s_phostent_addr.8941:0000000000000000 $d
     /tmp/ccPMrrcF.s:409    .bss.s_phostent_addr.8941:0000000000000000 s_phostent_addr.8941
     /tmp/ccPMrrcF.s:412    .rodata.lwip_getaddrinfo.str1.4:0000000000000000 $d

UNDEFINED SYMBOLS
netconn_gethostbyname
strncpy
strlen
memcpy
memp_free
atoi
memp_malloc
memset
lwip_htons
ip4addr_aton
printf
