ARM GAS  /tmp/ccEmHdln.s 			page 1


   1              		.cpu cortex-m4
   2              		.eabi_attribute 27, 1
   3              		.eabi_attribute 28, 1
   4              		.eabi_attribute 20, 1
   5              		.eabi_attribute 21, 1
   6              		.eabi_attribute 23, 3
   7              		.eabi_attribute 24, 1
   8              		.eabi_attribute 25, 1
   9              		.eabi_attribute 26, 1
  10              		.eabi_attribute 30, 1
  11              		.eabi_attribute 34, 1
  12              		.eabi_attribute 18, 4
  13              		.file	"pbuf.c"
  14              		.text
  15              		.section	.text.pbuf_init_alloced_pbuf,"ax",%progbits
  16              		.align	1
  17              		.arch armv7e-m
  18              		.syntax unified
  19              		.thumb
  20              		.thumb_func
  21              		.fpu fpv4-sp-d16
  23              	pbuf_init_alloced_pbuf:
  24              		@ args = 8, pretend = 0, frame = 0
  25              		@ frame_needed = 0, uses_anonymous_args = 0
  26              		@ link register save eliminated.
  27 0000 10B4     		push	{r4}
  28 0002 0024     		movs	r4, #0
  29 0004 0460     		str	r4, [r0]
  30 0006 4160     		str	r1, [r0, #4]
  31 0008 0281     		strh	r2, [r0, #8]	@ movhi
  32 000a 4381     		strh	r3, [r0, #10]	@ movhi
  33 000c 9DF80430 		ldrb	r3, [sp, #4]	@ zero_extendqisi2
  34 0010 0373     		strb	r3, [r0, #12]
  35 0012 9DF80830 		ldrb	r3, [sp, #8]	@ zero_extendqisi2
  36 0016 4373     		strb	r3, [r0, #13]
  37 0018 0123     		movs	r3, #1
  38 001a 8373     		strb	r3, [r0, #14]
  39 001c C473     		strb	r4, [r0, #15]
  40 001e 5DF8044B 		ldr	r4, [sp], #4
  41 0022 7047     		bx	lr
  43              		.section	.text.pbuf_skip_const,"ax",%progbits
  44              		.align	1
  45              		.syntax unified
  46              		.thumb
  47              		.thumb_func
  48              		.fpu fpv4-sp-d16
  50              	pbuf_skip_const:
  51              		@ args = 0, pretend = 0, frame = 0
  52              		@ frame_needed = 0, uses_anonymous_args = 0
  53              		@ link register save eliminated.
  54              	.L4:
  55 0000 30B1     		cbz	r0, .L5
  56 0002 4389     		ldrh	r3, [r0, #10]
  57 0004 8B42     		cmp	r3, r1
  58 0006 03D8     		bhi	.L5
  59 0008 C91A     		subs	r1, r1, r3
  60 000a 89B2     		uxth	r1, r1
ARM GAS  /tmp/ccEmHdln.s 			page 2


  61 000c 0068     		ldr	r0, [r0]
  62 000e F7E7     		b	.L4
  63              	.L5:
  64 0010 02B1     		cbz	r2, .L7
  65 0012 1180     		strh	r1, [r2]	@ movhi
  66              	.L7:
  67 0014 7047     		bx	lr
  69              		.section	.text.pbuf_add_header_impl,"ax",%progbits
  70              		.align	1
  71              		.syntax unified
  72              		.thumb
  73              		.thumb_func
  74              		.fpu fpv4-sp-d16
  76              	pbuf_add_header_impl:
  77              		@ args = 0, pretend = 0, frame = 0
  78              		@ frame_needed = 0, uses_anonymous_args = 0
  79 0000 70B5     		push	{r4, r5, r6, lr}
  80 0002 0D46     		mov	r5, r1
  81 0004 1646     		mov	r6, r2
  82 0006 0446     		mov	r4, r0
  83 0008 C0B1     		cbz	r0, .L20
  84              	.L9:
  85 000a 3CB3     		cbz	r4, .L13
  86 000c B5F5803F 		cmp	r5, #65536
  87 0010 26D2     		bcs	.L14
  88 0012 3DB3     		cbz	r5, .L15
  89 0014 AAB2     		uxth	r2, r5
  90 0016 2389     		ldrh	r3, [r4, #8]
  91 0018 1344     		add	r3, r3, r2
  92 001a 9BB2     		uxth	r3, r3
  93 001c 9342     		cmp	r3, r2
  94 001e 23D3     		bcc	.L16
  95 0020 94F90C10 		ldrsb	r1, [r4, #12]
  96 0024 0029     		cmp	r1, #0
  97 0026 11DB     		blt	.L21
  98 0028 06B3     		cbz	r6, .L18
  99 002a 6168     		ldr	r1, [r4, #4]
 100 002c 4D1B     		subs	r5, r1, r5
 101              	.L12:
 102 002e 6560     		str	r5, [r4, #4]
 103 0030 6189     		ldrh	r1, [r4, #10]
 104 0032 0A44     		add	r2, r2, r1
 105 0034 6281     		strh	r2, [r4, #10]	@ movhi
 106 0036 2381     		strh	r3, [r4, #8]	@ movhi
 107 0038 0020     		movs	r0, #0
 108 003a 12E0     		b	.L10
 109              	.L20:
 110 003c 0C4B     		ldr	r3, .L22
 111 003e 40F2DF12 		movw	r2, #479
 112 0042 0C49     		ldr	r1, .L22+4
 113 0044 0C48     		ldr	r0, .L22+8
 114 0046 FFF7FEFF 		bl	printf
 115 004a DEE7     		b	.L9
 116              	.L21:
 117 004c 6168     		ldr	r1, [r4, #4]
 118 004e 4D1B     		subs	r5, r1, r5
 119 0050 04F11001 		add	r1, r4, #16
ARM GAS  /tmp/ccEmHdln.s 			page 3


 120 0054 A942     		cmp	r1, r5
 121 0056 EAD9     		bls	.L12
 122 0058 0120     		movs	r0, #1
 123 005a 02E0     		b	.L10
 124              	.L13:
 125 005c 0120     		movs	r0, #1
 126 005e 00E0     		b	.L10
 127              	.L14:
 128 0060 0120     		movs	r0, #1
 129              	.L10:
 130 0062 70BD     		pop	{r4, r5, r6, pc}
 131              	.L15:
 132 0064 0020     		movs	r0, #0
 133 0066 FCE7     		b	.L10
 134              	.L16:
 135 0068 0120     		movs	r0, #1
 136 006a FAE7     		b	.L10
 137              	.L18:
 138 006c 0120     		movs	r0, #1
 139 006e F8E7     		b	.L10
 140              	.L23:
 141              		.align	2
 142              	.L22:
 143 0070 00000000 		.word	.LC0
 144 0074 30000000 		.word	.LC1
 145 0078 3C000000 		.word	.LC2
 147              		.section	.text.pbuf_pool_is_empty,"ax",%progbits
 148              		.align	1
 149              		.syntax unified
 150              		.thumb
 151              		.thumb_func
 152              		.fpu fpv4-sp-d16
 154              	pbuf_pool_is_empty:
 155              		@ args = 0, pretend = 0, frame = 0
 156              		@ frame_needed = 0, uses_anonymous_args = 0
 157 0000 10B5     		push	{r4, lr}
 158 0002 FFF7FEFF 		bl	sys_arch_protect
 159 0006 0B4B     		ldr	r3, .L28
 160 0008 1C78     		ldrb	r4, [r3]	@ zero_extendqisi2
 161 000a E4B2     		uxtb	r4, r4
 162 000c 0122     		movs	r2, #1
 163 000e 1A70     		strb	r2, [r3]
 164 0010 FFF7FEFF 		bl	sys_arch_unprotect
 165 0014 04B1     		cbz	r4, .L27
 166              	.L24:
 167 0016 10BD     		pop	{r4, pc}
 168              	.L27:
 169 0018 0021     		movs	r1, #0
 170 001a 0748     		ldr	r0, .L28+4
 171 001c FFF7FEFF 		bl	tcpip_try_callback
 172 0020 0028     		cmp	r0, #0
 173 0022 F8D0     		beq	.L24
 174 0024 FFF7FEFF 		bl	sys_arch_protect
 175 0028 024B     		ldr	r3, .L28
 176 002a 0022     		movs	r2, #0
 177 002c 1A70     		strb	r2, [r3]
 178 002e FFF7FEFF 		bl	sys_arch_unprotect
ARM GAS  /tmp/ccEmHdln.s 			page 4


 179 0032 F0E7     		b	.L24
 180              	.L29:
 181              		.align	2
 182              	.L28:
 183 0034 00000000 		.word	pbuf_free_ooseq_pending
 184 0038 00000000 		.word	pbuf_free_ooseq_callback
 186              		.section	.text.pbuf_free_ooseq,"ax",%progbits
 187              		.align	1
 188              		.syntax unified
 189              		.thumb
 190              		.thumb_func
 191              		.fpu fpv4-sp-d16
 193              	pbuf_free_ooseq:
 194              		@ args = 0, pretend = 0, frame = 0
 195              		@ frame_needed = 0, uses_anonymous_args = 0
 196 0000 08B5     		push	{r3, lr}
 197 0002 FFF7FEFF 		bl	sys_arch_protect
 198 0006 074B     		ldr	r3, .L37
 199 0008 0022     		movs	r2, #0
 200 000a 1A70     		strb	r2, [r3]
 201 000c FFF7FEFF 		bl	sys_arch_unprotect
 202 0010 054B     		ldr	r3, .L37+4
 203 0012 1868     		ldr	r0, [r3]
 204              	.L31:
 205 0014 28B1     		cbz	r0, .L30
 206 0016 436F     		ldr	r3, [r0, #116]
 207 0018 0BB9     		cbnz	r3, .L36
 208 001a C068     		ldr	r0, [r0, #12]
 209 001c FAE7     		b	.L31
 210              	.L36:
 211 001e FFF7FEFF 		bl	tcp_free_ooseq
 212              	.L30:
 213 0022 08BD     		pop	{r3, pc}
 214              	.L38:
 215              		.align	2
 216              	.L37:
 217 0024 00000000 		.word	pbuf_free_ooseq_pending
 218 0028 00000000 		.word	tcp_active_pcbs
 220              		.section	.text.pbuf_free_ooseq_callback,"ax",%progbits
 221              		.align	1
 222              		.syntax unified
 223              		.thumb
 224              		.thumb_func
 225              		.fpu fpv4-sp-d16
 227              	pbuf_free_ooseq_callback:
 228              		@ args = 0, pretend = 0, frame = 0
 229              		@ frame_needed = 0, uses_anonymous_args = 0
 230 0000 08B5     		push	{r3, lr}
 231 0002 FFF7FEFF 		bl	pbuf_free_ooseq
 232 0006 08BD     		pop	{r3, pc}
 234              		.section	.text.pbuf_alloc_reference,"ax",%progbits
 235              		.align	1
 236              		.global	pbuf_alloc_reference
 237              		.syntax unified
 238              		.thumb
 239              		.thumb_func
 240              		.fpu fpv4-sp-d16
ARM GAS  /tmp/ccEmHdln.s 			page 5


 242              	pbuf_alloc_reference:
 243              		@ args = 0, pretend = 0, frame = 0
 244              		@ frame_needed = 0, uses_anonymous_args = 0
 245 0000 F0B5     		push	{r4, r5, r6, r7, lr}
 246 0002 83B0     		sub	sp, sp, #12
 247 0004 0746     		mov	r7, r0
 248 0006 0E46     		mov	r6, r1
 249 0008 1446     		mov	r4, r2
 250 000a 412A     		cmp	r2, #65
 251 000c 01D0     		beq	.L42
 252 000e 012A     		cmp	r2, #1
 253 0010 0FD1     		bne	.L45
 254              	.L42:
 255 0012 0C20     		movs	r0, #12
 256 0014 FFF7FEFF 		bl	memp_malloc
 257 0018 0546     		mov	r5, r0
 258 001a 38B1     		cbz	r0, .L41
 259 001c 0023     		movs	r3, #0
 260 001e 0193     		str	r3, [sp, #4]
 261 0020 0094     		str	r4, [sp]
 262 0022 3346     		mov	r3, r6
 263 0024 3246     		mov	r2, r6
 264 0026 3946     		mov	r1, r7
 265 0028 FFF7FEFF 		bl	pbuf_init_alloced_pbuf
 266              	.L41:
 267 002c 2846     		mov	r0, r5
 268 002e 03B0     		add	sp, sp, #12
 269              		@ sp needed
 270 0030 F0BD     		pop	{r4, r5, r6, r7, pc}
 271              	.L45:
 272 0032 044B     		ldr	r3, .L46
 273 0034 4FF4A572 		mov	r2, #330
 274 0038 0349     		ldr	r1, .L46+4
 275 003a 0448     		ldr	r0, .L46+8
 276 003c FFF7FEFF 		bl	printf
 277 0040 E7E7     		b	.L42
 278              	.L47:
 279 0042 00BF     		.align	2
 280              	.L46:
 281 0044 00000000 		.word	.LC0
 282 0048 00000000 		.word	.LC3
 283 004c 3C000000 		.word	.LC2
 285              		.section	.text.pbuf_alloced_custom,"ax",%progbits
 286              		.align	1
 287              		.global	pbuf_alloced_custom
 288              		.syntax unified
 289              		.thumb
 290              		.thumb_func
 291              		.fpu fpv4-sp-d16
 293              	pbuf_alloced_custom:
 294              		@ args = 8, pretend = 0, frame = 0
 295              		@ frame_needed = 0, uses_anonymous_args = 0
 296 0000 70B5     		push	{r4, r5, r6, lr}
 297 0002 82B0     		sub	sp, sp, #8
 298 0004 069D     		ldr	r5, [sp, #24]
 299 0006 C41C     		adds	r4, r0, #3
 300 0008 24F00304 		bic	r4, r4, #3
ARM GAS  /tmp/ccEmHdln.s 			page 6


 301 000c 0E19     		adds	r6, r1, r4
 302 000e BDF81C00 		ldrh	r0, [sp, #28]
 303 0012 8642     		cmp	r6, r0
 304 0014 0FD8     		bhi	.L51
 305 0016 05B1     		cbz	r5, .L50
 306 0018 2544     		add	r5, r5, r4
 307              	.L50:
 308 001a 1846     		mov	r0, r3
 309 001c 1346     		mov	r3, r2
 310 001e 0A46     		mov	r2, r1
 311 0020 0446     		mov	r4, r0
 312 0022 0221     		movs	r1, #2
 313 0024 0191     		str	r1, [sp, #4]
 314 0026 0093     		str	r3, [sp]
 315 0028 1346     		mov	r3, r2
 316 002a 2946     		mov	r1, r5
 317 002c FFF7FEFF 		bl	pbuf_init_alloced_pbuf
 318              	.L48:
 319 0030 2046     		mov	r0, r4
 320 0032 02B0     		add	sp, sp, #8
 321              		@ sp needed
 322 0034 70BD     		pop	{r4, r5, r6, pc}
 323              	.L51:
 324 0036 0024     		movs	r4, #0
 325 0038 FAE7     		b	.L48
 327              		.section	.text.pbuf_add_header,"ax",%progbits
 328              		.align	1
 329              		.global	pbuf_add_header
 330              		.syntax unified
 331              		.thumb
 332              		.thumb_func
 333              		.fpu fpv4-sp-d16
 335              	pbuf_add_header:
 336              		@ args = 0, pretend = 0, frame = 0
 337              		@ frame_needed = 0, uses_anonymous_args = 0
 338 0000 08B5     		push	{r3, lr}
 339 0002 0022     		movs	r2, #0
 340 0004 FFF7FEFF 		bl	pbuf_add_header_impl
 341 0008 08BD     		pop	{r3, pc}
 343              		.section	.text.pbuf_add_header_force,"ax",%progbits
 344              		.align	1
 345              		.global	pbuf_add_header_force
 346              		.syntax unified
 347              		.thumb
 348              		.thumb_func
 349              		.fpu fpv4-sp-d16
 351              	pbuf_add_header_force:
 352              		@ args = 0, pretend = 0, frame = 0
 353              		@ frame_needed = 0, uses_anonymous_args = 0
 354 0000 08B5     		push	{r3, lr}
 355 0002 0122     		movs	r2, #1
 356 0004 FFF7FEFF 		bl	pbuf_add_header_impl
 357 0008 08BD     		pop	{r3, pc}
 359              		.section	.text.pbuf_remove_header,"ax",%progbits
 360              		.align	1
 361              		.global	pbuf_remove_header
 362              		.syntax unified
ARM GAS  /tmp/ccEmHdln.s 			page 7


 363              		.thumb
 364              		.thumb_func
 365              		.fpu fpv4-sp-d16
 367              	pbuf_remove_header:
 368              		@ args = 0, pretend = 0, frame = 0
 369              		@ frame_needed = 0, uses_anonymous_args = 0
 370 0000 38B5     		push	{r3, r4, r5, lr}
 371 0002 0D46     		mov	r5, r1
 372 0004 0446     		mov	r4, r0
 373 0006 90B1     		cbz	r0, .L65
 374              	.L58:
 375 0008 14B3     		cbz	r4, .L61
 376 000a B5F5803F 		cmp	r5, #65536
 377 000e 21D2     		bcs	.L62
 378 0010 15B3     		cbz	r5, .L63
 379 0012 AAB2     		uxth	r2, r5
 380 0014 6389     		ldrh	r3, [r4, #10]
 381 0016 9342     		cmp	r3, r2
 382 0018 11D3     		bcc	.L66
 383 001a 6168     		ldr	r1, [r4, #4]
 384 001c 0D44     		add	r5, r5, r1
 385 001e 6560     		str	r5, [r4, #4]
 386 0020 9B1A     		subs	r3, r3, r2
 387 0022 6381     		strh	r3, [r4, #10]	@ movhi
 388 0024 2389     		ldrh	r3, [r4, #8]
 389 0026 9A1A     		subs	r2, r3, r2
 390 0028 2281     		strh	r2, [r4, #8]	@ movhi
 391 002a 0020     		movs	r0, #0
 392              	.L59:
 393 002c 38BD     		pop	{r3, r4, r5, pc}
 394              	.L65:
 395 002e 0B4B     		ldr	r3, .L67
 396 0030 40F24B22 		movw	r2, #587
 397 0034 0A49     		ldr	r1, .L67+4
 398 0036 0B48     		ldr	r0, .L67+8
 399 0038 FFF7FEFF 		bl	printf
 400 003c E4E7     		b	.L58
 401              	.L66:
 402 003e 074B     		ldr	r3, .L67
 403 0040 40F25522 		movw	r2, #597
 404 0044 0849     		ldr	r1, .L67+12
 405 0046 0748     		ldr	r0, .L67+8
 406 0048 FFF7FEFF 		bl	printf
 407 004c 0120     		movs	r0, #1
 408 004e EDE7     		b	.L59
 409              	.L61:
 410 0050 0120     		movs	r0, #1
 411 0052 EBE7     		b	.L59
 412              	.L62:
 413 0054 0120     		movs	r0, #1
 414 0056 E9E7     		b	.L59
 415              	.L63:
 416 0058 0020     		movs	r0, #0
 417 005a E7E7     		b	.L59
 418              	.L68:
 419              		.align	2
 420              	.L67:
ARM GAS  /tmp/ccEmHdln.s 			page 8


 421 005c 00000000 		.word	.LC0
 422 0060 30000000 		.word	.LC1
 423 0064 3C000000 		.word	.LC2
 424 0068 00000000 		.word	.LC4
 426              		.section	.text.pbuf_header_impl,"ax",%progbits
 427              		.align	1
 428              		.syntax unified
 429              		.thumb
 430              		.thumb_func
 431              		.fpu fpv4-sp-d16
 433              	pbuf_header_impl:
 434              		@ args = 0, pretend = 0, frame = 0
 435              		@ frame_needed = 0, uses_anonymous_args = 0
 436 0000 08B5     		push	{r3, lr}
 437 0002 0029     		cmp	r1, #0
 438 0004 02DB     		blt	.L73
 439 0006 FFF7FEFF 		bl	pbuf_add_header_impl
 440              	.L71:
 441 000a 08BD     		pop	{r3, pc}
 442              	.L73:
 443 000c 4942     		rsbs	r1, r1, #0
 444 000e FFF7FEFF 		bl	pbuf_remove_header
 445 0012 FAE7     		b	.L71
 447              		.section	.text.pbuf_header,"ax",%progbits
 448              		.align	1
 449              		.global	pbuf_header
 450              		.syntax unified
 451              		.thumb
 452              		.thumb_func
 453              		.fpu fpv4-sp-d16
 455              	pbuf_header:
 456              		@ args = 0, pretend = 0, frame = 0
 457              		@ frame_needed = 0, uses_anonymous_args = 0
 458 0000 08B5     		push	{r3, lr}
 459 0002 0022     		movs	r2, #0
 460 0004 FFF7FEFF 		bl	pbuf_header_impl
 461 0008 08BD     		pop	{r3, pc}
 463              		.section	.text.pbuf_header_force,"ax",%progbits
 464              		.align	1
 465              		.global	pbuf_header_force
 466              		.syntax unified
 467              		.thumb
 468              		.thumb_func
 469              		.fpu fpv4-sp-d16
 471              	pbuf_header_force:
 472              		@ args = 0, pretend = 0, frame = 0
 473              		@ frame_needed = 0, uses_anonymous_args = 0
 474 0000 08B5     		push	{r3, lr}
 475 0002 0122     		movs	r2, #1
 476 0004 FFF7FEFF 		bl	pbuf_header_impl
 477 0008 08BD     		pop	{r3, pc}
 479              		.section	.text.pbuf_free,"ax",%progbits
 480              		.align	1
 481              		.global	pbuf_free
 482              		.syntax unified
 483              		.thumb
 484              		.thumb_func
ARM GAS  /tmp/ccEmHdln.s 			page 9


 485              		.fpu fpv4-sp-d16
 487              	pbuf_free:
 488              		@ args = 0, pretend = 0, frame = 0
 489              		@ frame_needed = 0, uses_anonymous_args = 0
 490 0000 F8B5     		push	{r3, r4, r5, r6, r7, lr}
 491 0002 10B1     		cbz	r0, .L91
 492 0004 0446     		mov	r4, r0
 493 0006 0026     		movs	r6, #0
 494 0008 17E0     		b	.L79
 495              	.L91:
 496 000a 2B4B     		ldr	r3, .L95
 497 000c 4FF43772 		mov	r2, #732
 498 0010 2A49     		ldr	r1, .L95+4
 499 0012 2B48     		ldr	r0, .L95+8
 500 0014 FFF7FEFF 		bl	printf
 501 0018 0026     		movs	r6, #0
 502              	.L80:
 503 001a 3046     		mov	r0, r6
 504 001c F8BD     		pop	{r3, r4, r5, r6, r7, pc}
 505              	.L92:
 506 001e 264B     		ldr	r3, .L95
 507 0020 40F2F122 		movw	r2, #753
 508 0024 2749     		ldr	r1, .L95+12
 509 0026 2648     		ldr	r0, .L95+8
 510 0028 FFF7FEFF 		bl	printf
 511 002c 0DE0     		b	.L81
 512              	.L83:
 513 002e 2369     		ldr	r3, [r4, #16]
 514 0030 2046     		mov	r0, r4
 515 0032 9847     		blx	r3
 516              	.L84:
 517 0034 0136     		adds	r6, r6, #1
 518 0036 F6B2     		uxtb	r6, r6
 519 0038 2C46     		mov	r4, r5
 520              	.L79:
 521 003a 002C     		cmp	r4, #0
 522 003c EDD0     		beq	.L80
 523 003e FFF7FEFF 		bl	sys_arch_protect
 524 0042 0746     		mov	r7, r0
 525 0044 A37B     		ldrb	r3, [r4, #14]	@ zero_extendqisi2
 526 0046 002B     		cmp	r3, #0
 527 0048 E9D0     		beq	.L92
 528              	.L81:
 529 004a A57B     		ldrb	r5, [r4, #14]	@ zero_extendqisi2
 530 004c 013D     		subs	r5, r5, #1
 531 004e EDB2     		uxtb	r5, r5
 532 0050 A573     		strb	r5, [r4, #14]
 533 0052 3846     		mov	r0, r7
 534 0054 FFF7FEFF 		bl	sys_arch_unprotect
 535 0058 002D     		cmp	r5, #0
 536 005a DED1     		bne	.L80
 537 005c 2568     		ldr	r5, [r4]
 538 005e 237B     		ldrb	r3, [r4, #12]	@ zero_extendqisi2
 539 0060 03F00F03 		and	r3, r3, #15
 540 0064 627B     		ldrb	r2, [r4, #13]	@ zero_extendqisi2
 541 0066 12F0020F 		tst	r2, #2
 542 006a 0AD0     		beq	.L82
ARM GAS  /tmp/ccEmHdln.s 			page 10


 543 006c 2369     		ldr	r3, [r4, #16]
 544 006e 002B     		cmp	r3, #0
 545 0070 DDD1     		bne	.L83
 546 0072 114B     		ldr	r3, .L95
 547 0074 40F2FF22 		movw	r2, #767
 548 0078 1349     		ldr	r1, .L95+16
 549 007a 1148     		ldr	r0, .L95+8
 550 007c FFF7FEFF 		bl	printf
 551 0080 D5E7     		b	.L83
 552              	.L82:
 553 0082 022B     		cmp	r3, #2
 554 0084 06D0     		beq	.L93
 555 0086 012B     		cmp	r3, #1
 556 0088 09D0     		beq	.L94
 557 008a 6BB9     		cbnz	r3, .L87
 558 008c 2046     		mov	r0, r4
 559 008e FFF7FEFF 		bl	mem_free
 560 0092 CFE7     		b	.L84
 561              	.L93:
 562 0094 2146     		mov	r1, r4
 563 0096 0D20     		movs	r0, #13
 564 0098 FFF7FEFF 		bl	memp_free
 565 009c CAE7     		b	.L84
 566              	.L94:
 567 009e 2146     		mov	r1, r4
 568 00a0 0C20     		movs	r0, #12
 569 00a2 FFF7FEFF 		bl	memp_free
 570 00a6 C5E7     		b	.L84
 571              	.L87:
 572 00a8 034B     		ldr	r3, .L95
 573 00aa 40F20F32 		movw	r2, #783
 574 00ae 0749     		ldr	r1, .L95+20
 575 00b0 0348     		ldr	r0, .L95+8
 576 00b2 FFF7FEFF 		bl	printf
 577 00b6 BDE7     		b	.L84
 578              	.L96:
 579              		.align	2
 580              	.L95:
 581 00b8 00000000 		.word	.LC0
 582 00bc 30000000 		.word	.LC1
 583 00c0 3C000000 		.word	.LC2
 584 00c4 00000000 		.word	.LC5
 585 00c8 18000000 		.word	.LC6
 586 00cc 3C000000 		.word	.LC7
 588              		.section	.text.pbuf_alloc,"ax",%progbits
 589              		.align	1
 590              		.global	pbuf_alloc
 591              		.syntax unified
 592              		.thumb
 593              		.thumb_func
 594              		.fpu fpv4-sp-d16
 596              	pbuf_alloc:
 597              		@ args = 0, pretend = 0, frame = 0
 598              		@ frame_needed = 0, uses_anonymous_args = 0
 599 0000 2DE9F047 		push	{r4, r5, r6, r7, r8, r9, r10, lr}
 600 0004 82B0     		sub	sp, sp, #8
 601 0006 0F46     		mov	r7, r1
ARM GAS  /tmp/ccEmHdln.s 			page 11


 602 0008 9046     		mov	r8, r2
 603 000a 412A     		cmp	r2, #65
 604 000c 46D0     		beq	.L98
 605 000e 0446     		mov	r4, r0
 606 0010 85B2     		uxth	r5, r0
 607 0012 37D9     		bls	.L114
 608 0014 B2F5C17F 		cmp	r2, #386
 609 0018 4AD0     		beq	.L109
 610 001a B2F5207F 		cmp	r2, #640
 611 001e 33D1     		bne	.L100
 612 0020 0335     		adds	r5, r5, #3
 613 0022 25F00305 		bic	r5, r5, #3
 614 0026 ADB2     		uxth	r5, r5
 615 0028 CA1C     		adds	r2, r1, #3
 616 002a 93B2     		uxth	r3, r2
 617 002c 23F00303 		bic	r3, r3, #3
 618 0030 1D44     		add	r5, r5, r3
 619 0032 ADB2     		uxth	r5, r5
 620 0034 05F11000 		add	r0, r5, #16
 621 0038 80B2     		uxth	r0, r0
 622 003a 22F00302 		bic	r2, r2, #3
 623 003e 9542     		cmp	r5, r2
 624 0040 7BD3     		bcc	.L111
 625 0042 8242     		cmp	r2, r0
 626 0044 7CD8     		bhi	.L112
 627 0046 FFF7FEFF 		bl	mem_malloc
 628 004a 8146     		mov	r9, r0
 629 004c 60B3     		cbz	r0, .L97
 630 004e 04F11001 		add	r1, r4, #16
 631 0052 0144     		add	r1, r1, r0
 632 0054 0331     		adds	r1, r1, #3
 633 0056 0023     		movs	r3, #0
 634 0058 0193     		str	r3, [sp, #4]
 635 005a CDF80080 		str	r8, [sp]
 636 005e 3B46     		mov	r3, r7
 637 0060 3A46     		mov	r2, r7
 638 0062 21F00301 		bic	r1, r1, #3
 639 0066 FFF7FEFF 		bl	pbuf_init_alloced_pbuf
 640 006a D9F80430 		ldr	r3, [r9, #4]
 641 006e 13F0030F 		tst	r3, #3
 642 0072 19D0     		beq	.L97
 643 0074 344B     		ldr	r3, .L117
 644 0076 40F22312 		movw	r2, #291
 645 007a 3449     		ldr	r1, .L117+4
 646 007c 3448     		ldr	r0, .L117+8
 647 007e FFF7FEFF 		bl	printf
 648 0082 11E0     		b	.L97
 649              	.L114:
 650 0084 012A     		cmp	r2, #1
 651 0086 09D0     		beq	.L98
 652              	.L100:
 653 0088 2F4B     		ldr	r3, .L117
 654 008a 40F22712 		movw	r2, #295
 655 008e 3149     		ldr	r1, .L117+12
 656 0090 2F48     		ldr	r0, .L117+8
 657 0092 FFF7FEFF 		bl	printf
 658 0096 4FF00009 		mov	r9, #0
ARM GAS  /tmp/ccEmHdln.s 			page 12


 659 009a 05E0     		b	.L97
 660              	.L98:
 661 009c 4246     		mov	r2, r8
 662 009e 3946     		mov	r1, r7
 663 00a0 0020     		movs	r0, #0
 664 00a2 FFF7FEFF 		bl	pbuf_alloc_reference
 665 00a6 8146     		mov	r9, r0
 666              	.L97:
 667 00a8 4846     		mov	r0, r9
 668 00aa 02B0     		add	sp, sp, #8
 669              		@ sp needed
 670 00ac BDE8F087 		pop	{r4, r5, r6, r7, r8, r9, r10, pc}
 671              	.L109:
 672 00b0 4FF0000A 		mov	r10, #0
 673 00b4 D146     		mov	r9, r10
 674 00b6 1BE0     		b	.L101
 675              	.L115:
 676 00b8 FFF7FEFF 		bl	pbuf_pool_is_empty
 677 00bc B9F1000F 		cmp	r9, #0
 678 00c0 02D0     		beq	.L105
 679 00c2 4846     		mov	r0, r9
 680 00c4 FFF7FEFF 		bl	pbuf_free
 681              	.L105:
 682 00c8 B146     		mov	r9, r6
 683 00ca EDE7     		b	.L97
 684              	.L116:
 685 00cc 1E4B     		ldr	r3, .L117
 686 00ce 40F20112 		movw	r2, #257
 687 00d2 2149     		ldr	r1, .L117+16
 688 00d4 1E48     		ldr	r0, .L117+8
 689 00d6 FFF7FEFF 		bl	printf
 690              	.L107:
 691 00da B9F1000F 		cmp	r9, #0
 692 00de 2AD0     		beq	.L110
 693 00e0 CAF80060 		str	r6, [r10]
 694              	.L108:
 695 00e4 3F1B     		subs	r7, r7, r4
 696 00e6 BFB2     		uxth	r7, r7
 697 00e8 0025     		movs	r5, #0
 698 00ea B246     		mov	r10, r6
 699 00ec 002F     		cmp	r7, #0
 700 00ee DBD0     		beq	.L97
 701              	.L101:
 702 00f0 0D20     		movs	r0, #13
 703 00f2 FFF7FEFF 		bl	memp_malloc
 704 00f6 0646     		mov	r6, r0
 705 00f8 0028     		cmp	r0, #0
 706 00fa DDD0     		beq	.L115
 707 00fc EC1C     		adds	r4, r5, #3
 708 00fe 24F00304 		bic	r4, r4, #3
 709 0102 A4B2     		uxth	r4, r4
 710 0104 C4F51474 		rsb	r4, r4, #592
 711 0108 A4B2     		uxth	r4, r4
 712 010a BC42     		cmp	r4, r7
 713 010c 28BF     		it	cs
 714 010e 3C46     		movcs	r4, r7
 715 0110 05F11001 		add	r1, r5, #16
ARM GAS  /tmp/ccEmHdln.s 			page 13


 716 0114 0144     		add	r1, r1, r0
 717 0116 0331     		adds	r1, r1, #3
 718 0118 0023     		movs	r3, #0
 719 011a 0193     		str	r3, [sp, #4]
 720 011c CDF80080 		str	r8, [sp]
 721 0120 2346     		mov	r3, r4
 722 0122 3A46     		mov	r2, r7
 723 0124 21F00301 		bic	r1, r1, #3
 724 0128 FFF7FEFF 		bl	pbuf_init_alloced_pbuf
 725 012c 7368     		ldr	r3, [r6, #4]
 726 012e 13F0030F 		tst	r3, #3
 727 0132 D2D0     		beq	.L107
 728 0134 CAE7     		b	.L116
 729              	.L110:
 730 0136 B146     		mov	r9, r6
 731 0138 D4E7     		b	.L108
 732              	.L111:
 733 013a 4FF00009 		mov	r9, #0
 734 013e B3E7     		b	.L97
 735              	.L112:
 736 0140 4FF00009 		mov	r9, #0
 737 0144 B0E7     		b	.L97
 738              	.L118:
 739 0146 00BF     		.align	2
 740              	.L117:
 741 0148 00000000 		.word	.LC0
 742 014c 64000000 		.word	.LC10
 743 0150 3C000000 		.word	.LC2
 744 0154 90000000 		.word	.LC11
 745 0158 00000000 		.word	.LC8
 747              		.section	.text.pbuf_realloc,"ax",%progbits
 748              		.align	1
 749              		.global	pbuf_realloc
 750              		.syntax unified
 751              		.thumb
 752              		.thumb_func
 753              		.fpu fpv4-sp-d16
 755              	pbuf_realloc:
 756              		@ args = 0, pretend = 0, frame = 0
 757              		@ frame_needed = 0, uses_anonymous_args = 0
 758 0000 F8B5     		push	{r3, r4, r5, r6, r7, lr}
 759 0002 0E46     		mov	r6, r1
 760 0004 0446     		mov	r4, r0
 761 0006 B8B1     		cbz	r0, .L128
 762              	.L120:
 763 0008 2789     		ldrh	r7, [r4, #8]
 764 000a B742     		cmp	r7, r6
 765 000c 2ED9     		bls	.L119
 766 000e 3546     		mov	r5, r6
 767              	.L122:
 768 0010 6389     		ldrh	r3, [r4, #10]
 769 0012 AB42     		cmp	r3, r5
 770 0014 18D2     		bcs	.L129
 771 0016 EB1A     		subs	r3, r5, r3
 772 0018 9DB2     		uxth	r5, r3
 773 001a 2389     		ldrh	r3, [r4, #8]
 774 001c F21B     		subs	r2, r6, r7
ARM GAS  /tmp/ccEmHdln.s 			page 14


 775 001e 1344     		add	r3, r3, r2
 776 0020 2381     		strh	r3, [r4, #8]	@ movhi
 777 0022 2468     		ldr	r4, [r4]
 778 0024 002C     		cmp	r4, #0
 779 0026 F3D1     		bne	.L122
 780 0028 1A4B     		ldr	r3, .L131
 781 002a 40F2AF12 		movw	r2, #431
 782 002e 1A49     		ldr	r1, .L131+4
 783 0030 1A48     		ldr	r0, .L131+8
 784 0032 FFF7FEFF 		bl	printf
 785 0036 EBE7     		b	.L122
 786              	.L128:
 787 0038 164B     		ldr	r3, .L131
 788 003a 4FF4CC72 		mov	r2, #408
 789 003e 1849     		ldr	r1, .L131+12
 790 0040 1648     		ldr	r0, .L131+8
 791 0042 FFF7FEFF 		bl	printf
 792 0046 DFE7     		b	.L120
 793              	.L129:
 794 0048 227B     		ldrb	r2, [r4, #12]	@ zero_extendqisi2
 795 004a 12F00F0F 		tst	r2, #15
 796 004e 05D1     		bne	.L125
 797 0050 AB42     		cmp	r3, r5
 798 0052 03D0     		beq	.L125
 799 0054 637B     		ldrb	r3, [r4, #13]	@ zero_extendqisi2
 800 0056 13F0020F 		tst	r3, #2
 801 005a 08D0     		beq	.L130
 802              	.L125:
 803 005c 6581     		strh	r5, [r4, #10]	@ movhi
 804 005e 2581     		strh	r5, [r4, #8]	@ movhi
 805 0060 2068     		ldr	r0, [r4]
 806 0062 08B1     		cbz	r0, .L126
 807 0064 FFF7FEFF 		bl	pbuf_free
 808              	.L126:
 809 0068 0023     		movs	r3, #0
 810 006a 2360     		str	r3, [r4]
 811              	.L119:
 812 006c F8BD     		pop	{r3, r4, r5, r6, r7, pc}
 813              	.L130:
 814 006e 6368     		ldr	r3, [r4, #4]
 815 0070 1B1B     		subs	r3, r3, r4
 816 0072 E918     		adds	r1, r5, r3
 817 0074 89B2     		uxth	r1, r1
 818 0076 2046     		mov	r0, r4
 819 0078 FFF7FEFF 		bl	mem_trim
 820 007c 0446     		mov	r4, r0
 821 007e 0028     		cmp	r0, #0
 822 0080 ECD1     		bne	.L125
 823 0082 044B     		ldr	r3, .L131
 824 0084 40F2BD12 		movw	r2, #445
 825 0088 0649     		ldr	r1, .L131+16
 826 008a 0448     		ldr	r0, .L131+8
 827 008c FFF7FEFF 		bl	printf
 828 0090 E4E7     		b	.L125
 829              	.L132:
 830 0092 00BF     		.align	2
 831              	.L131:
ARM GAS  /tmp/ccEmHdln.s 			page 15


 832 0094 00000000 		.word	.LC0
 833 0098 18000000 		.word	.LC13
 834 009c 3C000000 		.word	.LC2
 835 00a0 00000000 		.word	.LC12
 836 00a4 30000000 		.word	.LC14
 838              		.section	.text.pbuf_free_header,"ax",%progbits
 839              		.align	1
 840              		.global	pbuf_free_header
 841              		.syntax unified
 842              		.thumb
 843              		.thumb_func
 844              		.fpu fpv4-sp-d16
 846              	pbuf_free_header:
 847              		@ args = 0, pretend = 0, frame = 0
 848              		@ frame_needed = 0, uses_anonymous_args = 0
 849 0000 70B5     		push	{r4, r5, r6, lr}
 850 0002 0446     		mov	r4, r0
 851 0004 0D46     		mov	r5, r1
 852              	.L134:
 853 0006 8DB1     		cbz	r5, .L136
 854 0008 84B1     		cbz	r4, .L136
 855 000a 6389     		ldrh	r3, [r4, #10]
 856 000c AB42     		cmp	r3, r5
 857 000e 09D8     		bhi	.L135
 858 0010 ED1A     		subs	r5, r5, r3
 859 0012 ADB2     		uxth	r5, r5
 860 0014 2668     		ldr	r6, [r4]
 861 0016 0023     		movs	r3, #0
 862 0018 2360     		str	r3, [r4]
 863 001a 2046     		mov	r0, r4
 864 001c FFF7FEFF 		bl	pbuf_free
 865 0020 3446     		mov	r4, r6
 866 0022 F0E7     		b	.L134
 867              	.L135:
 868 0024 2946     		mov	r1, r5
 869 0026 2046     		mov	r0, r4
 870 0028 FFF7FEFF 		bl	pbuf_remove_header
 871              	.L136:
 872 002c 2046     		mov	r0, r4
 873 002e 70BD     		pop	{r4, r5, r6, pc}
 875              		.section	.text.pbuf_clen,"ax",%progbits
 876              		.align	1
 877              		.global	pbuf_clen
 878              		.syntax unified
 879              		.thumb
 880              		.thumb_func
 881              		.fpu fpv4-sp-d16
 883              	pbuf_clen:
 884              		@ args = 0, pretend = 0, frame = 0
 885              		@ frame_needed = 0, uses_anonymous_args = 0
 886              		@ link register save eliminated.
 887 0000 0023     		movs	r3, #0
 888              	.L140:
 889 0002 18B1     		cbz	r0, .L142
 890 0004 0133     		adds	r3, r3, #1
 891 0006 9BB2     		uxth	r3, r3
 892 0008 0068     		ldr	r0, [r0]
ARM GAS  /tmp/ccEmHdln.s 			page 16


 893 000a FAE7     		b	.L140
 894              	.L142:
 895 000c 1846     		mov	r0, r3
 896 000e 7047     		bx	lr
 898              		.section	.text.pbuf_ref,"ax",%progbits
 899              		.align	1
 900              		.global	pbuf_ref
 901              		.syntax unified
 902              		.thumb
 903              		.thumb_func
 904              		.fpu fpv4-sp-d16
 906              	pbuf_ref:
 907              		@ args = 0, pretend = 0, frame = 0
 908              		@ frame_needed = 0, uses_anonymous_args = 0
 909 0000 98B1     		cbz	r0, .L146
 910 0002 10B5     		push	{r4, lr}
 911 0004 0446     		mov	r4, r0
 912 0006 FFF7FEFF 		bl	sys_arch_protect
 913 000a A37B     		ldrb	r3, [r4, #14]	@ zero_extendqisi2
 914 000c 0133     		adds	r3, r3, #1
 915 000e A373     		strb	r3, [r4, #14]
 916 0010 FFF7FEFF 		bl	sys_arch_unprotect
 917 0014 A37B     		ldrb	r3, [r4, #14]	@ zero_extendqisi2
 918 0016 03B1     		cbz	r3, .L149
 919              	.L143:
 920 0018 10BD     		pop	{r4, pc}
 921              	.L149:
 922 001a 044B     		ldr	r3, .L150
 923 001c 40F24232 		movw	r2, #834
 924 0020 0349     		ldr	r1, .L150+4
 925 0022 0448     		ldr	r0, .L150+8
 926 0024 FFF7FEFF 		bl	printf
 927 0028 F6E7     		b	.L143
 928              	.L146:
 929 002a 7047     		bx	lr
 930              	.L151:
 931              		.align	2
 932              	.L150:
 933 002c 00000000 		.word	.LC0
 934 0030 00000000 		.word	.LC15
 935 0034 3C000000 		.word	.LC2
 937              		.section	.text.pbuf_cat,"ax",%progbits
 938              		.align	1
 939              		.global	pbuf_cat
 940              		.syntax unified
 941              		.thumb
 942              		.thumb_func
 943              		.fpu fpv4-sp-d16
 945              	pbuf_cat:
 946              		@ args = 0, pretend = 0, frame = 0
 947              		@ frame_needed = 0, uses_anonymous_args = 0
 948 0000 38B5     		push	{r3, r4, r5, lr}
 949 0002 50B1     		cbz	r0, .L153
 950 0004 0D46     		mov	r5, r1
 951 0006 0446     		mov	r4, r0
 952 0008 39B1     		cbz	r1, .L153
 953              	.L154:
ARM GAS  /tmp/ccEmHdln.s 			page 17


 954 000a 2268     		ldr	r2, [r4]
 955 000c 6AB1     		cbz	r2, .L160
 956 000e 2389     		ldrh	r3, [r4, #8]
 957 0010 2989     		ldrh	r1, [r5, #8]
 958 0012 0B44     		add	r3, r3, r1
 959 0014 2381     		strh	r3, [r4, #8]	@ movhi
 960 0016 1446     		mov	r4, r2
 961 0018 F7E7     		b	.L154
 962              	.L153:
 963 001a 114B     		ldr	r3, .L162
 964 001c 40F25A32 		movw	r2, #858
 965 0020 1049     		ldr	r1, .L162+4
 966 0022 1148     		ldr	r0, .L162+8
 967 0024 FFF7FEFF 		bl	printf
 968 0028 11E0     		b	.L152
 969              	.L160:
 970 002a 2289     		ldrh	r2, [r4, #8]
 971 002c 6389     		ldrh	r3, [r4, #10]
 972 002e 9A42     		cmp	r2, r3
 973 0030 0ED1     		bne	.L161
 974              	.L157:
 975 0032 2368     		ldr	r3, [r4]
 976 0034 33B1     		cbz	r3, .L158
 977 0036 0A4B     		ldr	r3, .L162
 978 0038 40F26332 		movw	r2, #867
 979 003c 0B49     		ldr	r1, .L162+12
 980 003e 0A48     		ldr	r0, .L162+8
 981 0040 FFF7FEFF 		bl	printf
 982              	.L158:
 983 0044 2389     		ldrh	r3, [r4, #8]
 984 0046 2A89     		ldrh	r2, [r5, #8]
 985 0048 1344     		add	r3, r3, r2
 986 004a 2381     		strh	r3, [r4, #8]	@ movhi
 987 004c 2560     		str	r5, [r4]
 988              	.L152:
 989 004e 38BD     		pop	{r3, r4, r5, pc}
 990              	.L161:
 991 0050 034B     		ldr	r3, .L162
 992 0052 40F26232 		movw	r2, #866
 993 0056 0649     		ldr	r1, .L162+16
 994 0058 0348     		ldr	r0, .L162+8
 995 005a FFF7FEFF 		bl	printf
 996 005e E8E7     		b	.L157
 997              	.L163:
 998              		.align	2
 999              	.L162:
 1000 0060 00000000 		.word	.LC0
 1001 0064 00000000 		.word	.LC16
 1002 0068 3C000000 		.word	.LC2
 1003 006c 68000000 		.word	.LC18
 1004 0070 38000000 		.word	.LC17
 1006              		.section	.text.pbuf_chain,"ax",%progbits
 1007              		.align	1
 1008              		.global	pbuf_chain
 1009              		.syntax unified
 1010              		.thumb
 1011              		.thumb_func
ARM GAS  /tmp/ccEmHdln.s 			page 18


 1012              		.fpu fpv4-sp-d16
 1014              	pbuf_chain:
 1015              		@ args = 0, pretend = 0, frame = 0
 1016              		@ frame_needed = 0, uses_anonymous_args = 0
 1017 0000 10B5     		push	{r4, lr}
 1018 0002 0C46     		mov	r4, r1
 1019 0004 FFF7FEFF 		bl	pbuf_cat
 1020 0008 2046     		mov	r0, r4
 1021 000a FFF7FEFF 		bl	pbuf_ref
 1022 000e 10BD     		pop	{r4, pc}
 1024              		.section	.text.pbuf_dechain,"ax",%progbits
 1025              		.align	1
 1026              		.global	pbuf_dechain
 1027              		.syntax unified
 1028              		.thumb
 1029              		.thumb_func
 1030              		.fpu fpv4-sp-d16
 1032              	pbuf_dechain:
 1033              		@ args = 0, pretend = 0, frame = 0
 1034              		@ frame_needed = 0, uses_anonymous_args = 0
 1035 0000 70B5     		push	{r4, r5, r6, lr}
 1036 0002 0446     		mov	r4, r0
 1037 0004 0568     		ldr	r5, [r0]
 1038 0006 05B3     		cbz	r5, .L171
 1039 0008 2A89     		ldrh	r2, [r5, #8]
 1040 000a 0389     		ldrh	r3, [r0, #8]
 1041 000c 4189     		ldrh	r1, [r0, #10]
 1042 000e 5B1A     		subs	r3, r3, r1
 1043 0010 9A42     		cmp	r2, r3
 1044 0012 12D1     		bne	.L174
 1045              	.L168:
 1046 0014 2389     		ldrh	r3, [r4, #8]
 1047 0016 6289     		ldrh	r2, [r4, #10]
 1048 0018 9B1A     		subs	r3, r3, r2
 1049 001a 2B81     		strh	r3, [r5, #8]	@ movhi
 1050 001c 0023     		movs	r3, #0
 1051 001e 2360     		str	r3, [r4]
 1052 0020 6389     		ldrh	r3, [r4, #10]
 1053 0022 2381     		strh	r3, [r4, #8]	@ movhi
 1054 0024 2846     		mov	r0, r5
 1055 0026 FFF7FEFF 		bl	pbuf_free
 1056 002a 0646     		mov	r6, r0
 1057              	.L167:
 1058 002c 2289     		ldrh	r2, [r4, #8]
 1059 002e 6389     		ldrh	r3, [r4, #10]
 1060 0030 9A42     		cmp	r2, r3
 1061 0032 0CD1     		bne	.L175
 1062              	.L169:
 1063 0034 9EB9     		cbnz	r6, .L176
 1064              	.L166:
 1065 0036 2846     		mov	r0, r5
 1066 0038 70BD     		pop	{r4, r5, r6, pc}
 1067              	.L174:
 1068 003a 0A4B     		ldr	r3, .L177
 1069 003c 40F29932 		movw	r2, #921
 1070 0040 0949     		ldr	r1, .L177+4
 1071 0042 0A48     		ldr	r0, .L177+8
ARM GAS  /tmp/ccEmHdln.s 			page 19


 1072 0044 FFF7FEFF 		bl	printf
 1073 0048 E4E7     		b	.L168
 1074              	.L171:
 1075 004a 0126     		movs	r6, #1
 1076 004c EEE7     		b	.L167
 1077              	.L175:
 1078 004e 054B     		ldr	r3, .L177
 1079 0050 40F2AA32 		movw	r2, #938
 1080 0054 0649     		ldr	r1, .L177+12
 1081 0056 0548     		ldr	r0, .L177+8
 1082 0058 FFF7FEFF 		bl	printf
 1083 005c EAE7     		b	.L169
 1084              	.L176:
 1085 005e 0025     		movs	r5, #0
 1086 0060 E9E7     		b	.L166
 1087              	.L178:
 1088 0062 00BF     		.align	2
 1089              	.L177:
 1090 0064 00000000 		.word	.LC0
 1091 0068 00000000 		.word	.LC19
 1092 006c 3C000000 		.word	.LC2
 1093 0070 24000000 		.word	.LC20
 1095              		.section	.text.pbuf_copy,"ax",%progbits
 1096              		.align	1
 1097              		.global	pbuf_copy
 1098              		.syntax unified
 1099              		.thumb
 1100              		.thumb_func
 1101              		.fpu fpv4-sp-d16
 1103              	pbuf_copy:
 1104              		@ args = 0, pretend = 0, frame = 0
 1105              		@ frame_needed = 0, uses_anonymous_args = 0
 1106 0000 2DE9F041 		push	{r4, r5, r6, r7, r8, lr}
 1107 0004 48B1     		cbz	r0, .L180
 1108 0006 0C46     		mov	r4, r1
 1109 0008 0546     		mov	r5, r0
 1110 000a 31B1     		cbz	r1, .L180
 1111 000c 0289     		ldrh	r2, [r0, #8]
 1112 000e 0B89     		ldrh	r3, [r1, #8]
 1113 0010 9A42     		cmp	r2, r3
 1114 0012 02D3     		bcc	.L180
 1115 0014 0027     		movs	r7, #0
 1116 0016 B846     		mov	r8, r7
 1117 0018 3AE0     		b	.L181
 1118              	.L180:
 1119 001a 3A4B     		ldr	r3, .L201
 1120 001c 40F2CA32 		movw	r2, #970
 1121 0020 3949     		ldr	r1, .L201+4
 1122 0022 3A48     		ldr	r0, .L201+8
 1123 0024 FFF7FEFF 		bl	printf
 1124 0028 6FF00F00 		mvn	r0, #15
 1125 002c 68E0     		b	.L182
 1126              	.L197:
 1127 002e 354B     		ldr	r3, .L201
 1128 0030 40F2D932 		movw	r2, #985
 1129 0034 3649     		ldr	r1, .L201+12
 1130 0036 3548     		ldr	r0, .L201+8
ARM GAS  /tmp/ccEmHdln.s 			page 20


 1131 0038 FFF7FEFF 		bl	printf
 1132 003c 3CE0     		b	.L184
 1133              	.L198:
 1134 003e 314B     		ldr	r3, .L201
 1135 0040 40F2DA32 		movw	r2, #986
 1136 0044 3349     		ldr	r1, .L201+16
 1137 0046 3148     		ldr	r0, .L201+8
 1138 0048 FFF7FEFF 		bl	printf
 1139 004c 37E0     		b	.L185
 1140              	.L199:
 1141 004e 2D68     		ldr	r5, [r5]
 1142 0050 15B1     		cbz	r5, .L194
 1143 0052 4FF00008 		mov	r8, #0
 1144 0056 3AE0     		b	.L187
 1145              	.L194:
 1146 0058 14B9     		cbnz	r4, .L195
 1147 005a 4FF00008 		mov	r8, #0
 1148 005e 36E0     		b	.L187
 1149              	.L195:
 1150 0060 284B     		ldr	r3, .L201
 1151 0062 4FF47972 		mov	r2, #996
 1152 0066 2C49     		ldr	r1, .L201+20
 1153 0068 2848     		ldr	r0, .L201+8
 1154 006a FFF7FEFF 		bl	printf
 1155 006e 6FF00F00 		mvn	r0, #15
 1156 0072 45E0     		b	.L182
 1157              	.L200:
 1158 0074 2368     		ldr	r3, [r4]
 1159 0076 7BB3     		cbz	r3, .L188
 1160 0078 224B     		ldr	r3, .L201
 1161 007a 40F2EA32 		movw	r2, #1002
 1162 007e 2749     		ldr	r1, .L201+24
 1163 0080 2248     		ldr	r0, .L201+8
 1164 0082 FFF7FEFF 		bl	printf
 1165 0086 6FF00500 		mvn	r0, #5
 1166 008a 39E0     		b	.L182
 1167              	.L189:
 1168 008c 002C     		cmp	r4, #0
 1169 008e 36D0     		beq	.L196
 1170              	.L181:
 1171 0090 6E89     		ldrh	r6, [r5, #10]
 1172 0092 A6EB0806 		sub	r6, r6, r8
 1173 0096 6389     		ldrh	r3, [r4, #10]
 1174 0098 DB1B     		subs	r3, r3, r7
 1175 009a 9E42     		cmp	r6, r3
 1176 009c 00D3     		bcc	.L183
 1177 009e 1E46     		mov	r6, r3
 1178              	.L183:
 1179 00a0 6868     		ldr	r0, [r5, #4]
 1180 00a2 6168     		ldr	r1, [r4, #4]
 1181 00a4 3246     		mov	r2, r6
 1182 00a6 3944     		add	r1, r1, r7
 1183 00a8 4044     		add	r0, r0, r8
 1184 00aa FFF7FEFF 		bl	memcpy
 1185 00ae B044     		add	r8, r8, r6
 1186 00b0 3744     		add	r7, r7, r6
 1187 00b2 6B89     		ldrh	r3, [r5, #10]
ARM GAS  /tmp/ccEmHdln.s 			page 21


 1188 00b4 4345     		cmp	r3, r8
 1189 00b6 BAD3     		bcc	.L197
 1190              	.L184:
 1191 00b8 6389     		ldrh	r3, [r4, #10]
 1192 00ba BB42     		cmp	r3, r7
 1193 00bc BFD3     		bcc	.L198
 1194              	.L185:
 1195 00be 6389     		ldrh	r3, [r4, #10]
 1196 00c0 BB42     		cmp	r3, r7
 1197 00c2 01D8     		bhi	.L186
 1198 00c4 2468     		ldr	r4, [r4]
 1199 00c6 0027     		movs	r7, #0
 1200              	.L186:
 1201 00c8 6B89     		ldrh	r3, [r5, #10]
 1202 00ca 4345     		cmp	r3, r8
 1203 00cc BFD0     		beq	.L199
 1204              	.L187:
 1205 00ce 1CB1     		cbz	r4, .L188
 1206 00d0 6289     		ldrh	r2, [r4, #10]
 1207 00d2 2389     		ldrh	r3, [r4, #8]
 1208 00d4 9A42     		cmp	r2, r3
 1209 00d6 CDD0     		beq	.L200
 1210              	.L188:
 1211 00d8 002D     		cmp	r5, #0
 1212 00da D7D0     		beq	.L189
 1213 00dc 6A89     		ldrh	r2, [r5, #10]
 1214 00de 2B89     		ldrh	r3, [r5, #8]
 1215 00e0 9A42     		cmp	r2, r3
 1216 00e2 D3D1     		bne	.L189
 1217 00e4 2B68     		ldr	r3, [r5]
 1218 00e6 002B     		cmp	r3, #0
 1219 00e8 D0D0     		beq	.L189
 1220 00ea 064B     		ldr	r3, .L201
 1221 00ec 40F2EF32 		movw	r2, #1007
 1222 00f0 0A49     		ldr	r1, .L201+24
 1223 00f2 0648     		ldr	r0, .L201+8
 1224 00f4 FFF7FEFF 		bl	printf
 1225 00f8 6FF00500 		mvn	r0, #5
 1226 00fc 00E0     		b	.L182
 1227              	.L196:
 1228 00fe 0020     		movs	r0, #0
 1229              	.L182:
 1230 0100 BDE8F081 		pop	{r4, r5, r6, r7, r8, pc}
 1231              	.L202:
 1232              		.align	2
 1233              	.L201:
 1234 0104 00000000 		.word	.LC0
 1235 0108 00000000 		.word	.LC21
 1236 010c 3C000000 		.word	.LC2
 1237 0110 30000000 		.word	.LC22
 1238 0114 48000000 		.word	.LC23
 1239 0118 64000000 		.word	.LC24
 1240 011c 74000000 		.word	.LC25
 1242              		.section	.text.pbuf_copy_partial,"ax",%progbits
 1243              		.align	1
 1244              		.global	pbuf_copy_partial
 1245              		.syntax unified
ARM GAS  /tmp/ccEmHdln.s 			page 22


 1246              		.thumb
 1247              		.thumb_func
 1248              		.fpu fpv4-sp-d16
 1250              	pbuf_copy_partial:
 1251              		@ args = 0, pretend = 0, frame = 0
 1252              		@ frame_needed = 0, uses_anonymous_args = 0
 1253 0000 2DE9F041 		push	{r4, r5, r6, r7, r8, lr}
 1254 0004 28B1     		cbz	r0, .L214
 1255 0006 0F46     		mov	r7, r1
 1256 0008 9046     		mov	r8, r2
 1257 000a 0546     		mov	r5, r0
 1258 000c 61B1     		cbz	r1, .L215
 1259 000e 0026     		movs	r6, #0
 1260 0010 27E0     		b	.L206
 1261              	.L214:
 1262 0012 1A4B     		ldr	r3, .L216
 1263 0014 40F20A42 		movw	r2, #1034
 1264 0018 1949     		ldr	r1, .L216+4
 1265 001a 1A48     		ldr	r0, .L216+8
 1266 001c FFF7FEFF 		bl	printf
 1267 0020 0026     		movs	r6, #0
 1268              	.L205:
 1269 0022 3046     		mov	r0, r6
 1270 0024 BDE8F081 		pop	{r4, r5, r6, r7, r8, pc}
 1271              	.L215:
 1272 0028 144B     		ldr	r3, .L216
 1273 002a 40F20B42 		movw	r2, #1035
 1274 002e 1649     		ldr	r1, .L216+12
 1275 0030 1448     		ldr	r0, .L216+8
 1276 0032 FFF7FEFF 		bl	printf
 1277 0036 0026     		movs	r6, #0
 1278 0038 F3E7     		b	.L205
 1279              	.L207:
 1280 003a 6C89     		ldrh	r4, [r5, #10]
 1281 003c E41A     		subs	r4, r4, r3
 1282 003e A4B2     		uxth	r4, r4
 1283 0040 A045     		cmp	r8, r4
 1284 0042 00D2     		bcs	.L209
 1285 0044 4446     		mov	r4, r8
 1286              	.L209:
 1287 0046 6968     		ldr	r1, [r5, #4]
 1288 0048 2246     		mov	r2, r4
 1289 004a 1944     		add	r1, r1, r3
 1290 004c B819     		adds	r0, r7, r6
 1291 004e FFF7FEFF 		bl	memcpy
 1292 0052 2644     		add	r6, r6, r4
 1293 0054 B6B2     		uxth	r6, r6
 1294 0056 A8EB0404 		sub	r4, r8, r4
 1295 005a 1FFA84F8 		uxth	r8, r4
 1296 005e 0023     		movs	r3, #0
 1297              	.L208:
 1298 0060 2D68     		ldr	r5, [r5]
 1299              	.L206:
 1300 0062 B8F1000F 		cmp	r8, #0
 1301 0066 DCD0     		beq	.L205
 1302 0068 002D     		cmp	r5, #0
 1303 006a DAD0     		beq	.L205
ARM GAS  /tmp/ccEmHdln.s 			page 23


 1304 006c 002B     		cmp	r3, #0
 1305 006e E4D0     		beq	.L207
 1306 0070 6989     		ldrh	r1, [r5, #10]
 1307 0072 9942     		cmp	r1, r3
 1308 0074 E1D8     		bhi	.L207
 1309 0076 5B1A     		subs	r3, r3, r1
 1310 0078 9BB2     		uxth	r3, r3
 1311 007a F1E7     		b	.L208
 1312              	.L217:
 1313              		.align	2
 1314              	.L216:
 1315 007c 00000000 		.word	.LC0
 1316 0080 00000000 		.word	.LC26
 1317 0084 3C000000 		.word	.LC2
 1318 0088 20000000 		.word	.LC27
 1320              		.section	.text.pbuf_get_contiguous,"ax",%progbits
 1321              		.align	1
 1322              		.global	pbuf_get_contiguous
 1323              		.syntax unified
 1324              		.thumb
 1325              		.thumb_func
 1326              		.fpu fpv4-sp-d16
 1328              	pbuf_get_contiguous:
 1329              		@ args = 4, pretend = 0, frame = 8
 1330              		@ frame_needed = 0, uses_anonymous_args = 0
 1331 0000 70B5     		push	{r4, r5, r6, lr}
 1332 0002 82B0     		sub	sp, sp, #8
 1333 0004 0446     		mov	r4, r0
 1334 0006 B8B1     		cbz	r0, .L226
 1335 0008 0E46     		mov	r6, r1
 1336 000a 1D46     		mov	r5, r3
 1337 000c E1B1     		cbz	r1, .L227
 1338 000e 9342     		cmp	r3, r2
 1339 0010 23D8     		bhi	.L228
 1340 0012 0DF10602 		add	r2, sp, #6
 1341 0016 BDF81810 		ldrh	r1, [sp, #24]
 1342 001a FFF7FEFF 		bl	pbuf_skip_const
 1343 001e 0446     		mov	r4, r0
 1344 0020 38B1     		cbz	r0, .L218
 1345 0022 4189     		ldrh	r1, [r0, #10]
 1346 0024 BDF80630 		ldrh	r3, [sp, #6]
 1347 0028 5A19     		adds	r2, r3, r5
 1348 002a 9142     		cmp	r1, r2
 1349 002c 1EDB     		blt	.L223
 1350 002e 4468     		ldr	r4, [r0, #4]
 1351 0030 1C44     		add	r4, r4, r3
 1352              	.L218:
 1353 0032 2046     		mov	r0, r4
 1354 0034 02B0     		add	sp, sp, #8
 1355              		@ sp needed
 1356 0036 70BD     		pop	{r4, r5, r6, pc}
 1357              	.L226:
 1358 0038 114B     		ldr	r3, .L230
 1359 003a 40F23742 		movw	r2, #1079
 1360 003e 1149     		ldr	r1, .L230+4
 1361 0040 1148     		ldr	r0, .L230+8
 1362 0042 FFF7FEFF 		bl	printf
ARM GAS  /tmp/ccEmHdln.s 			page 24


 1363 0046 F4E7     		b	.L218
 1364              	.L227:
 1365 0048 0D4B     		ldr	r3, .L230
 1366 004a 4FF48762 		mov	r2, #1080
 1367 004e 0F49     		ldr	r1, .L230+12
 1368 0050 0D48     		ldr	r0, .L230+8
 1369 0052 FFF7FEFF 		bl	printf
 1370 0056 3446     		mov	r4, r6
 1371 0058 EBE7     		b	.L218
 1372              	.L228:
 1373 005a 094B     		ldr	r3, .L230
 1374 005c 40F23942 		movw	r2, #1081
 1375 0060 0A49     		ldr	r1, .L230+12
 1376 0062 0948     		ldr	r0, .L230+8
 1377 0064 FFF7FEFF 		bl	printf
 1378 0068 0024     		movs	r4, #0
 1379 006a E2E7     		b	.L218
 1380              	.L223:
 1381 006c 2A46     		mov	r2, r5
 1382 006e 3146     		mov	r1, r6
 1383 0070 FFF7FEFF 		bl	pbuf_copy_partial
 1384 0074 A842     		cmp	r0, r5
 1385 0076 01D1     		bne	.L229
 1386 0078 3446     		mov	r4, r6
 1387 007a DAE7     		b	.L218
 1388              	.L229:
 1389 007c 0024     		movs	r4, #0
 1390 007e D8E7     		b	.L218
 1391              	.L231:
 1392              		.align	2
 1393              	.L230:
 1394 0080 00000000 		.word	.LC0
 1395 0084 00000000 		.word	.LC28
 1396 0088 3C000000 		.word	.LC2
 1397 008c 24000000 		.word	.LC29
 1399              		.section	.text.pbuf_skip,"ax",%progbits
 1400              		.align	1
 1401              		.global	pbuf_skip
 1402              		.syntax unified
 1403              		.thumb
 1404              		.thumb_func
 1405              		.fpu fpv4-sp-d16
 1407              	pbuf_skip:
 1408              		@ args = 0, pretend = 0, frame = 0
 1409              		@ frame_needed = 0, uses_anonymous_args = 0
 1410 0000 08B5     		push	{r3, lr}
 1411 0002 FFF7FEFF 		bl	pbuf_skip_const
 1412 0006 08BD     		pop	{r3, pc}
 1414              		.section	.text.pbuf_take,"ax",%progbits
 1415              		.align	1
 1416              		.global	pbuf_take
 1417              		.syntax unified
 1418              		.thumb
 1419              		.thumb_func
 1420              		.fpu fpv4-sp-d16
 1422              	pbuf_take:
 1423              		@ args = 0, pretend = 0, frame = 0
ARM GAS  /tmp/ccEmHdln.s 			page 25


 1424              		@ frame_needed = 0, uses_anonymous_args = 0
 1425 0000 2DE9F843 		push	{r3, r4, r5, r6, r7, r8, r9, lr}
 1426 0004 48B1     		cbz	r0, .L245
 1427 0006 8846     		mov	r8, r1
 1428 0008 9146     		mov	r9, r2
 1429 000a 0546     		mov	r5, r0
 1430 000c 79B1     		cbz	r1, .L246
 1431 000e 0389     		ldrh	r3, [r0, #8]
 1432 0010 9342     		cmp	r3, r2
 1433 0012 16D3     		bcc	.L247
 1434 0014 1646     		mov	r6, r2
 1435 0016 0027     		movs	r7, #0
 1436 0018 2EE0     		b	.L238
 1437              	.L245:
 1438 001a 224B     		ldr	r3, .L251
 1439 001c 40F2B342 		movw	r2, #1203
 1440 0020 2149     		ldr	r1, .L251+4
 1441 0022 2248     		ldr	r0, .L251+8
 1442 0024 FFF7FEFF 		bl	printf
 1443 0028 6FF00F00 		mvn	r0, #15
 1444 002c 2FE0     		b	.L236
 1445              	.L246:
 1446 002e 1D4B     		ldr	r3, .L251
 1447 0030 40F2B442 		movw	r2, #1204
 1448 0034 1E49     		ldr	r1, .L251+12
 1449 0036 1D48     		ldr	r0, .L251+8
 1450 0038 FFF7FEFF 		bl	printf
 1451 003c 6FF00F00 		mvn	r0, #15
 1452 0040 25E0     		b	.L236
 1453              	.L247:
 1454 0042 184B     		ldr	r3, .L251
 1455 0044 40F2B542 		movw	r2, #1205
 1456 0048 1A49     		ldr	r1, .L251+16
 1457 004a 1848     		ldr	r0, .L251+8
 1458 004c FFF7FEFF 		bl	printf
 1459 0050 4FF0FF30 		mov	r0, #-1
 1460 0054 1BE0     		b	.L236
 1461              	.L249:
 1462 0056 134B     		ldr	r3, .L251
 1463 0058 40F2BD42 		movw	r2, #1213
 1464 005c 1649     		ldr	r1, .L251+20
 1465 005e 1348     		ldr	r0, .L251+8
 1466 0060 FFF7FEFF 		bl	printf
 1467 0064 0BE0     		b	.L239
 1468              	.L240:
 1469 0066 2246     		mov	r2, r4
 1470 0068 08EB0701 		add	r1, r8, r7
 1471 006c 6868     		ldr	r0, [r5, #4]
 1472 006e FFF7FEFF 		bl	memcpy
 1473 0072 361B     		subs	r6, r6, r4
 1474 0074 2744     		add	r7, r7, r4
 1475 0076 2D68     		ldr	r5, [r5]
 1476              	.L238:
 1477 0078 36B1     		cbz	r6, .L248
 1478 007a 002D     		cmp	r5, #0
 1479 007c EBD0     		beq	.L249
 1480              	.L239:
ARM GAS  /tmp/ccEmHdln.s 			page 26


 1481 007e 6C89     		ldrh	r4, [r5, #10]
 1482 0080 B442     		cmp	r4, r6
 1483 0082 F0D3     		bcc	.L240
 1484 0084 3446     		mov	r4, r6
 1485 0086 EEE7     		b	.L240
 1486              	.L248:
 1487 0088 4F45     		cmp	r7, r9
 1488 008a 02D1     		bne	.L250
 1489 008c 0020     		movs	r0, #0
 1490              	.L236:
 1491 008e BDE8F883 		pop	{r3, r4, r5, r6, r7, r8, r9, pc}
 1492              	.L250:
 1493 0092 044B     		ldr	r3, .L251
 1494 0094 4FF49962 		mov	r2, #1224
 1495 0098 0849     		ldr	r1, .L251+24
 1496 009a 0448     		ldr	r0, .L251+8
 1497 009c FFF7FEFF 		bl	printf
 1498 00a0 0020     		movs	r0, #0
 1499 00a2 F4E7     		b	.L236
 1500              	.L252:
 1501              		.align	2
 1502              	.L251:
 1503 00a4 00000000 		.word	.LC0
 1504 00a8 00000000 		.word	.LC30
 1505 00ac 3C000000 		.word	.LC2
 1506 00b0 18000000 		.word	.LC31
 1507 00b4 34000000 		.word	.LC32
 1508 00b8 54000000 		.word	.LC33
 1509 00bc 6C000000 		.word	.LC34
 1511              		.section	.text.pbuf_take_at,"ax",%progbits
 1512              		.align	1
 1513              		.global	pbuf_take_at
 1514              		.syntax unified
 1515              		.thumb
 1516              		.thumb_func
 1517              		.fpu fpv4-sp-d16
 1519              	pbuf_take_at:
 1520              		@ args = 0, pretend = 0, frame = 8
 1521              		@ frame_needed = 0, uses_anonymous_args = 0
 1522 0000 F0B5     		push	{r4, r5, r6, r7, lr}
 1523 0002 83B0     		sub	sp, sp, #12
 1524 0004 0F46     		mov	r7, r1
 1525 0006 1446     		mov	r4, r2
 1526 0008 0DF10602 		add	r2, sp, #6
 1527 000c 1946     		mov	r1, r3
 1528 000e FFF7FEFF 		bl	pbuf_skip
 1529 0012 58B3     		cbz	r0, .L257
 1530 0014 0646     		mov	r6, r0
 1531 0016 0189     		ldrh	r1, [r0, #8]
 1532 0018 BDF80630 		ldrh	r3, [sp, #6]
 1533 001c 1A19     		adds	r2, r3, r4
 1534 001e 9142     		cmp	r1, r2
 1535 0020 27DB     		blt	.L258
 1536 0022 4289     		ldrh	r2, [r0, #10]
 1537 0024 9342     		cmp	r3, r2
 1538 0026 07D2     		bcs	.L262
 1539              	.L255:
ARM GAS  /tmp/ccEmHdln.s 			page 27


 1540 0028 7389     		ldrh	r3, [r6, #10]
 1541 002a BDF80600 		ldrh	r0, [sp, #6]
 1542 002e 1A1A     		subs	r2, r3, r0
 1543 0030 9442     		cmp	r4, r2
 1544 0032 09DD     		ble	.L259
 1545 0034 95B2     		uxth	r5, r2
 1546 0036 08E0     		b	.L256
 1547              	.L262:
 1548 0038 0F4B     		ldr	r3, .L264
 1549 003a 40F2E342 		movw	r2, #1251
 1550 003e 0F49     		ldr	r1, .L264+4
 1551 0040 0F48     		ldr	r0, .L264+8
 1552 0042 FFF7FEFF 		bl	printf
 1553 0046 EFE7     		b	.L255
 1554              	.L259:
 1555 0048 2546     		mov	r5, r4
 1556              	.L256:
 1557 004a 7368     		ldr	r3, [r6, #4]
 1558 004c 2A46     		mov	r2, r5
 1559 004e 3946     		mov	r1, r7
 1560 0050 1844     		add	r0, r0, r3
 1561 0052 FFF7FEFF 		bl	memcpy
 1562 0056 621B     		subs	r2, r4, r5
 1563 0058 92B2     		uxth	r2, r2
 1564 005a 7919     		adds	r1, r7, r5
 1565 005c 12B9     		cbnz	r2, .L263
 1566 005e 0020     		movs	r0, #0
 1567              	.L254:
 1568 0060 03B0     		add	sp, sp, #12
 1569              		@ sp needed
 1570 0062 F0BD     		pop	{r4, r5, r6, r7, pc}
 1571              	.L263:
 1572 0064 3068     		ldr	r0, [r6]
 1573 0066 FFF7FEFF 		bl	pbuf_take
 1574 006a F9E7     		b	.L254
 1575              	.L257:
 1576 006c 4FF0FF30 		mov	r0, #-1
 1577 0070 F6E7     		b	.L254
 1578              	.L258:
 1579 0072 4FF0FF30 		mov	r0, #-1
 1580 0076 F3E7     		b	.L254
 1581              	.L265:
 1582              		.align	2
 1583              	.L264:
 1584 0078 00000000 		.word	.LC0
 1585 007c 00000000 		.word	.LC35
 1586 0080 3C000000 		.word	.LC2
 1588              		.section	.text.pbuf_clone,"ax",%progbits
 1589              		.align	1
 1590              		.global	pbuf_clone
 1591              		.syntax unified
 1592              		.thumb
 1593              		.thumb_func
 1594              		.fpu fpv4-sp-d16
 1596              	pbuf_clone:
 1597              		@ args = 0, pretend = 0, frame = 0
 1598              		@ frame_needed = 0, uses_anonymous_args = 0
ARM GAS  /tmp/ccEmHdln.s 			page 28


 1599 0000 38B5     		push	{r3, r4, r5, lr}
 1600 0002 1546     		mov	r5, r2
 1601 0004 0A46     		mov	r2, r1
 1602 0006 2989     		ldrh	r1, [r5, #8]
 1603 0008 FFF7FEFF 		bl	pbuf_alloc
 1604 000c 0446     		mov	r4, r0
 1605 000e 18B1     		cbz	r0, .L266
 1606 0010 2946     		mov	r1, r5
 1607 0012 FFF7FEFF 		bl	pbuf_copy
 1608 0016 08B9     		cbnz	r0, .L269
 1609              	.L266:
 1610 0018 2046     		mov	r0, r4
 1611 001a 38BD     		pop	{r3, r4, r5, pc}
 1612              	.L269:
 1613 001c 034B     		ldr	r3, .L270
 1614 001e 40F22452 		movw	r2, #1316
 1615 0022 0349     		ldr	r1, .L270+4
 1616 0024 0348     		ldr	r0, .L270+8
 1617 0026 FFF7FEFF 		bl	printf
 1618 002a F5E7     		b	.L266
 1619              	.L271:
 1620              		.align	2
 1621              	.L270:
 1622 002c 00000000 		.word	.LC0
 1623 0030 00000000 		.word	.LC36
 1624 0034 3C000000 		.word	.LC2
 1626              		.section	.text.pbuf_coalesce,"ax",%progbits
 1627              		.align	1
 1628              		.global	pbuf_coalesce
 1629              		.syntax unified
 1630              		.thumb
 1631              		.thumb_func
 1632              		.fpu fpv4-sp-d16
 1634              	pbuf_coalesce:
 1635              		@ args = 0, pretend = 0, frame = 0
 1636              		@ frame_needed = 0, uses_anonymous_args = 0
 1637 0000 38B5     		push	{r3, r4, r5, lr}
 1638 0002 0446     		mov	r4, r0
 1639 0004 0368     		ldr	r3, [r0]
 1640 0006 5BB1     		cbz	r3, .L273
 1641 0008 0846     		mov	r0, r1
 1642 000a 2246     		mov	r2, r4
 1643 000c 4FF42071 		mov	r1, #640
 1644 0010 FFF7FEFF 		bl	pbuf_clone
 1645 0014 0546     		mov	r5, r0
 1646 0016 18B1     		cbz	r0, .L273
 1647 0018 2046     		mov	r0, r4
 1648 001a FFF7FEFF 		bl	pbuf_free
 1649 001e 2C46     		mov	r4, r5
 1650              	.L273:
 1651 0020 2046     		mov	r0, r4
 1652 0022 38BD     		pop	{r3, r4, r5, pc}
 1654              		.section	.text.pbuf_try_get_at,"ax",%progbits
 1655              		.align	1
 1656              		.global	pbuf_try_get_at
 1657              		.syntax unified
 1658              		.thumb
ARM GAS  /tmp/ccEmHdln.s 			page 29


 1659              		.thumb_func
 1660              		.fpu fpv4-sp-d16
 1662              	pbuf_try_get_at:
 1663              		@ args = 0, pretend = 0, frame = 8
 1664              		@ frame_needed = 0, uses_anonymous_args = 0
 1665 0000 00B5     		push	{lr}
 1666 0002 83B0     		sub	sp, sp, #12
 1667 0004 0DF10602 		add	r2, sp, #6
 1668 0008 FFF7FEFF 		bl	pbuf_skip_const
 1669 000c 48B1     		cbz	r0, .L277
 1670 000e 4189     		ldrh	r1, [r0, #10]
 1671 0010 BDF80620 		ldrh	r2, [sp, #6]
 1672 0014 9142     		cmp	r1, r2
 1673 0016 07D9     		bls	.L278
 1674 0018 4368     		ldr	r3, [r0, #4]
 1675 001a 985C     		ldrb	r0, [r3, r2]	@ zero_extendqisi2
 1676              	.L275:
 1677 001c 03B0     		add	sp, sp, #12
 1678              		@ sp needed
 1679 001e 5DF804FB 		ldr	pc, [sp], #4
 1680              	.L277:
 1681 0022 4FF0FF30 		mov	r0, #-1
 1682 0026 F9E7     		b	.L275
 1683              	.L278:
 1684 0028 4FF0FF30 		mov	r0, #-1
 1685 002c F6E7     		b	.L275
 1687              		.section	.text.pbuf_get_at,"ax",%progbits
 1688              		.align	1
 1689              		.global	pbuf_get_at
 1690              		.syntax unified
 1691              		.thumb
 1692              		.thumb_func
 1693              		.fpu fpv4-sp-d16
 1695              	pbuf_get_at:
 1696              		@ args = 0, pretend = 0, frame = 0
 1697              		@ frame_needed = 0, uses_anonymous_args = 0
 1698 0000 08B5     		push	{r3, lr}
 1699 0002 FFF7FEFF 		bl	pbuf_try_get_at
 1700 0006 0028     		cmp	r0, #0
 1701 0008 01DA     		bge	.L284
 1702 000a 0020     		movs	r0, #0
 1703              	.L281:
 1704 000c 08BD     		pop	{r3, pc}
 1705              	.L284:
 1706 000e C0B2     		uxtb	r0, r0
 1707 0010 FCE7     		b	.L281
 1709              		.section	.text.pbuf_put_at,"ax",%progbits
 1710              		.align	1
 1711              		.global	pbuf_put_at
 1712              		.syntax unified
 1713              		.thumb
 1714              		.thumb_func
 1715              		.fpu fpv4-sp-d16
 1717              	pbuf_put_at:
 1718              		@ args = 0, pretend = 0, frame = 8
 1719              		@ frame_needed = 0, uses_anonymous_args = 0
 1720 0000 10B5     		push	{r4, lr}
ARM GAS  /tmp/ccEmHdln.s 			page 30


 1721 0002 82B0     		sub	sp, sp, #8
 1722 0004 1446     		mov	r4, r2
 1723 0006 0DF10602 		add	r2, sp, #6
 1724 000a FFF7FEFF 		bl	pbuf_skip
 1725 000e 30B1     		cbz	r0, .L285
 1726 0010 4189     		ldrh	r1, [r0, #10]
 1727 0012 BDF80620 		ldrh	r2, [sp, #6]
 1728 0016 9142     		cmp	r1, r2
 1729 0018 01D9     		bls	.L285
 1730 001a 4368     		ldr	r3, [r0, #4]
 1731 001c 9C54     		strb	r4, [r3, r2]
 1732              	.L285:
 1733 001e 02B0     		add	sp, sp, #8
 1734              		@ sp needed
 1735 0020 10BD     		pop	{r4, pc}
 1737              		.section	.text.pbuf_memcmp,"ax",%progbits
 1738              		.align	1
 1739              		.global	pbuf_memcmp
 1740              		.syntax unified
 1741              		.thumb
 1742              		.thumb_func
 1743              		.fpu fpv4-sp-d16
 1745              	pbuf_memcmp:
 1746              		@ args = 0, pretend = 0, frame = 0
 1747              		@ frame_needed = 0, uses_anonymous_args = 0
 1748 0000 2DE9F041 		push	{r4, r5, r6, r7, r8, lr}
 1749 0004 0546     		mov	r5, r0
 1750 0006 0E46     		mov	r6, r1
 1751 0008 9046     		mov	r8, r2
 1752 000a 1F46     		mov	r7, r3
 1753 000c 0289     		ldrh	r2, [r0, #8]
 1754 000e CB18     		adds	r3, r1, r3
 1755 0010 9A42     		cmp	r2, r3
 1756 0012 23DB     		blt	.L299
 1757              	.L290:
 1758 0014 85B1     		cbz	r5, .L297
 1759 0016 6989     		ldrh	r1, [r5, #10]
 1760 0018 B142     		cmp	r1, r6
 1761 001a 03D8     		bhi	.L300
 1762 001c 711A     		subs	r1, r6, r1
 1763 001e 8EB2     		uxth	r6, r1
 1764 0020 2D68     		ldr	r5, [r5]
 1765 0022 F7E7     		b	.L290
 1766              	.L300:
 1767 0024 0024     		movs	r4, #0
 1768 0026 08E0     		b	.L294
 1769              	.L302:
 1770 0028 4FF6FE70 		movw	r0, #65534
 1771 002c 8442     		cmp	r4, r0
 1772 002e 28BF     		it	cs
 1773 0030 0446     		movcs	r4, r0
 1774 0032 601C     		adds	r0, r4, #1
 1775 0034 80B2     		uxth	r0, r0
 1776 0036 0FE0     		b	.L289
 1777              	.L297:
 1778 0038 0024     		movs	r4, #0
 1779              	.L294:
ARM GAS  /tmp/ccEmHdln.s 			page 31


 1780 003a BC42     		cmp	r4, r7
 1781 003c 0BD2     		bcs	.L301
 1782 003e 3119     		adds	r1, r6, r4
 1783 0040 89B2     		uxth	r1, r1
 1784 0042 2846     		mov	r0, r5
 1785 0044 FFF7FEFF 		bl	pbuf_get_at
 1786 0048 18F80430 		ldrb	r3, [r8, r4]	@ zero_extendqisi2
 1787 004c 9842     		cmp	r0, r3
 1788 004e EBD1     		bne	.L302
 1789 0050 0134     		adds	r4, r4, #1
 1790 0052 A4B2     		uxth	r4, r4
 1791 0054 F1E7     		b	.L294
 1792              	.L301:
 1793 0056 0020     		movs	r0, #0
 1794              	.L289:
 1795 0058 BDE8F081 		pop	{r4, r5, r6, r7, r8, pc}
 1796              	.L299:
 1797 005c 4FF6FF70 		movw	r0, #65535
 1798 0060 FAE7     		b	.L289
 1800              		.section	.text.pbuf_memfind,"ax",%progbits
 1801              		.align	1
 1802              		.global	pbuf_memfind
 1803              		.syntax unified
 1804              		.thumb
 1805              		.thumb_func
 1806              		.fpu fpv4-sp-d16
 1808              	pbuf_memfind:
 1809              		@ args = 0, pretend = 0, frame = 0
 1810              		@ frame_needed = 0, uses_anonymous_args = 0
 1811 0000 2DE9F041 		push	{r4, r5, r6, r7, r8, lr}
 1812 0004 0746     		mov	r7, r0
 1813 0006 8846     		mov	r8, r1
 1814 0008 1646     		mov	r6, r2
 1815 000a 1C46     		mov	r4, r3
 1816 000c 0389     		ldrh	r3, [r0, #8]
 1817 000e 9D1A     		subs	r5, r3, r2
 1818 0010 ADB2     		uxth	r5, r5
 1819 0012 2244     		add	r2, r2, r4
 1820 0014 9342     		cmp	r3, r2
 1821 0016 0BDB     		blt	.L309
 1822              	.L304:
 1823 0018 AC42     		cmp	r4, r5
 1824 001a 0DD8     		bhi	.L310
 1825 001c 3346     		mov	r3, r6
 1826 001e 4246     		mov	r2, r8
 1827 0020 2146     		mov	r1, r4
 1828 0022 3846     		mov	r0, r7
 1829 0024 FFF7FEFF 		bl	pbuf_memcmp
 1830 0028 48B1     		cbz	r0, .L307
 1831 002a 0134     		adds	r4, r4, #1
 1832 002c A4B2     		uxth	r4, r4
 1833 002e F3E7     		b	.L304
 1834              	.L309:
 1835 0030 4FF6FF70 		movw	r0, #65535
 1836              	.L305:
 1837 0034 BDE8F081 		pop	{r4, r5, r6, r7, r8, pc}
 1838              	.L310:
ARM GAS  /tmp/ccEmHdln.s 			page 32


 1839 0038 4FF6FF70 		movw	r0, #65535
 1840 003c FAE7     		b	.L305
 1841              	.L307:
 1842 003e 2046     		mov	r0, r4
 1843 0040 F8E7     		b	.L305
 1845              		.section	.text.pbuf_strstr,"ax",%progbits
 1846              		.align	1
 1847              		.global	pbuf_strstr
 1848              		.syntax unified
 1849              		.thumb
 1850              		.thumb_func
 1851              		.fpu fpv4-sp-d16
 1853              	pbuf_strstr:
 1854              		@ args = 0, pretend = 0, frame = 0
 1855              		@ frame_needed = 0, uses_anonymous_args = 0
 1856 0000 B9B1     		cbz	r1, .L313
 1857 0002 38B5     		push	{r3, r4, r5, lr}
 1858 0004 0546     		mov	r5, r0
 1859 0006 0C46     		mov	r4, r1
 1860 0008 0978     		ldrb	r1, [r1]	@ zero_extendqisi2
 1861 000a A9B1     		cbz	r1, .L314
 1862 000c 0089     		ldrh	r0, [r0, #8]
 1863 000e 4FF6FF71 		movw	r1, #65535
 1864 0012 8842     		cmp	r0, r1
 1865 0014 0CD0     		beq	.L312
 1866 0016 2046     		mov	r0, r4
 1867 0018 FFF7FEFF 		bl	strlen
 1868 001c 4FF6FE73 		movw	r3, #65534
 1869 0020 9842     		cmp	r0, r3
 1870 0022 0CD8     		bhi	.L315
 1871 0024 0023     		movs	r3, #0
 1872 0026 82B2     		uxth	r2, r0
 1873 0028 2146     		mov	r1, r4
 1874 002a 2846     		mov	r0, r5
 1875 002c FFF7FEFF 		bl	pbuf_memfind
 1876              	.L312:
 1877 0030 38BD     		pop	{r3, r4, r5, pc}
 1878              	.L313:
 1879 0032 4FF6FF70 		movw	r0, #65535
 1880 0036 7047     		bx	lr
 1881              	.L314:
 1882 0038 4FF6FF70 		movw	r0, #65535
 1883 003c F8E7     		b	.L312
 1884              	.L315:
 1885 003e 4FF6FF70 		movw	r0, #65535
 1886 0042 F5E7     		b	.L312
 1888              		.comm	pbuf_free_ooseq_pending,1,1
 1889              		.section	.rodata.pbuf_add_header_impl.str1.4,"aMS",%progbits,1
 1890              		.align	2
 1891              	.LC0:
 1892 0000 4D696464 		.ascii	"Middlewares/Third_Party/LwIP/src/core/pbuf.c\000"
 1892      6C657761 
 1892      7265732F 
 1892      54686972 
 1892      645F5061 
 1893 002d 000000   		.space	3
 1894              	.LC1:
ARM GAS  /tmp/ccEmHdln.s 			page 33


 1895 0030 7020213D 		.ascii	"p != NULL\000"
 1895      204E554C 
 1895      4C00
 1896 003a 0000     		.space	2
 1897              	.LC2:
 1898 003c 41737365 		.ascii	"Assertion \"%s\" failed at line %d in %s\012\000"
 1898      7274696F 
 1898      6E202225 
 1898      73222066 
 1898      61696C65 
 1899              		.section	.rodata.pbuf_alloc.str1.4,"aMS",%progbits,1
 1900              		.align	2
 1901              	.LC8:
 1902 0000 70627566 		.ascii	"pbuf_alloc: pbuf q->payload properly aligned\000"
 1902      5F616C6C 
 1902      6F633A20 
 1902      70627566 
 1902      20712D3E 
 1903 002d 000000   		.space	3
 1904              	.LC9:
 1905 0030 50425546 		.ascii	"PBUF_POOL_BUFSIZE must be bigger than MEM_ALIGNMENT"
 1905      5F504F4F 
 1905      4C5F4255 
 1905      4653495A 
 1905      45206D75 
 1906 0063 00       		.ascii	"\000"
 1907              	.LC10:
 1908 0064 70627566 		.ascii	"pbuf_alloc: pbuf->payload properly aligned\000"
 1908      5F616C6C 
 1908      6F633A20 
 1908      70627566 
 1908      2D3E7061 
 1909 008f 00       		.space	1
 1910              	.LC11:
 1911 0090 70627566 		.ascii	"pbuf_alloc: erroneous type\000"
 1911      5F616C6C 
 1911      6F633A20 
 1911      6572726F 
 1911      6E656F75 
 1912              		.section	.rodata.pbuf_alloc_reference.str1.4,"aMS",%progbits,1
 1913              		.align	2
 1914              	.LC3:
 1915 0000 696E7661 		.ascii	"invalid pbuf_type\000"
 1915      6C696420 
 1915      70627566 
 1915      5F747970 
 1915      6500
 1916              		.section	.rodata.pbuf_cat.str1.4,"aMS",%progbits,1
 1917              		.align	2
 1918              	.LC16:
 1919 0000 28682021 		.ascii	"(h != NULL) && (t != NULL) (programmer violates API"
 1919      3D204E55 
 1919      4C4C2920 
 1919      26262028 
 1919      7420213D 
 1920 0033 2900     		.ascii	")\000"
 1921 0035 000000   		.space	3
ARM GAS  /tmp/ccEmHdln.s 			page 34


 1922              	.LC17:
 1923 0038 702D3E74 		.ascii	"p->tot_len == p->len (of last pbuf in chain)\000"
 1923      6F745F6C 
 1923      656E203D 
 1923      3D20702D 
 1923      3E6C656E 
 1924 0065 000000   		.space	3
 1925              	.LC18:
 1926 0068 702D3E6E 		.ascii	"p->next == NULL\000"
 1926      65787420 
 1926      3D3D204E 
 1926      554C4C00 
 1927              		.section	.rodata.pbuf_clone.str1.4,"aMS",%progbits,1
 1928              		.align	2
 1929              	.LC36:
 1930 0000 70627566 		.ascii	"pbuf_copy failed\000"
 1930      5F636F70 
 1930      79206661 
 1930      696C6564 
 1930      00
 1931              		.section	.rodata.pbuf_copy.str1.4,"aMS",%progbits,1
 1932              		.align	2
 1933              	.LC21:
 1934 0000 70627566 		.ascii	"pbuf_copy: target not big enough to hold source\000"
 1934      5F636F70 
 1934      793A2074 
 1934      61726765 
 1934      74206E6F 
 1935              	.LC22:
 1936 0030 6F666673 		.ascii	"offset_to <= p_to->len\000"
 1936      65745F74 
 1936      6F203C3D 
 1936      20705F74 
 1936      6F2D3E6C 
 1937 0047 00       		.space	1
 1938              	.LC23:
 1939 0048 6F666673 		.ascii	"offset_from <= p_from->len\000"
 1939      65745F66 
 1939      726F6D20 
 1939      3C3D2070 
 1939      5F66726F 
 1940 0063 00       		.space	1
 1941              	.LC24:
 1942 0064 705F746F 		.ascii	"p_to != NULL\000"
 1942      20213D20 
 1942      4E554C4C 
 1942      00
 1943 0071 000000   		.space	3
 1944              	.LC25:
 1945 0074 70627566 		.ascii	"pbuf_copy() does not allow packet queues!\000"
 1945      5F636F70 
 1945      79282920 
 1945      646F6573 
 1945      206E6F74 
 1946              		.section	.rodata.pbuf_copy_partial.str1.4,"aMS",%progbits,1
 1947              		.align	2
 1948              	.LC26:
ARM GAS  /tmp/ccEmHdln.s 			page 35


 1949 0000 70627566 		.ascii	"pbuf_copy_partial: invalid buf\000"
 1949      5F636F70 
 1949      795F7061 
 1949      72746961 
 1949      6C3A2069 
 1950 001f 00       		.space	1
 1951              	.LC27:
 1952 0020 70627566 		.ascii	"pbuf_copy_partial: invalid dataptr\000"
 1952      5F636F70 
 1952      795F7061 
 1952      72746961 
 1952      6C3A2069 
 1953              		.section	.rodata.pbuf_dechain.str1.4,"aMS",%progbits,1
 1954              		.align	2
 1955              	.LC19:
 1956 0000 702D3E74 		.ascii	"p->tot_len == p->len + q->tot_len\000"
 1956      6F745F6C 
 1956      656E203D 
 1956      3D20702D 
 1956      3E6C656E 
 1957 0022 0000     		.space	2
 1958              	.LC20:
 1959 0024 702D3E74 		.ascii	"p->tot_len == p->len\000"
 1959      6F745F6C 
 1959      656E203D 
 1959      3D20702D 
 1959      3E6C656E 
 1960              		.section	.rodata.pbuf_free.str1.4,"aMS",%progbits,1
 1961              		.align	2
 1962              	.LC5:
 1963 0000 70627566 		.ascii	"pbuf_free: p->ref > 0\000"
 1963      5F667265 
 1963      653A2070 
 1963      2D3E7265 
 1963      66203E20 
 1964 0016 0000     		.space	2
 1965              	.LC6:
 1966 0018 70632D3E 		.ascii	"pc->custom_free_function != NULL\000"
 1966      63757374 
 1966      6F6D5F66 
 1966      7265655F 
 1966      66756E63 
 1967 0039 000000   		.space	3
 1968              	.LC7:
 1969 003c 696E7661 		.ascii	"invalid pbuf type\000"
 1969      6C696420 
 1969      70627566 
 1969      20747970 
 1969      6500
 1970              		.section	.rodata.pbuf_get_contiguous.str1.4,"aMS",%progbits,1
 1971              		.align	2
 1972              	.LC28:
 1973 0000 70627566 		.ascii	"pbuf_get_contiguous: invalid buf\000"
 1973      5F676574 
 1973      5F636F6E 
 1973      74696775 
 1973      6F75733A 
ARM GAS  /tmp/ccEmHdln.s 			page 36


 1974 0021 000000   		.space	3
 1975              	.LC29:
 1976 0024 70627566 		.ascii	"pbuf_get_contiguous: invalid dataptr\000"
 1976      5F676574 
 1976      5F636F6E 
 1976      74696775 
 1976      6F75733A 
 1977              		.section	.rodata.pbuf_realloc.str1.4,"aMS",%progbits,1
 1978              		.align	2
 1979              	.LC12:
 1980 0000 70627566 		.ascii	"pbuf_realloc: p != NULL\000"
 1980      5F726561 
 1980      6C6C6F63 
 1980      3A207020 
 1980      213D204E 
 1981              	.LC13:
 1982 0018 70627566 		.ascii	"pbuf_realloc: q != NULL\000"
 1982      5F726561 
 1982      6C6C6F63 
 1982      3A207120 
 1982      213D204E 
 1983              	.LC14:
 1984 0030 6D656D5F 		.ascii	"mem_trim returned q == NULL\000"
 1984      7472696D 
 1984      20726574 
 1984      75726E65 
 1984      64207120 
 1985              		.section	.rodata.pbuf_ref.str1.4,"aMS",%progbits,1
 1986              		.align	2
 1987              	.LC15:
 1988 0000 70627566 		.ascii	"pbuf ref overflow\000"
 1988      20726566 
 1988      206F7665 
 1988      72666C6F 
 1988      7700
 1989              		.section	.rodata.pbuf_remove_header.str1.4,"aMS",%progbits,1
 1990              		.align	2
 1991              	.LC4:
 1992 0000 696E6372 		.ascii	"increment_magnitude <= p->len\000"
 1992      656D656E 
 1992      745F6D61 
 1992      676E6974 
 1992      75646520 
 1993              		.section	.rodata.pbuf_take.str1.4,"aMS",%progbits,1
 1994              		.align	2
 1995              	.LC30:
 1996 0000 70627566 		.ascii	"pbuf_take: invalid buf\000"
 1996      5F74616B 
 1996      653A2069 
 1996      6E76616C 
 1996      69642062 
 1997 0017 00       		.space	1
 1998              	.LC31:
 1999 0018 70627566 		.ascii	"pbuf_take: invalid dataptr\000"
 1999      5F74616B 
 1999      653A2069 
 1999      6E76616C 
ARM GAS  /tmp/ccEmHdln.s 			page 37


 1999      69642064 
 2000 0033 00       		.space	1
 2001              	.LC32:
 2002 0034 70627566 		.ascii	"pbuf_take: buf not large enough\000"
 2002      5F74616B 
 2002      653A2062 
 2002      7566206E 
 2002      6F74206C 
 2003              	.LC33:
 2004 0054 70627566 		.ascii	"pbuf_take: invalid pbuf\000"
 2004      5F74616B 
 2004      653A2069 
 2004      6E76616C 
 2004      69642070 
 2005              	.LC34:
 2006 006c 64696420 		.ascii	"did not copy all data\000"
 2006      6E6F7420 
 2006      636F7079 
 2006      20616C6C 
 2006      20646174 
 2007              		.section	.rodata.pbuf_take_at.str1.4,"aMS",%progbits,1
 2008              		.align	2
 2009              	.LC35:
 2010 0000 63686563 		.ascii	"check pbuf_skip result\000"
 2010      6B207062 
 2010      75665F73 
 2010      6B697020 
 2010      72657375 
 2011              		.ident	"GCC: (GNU Tools for Arm Embedded Processors 8-2019-q3-update) 8.3.1 20190703 (release) [gc
ARM GAS  /tmp/ccEmHdln.s 			page 38


DEFINED SYMBOLS
                            *ABS*:0000000000000000 pbuf.c
     /tmp/ccEmHdln.s:16     .text.pbuf_init_alloced_pbuf:0000000000000000 $t
     /tmp/ccEmHdln.s:23     .text.pbuf_init_alloced_pbuf:0000000000000000 pbuf_init_alloced_pbuf
     /tmp/ccEmHdln.s:44     .text.pbuf_skip_const:0000000000000000 $t
     /tmp/ccEmHdln.s:50     .text.pbuf_skip_const:0000000000000000 pbuf_skip_const
     /tmp/ccEmHdln.s:70     .text.pbuf_add_header_impl:0000000000000000 $t
     /tmp/ccEmHdln.s:76     .text.pbuf_add_header_impl:0000000000000000 pbuf_add_header_impl
     /tmp/ccEmHdln.s:143    .text.pbuf_add_header_impl:0000000000000070 $d
     /tmp/ccEmHdln.s:148    .text.pbuf_pool_is_empty:0000000000000000 $t
     /tmp/ccEmHdln.s:154    .text.pbuf_pool_is_empty:0000000000000000 pbuf_pool_is_empty
     /tmp/ccEmHdln.s:183    .text.pbuf_pool_is_empty:0000000000000034 $d
                            *COM*:0000000000000001 pbuf_free_ooseq_pending
     /tmp/ccEmHdln.s:227    .text.pbuf_free_ooseq_callback:0000000000000000 pbuf_free_ooseq_callback
     /tmp/ccEmHdln.s:187    .text.pbuf_free_ooseq:0000000000000000 $t
     /tmp/ccEmHdln.s:193    .text.pbuf_free_ooseq:0000000000000000 pbuf_free_ooseq
     /tmp/ccEmHdln.s:217    .text.pbuf_free_ooseq:0000000000000024 $d
     /tmp/ccEmHdln.s:221    .text.pbuf_free_ooseq_callback:0000000000000000 $t
     /tmp/ccEmHdln.s:235    .text.pbuf_alloc_reference:0000000000000000 $t
     /tmp/ccEmHdln.s:242    .text.pbuf_alloc_reference:0000000000000000 pbuf_alloc_reference
     /tmp/ccEmHdln.s:281    .text.pbuf_alloc_reference:0000000000000044 $d
     /tmp/ccEmHdln.s:286    .text.pbuf_alloced_custom:0000000000000000 $t
     /tmp/ccEmHdln.s:293    .text.pbuf_alloced_custom:0000000000000000 pbuf_alloced_custom
     /tmp/ccEmHdln.s:328    .text.pbuf_add_header:0000000000000000 $t
     /tmp/ccEmHdln.s:335    .text.pbuf_add_header:0000000000000000 pbuf_add_header
     /tmp/ccEmHdln.s:344    .text.pbuf_add_header_force:0000000000000000 $t
     /tmp/ccEmHdln.s:351    .text.pbuf_add_header_force:0000000000000000 pbuf_add_header_force
     /tmp/ccEmHdln.s:360    .text.pbuf_remove_header:0000000000000000 $t
     /tmp/ccEmHdln.s:367    .text.pbuf_remove_header:0000000000000000 pbuf_remove_header
     /tmp/ccEmHdln.s:421    .text.pbuf_remove_header:000000000000005c $d
     /tmp/ccEmHdln.s:427    .text.pbuf_header_impl:0000000000000000 $t
     /tmp/ccEmHdln.s:433    .text.pbuf_header_impl:0000000000000000 pbuf_header_impl
     /tmp/ccEmHdln.s:448    .text.pbuf_header:0000000000000000 $t
     /tmp/ccEmHdln.s:455    .text.pbuf_header:0000000000000000 pbuf_header
     /tmp/ccEmHdln.s:464    .text.pbuf_header_force:0000000000000000 $t
     /tmp/ccEmHdln.s:471    .text.pbuf_header_force:0000000000000000 pbuf_header_force
     /tmp/ccEmHdln.s:480    .text.pbuf_free:0000000000000000 $t
     /tmp/ccEmHdln.s:487    .text.pbuf_free:0000000000000000 pbuf_free
     /tmp/ccEmHdln.s:581    .text.pbuf_free:00000000000000b8 $d
     /tmp/ccEmHdln.s:589    .text.pbuf_alloc:0000000000000000 $t
     /tmp/ccEmHdln.s:596    .text.pbuf_alloc:0000000000000000 pbuf_alloc
     /tmp/ccEmHdln.s:741    .text.pbuf_alloc:0000000000000148 $d
     /tmp/ccEmHdln.s:748    .text.pbuf_realloc:0000000000000000 $t
     /tmp/ccEmHdln.s:755    .text.pbuf_realloc:0000000000000000 pbuf_realloc
     /tmp/ccEmHdln.s:832    .text.pbuf_realloc:0000000000000094 $d
     /tmp/ccEmHdln.s:839    .text.pbuf_free_header:0000000000000000 $t
     /tmp/ccEmHdln.s:846    .text.pbuf_free_header:0000000000000000 pbuf_free_header
     /tmp/ccEmHdln.s:876    .text.pbuf_clen:0000000000000000 $t
     /tmp/ccEmHdln.s:883    .text.pbuf_clen:0000000000000000 pbuf_clen
     /tmp/ccEmHdln.s:899    .text.pbuf_ref:0000000000000000 $t
     /tmp/ccEmHdln.s:906    .text.pbuf_ref:0000000000000000 pbuf_ref
     /tmp/ccEmHdln.s:933    .text.pbuf_ref:000000000000002c $d
     /tmp/ccEmHdln.s:938    .text.pbuf_cat:0000000000000000 $t
     /tmp/ccEmHdln.s:945    .text.pbuf_cat:0000000000000000 pbuf_cat
     /tmp/ccEmHdln.s:1000   .text.pbuf_cat:0000000000000060 $d
     /tmp/ccEmHdln.s:1007   .text.pbuf_chain:0000000000000000 $t
     /tmp/ccEmHdln.s:1014   .text.pbuf_chain:0000000000000000 pbuf_chain
ARM GAS  /tmp/ccEmHdln.s 			page 39


     /tmp/ccEmHdln.s:1025   .text.pbuf_dechain:0000000000000000 $t
     /tmp/ccEmHdln.s:1032   .text.pbuf_dechain:0000000000000000 pbuf_dechain
     /tmp/ccEmHdln.s:1090   .text.pbuf_dechain:0000000000000064 $d
     /tmp/ccEmHdln.s:1096   .text.pbuf_copy:0000000000000000 $t
     /tmp/ccEmHdln.s:1103   .text.pbuf_copy:0000000000000000 pbuf_copy
     /tmp/ccEmHdln.s:1234   .text.pbuf_copy:0000000000000104 $d
     /tmp/ccEmHdln.s:1243   .text.pbuf_copy_partial:0000000000000000 $t
     /tmp/ccEmHdln.s:1250   .text.pbuf_copy_partial:0000000000000000 pbuf_copy_partial
     /tmp/ccEmHdln.s:1315   .text.pbuf_copy_partial:000000000000007c $d
     /tmp/ccEmHdln.s:1321   .text.pbuf_get_contiguous:0000000000000000 $t
     /tmp/ccEmHdln.s:1328   .text.pbuf_get_contiguous:0000000000000000 pbuf_get_contiguous
     /tmp/ccEmHdln.s:1394   .text.pbuf_get_contiguous:0000000000000080 $d
     /tmp/ccEmHdln.s:1400   .text.pbuf_skip:0000000000000000 $t
     /tmp/ccEmHdln.s:1407   .text.pbuf_skip:0000000000000000 pbuf_skip
     /tmp/ccEmHdln.s:1415   .text.pbuf_take:0000000000000000 $t
     /tmp/ccEmHdln.s:1422   .text.pbuf_take:0000000000000000 pbuf_take
     /tmp/ccEmHdln.s:1503   .text.pbuf_take:00000000000000a4 $d
     /tmp/ccEmHdln.s:1512   .text.pbuf_take_at:0000000000000000 $t
     /tmp/ccEmHdln.s:1519   .text.pbuf_take_at:0000000000000000 pbuf_take_at
     /tmp/ccEmHdln.s:1584   .text.pbuf_take_at:0000000000000078 $d
     /tmp/ccEmHdln.s:1589   .text.pbuf_clone:0000000000000000 $t
     /tmp/ccEmHdln.s:1596   .text.pbuf_clone:0000000000000000 pbuf_clone
     /tmp/ccEmHdln.s:1622   .text.pbuf_clone:000000000000002c $d
     /tmp/ccEmHdln.s:1627   .text.pbuf_coalesce:0000000000000000 $t
     /tmp/ccEmHdln.s:1634   .text.pbuf_coalesce:0000000000000000 pbuf_coalesce
     /tmp/ccEmHdln.s:1655   .text.pbuf_try_get_at:0000000000000000 $t
     /tmp/ccEmHdln.s:1662   .text.pbuf_try_get_at:0000000000000000 pbuf_try_get_at
     /tmp/ccEmHdln.s:1688   .text.pbuf_get_at:0000000000000000 $t
     /tmp/ccEmHdln.s:1695   .text.pbuf_get_at:0000000000000000 pbuf_get_at
     /tmp/ccEmHdln.s:1710   .text.pbuf_put_at:0000000000000000 $t
     /tmp/ccEmHdln.s:1717   .text.pbuf_put_at:0000000000000000 pbuf_put_at
     /tmp/ccEmHdln.s:1738   .text.pbuf_memcmp:0000000000000000 $t
     /tmp/ccEmHdln.s:1745   .text.pbuf_memcmp:0000000000000000 pbuf_memcmp
     /tmp/ccEmHdln.s:1801   .text.pbuf_memfind:0000000000000000 $t
     /tmp/ccEmHdln.s:1808   .text.pbuf_memfind:0000000000000000 pbuf_memfind
     /tmp/ccEmHdln.s:1846   .text.pbuf_strstr:0000000000000000 $t
     /tmp/ccEmHdln.s:1853   .text.pbuf_strstr:0000000000000000 pbuf_strstr
     /tmp/ccEmHdln.s:1890   .rodata.pbuf_add_header_impl.str1.4:0000000000000000 $d
     /tmp/ccEmHdln.s:1900   .rodata.pbuf_alloc.str1.4:0000000000000000 $d
     /tmp/ccEmHdln.s:1913   .rodata.pbuf_alloc_reference.str1.4:0000000000000000 $d
     /tmp/ccEmHdln.s:1917   .rodata.pbuf_cat.str1.4:0000000000000000 $d
     /tmp/ccEmHdln.s:1928   .rodata.pbuf_clone.str1.4:0000000000000000 $d
     /tmp/ccEmHdln.s:1932   .rodata.pbuf_copy.str1.4:0000000000000000 $d
     /tmp/ccEmHdln.s:1947   .rodata.pbuf_copy_partial.str1.4:0000000000000000 $d
     /tmp/ccEmHdln.s:1954   .rodata.pbuf_dechain.str1.4:0000000000000000 $d
     /tmp/ccEmHdln.s:1961   .rodata.pbuf_free.str1.4:0000000000000000 $d
     /tmp/ccEmHdln.s:1971   .rodata.pbuf_get_contiguous.str1.4:0000000000000000 $d
     /tmp/ccEmHdln.s:1978   .rodata.pbuf_realloc.str1.4:0000000000000000 $d
     /tmp/ccEmHdln.s:1986   .rodata.pbuf_ref.str1.4:0000000000000000 $d
     /tmp/ccEmHdln.s:1990   .rodata.pbuf_remove_header.str1.4:0000000000000000 $d
     /tmp/ccEmHdln.s:1994   .rodata.pbuf_take.str1.4:0000000000000000 $d
     /tmp/ccEmHdln.s:2008   .rodata.pbuf_take_at.str1.4:0000000000000000 $d

UNDEFINED SYMBOLS
printf
sys_arch_protect
sys_arch_unprotect
ARM GAS  /tmp/ccEmHdln.s 			page 40


tcpip_try_callback
tcp_free_ooseq
tcp_active_pcbs
memp_malloc
mem_free
memp_free
mem_malloc
mem_trim
memcpy
strlen
