ARM GAS  /tmp/ccDexqdO.s 			page 1


   1              		.cpu cortex-m4
   2              		.eabi_attribute 27, 1
   3              		.eabi_attribute 28, 1
   4              		.eabi_attribute 20, 1
   5              		.eabi_attribute 21, 1
   6              		.eabi_attribute 23, 3
   7              		.eabi_attribute 24, 1
   8              		.eabi_attribute 25, 1
   9              		.eabi_attribute 26, 1
  10              		.eabi_attribute 30, 1
  11              		.eabi_attribute 34, 1
  12              		.eabi_attribute 18, 4
  13              		.file	"port.c"
  14              		.text
  15              		.section	.text.prvTaskExitError,"ax",%progbits
  16              		.align	1
  17              		.arch armv7e-m
  18              		.syntax unified
  19              		.thumb
  20              		.thumb_func
  21              		.fpu fpv4-sp-d16
  23              	prvTaskExitError:
  24              		@ args = 0, pretend = 0, frame = 8
  25              		@ frame_needed = 0, uses_anonymous_args = 0
  26              		@ link register save eliminated.
  27 0000 82B0     		sub	sp, sp, #8
  28 0002 0023     		movs	r3, #0
  29 0004 0193     		str	r3, [sp, #4]
  30              		.syntax unified
  31              	@ 195 "Middlewares/Third_Party/FreeRTOS/Source/portable/GCC/ARM_CM4F/portmacro.h" 1
  32 0006 4FF05003 			mov r3, #80												
  33 000a 83F31188 		msr basepri, r3											
  34 000e BFF36F8F 		isb														
  35 0012 BFF34F8F 		dsb														
  36              	
  37              	@ 0 "" 2
  38              		.thumb
  39              		.syntax unified
  40              	.L2:
  41 0016 019B     		ldr	r3, [sp, #4]
  42 0018 002B     		cmp	r3, #0
  43 001a FCD0     		beq	.L2
  44 001c 02B0     		add	sp, sp, #8
  45              		@ sp needed
  46 001e 7047     		bx	lr
  48              		.section	.text.prvPortStartFirstTask,"ax",%progbits
  49              		.align	1
  50              		.syntax unified
  51              		.thumb
  52              		.thumb_func
  53              		.fpu fpv4-sp-d16
  55              	prvPortStartFirstTask:
  56              		@ Naked Function: prologue and epilogue provided by programmer.
  57              		@ args = 0, pretend = 0, frame = 0
  58              		@ frame_needed = 0, uses_anonymous_args = 0
  59              		.syntax unified
  60              	@ 267 "Middlewares/Third_Party/FreeRTOS/Source/portable/GCC/ARM_CM4F/port.c" 1
ARM GAS  /tmp/ccDexqdO.s 			page 2


  61 0000 0848     		 ldr r0, =0xE000ED08 	
  62 0002 0068     	 ldr r0, [r0] 			
  63 0004 0068     	 ldr r0, [r0] 			
  64 0006 80F30888 	 msr msp, r0			
  65 000a 4FF00000 	 mov r0, #0			
  66 000e 80F31488 	 msr control, r0		
  67 0012 62B6     	 cpsie i				
  68 0014 61B6     	 cpsie f				
  69 0016 BFF34F8F 	 dsb					
  70 001a BFF36F8F 	 isb					
  71 001e 00DF     	 svc 0					
  72 0020 00BF     	 nop					
  73              	
  74              	@ 0 "" 2
  75              		.thumb
  76              		.syntax unified
  78 0022 0000     		.section	.text.vPortEnableVFP,"ax",%progbits
  79              		.align	1
  80              		.syntax unified
  81              		.thumb
  82              		.thumb_func
  83              		.fpu fpv4-sp-d16
  85              	vPortEnableVFP:
  86              		@ Naked Function: prologue and epilogue provided by programmer.
  87              		@ args = 0, pretend = 0, frame = 0
  88              		@ frame_needed = 0, uses_anonymous_args = 0
  89              		.syntax unified
  90              	@ 703 "Middlewares/Third_Party/FreeRTOS/Source/portable/GCC/ARM_CM4F/port.c" 1
  91 0000 DFF80C00 			ldr.w r0, =0xE000ED88		
  92 0004 0168     		ldr r1, [r0]				
  93              									
  94 0006 41F47001 		orr r1, r1, #( 0xf << 20 )	
  95 000a 0160     		str r1, [r0]				
  96 000c 7047     		bx r14						
  97              	@ 0 "" 2
  98              		.thumb
  99              		.syntax unified
 101 000e 0000     		.section	.text.pxPortInitialiseStack,"ax",%progbits
 102              		.align	1
 103              		.global	pxPortInitialiseStack
 104              		.syntax unified
 105              		.thumb
 106              		.thumb_func
 107              		.fpu fpv4-sp-d16
 109              	pxPortInitialiseStack:
 110              		@ args = 0, pretend = 0, frame = 0
 111              		@ frame_needed = 0, uses_anonymous_args = 0
 112              		@ link register save eliminated.
 113 0000 4FF08073 		mov	r3, #16777216
 114 0004 40F8043C 		str	r3, [r0, #-4]
 115 0008 21F00101 		bic	r1, r1, #1
 116 000c 40F8081C 		str	r1, [r0, #-8]
 117 0010 054B     		ldr	r3, .L7
 118 0012 40F80C3C 		str	r3, [r0, #-12]
 119 0016 40F8202C 		str	r2, [r0, #-32]
 120 001a 6FF00203 		mvn	r3, #2
 121 001e 40F8243C 		str	r3, [r0, #-36]
ARM GAS  /tmp/ccDexqdO.s 			page 3


 122 0022 4438     		subs	r0, r0, #68
 123 0024 7047     		bx	lr
 124              	.L8:
 125 0026 00BF     		.align	2
 126              	.L7:
 127 0028 00000000 		.word	prvTaskExitError
 129              		.section	.text.SVC_Handler,"ax",%progbits
 130              		.align	1
 131              		.global	SVC_Handler
 132              		.syntax unified
 133              		.thumb
 134              		.thumb_func
 135              		.fpu fpv4-sp-d16
 137              	SVC_Handler:
 138              		@ Naked Function: prologue and epilogue provided by programmer.
 139              		@ args = 0, pretend = 0, frame = 0
 140              		@ frame_needed = 0, uses_anonymous_args = 0
 141              		.syntax unified
 142              	@ 244 "Middlewares/Third_Party/FreeRTOS/Source/portable/GCC/ARM_CM4F/port.c" 1
 143 0000 074B     			ldr	r3, pxCurrentTCBConst2		
 144 0002 1968     		ldr r1, [r3]					
 145 0004 0868     		ldr r0, [r1]					
 146 0006 B0E8F04F 		ldmia r0!, {r4-r11, r14}		
 147 000a 80F30988 		msr psp, r0						
 148 000e BFF36F8F 		isb								
 149 0012 4FF00000 		mov r0, #0 						
 150 0016 80F31188 		msr	basepri, r0					
 151 001a 7047     		bx r14							
 152              										
 153 001c AFF30080 		.align 4						
 154 0020 00000000 	pxCurrentTCBConst2: .word pxCurrentTCB				
 155              	
 156              	@ 0 "" 2
 157              		.thumb
 158              		.syntax unified
 160              		.section	.text.vPortEndScheduler,"ax",%progbits
 161              		.align	1
 162              		.global	vPortEndScheduler
 163              		.syntax unified
 164              		.thumb
 165              		.thumb_func
 166              		.fpu fpv4-sp-d16
 168              	vPortEndScheduler:
 169              		@ args = 0, pretend = 0, frame = 0
 170              		@ frame_needed = 0, uses_anonymous_args = 0
 171              		@ link register save eliminated.
 172 0000 7047     		bx	lr
 174              		.section	.text.vPortEnterCritical,"ax",%progbits
 175              		.align	1
 176              		.global	vPortEnterCritical
 177              		.syntax unified
 178              		.thumb
 179              		.thumb_func
 180              		.fpu fpv4-sp-d16
 182              	vPortEnterCritical:
 183              		@ args = 0, pretend = 0, frame = 0
 184              		@ frame_needed = 0, uses_anonymous_args = 0
ARM GAS  /tmp/ccDexqdO.s 			page 4


 185              		@ link register save eliminated.
 186              		.syntax unified
 187              	@ 195 "Middlewares/Third_Party/FreeRTOS/Source/portable/GCC/ARM_CM4F/portmacro.h" 1
 188 0000 4FF05003 			mov r3, #80												
 189 0004 83F31188 		msr basepri, r3											
 190 0008 BFF36F8F 		isb														
 191 000c BFF34F8F 		dsb														
 192              	
 193              	@ 0 "" 2
 194              		.thumb
 195              		.syntax unified
 196 0010 024A     		ldr	r2, .L12
 197 0012 1368     		ldr	r3, [r2]
 198 0014 0133     		adds	r3, r3, #1
 199 0016 1360     		str	r3, [r2]
 200 0018 7047     		bx	lr
 201              	.L13:
 202 001a 00BF     		.align	2
 203              	.L12:
 204 001c 00000000 		.word	.LANCHOR0
 206              		.section	.text.vPortExitCritical,"ax",%progbits
 207              		.align	1
 208              		.global	vPortExitCritical
 209              		.syntax unified
 210              		.thumb
 211              		.thumb_func
 212              		.fpu fpv4-sp-d16
 214              	vPortExitCritical:
 215              		@ args = 0, pretend = 0, frame = 0
 216              		@ frame_needed = 0, uses_anonymous_args = 0
 217              		@ link register save eliminated.
 218 0000 034A     		ldr	r2, .L16
 219 0002 1368     		ldr	r3, [r2]
 220 0004 013B     		subs	r3, r3, #1
 221 0006 1360     		str	r3, [r2]
 222 0008 0BB9     		cbnz	r3, .L14
 223              		.syntax unified
 224              	@ 229 "Middlewares/Third_Party/FreeRTOS/Source/portable/GCC/ARM_CM4F/portmacro.h" 1
 225 000a 83F31188 			msr basepri, r3	
 226              	@ 0 "" 2
 227              		.thumb
 228              		.syntax unified
 229              	.L14:
 230 000e 7047     		bx	lr
 231              	.L17:
 232              		.align	2
 233              	.L16:
 234 0010 00000000 		.word	.LANCHOR0
 236              		.section	.text.PendSV_Handler,"ax",%progbits
 237              		.align	1
 238              		.global	PendSV_Handler
 239              		.syntax unified
 240              		.thumb
 241              		.thumb_func
 242              		.fpu fpv4-sp-d16
 244              	PendSV_Handler:
 245              		@ Naked Function: prologue and epilogue provided by programmer.
ARM GAS  /tmp/ccDexqdO.s 			page 5


 246              		@ args = 0, pretend = 0, frame = 0
 247              		@ frame_needed = 0, uses_anonymous_args = 0
 248              		.syntax unified
 249              	@ 435 "Middlewares/Third_Party/FreeRTOS/Source/portable/GCC/ARM_CM4F/port.c" 1
 250 0000 EFF30980 			mrs r0, psp							
 251 0004 BFF36F8F 		isb									
 252              											
 253 0008 154B     		ldr	r3, pxCurrentTCBConst			
 254 000a 1A68     		ldr	r2, [r3]						
 255              											
 256 000c 1EF0100F 		tst r14, #0x10						
 257 0010 08BF     		it eq								
 258 0012 20ED108A 		vstmdbeq r0!, {s16-s31}				
 259              											
 260 0016 20E9F04F 		stmdb r0!, {r4-r11, r14}			
 261 001a 1060     		str r0, [r2]						
 262              											
 263 001c 2DE90900 		stmdb sp!, {r0, r3}					
 264 0020 4FF05000 		mov r0, #80 							
 265 0024 80F31188 		msr basepri, r0						
 266 0028 BFF34F8F 		dsb									
 267 002c BFF36F8F 		isb									
 268 0030 FFF7FEFF 		bl vTaskSwitchContext				
 269 0034 4FF00000 		mov r0, #0							
 270 0038 80F31188 		msr basepri, r0						
 271 003c 09BC     		ldmia sp!, {r0, r3}					
 272              											
 273 003e 1968     		ldr r1, [r3]						
 274 0040 0868     		ldr r0, [r1]						
 275              											
 276 0042 B0E8F04F 		ldmia r0!, {r4-r11, r14}			
 277              											
 278 0046 1EF0100F 		tst r14, #0x10						
 279 004a 08BF     		it eq								
 280 004c B0EC108A 		vldmiaeq r0!, {s16-s31}				
 281              											
 282 0050 80F30988 		msr psp, r0							
 283 0054 BFF36F8F 		isb									
 284              											
 285              											
 286 0058 7047     		bx r14								
 287              											
 288 005a 00BFAFF3 		.align 4							
 288      0080
 289 0060 00000000 	pxCurrentTCBConst: .word pxCurrentTCB	
 290              	
 291              	@ 0 "" 2
 292              		.thumb
 293              		.syntax unified
 295              		.section	.text.SysTick_Handler,"ax",%progbits
 296              		.align	1
 297              		.global	SysTick_Handler
 298              		.syntax unified
 299              		.thumb
 300              		.thumb_func
 301              		.fpu fpv4-sp-d16
 303              	SysTick_Handler:
ARM GAS  /tmp/ccDexqdO.s 			page 6


 304              		@ args = 0, pretend = 0, frame = 0
 305              		@ frame_needed = 0, uses_anonymous_args = 0
 306 0000 08B5     		push	{r3, lr}
 307              		.syntax unified
 308              	@ 195 "Middlewares/Third_Party/FreeRTOS/Source/portable/GCC/ARM_CM4F/portmacro.h" 1
 309 0002 4FF05003 			mov r3, #80												
 310 0006 83F31188 		msr basepri, r3											
 311 000a BFF36F8F 		isb														
 312 000e BFF34F8F 		dsb														
 313              	
 314              	@ 0 "" 2
 315              		.thumb
 316              		.syntax unified
 317 0012 FFF7FEFF 		bl	xTaskIncrementTick
 318 0016 18B1     		cbz	r0, .L20
 319 0018 034B     		ldr	r3, .L22
 320 001a 4FF08052 		mov	r2, #268435456
 321 001e 1A60     		str	r2, [r3]
 322              	.L20:
 323 0020 0023     		movs	r3, #0
 324              		.syntax unified
 325              	@ 229 "Middlewares/Third_Party/FreeRTOS/Source/portable/GCC/ARM_CM4F/portmacro.h" 1
 326 0022 83F31188 			msr basepri, r3	
 327              	@ 0 "" 2
 328              		.thumb
 329              		.syntax unified
 330 0026 08BD     		pop	{r3, pc}
 331              	.L23:
 332              		.align	2
 333              	.L22:
 334 0028 04ED00E0 		.word	-536810236
 336              		.section	.text.vPortSetupTimerInterrupt,"ax",%progbits
 337              		.align	1
 338              		.weak	vPortSetupTimerInterrupt
 339              		.syntax unified
 340              		.thumb
 341              		.thumb_func
 342              		.fpu fpv4-sp-d16
 344              	vPortSetupTimerInterrupt:
 345              		@ args = 0, pretend = 0, frame = 0
 346              		@ frame_needed = 0, uses_anonymous_args = 0
 347              		@ link register save eliminated.
 348 0000 084A     		ldr	r2, .L25
 349 0002 0023     		movs	r3, #0
 350 0004 1360     		str	r3, [r2]
 351 0006 0849     		ldr	r1, .L25+4
 352 0008 0B60     		str	r3, [r1]
 353 000a 084B     		ldr	r3, .L25+8
 354 000c 1B68     		ldr	r3, [r3]
 355 000e 0849     		ldr	r1, .L25+12
 356 0010 A1FB0313 		umull	r1, r3, r1, r3
 357 0014 9B09     		lsrs	r3, r3, #6
 358 0016 013B     		subs	r3, r3, #1
 359 0018 0649     		ldr	r1, .L25+16
 360 001a 0B60     		str	r3, [r1]
 361 001c 0723     		movs	r3, #7
 362 001e 1360     		str	r3, [r2]
ARM GAS  /tmp/ccDexqdO.s 			page 7


 363 0020 7047     		bx	lr
 364              	.L26:
 365 0022 00BF     		.align	2
 366              	.L25:
 367 0024 10E000E0 		.word	-536813552
 368 0028 18E000E0 		.word	-536813544
 369 002c 00000000 		.word	SystemCoreClock
 370 0030 D34D6210 		.word	274877907
 371 0034 14E000E0 		.word	-536813548
 373              		.section	.text.xPortStartScheduler,"ax",%progbits
 374              		.align	1
 375              		.global	xPortStartScheduler
 376              		.syntax unified
 377              		.thumb
 378              		.thumb_func
 379              		.fpu fpv4-sp-d16
 381              	xPortStartScheduler:
 382              		@ args = 0, pretend = 0, frame = 8
 383              		@ frame_needed = 0, uses_anonymous_args = 0
 384 0000 10B5     		push	{r4, lr}
 385 0002 82B0     		sub	sp, sp, #8
 386 0004 234B     		ldr	r3, .L32
 387 0006 1A78     		ldrb	r2, [r3]	@ zero_extendqisi2
 388 0008 D2B2     		uxtb	r2, r2
 389 000a 0192     		str	r2, [sp, #4]
 390 000c FF22     		movs	r2, #255
 391 000e 1A70     		strb	r2, [r3]
 392 0010 1B78     		ldrb	r3, [r3]	@ zero_extendqisi2
 393 0012 DBB2     		uxtb	r3, r3
 394 0014 8DF80330 		strb	r3, [sp, #3]
 395 0018 9DF80330 		ldrb	r3, [sp, #3]	@ zero_extendqisi2
 396 001c 1E4B     		ldr	r3, .L32+4
 397 001e 0722     		movs	r2, #7
 398 0020 1A60     		str	r2, [r3]
 399              	.L28:
 400 0022 9DF80330 		ldrb	r3, [sp, #3]	@ zero_extendqisi2
 401 0026 13F0800F 		tst	r3, #128
 402 002a 0AD0     		beq	.L31
 403 002c 1A4A     		ldr	r2, .L32+4
 404 002e 1368     		ldr	r3, [r2]
 405 0030 013B     		subs	r3, r3, #1
 406 0032 1360     		str	r3, [r2]
 407 0034 9DF80330 		ldrb	r3, [sp, #3]	@ zero_extendqisi2
 408 0038 5B00     		lsls	r3, r3, #1
 409 003a DBB2     		uxtb	r3, r3
 410 003c 8DF80330 		strb	r3, [sp, #3]
 411 0040 EFE7     		b	.L28
 412              	.L31:
 413 0042 154A     		ldr	r2, .L32+4
 414 0044 1368     		ldr	r3, [r2]
 415 0046 1B02     		lsls	r3, r3, #8
 416 0048 03F4E063 		and	r3, r3, #1792
 417 004c 1360     		str	r3, [r2]
 418 004e 019B     		ldr	r3, [sp, #4]
 419 0050 DBB2     		uxtb	r3, r3
 420 0052 104A     		ldr	r2, .L32
 421 0054 1370     		strb	r3, [r2]
ARM GAS  /tmp/ccDexqdO.s 			page 8


 422 0056 114B     		ldr	r3, .L32+8
 423 0058 1A68     		ldr	r2, [r3]
 424 005a 42F47002 		orr	r2, r2, #15728640
 425 005e 1A60     		str	r2, [r3]
 426 0060 1A68     		ldr	r2, [r3]
 427 0062 42F07042 		orr	r2, r2, #-268435456
 428 0066 1A60     		str	r2, [r3]
 429 0068 FFF7FEFF 		bl	vPortSetupTimerInterrupt
 430 006c 0024     		movs	r4, #0
 431 006e 0C4B     		ldr	r3, .L32+12
 432 0070 1C60     		str	r4, [r3]
 433 0072 FFF7FEFF 		bl	vPortEnableVFP
 434 0076 0B4A     		ldr	r2, .L32+16
 435 0078 1368     		ldr	r3, [r2]
 436 007a 43F04043 		orr	r3, r3, #-1073741824
 437 007e 1360     		str	r3, [r2]
 438 0080 FFF7FEFF 		bl	prvPortStartFirstTask
 439 0084 FFF7FEFF 		bl	vTaskSwitchContext
 440 0088 FFF7FEFF 		bl	prvTaskExitError
 441 008c 2046     		mov	r0, r4
 442 008e 02B0     		add	sp, sp, #8
 443              		@ sp needed
 444 0090 10BD     		pop	{r4, pc}
 445              	.L33:
 446 0092 00BF     		.align	2
 447              	.L32:
 448 0094 00E400E0 		.word	-536812544
 449 0098 00000000 		.word	.LANCHOR1
 450 009c 20ED00E0 		.word	-536810208
 451 00a0 00000000 		.word	.LANCHOR0
 452 00a4 34EF00E0 		.word	-536809676
 454              		.section	.text.vPortValidateInterruptPriority,"ax",%progbits
 455              		.align	1
 456              		.global	vPortValidateInterruptPriority
 457              		.syntax unified
 458              		.thumb
 459              		.thumb_func
 460              		.fpu fpv4-sp-d16
 462              	vPortValidateInterruptPriority:
 463              		@ args = 0, pretend = 0, frame = 0
 464              		@ frame_needed = 0, uses_anonymous_args = 0
 465              		@ link register save eliminated.
 466              		.syntax unified
 467              	@ 723 "Middlewares/Third_Party/FreeRTOS/Source/portable/GCC/ARM_CM4F/port.c" 1
 468 0000 EFF30583 		mrs r3, ipsr
 469              	@ 0 "" 2
 470              		.thumb
 471              		.syntax unified
 472 0004 0F2B     		cmp	r3, #15
 473 0006 01D9     		bls	.L34
 474 0008 014A     		ldr	r2, .L36
 475 000a 9B5C     		ldrb	r3, [r3, r2]	@ zero_extendqisi2
 476              	.L34:
 477 000c 7047     		bx	lr
 478              	.L37:
 479 000e 00BF     		.align	2
 480              	.L36:
ARM GAS  /tmp/ccDexqdO.s 			page 9


 481 0010 F0E300E0 		.word	-536812560
 483              		.section	.bss.ulMaxPRIGROUPValue,"aw",%nobits
 484              		.align	2
 485              		.set	.LANCHOR1,. + 0
 488              	ulMaxPRIGROUPValue:
 489 0000 00000000 		.space	4
 490              		.section	.data.uxCriticalNesting,"aw"
 491              		.align	2
 492              		.set	.LANCHOR0,. + 0
 495              	uxCriticalNesting:
 496 0000 AAAAAAAA 		.word	-1431655766
 497              		.ident	"GCC: (GNU Tools for Arm Embedded Processors 8-2019-q3-update) 8.3.1 20190703 (release) [gc
ARM GAS  /tmp/ccDexqdO.s 			page 10


DEFINED SYMBOLS
                            *ABS*:0000000000000000 port.c
     /tmp/ccDexqdO.s:16     .text.prvTaskExitError:0000000000000000 $t
     /tmp/ccDexqdO.s:23     .text.prvTaskExitError:0000000000000000 prvTaskExitError
     /tmp/ccDexqdO.s:49     .text.prvPortStartFirstTask:0000000000000000 $t
     /tmp/ccDexqdO.s:55     .text.prvPortStartFirstTask:0000000000000000 prvPortStartFirstTask
     /tmp/ccDexqdO.s:79     .text.vPortEnableVFP:0000000000000000 $t
     /tmp/ccDexqdO.s:85     .text.vPortEnableVFP:0000000000000000 vPortEnableVFP
     /tmp/ccDexqdO.s:102    .text.pxPortInitialiseStack:0000000000000000 $t
     /tmp/ccDexqdO.s:109    .text.pxPortInitialiseStack:0000000000000000 pxPortInitialiseStack
     /tmp/ccDexqdO.s:127    .text.pxPortInitialiseStack:0000000000000028 $d
     /tmp/ccDexqdO.s:130    .text.SVC_Handler:0000000000000000 $t
     /tmp/ccDexqdO.s:137    .text.SVC_Handler:0000000000000000 SVC_Handler
     /tmp/ccDexqdO.s:154    .text.SVC_Handler:0000000000000020 pxCurrentTCBConst2
     /tmp/ccDexqdO.s:154    .text.SVC_Handler:0000000000000020 $d
     /tmp/ccDexqdO.s:161    .text.vPortEndScheduler:0000000000000000 $t
     /tmp/ccDexqdO.s:168    .text.vPortEndScheduler:0000000000000000 vPortEndScheduler
     /tmp/ccDexqdO.s:175    .text.vPortEnterCritical:0000000000000000 $t
     /tmp/ccDexqdO.s:182    .text.vPortEnterCritical:0000000000000000 vPortEnterCritical
     /tmp/ccDexqdO.s:204    .text.vPortEnterCritical:000000000000001c $d
     /tmp/ccDexqdO.s:207    .text.vPortExitCritical:0000000000000000 $t
     /tmp/ccDexqdO.s:214    .text.vPortExitCritical:0000000000000000 vPortExitCritical
     /tmp/ccDexqdO.s:234    .text.vPortExitCritical:0000000000000010 $d
     /tmp/ccDexqdO.s:237    .text.PendSV_Handler:0000000000000000 $t
     /tmp/ccDexqdO.s:244    .text.PendSV_Handler:0000000000000000 PendSV_Handler
     /tmp/ccDexqdO.s:289    .text.PendSV_Handler:0000000000000060 pxCurrentTCBConst
     /tmp/ccDexqdO.s:289    .text.PendSV_Handler:0000000000000060 $d
     /tmp/ccDexqdO.s:296    .text.SysTick_Handler:0000000000000000 $t
     /tmp/ccDexqdO.s:303    .text.SysTick_Handler:0000000000000000 SysTick_Handler
     /tmp/ccDexqdO.s:334    .text.SysTick_Handler:0000000000000028 $d
     /tmp/ccDexqdO.s:337    .text.vPortSetupTimerInterrupt:0000000000000000 $t
     /tmp/ccDexqdO.s:344    .text.vPortSetupTimerInterrupt:0000000000000000 vPortSetupTimerInterrupt
     /tmp/ccDexqdO.s:367    .text.vPortSetupTimerInterrupt:0000000000000024 $d
     /tmp/ccDexqdO.s:374    .text.xPortStartScheduler:0000000000000000 $t
     /tmp/ccDexqdO.s:381    .text.xPortStartScheduler:0000000000000000 xPortStartScheduler
     /tmp/ccDexqdO.s:448    .text.xPortStartScheduler:0000000000000094 $d
     /tmp/ccDexqdO.s:455    .text.vPortValidateInterruptPriority:0000000000000000 $t
     /tmp/ccDexqdO.s:462    .text.vPortValidateInterruptPriority:0000000000000000 vPortValidateInterruptPriority
     /tmp/ccDexqdO.s:481    .text.vPortValidateInterruptPriority:0000000000000010 $d
     /tmp/ccDexqdO.s:484    .bss.ulMaxPRIGROUPValue:0000000000000000 $d
     /tmp/ccDexqdO.s:488    .bss.ulMaxPRIGROUPValue:0000000000000000 ulMaxPRIGROUPValue
     /tmp/ccDexqdO.s:491    .data.uxCriticalNesting:0000000000000000 $d
     /tmp/ccDexqdO.s:495    .data.uxCriticalNesting:0000000000000000 uxCriticalNesting
     /tmp/ccDexqdO.s:101    .text.vPortEnableVFP:000000000000000e $d
     /tmp/ccDexqdO.s:497    .text.vPortEnableVFP:0000000000000010 $d
     /tmp/ccDexqdO.s:78     .text.prvPortStartFirstTask:0000000000000022 $d
     /tmp/ccDexqdO.s:497    .text.prvPortStartFirstTask:0000000000000024 $d

UNDEFINED SYMBOLS
pxCurrentTCB
vTaskSwitchContext
xTaskIncrementTick
SystemCoreClock
