ARM GAS  /tmp/cc5VKFnB.s 			page 1


   1              		.cpu cortex-m4
   2              		.eabi_attribute 27, 1
   3              		.eabi_attribute 28, 1
   4              		.eabi_attribute 20, 1
   5              		.eabi_attribute 21, 1
   6              		.eabi_attribute 23, 3
   7              		.eabi_attribute 24, 1
   8              		.eabi_attribute 25, 1
   9              		.eabi_attribute 26, 1
  10              		.eabi_attribute 30, 1
  11              		.eabi_attribute 34, 1
  12              		.eabi_attribute 18, 4
  13              		.file	"sys.c"
  14              		.text
  15              		.section	.text.sys_msleep,"ax",%progbits
  16              		.align	1
  17              		.global	sys_msleep
  18              		.arch armv7e-m
  19              		.syntax unified
  20              		.thumb
  21              		.thumb_func
  22              		.fpu fpv4-sp-d16
  24              	sys_msleep:
  25              		@ args = 0, pretend = 0, frame = 8
  26              		@ frame_needed = 0, uses_anonymous_args = 0
  27 0000 00B9     		cbnz	r0, .L8
  28 0002 7047     		bx	lr
  29              	.L8:
  30 0004 10B5     		push	{r4, lr}
  31 0006 82B0     		sub	sp, sp, #8
  32 0008 0446     		mov	r4, r0
  33 000a 0021     		movs	r1, #0
  34 000c 01A8     		add	r0, sp, #4
  35 000e FFF7FEFF 		bl	sys_sem_new
  36 0012 08B1     		cbz	r0, .L9
  37              	.L1:
  38 0014 02B0     		add	sp, sp, #8
  39              		@ sp needed
  40 0016 10BD     		pop	{r4, pc}
  41              	.L9:
  42 0018 2146     		mov	r1, r4
  43 001a 01A8     		add	r0, sp, #4
  44 001c FFF7FEFF 		bl	sys_arch_sem_wait
  45 0020 01A8     		add	r0, sp, #4
  46 0022 FFF7FEFF 		bl	sys_sem_free
  47 0026 F5E7     		b	.L1
  49              		.ident	"GCC: (GNU Tools for Arm Embedded Processors 8-2019-q3-update) 8.3.1 20190703 (release) [gc
ARM GAS  /tmp/cc5VKFnB.s 			page 2


DEFINED SYMBOLS
                            *ABS*:0000000000000000 sys.c
     /tmp/cc5VKFnB.s:16     .text.sys_msleep:0000000000000000 $t
     /tmp/cc5VKFnB.s:24     .text.sys_msleep:0000000000000000 sys_msleep

UNDEFINED SYMBOLS
sys_sem_new
sys_arch_sem_wait
sys_sem_free
